0.015948,0.000000
15.031397,0.000000
30.046846,0.000000
45.062295,0.000000
60.077743,0.000000
75.093192,0.000000
90.108641,0.000000
105.124090,0.000000
120.139539,0.000000
135.154987,0.000000
150.170436,0.000000
165.185885,0.000000
180.201334,0.000000
195.216783,0.000000
210.232231,0.000000
225.247680,0.000000
240.263129,0.000000
255.278578,0.000000
270.294027,0.000000
285.309476,0.000000
300.324924,0.000000
315.340373,0.000000
330.355822,0.000000
345.371271,0.000000
360.386720,0.000000
375.402168,0.000000
390.417617,0.000000
405.433066,58.330000
420.448515,98.240000
435.463964,0.000000
450.479413,0.000000
465.494861,0.000000
480.510310,0.000000
495.525759,0.000000
510.541208,0.000000
525.556657,0.000000
540.572105,0.000000
555.587554,0.000000
570.603003,0.000000
585.618452,0.000000
600.633901,0.000000
615.649349,0.000000
630.664798,0.000000
645.680247,0.000000
660.695696,0.000000
675.711145,0.000000
690.726594,0.000000
705.742042,0.000000
720.757491,0.000000
735.772940,0.000000
750.788389,0.000000
765.803838,0.000000
780.819286,0.000000
795.834735,0.000000
810.850184,0.000000
825.865633,0.000000
840.881082,0.000000
855.896531,0.000000
870.911979,0.000000
885.927428,0.000000
900.942877,0.000000
915.958326,0.000000
930.973775,0.000000
945.989223,0.000000
961.004672,0.000000
976.020121,0.000000
991.035570,0.000000
1006.051019,0.000000
1021.066468,0.000000
1036.081916,0.000000
1051.097365,0.000000
1066.112814,0.000000
1081.128263,0.000000
1096.143712,0.000000
1111.159160,0.000000
1126.174609,0.000000
1141.190058,0.000000
1156.205507,0.000000
1171.220956,0.000000
1186.236404,0.000000
1201.251853,0.000000
1216.267302,0.000000
1231.282751,0.000000
1246.298200,0.000000
1261.313649,0.000000
1276.329097,0.000000
1291.344546,0.000000
1306.359995,0.000000
1321.375444,0.000000
1336.390893,0.000000
1351.406341,0.000000
1366.421790,0.000000
1381.437239,0.000000
1396.452688,0.000000
1411.468137,0.000000
1426.483586,0.000000
1441.499034,0.000000
1456.514483,0.000000
1471.529932,0.000000
1486.545381,0.000000
1501.560830,0.000000
1516.576278,0.000000
1531.591727,0.000000
1546.607176,0.000000
1561.622625,0.000000
1576.638074,0.000000
1591.653522,0.000000
1606.668971,0.000000
1621.684420,0.000000
1636.699869,0.000000
1651.715318,0.000000
1666.730767,0.000000
1681.746215,0.000000
1696.761664,0.000000
1711.777113,0.000000
1726.792562,0.000000
1741.808011,0.000000
1756.823459,0.000000
1771.838908,0.000000
1786.854357,0.000000
1801.869806,0.000000
1816.885255,0.000000
1831.900704,0.000000
1846.916152,0.000000
1861.931601,0.000000
1876.947050,0.000000
1891.962499,0.000000
1906.977948,0.000000
1921.993396,0.000000
1937.008845,0.000000
1952.024294,0.000000
1967.039743,0.000000
1982.055192,0.000000
1997.070641,0.000000
2012.086089,0.000000
2027.101538,0.000000
2042.116987,0.000000
2057.132436,0.000000
2072.147885,0.000000
2087.163333,0.000000
2102.178782,0.000000
2117.194231,0.000000
2132.209680,0.000000
2147.225129,0.000000
2162.240577,0.000000
2177.256026,0.000000
2192.271475,0.000000
2207.286924,0.000000
2222.302373,0.000000
2237.317822,0.000000
2252.333270,0.000000
2267.348719,0.000000
2282.364168,0.000000
2297.379617,0.000000
2312.395066,0.000000
2327.410514,0.000000
2342.425963,0.000000
2357.441412,0.000000
2372.456861,0.000000
2387.472310,0.000000
2402.487759,0.000000
2417.503207,0.000000
2432.518656,0.000000
2447.534105,0.000000
2462.549554,0.000000
2477.565003,0.000000
2492.580451,0.000000
2507.595900,0.000000
2522.611349,0.000000
2537.626798,0.000000
2552.642247,0.000000
2567.657696,0.000000
2582.673144,0.000000
2597.688593,0.000000
2612.704042,0.000000
2627.719491,0.000000
2642.734940,0.000000
2657.750388,0.000000
2672.765837,0.000000
2687.781286,0.000000
2702.796735,0.000000
2717.812184,0.000000
2732.827632,0.000000
2747.843081,0.000000
2762.858530,0.000000
2777.873979,0.000000
2792.889428,0.000000
2807.904877,0.000000
2822.920325,0.000000
2837.935774,0.000000
2852.951223,0.000000
2867.966672,0.000000
2882.982121,0.000000
2897.997569,0.000000
2913.013018,0.000000
2928.028467,0.000000
2943.043916,0.000000
2958.059365,0.000000
2973.074814,0.000000
2988.090262,0.000000
3003.105711,0.000000
3018.121160,0.000000
3033.136609,0.000000
3048.152058,0.000000
3063.167506,0.000000
3078.182955,0.000000
3093.198404,0.000000
3108.213853,0.000000
3123.229302,0.000000
3138.244750,0.000000
3153.260199,0.000000
3168.275648,0.000000
3183.291097,0.000000
3198.306546,0.000000
3213.321995,0.000000
3228.337443,0.000000
3243.352892,0.000000
3258.368341,0.000000
3273.383790,0.000000
3288.399239,0.000000
3303.414687,0.000000
3318.430136,0.000000
3333.445585,0.000000
3348.461034,0.000000
3363.476483,0.000000
3378.491932,85.960000
3393.507380,0.000000
3408.522829,0.000000
3423.538278,0.000000
3438.553727,0.000000
3453.569176,0.000000
3468.584624,0.000000
3483.600073,0.000000
3498.615522,0.000000
3513.630971,0.000000
3528.646420,0.000000
3543.661869,0.000000
3558.677317,0.000000
3573.692766,0.000000
3588.708215,0.000000
3603.723664,0.000000
3618.739113,0.000000
3633.754561,0.000000
3648.770010,0.000000
3663.785459,0.000000
3678.800908,0.000000
3693.816357,0.000000
3708.831805,0.000000
3723.847254,0.000000
3738.862703,0.000000
3753.878152,0.000000
3768.893601,0.000000
3783.909050,0.000000
3798.924498,0.000000
3813.939947,0.000000
3828.955396,0.000000
3843.970845,0.000000
3858.986294,0.000000
3874.001742,0.000000
3889.017191,0.000000
3904.032640,0.000000
3919.048089,0.000000
3934.063538,0.000000
3949.078987,0.000000
3964.094435,0.000000
3979.109884,0.000000
3994.125333,0.000000
4009.140782,0.000000
4024.156231,0.000000
4039.171679,0.000000
4054.187128,0.000000
4069.202577,0.000000
4084.218026,0.000000
4099.233475,0.000000
4114.248923,0.000000
4129.264372,0.000000
4144.279821,0.000000
4159.295270,0.000000
4174.310719,0.000000
4189.326168,0.000000
4204.341616,0.000000
4219.357065,0.000000
4234.372514,0.000000
4249.387963,6.140000
4264.403412,0.000000
4279.418860,0.000000
4294.434309,0.000000
4309.449758,0.000000
4324.465207,0.000000
4339.480656,0.000000
4354.496105,0.000000
4369.511553,0.000000
4384.527002,0.000000
4399.542451,0.000000
4414.557900,0.000000
4429.573349,0.000000
4444.588797,0.000000
4459.604246,0.000000
4474.619695,0.000000
4489.635144,0.000000
4504.650593,0.000000
4519.666042,0.000000
4534.681490,0.000000
4549.696939,0.000000
4564.712388,0.000000
4579.727837,0.000000
4594.743286,0.000000
4609.758734,0.000000
4624.774183,0.000000
4639.789632,0.000000
4654.805081,0.000000
4669.820530,0.000000
4684.835978,0.000000
4699.851427,0.000000
4714.866876,0.000000
4729.882325,0.000000
4744.897774,0.000000
4759.913223,0.000000
4774.928671,0.000000
4789.944120,0.000000
4804.959569,0.000000
4819.975018,0.000000
4834.990467,0.000000
4850.005915,0.000000
4865.021364,0.000000
4880.036813,0.000000
4895.052262,0.000000
4910.067711,0.000000
4925.083160,0.000000
4940.098608,0.000000
4955.114057,0.000000
4970.129506,0.000000
4985.144955,0.000000
5000.160404,0.000000
5015.175852,0.000000
5030.191301,42.980000
5045.206750,0.000000
5060.222199,0.000000
5075.237648,0.000000
5090.253096,0.000000
5105.268545,0.000000
5120.283994,0.000000
5135.299443,0.000000
5150.314892,0.000000
5165.330341,0.000000
5180.345789,0.000000
5195.361238,0.000000
5210.376687,0.000000
5225.392136,0.000000
5240.407585,0.000000
5255.423033,0.000000
5270.438482,0.000000
5285.453931,0.000000
5300.469380,0.000000
5315.484829,0.000000
5330.500278,0.000000
5345.515726,0.000000
5360.531175,0.000000
5375.546624,0.000000
5390.562073,0.000000
5405.577522,0.000000
5420.592970,0.000000
5435.608419,0.000000
5450.623868,0.000000
5465.639317,0.000000
5480.654766,0.000000
5495.670215,0.000000
5510.685663,0.000000
5525.701112,0.000000
5540.716561,0.000000
5555.732010,0.000000
5570.747459,0.000000
5585.762907,0.000000
5600.778356,0.000000
5615.793805,0.000000
5630.809254,0.000000
5645.824703,0.000000
5660.840151,0.000000
5675.855600,0.000000
5690.871049,0.000000
5705.886498,0.000000
5720.901947,15.350000
5735.917396,0.000000
5750.932844,0.000000
5765.948293,0.000000
5780.963742,0.000000
5795.979191,3.070000
5810.994640,27.630000
5826.010088,0.000000
5841.025537,0.000000
5856.040986,0.000000
5871.056435,0.000000
5886.071884,0.000000
5901.087333,0.000000
5916.102781,0.000000
5931.118230,0.000000
5946.133679,0.000000
5961.149128,0.000000
5976.164577,0.000000
5991.180025,0.000000
6006.195474,0.000000
6021.210923,0.000000
6036.226372,0.000000
6051.241821,0.000000
6066.257270,0.000000
6081.272718,0.000000
6096.288167,0.000000
6111.303616,0.000000
6126.319065,0.000000
6141.334514,0.000000
6156.349962,0.000000
6171.365411,0.000000
6186.380860,0.000000
6201.396309,0.000000
6216.411758,0.000000
6231.427206,0.000000
6246.442655,0.000000
6261.458104,0.000000
6276.473553,0.000000
6291.489002,0.000000
6306.504451,0.000000
6321.519899,0.000000
6336.535348,0.000000
6351.550797,0.000000
6366.566246,0.000000
6381.581695,0.000000
6396.597143,0.000000
6411.612592,0.000000
6426.628041,0.000000
6441.643490,0.000000
6456.658939,0.000000
6471.674388,0.000000
6486.689836,0.000000
6501.705285,0.000000
6516.720734,0.000000
6531.736183,0.000000
6546.751632,0.000000
6561.767080,0.000000
6576.782529,0.000000
6591.797978,0.000000
6606.813427,0.000000
6621.828876,0.000000
6636.844324,18.420000
6651.859773,0.000000
6666.875222,0.000000
6681.890671,0.000000
6696.906120,0.000000
6711.921569,0.000000
6726.937017,0.000000
6741.952466,0.000000
6756.967915,3.070000
6771.983364,0.000000
6786.998813,0.000000
6802.014261,0.000000
6817.029710,0.000000
6832.045159,0.000000
6847.060608,0.000000
6862.076057,0.000000
6877.091506,0.000000
6892.106954,0.000000
6907.122403,0.000000
6922.137852,0.000000
6937.153301,0.000000
6952.168750,0.000000
6967.184198,0.000000
6982.199647,0.000000
6997.215096,0.000000
7012.230545,0.000000
7027.245994,0.000000
7042.261443,0.000000
7057.276891,0.000000
7072.292340,0.000000
7087.307789,0.000000
7102.323238,0.000000
7117.338687,0.000000
7132.354135,0.000000
7147.369584,0.000000
7162.385033,0.000000
7177.400482,0.000000
7192.415931,0.000000
7207.431379,0.000000
7222.446828,0.000000
7237.462277,0.000000
7252.477726,0.000000
7267.493175,0.000000
7282.508624,0.000000
7297.524072,0.000000
7312.539521,0.000000
7327.554970,0.000000
7342.570419,0.000000
7357.585868,0.000000
7372.601316,0.000000
7387.616765,0.000000
7402.632214,0.000000
7417.647663,0.000000
7432.663112,0.000000
7447.678561,0.000000
7462.694009,0.000000
7477.709458,0.000000
7492.724907,0.000000
7507.740356,0.000000
7522.755805,0.000000
7537.771253,0.000000
7552.786702,0.000000
7567.802151,0.000000
7582.817600,0.000000
7597.833049,0.000000
7612.848497,0.000000
7627.863946,0.000000
7642.879395,0.000000
7657.894844,0.000000
7672.910293,0.000000
7687.925742,24.560000
7702.941190,0.000000
7717.956639,0.000000
7732.972088,0.000000
7747.987537,0.000000
7763.002986,0.000000
7778.018434,0.000000
7793.033883,0.000000
7808.049332,0.000000
7823.064781,0.000000
7838.080230,0.000000
7853.095679,0.000000
7868.111127,0.000000
7883.126576,0.000000
7898.142025,0.000000
7913.157474,0.000000
7928.172923,0.000000
7943.188371,0.000000
7958.203820,0.000000
7973.219269,0.000000
7988.234718,0.000000
8003.250167,0.000000
8018.265616,0.000000
8033.281064,0.000000
8048.296513,0.000000
8063.311962,0.000000
8078.327411,0.000000
8093.342860,0.000000
8108.358308,0.000000
8123.373757,0.000000
8138.389206,0.000000
8153.404655,0.000000
8168.420104,0.000000
8183.435552,0.000000
8198.451001,0.000000
8213.466450,0.000000
8228.481899,0.000000
8243.497348,0.000000
8258.512797,0.000000
8273.528245,0.000000
8288.543694,0.000000
8303.559143,0.000000
8318.574592,0.000000
8333.590041,0.000000
8348.605489,0.000000
8363.620938,0.000000
8378.636387,0.000000
8393.651836,0.000000
8408.667285,0.000000
8423.682734,0.000000
8438.698182,0.000000
8453.713631,0.000000
8468.729080,0.000000
8483.744529,0.000000
8498.759978,0.000000
8513.775426,0.000000
8528.790875,0.000000
8543.806324,0.000000
8558.821773,0.000000
8573.837222,0.000000
8588.852671,0.000000
8603.868119,0.000000
8618.883568,0.000000
8633.899017,0.000000
8648.914466,0.000000
8663.929915,0.000000
8678.945363,0.000000
8693.960812,0.000000
8708.976261,0.000000
8723.991710,0.000000
8739.007159,0.000000
8754.022607,0.000000
8769.038056,0.000000
8784.053505,0.000000
8799.068954,0.000000
8814.084403,0.000000
8829.099852,0.000000
8844.115300,0.000000
8859.130749,0.000000
8874.146198,0.000000
8889.161647,0.000000
8904.177096,0.000000
8919.192544,0.000000
8934.207993,0.000000
8949.223442,0.000000
8964.238891,0.000000
8979.254340,0.000000
8994.269789,0.000000
9009.285237,0.000000
9024.300686,0.000000
9039.316135,0.000000
9054.331584,0.000000
9069.347033,0.000000
9084.362481,0.000000
9099.377930,0.000000
9114.393379,0.000000
9129.408828,0.000000
9144.424277,0.000000
9159.439725,0.000000
9174.455174,0.000000
9189.470623,0.000000
9204.486072,0.000000
9219.501521,0.000000
9234.516970,0.000000
9249.532418,0.000000
9264.547867,0.000000
9279.563316,0.000000
9294.578765,0.000000
9309.594214,0.000000
9324.609662,0.000000
9339.625111,0.000000
9354.640560,0.000000
9369.656009,0.000000
9384.671458,0.000000
9399.686907,0.000000
9414.702355,0.000000
9429.717804,0.000000
9444.733253,0.000000
9459.748702,0.000000
9474.764151,0.000000
9489.779599,0.000000
9504.795048,0.000000
9519.810497,0.000000
9534.825946,0.000000
9549.841395,0.000000
9564.856844,0.000000
9579.872292,0.000000
9594.887741,0.000000
9609.903190,12.280000
9624.918639,0.000000
9639.934088,0.000000
9654.949536,0.000000
9669.964985,0.000000
9684.980434,0.000000
9699.995883,0.000000
9715.011332,0.000000
9730.026780,0.000000
9745.042229,0.000000
9760.057678,0.000000
9775.073127,0.000000
9790.088576,0.000000
9805.104025,0.000000
9820.119473,0.000000
9835.134922,0.000000
9850.150371,0.000000
9865.165820,0.000000
9880.181269,0.000000
9895.196717,0.000000
9910.212166,0.000000
9925.227615,0.000000
9940.243064,0.000000
9955.258513,0.000000
9970.273962,0.000000
9985.289410,0.000000
10000.304859,0.000000
10015.320308,0.000000
10030.335757,0.000000
10045.351206,0.000000
10060.366654,0.000000
10075.382103,0.000000
10090.397552,0.000000
10105.413001,0.000000
10120.428450,0.000000
10135.443898,0.000000
10150.459347,0.000000
10165.474796,0.000000
10180.490245,0.000000
10195.505694,0.000000
10210.521143,0.000000
10225.536591,0.000000
10240.552040,0.000000
10255.567489,0.000000
10270.582938,0.000000
10285.598387,0.000000
10300.613835,0.000000
10315.629284,0.000000
10330.644733,0.000000
10345.660182,0.000000
10360.675631,61.400000
10375.691080,18.420000
10390.706528,0.000000
10405.721977,0.000000
10420.737426,0.000000
10435.752875,0.000000
10450.768324,0.000000
10465.783772,0.000000
10480.799221,0.000000
10495.814670,0.000000
10510.830119,0.000000
10525.845568,0.000000
10540.861017,0.000000
10555.876465,0.000000
10570.891914,0.000000
10585.907363,0.000000
10600.922812,0.000000
10615.938261,0.000000
10630.953709,0.000000
10645.969158,0.000000
10660.984607,0.000000
10676.000056,0.000000
10691.015505,0.000000
10706.030953,0.000000
10721.046402,0.000000
10736.061851,0.000000
10751.077300,0.000000
10766.092749,0.000000
10781.108198,0.000000
10796.123646,0.000000
10811.139095,0.000000
10826.154544,0.000000
10841.169993,0.000000
10856.185442,0.000000
10871.200890,0.000000
10886.216339,0.000000
10901.231788,0.000000
10916.247237,0.000000
10931.262686,0.000000
10946.278135,0.000000
10961.293583,0.000000
10976.309032,0.000000
10991.324481,0.000000
11006.339930,0.000000
11021.355379,0.000000
11036.370827,0.000000
11051.386276,0.000000
11066.401725,0.000000
11081.417174,0.000000
11096.432623,0.000000
11111.448072,0.000000
11126.463520,0.000000
11141.478969,0.000000
11156.494418,0.000000
11171.509867,0.000000
11186.525316,0.000000
11201.540764,0.000000
11216.556213,0.000000
11231.571662,0.000000
11246.587111,0.000000
11261.602560,0.000000
11276.618008,0.000000
11291.633457,0.000000
11306.648906,0.000000
11321.664355,0.000000
11336.679804,0.000000
11351.695253,0.000000
11366.710701,0.000000
11381.726150,0.000000
11396.741599,0.000000
11411.757048,0.000000
11426.772497,0.000000
11441.787945,0.000000
11456.803394,0.000000
11471.818843,0.000000
11486.834292,0.000000
11501.849741,0.000000
11516.865190,0.000000
11531.880638,0.000000
11546.896087,0.000000
11561.911536,0.000000
11576.926985,0.000000
11591.942434,0.000000
11606.957882,0.000000
11621.973331,0.000000
11636.988780,0.000000
11652.004229,0.000000
11667.019678,0.000000
11682.035126,15.350000
11697.050575,0.000000
11712.066024,73.680000
11727.081473,0.000000
11742.096922,0.000000
11757.112371,0.000000
11772.127819,0.000000
11787.143268,0.000000
11802.158717,0.000000
11817.174166,0.000000
11832.189615,0.000000
11847.205063,0.000000
11862.220512,0.000000
11877.235961,0.000000
11892.251410,0.000000
11907.266859,0.000000
11922.282308,0.000000
11937.297756,0.000000
11952.313205,0.000000
11967.328654,0.000000
11982.344103,0.000000
11997.359552,0.000000
12012.375000,0.000000
12027.390449,0.000000
12042.405898,0.000000
12057.421347,0.000000
12072.436796,0.000000
12087.452245,0.000000
12102.467693,0.000000
12117.483142,0.000000
12132.498591,0.000000
12147.514040,0.000000
12162.529489,0.000000
12177.544937,0.000000
12192.560386,0.000000
12207.575835,0.000000
12222.591284,0.000000
12237.606733,0.000000
12252.622181,0.000000
12267.637630,0.000000
12282.653079,0.000000
12297.668528,0.000000
12312.683977,0.000000
12327.699426,0.000000
12342.714874,0.000000
12357.730323,0.000000
12372.745772,0.000000
12387.761221,0.000000
12402.776670,0.000000
12417.792118,0.000000
12432.807567,0.000000
12447.823016,0.000000
12462.838465,0.000000
12477.853914,0.000000
12492.869363,0.000000
12507.884811,0.000000
12522.900260,0.000000
12537.915709,0.000000
12552.931158,0.000000
12567.946607,0.000000
12582.962055,0.000000
12597.977504,0.000000
12612.992953,0.000000
12628.008402,0.000000
12643.023851,0.000000
12658.039299,0.000000
12673.054748,0.000000
12688.070197,0.000000
12703.085646,0.000000
12718.101095,0.000000
12733.116544,0.000000
12748.131992,0.000000
12763.147441,0.000000
12778.162890,0.000000
12793.178339,0.000000
12808.193788,0.000000
12823.209236,0.000000
12838.224685,0.000000
12853.240134,0.000000
12868.255583,0.000000
12883.271032,0.000000
12898.286481,0.000000
12913.301929,0.000000
12928.317378,0.000000
12943.332827,0.000000
12958.348276,0.000000
12973.363725,0.000000
12988.379173,0.000000
13003.394622,0.000000
13018.410071,0.000000
13033.425520,0.000000
13048.440969,0.000000
13063.456418,0.000000
13078.471866,0.000000
13093.487315,0.000000
13108.502764,0.000000
13123.518213,0.000000
13138.533662,0.000000
13153.549110,0.000000
13168.564559,0.000000
13183.580008,0.000000
13198.595457,0.000000
13213.610906,0.000000
13228.626354,0.000000
13243.641803,0.000000
13258.657252,0.000000
13273.672701,0.000000
13288.688150,0.000000
13303.703599,0.000000
13318.719047,0.000000
13333.734496,0.000000
13348.749945,0.000000
13363.765394,0.000000
13378.780843,0.000000
13393.796291,0.000000
13408.811740,0.000000
13423.827189,0.000000
13438.842638,0.000000
13453.858087,0.000000
13468.873536,0.000000
13483.888984,0.000000
13498.904433,0.000000
13513.919882,0.000000
13528.935331,0.000000
13543.950780,0.000000
13558.966228,0.000000
13573.981677,0.000000
13588.997126,0.000000
13604.012575,0.000000
13619.028024,0.000000
13634.043472,0.000000
13649.058921,0.000000
13664.074370,0.000000
13679.089819,0.000000
13694.105268,0.000000
13709.120717,0.000000
13724.136165,0.000000
13739.151614,0.000000
13754.167063,0.000000
13769.182512,0.000000
13784.197961,0.000000
13799.213409,0.000000
13814.228858,0.000000
13829.244307,0.000000
13844.259756,0.000000
13859.275205,0.000000
13874.290654,0.000000
13889.306102,0.000000
13904.321551,0.000000
13919.337000,0.000000
13934.352449,0.000000
13949.367898,0.000000
13964.383346,0.000000
13979.398795,0.000000
13994.414244,0.000000
14009.429693,0.000000
14024.445142,0.000000
14039.460591,0.000000
14054.476039,0.000000
14069.491488,0.000000
14084.506937,0.000000
14099.522386,0.000000
14114.537835,0.000000
14129.553283,0.000000
14144.568732,0.000000
14159.584181,0.000000
14174.599630,0.000000
14189.615079,0.000000
14204.630527,0.000000
14219.645976,0.000000
14234.661425,0.000000
14249.676874,0.000000
14264.692323,0.000000
14279.707772,0.000000
14294.723220,0.000000
14309.738669,0.000000
14324.754118,0.000000
14339.769567,0.000000
14354.785016,0.000000
14369.800464,0.000000
14384.815913,0.000000
14399.831362,0.000000
14414.846811,0.000000
14429.862260,0.000000
14444.877709,0.000000
14459.893157,0.000000
14474.908606,0.000000
14489.924055,0.000000
14504.939504,0.000000
14519.954953,0.000000
14534.970401,0.000000
14549.985850,0.000000
14565.001299,0.000000
14580.016748,0.000000
14595.032197,0.000000
14610.047646,0.000000
14625.063094,0.000000
14640.078543,0.000000
14655.093992,0.000000
14670.109441,0.000000
14685.124890,0.000000
14700.140338,0.000000
14715.155787,0.000000
14730.171236,0.000000
14745.186685,0.000000
14760.202134,0.000000
14775.217582,0.000000
14790.233031,0.000000
14805.248480,0.000000
14820.263929,0.000000
14835.279378,0.000000
14850.294827,0.000000
14865.310275,0.000000
14880.325724,0.000000
14895.341173,0.000000
14910.356622,0.000000
14925.372071,0.000000
14940.387519,0.000000
14955.402968,0.000000
14970.418417,0.000000
14985.433866,0.000000
15000.449315,0.000000
15015.464764,0.000000
15030.480212,0.000000
15045.495661,0.000000
15060.511110,0.000000
15075.526559,0.000000
15090.542008,0.000000
15105.557456,0.000000
15120.572905,0.000000
15135.588354,0.000000
15150.603803,0.000000
15165.619252,0.000000
15180.634700,0.000000
15195.650149,0.000000
15210.665598,0.000000
15225.681047,0.000000
15240.696496,0.000000
15255.711945,0.000000
15270.727393,0.000000
15285.742842,0.000000
15300.758291,0.000000
15315.773740,0.000000
15330.789189,0.000000
15345.804637,150.430000
15360.820086,104.380000
15375.835535,0.000000
15390.850984,0.000000
15405.866433,0.000000
15420.881882,0.000000
15435.897330,0.000000
15450.912779,0.000000
15465.928228,0.000000
15480.943677,0.000000
15495.959126,0.000000
15510.974574,6.140000
15525.990023,0.000000
15541.005472,6.140000
15556.020921,79.820000
15571.036370,0.000000
15586.051819,0.000000
15601.067267,0.000000
15616.082716,52.190000
15631.098165,0.000000
15646.113614,0.000000
15661.129063,0.000000
15676.144511,0.000000
15691.159960,0.000000
15706.175409,0.000000
15721.190858,0.000000
15736.206307,0.000000
15751.221755,104.380000
15766.237204,24.560000
15781.252653,0.000000
15796.268102,0.000000
15811.283551,0.000000
15826.299000,0.000000
15841.314448,0.000000
15856.329897,0.000000
15871.345346,0.000000
15886.360795,0.000000
15901.376244,0.000000
15916.391692,0.000000
15931.407141,0.000000
15946.422590,0.000000
15961.438039,0.000000
15976.453488,0.000000
15991.468937,0.000000
16006.484385,0.000000
16021.499834,0.000000
16036.515283,0.000000
16051.530732,0.000000
16066.546181,0.000000
16081.561629,0.000000
16096.577078,0.000000
16111.592527,0.000000
16126.607976,0.000000
16141.623425,0.000000
16156.638873,0.000000
16171.654322,0.000000
16186.669771,0.000000
16201.685220,0.000000
16216.700669,0.000000
16231.716118,0.000000
16246.731566,0.000000
16261.747015,0.000000
16276.762464,0.000000
16291.777913,0.000000
16306.793362,0.000000
16321.808810,0.000000
16336.824259,0.000000
16351.839708,0.000000
16366.855157,0.000000
16381.870606,0.000000
16396.886055,0.000000
16411.901503,0.000000
16426.916952,0.000000
16441.932401,0.000000
16456.947850,0.000000
16471.963299,0.000000
16486.978747,0.000000
16501.994196,0.000000
16517.009645,0.000000
16532.025094,0.000000
16547.040543,0.000000
16562.055992,0.000000
16577.071440,0.000000
16592.086889,0.000000
16607.102338,0.000000
16622.117787,0.000000
16637.133236,0.000000
16652.148684,0.000000
16667.164133,0.000000
16682.179582,0.000000
16697.195031,0.000000
16712.210480,0.000000
16727.225928,0.000000
16742.241377,0.000000
16757.256826,0.000000
16772.272275,0.000000
16787.287724,0.000000
16802.303173,0.000000
16817.318621,0.000000
16832.334070,0.000000
16847.349519,0.000000
16862.364968,0.000000
16877.380417,0.000000
16892.395865,0.000000
16907.411314,0.000000
16922.426763,0.000000
16937.442212,0.000000
16952.457661,0.000000
16967.473110,0.000000
16982.488558,0.000000
16997.504007,0.000000
17012.519456,0.000000
17027.534905,0.000000
17042.550354,0.000000
17057.565802,0.000000
17072.581251,0.000000
17087.596700,0.000000
17102.612149,0.000000
17117.627598,0.000000
17132.643047,0.000000
17147.658495,0.000000
17162.673944,0.000000
17177.689393,0.000000
17192.704842,0.000000
17207.720291,0.000000
17222.735739,30.700000
17237.751188,36.840000
17252.766637,24.560000
17267.782086,12.280000
17282.797535,171.920000
17297.812983,0.000000
17312.828432,0.000000
17327.843881,0.000000
17342.859330,0.000000
17357.874779,0.000000
17372.890228,0.000000
17387.905676,0.000000
17402.921125,0.000000
17417.936574,0.000000
17432.952023,0.000000
17447.967472,0.000000
17462.982920,0.000000
17477.998369,0.000000
17493.013818,0.000000
17508.029267,0.000000
17523.044716,0.000000
17538.060165,0.000000
17553.075613,0.000000
17568.091062,0.000000
17583.106511,0.000000
17598.121960,0.000000
17613.137409,0.000000
17628.152857,0.000000
17643.168306,0.000000
17658.183755,0.000000
17673.199204,0.000000
17688.214653,0.000000
17703.230101,0.000000
17718.245550,0.000000
17733.260999,0.000000
17748.276448,0.000000
17763.291897,0.000000
17778.307346,0.000000
17793.322794,0.000000
17808.338243,0.000000
17823.353692,0.000000
17838.369141,0.000000
17853.384590,0.000000
17868.400038,0.000000
17883.415487,0.000000
17898.430936,0.000000
17913.446385,0.000000
17928.461834,0.000000
17943.477283,0.000000
17958.492731,0.000000
17973.508180,0.000000
17988.523629,0.000000
18003.539078,0.000000
18018.554527,0.000000
18033.569975,0.000000
18048.585424,0.000000
18063.600873,0.000000
18078.616322,0.000000
18093.631771,0.000000
18108.647220,0.000000
18123.662668,0.000000
18138.678117,0.000000
18153.693566,0.000000
18168.709015,0.000000
18183.724464,0.000000
18198.739912,0.000000
18213.755361,0.000000
18228.770810,0.000000
18243.786259,0.000000
18258.801708,0.000000
18273.817156,0.000000
18288.832605,0.000000
18303.848054,0.000000
18318.863503,0.000000
18333.878952,0.000000
18348.894401,0.000000
18363.909849,0.000000
18378.925298,0.000000
18393.940747,0.000000
18408.956196,0.000000
18423.971645,0.000000
18438.987093,0.000000
18454.002542,0.000000
18469.017991,0.000000
18484.033440,0.000000
18499.048889,0.000000
18514.064338,0.000000
18529.079786,0.000000
18544.095235,0.000000
18559.110684,0.000000
18574.126133,0.000000
18589.141582,0.000000
18604.157030,0.000000
18619.172479,0.000000
18634.187928,0.000000
18649.203377,0.000000
18664.218826,0.000000
18679.234274,0.000000
18694.249723,0.000000
18709.265172,0.000000
18724.280621,0.000000
18739.296070,0.000000
18754.311519,0.000000
18769.326967,0.000000
18784.342416,0.000000
18799.357865,0.000000
18814.373314,0.000000
18829.388763,0.000000
18844.404211,0.000000
18859.419660,0.000000
18874.435109,0.000000
18889.450558,0.000000
18904.466007,0.000000
18919.481456,0.000000
18934.496904,0.000000
18949.512353,0.000000
18964.527802,0.000000
18979.543251,15.350000
18994.558700,24.560000
19009.574148,0.000000
19024.589597,0.000000
19039.605046,0.000000
19054.620495,0.000000
19069.635944,0.000000
19084.651393,0.000000
19099.666841,0.000000
19114.682290,0.000000
19129.697739,36.840000
19144.713188,0.000000
19159.728637,0.000000
19174.744085,0.000000
19189.759534,0.000000
19204.774983,0.000000
19219.790432,0.000000
19234.805881,0.000000
19249.821329,0.000000
19264.836778,33.770000
19279.852227,0.000000
19294.867676,0.000000
19309.883125,0.000000
19324.898574,0.000000
19339.914022,0.000000
19354.929471,0.000000
19369.944920,0.000000
19384.960369,0.000000
19399.975818,0.000000
19414.991266,0.000000
19430.006715,0.000000
19445.022164,0.000000
19460.037613,0.000000
19475.053062,0.000000
19490.068511,0.000000
19505.083959,0.000000
19520.099408,0.000000
19535.114857,0.000000
19550.130306,0.000000
19565.145755,0.000000
19580.161203,0.000000
19595.176652,0.000000
19610.192101,0.000000
19625.207550,0.000000
19640.222999,0.000000
19655.238447,0.000000
19670.253896,0.000000
19685.269345,0.000000
19700.284794,0.000000
19715.300243,0.000000
19730.315692,0.000000
19745.331140,0.000000
19760.346589,0.000000
19775.362038,0.000000
19790.377487,0.000000
19805.392936,0.000000
19820.408384,0.000000
19835.423833,0.000000
19850.439282,0.000000
19865.454731,0.000000
19880.470180,0.000000
19895.485629,0.000000
19910.501077,0.000000
19925.516526,0.000000
19940.531975,0.000000
19955.547424,0.000000
19970.562873,0.000000
19985.578321,0.000000
20000.593770,0.000000
20015.609219,0.000000
20030.624668,0.000000
20045.640117,0.000000
20060.655566,0.000000
20075.671014,0.000000
20090.686463,0.000000
20105.701912,0.000000
20120.717361,0.000000
20135.732810,0.000000
20150.748258,0.000000
20165.763707,0.000000
20180.779156,0.000000
20195.794605,0.000000
20210.810054,0.000000
20225.825502,0.000000
20240.840951,0.000000
20255.856400,0.000000
20270.871849,0.000000
20285.887298,0.000000
20300.902747,0.000000
20315.918195,0.000000
20330.933644,0.000000
20345.949093,0.000000
20360.964542,0.000000
20375.979991,0.000000
20390.995439,0.000000
20406.010888,0.000000
20421.026337,0.000000
20436.041786,0.000000
20451.057235,0.000000
20466.072684,0.000000
20481.088132,0.000000
20496.103581,0.000000
20511.119030,0.000000
20526.134479,0.000000
20541.149928,0.000000
20556.165376,0.000000
20571.180825,0.000000
20586.196274,0.000000
20601.211723,0.000000
20616.227172,0.000000
20631.242621,0.000000
20646.258069,0.000000
20661.273518,0.000000
20676.288967,0.000000
20691.304416,0.000000
20706.319865,0.000000
20721.335313,0.000000
20736.350762,0.000000
20751.366211,0.000000
20766.381660,0.000000
20781.397109,0.000000
20796.412557,0.000000
20811.428006,0.000000
20826.443455,0.000000
20841.458904,0.000000
20856.474353,0.000000
20871.489802,0.000000
20886.505250,0.000000
20901.520699,0.000000
20916.536148,0.000000
20931.551597,0.000000
20946.567046,0.000000
20961.582494,0.000000
20976.597943,0.000000
20991.613392,0.000000
21006.628841,0.000000
21021.644290,0.000000
21036.659739,0.000000
21051.675187,0.000000
21066.690636,0.000000
21081.706085,0.000000
21096.721534,0.000000
21111.736983,0.000000
21126.752431,0.000000
21141.767880,0.000000
21156.783329,0.000000
21171.798778,0.000000
21186.814227,0.000000
21201.829675,0.000000
21216.845124,0.000000
21231.860573,0.000000
21246.876022,0.000000
21261.891471,0.000000
21276.906920,0.000000
21291.922368,0.000000
21306.937817,0.000000
21321.953266,0.000000
21336.968715,0.000000
21351.984164,0.000000
21366.999612,0.000000
21382.015061,0.000000
21397.030510,0.000000
21412.045959,0.000000
21427.061408,0.000000
21442.076857,12.280000
21457.092305,0.000000
21472.107754,0.000000
21487.123203,0.000000
21502.138652,0.000000
21517.154101,0.000000
21532.169549,0.000000
21547.184998,0.000000
21562.200447,0.000000
21577.215896,0.000000
21592.231345,0.000000
21607.246794,0.000000
21622.262242,0.000000
21637.277691,0.000000
21652.293140,0.000000
21667.308589,0.000000
21682.324038,0.000000
21697.339486,0.000000
21712.354935,0.000000
21727.370384,0.000000
21742.385833,0.000000
21757.401282,0.000000
21772.416730,0.000000
21787.432179,0.000000
21802.447628,0.000000
21817.463077,0.000000
21832.478526,0.000000
21847.493975,0.000000
21862.509423,0.000000
21877.524872,0.000000
21892.540321,0.000000
21907.555770,0.000000
21922.571219,0.000000
21937.586667,0.000000
21952.602116,0.000000
21967.617565,0.000000
21982.633014,0.000000
21997.648463,0.000000
22012.663912,0.000000
22027.679360,0.000000
22042.694809,0.000000
22057.710258,0.000000
22072.725707,0.000000
22087.741156,0.000000
22102.756604,0.000000
22117.772053,0.000000
22132.787502,0.000000
22147.802951,0.000000
22162.818400,0.000000
22177.833848,0.000000
22192.849297,0.000000
22207.864746,0.000000
22222.880195,0.000000
22237.895644,0.000000
22252.911093,0.000000
22267.926541,0.000000
22282.941990,0.000000
22297.957439,0.000000
22312.972888,0.000000
22327.988337,0.000000
22343.003785,0.000000
22358.019234,0.000000
22373.034683,0.000000
22388.050132,0.000000
22403.065581,0.000000
22418.081030,0.000000
22433.096478,0.000000
22448.111927,0.000000
22463.127376,0.000000
22478.142825,0.000000
22493.158274,0.000000
22508.173722,0.000000
22523.189171,0.000000
22538.204620,0.000000
22553.220069,0.000000
22568.235518,0.000000
22583.250967,0.000000
22598.266415,0.000000
22613.281864,0.000000
22628.297313,0.000000
22643.312762,0.000000
22658.328211,0.000000
22673.343659,0.000000
22688.359108,0.000000
22703.374557,0.000000
22718.390006,0.000000
22733.405455,0.000000
22748.420903,0.000000
22763.436352,0.000000
22778.451801,0.000000
22793.467250,0.000000
22808.482699,0.000000
22823.498148,0.000000
22838.513596,0.000000
22853.529045,0.000000
22868.544494,0.000000
22883.559943,0.000000
22898.575392,0.000000
22913.590840,0.000000
22928.606289,0.000000
22943.621738,0.000000
22958.637187,0.000000
22973.652636,0.000000
22988.668085,0.000000
23003.683533,0.000000
23018.698982,0.000000
23033.714431,0.000000
23048.729880,0.000000
23063.745329,0.000000
23078.760777,0.000000
23093.776226,0.000000
23108.791675,0.000000
23123.807124,0.000000
23138.822573,0.000000
23153.838022,0.000000
23168.853470,0.000000
23183.868919,0.000000
23198.884368,0.000000
23213.899817,0.000000
23228.915266,0.000000
23243.930714,0.000000
23258.946163,0.000000
23273.961612,0.000000
23288.977061,0.000000
23303.992510,0.000000
23319.007958,0.000000
23334.023407,0.000000
23349.038856,0.000000
23364.054305,0.000000
23379.069754,0.000000
23394.085203,0.000000
23409.100651,0.000000
23424.116100,0.000000
23439.131549,0.000000
23454.146998,0.000000
23469.162447,0.000000
23484.177895,0.000000
23499.193344,0.000000
23514.208793,0.000000
23529.224242,0.000000
23544.239691,0.000000
23559.255140,9.210000
23574.270588,0.000000
23589.286037,0.000000
23604.301486,0.000000
23619.316935,0.000000
23634.332384,0.000000
23649.347832,0.000000
23664.363281,0.000000
23679.378730,0.000000
23694.394179,0.000000
23709.409628,0.000000
23724.425076,0.000000
23739.440525,0.000000
23754.455974,0.000000
23769.471423,0.000000
23784.486872,0.000000
23799.502321,0.000000
23814.517769,0.000000
23829.533218,0.000000
23844.548667,0.000000
23859.564116,0.000000
23874.579565,0.000000
23889.595013,0.000000
23904.610462,0.000000
23919.625911,0.000000
23934.641360,0.000000
23949.656809,0.000000
23964.672258,0.000000
23979.687706,0.000000
23994.703155,0.000000
24009.718604,0.000000
24024.734053,0.000000
24039.749502,0.000000
24054.764950,0.000000
24069.780399,0.000000
24084.795848,0.000000
24099.811297,0.000000
24114.826746,0.000000
24129.842195,0.000000
24144.857643,0.000000
24159.873092,0.000000
24174.888541,0.000000
24189.903990,0.000000
24204.919439,0.000000
24219.934887,0.000000
24234.950336,0.000000
24249.965785,0.000000
24264.981234,0.000000
24279.996683,0.000000
24295.012131,0.000000
24310.027580,0.000000
24325.043029,0.000000
24340.058478,0.000000
24355.073927,0.000000
24370.089376,0.000000
24385.104824,0.000000
24400.120273,0.000000
24415.135722,0.000000
24430.151171,0.000000
24445.166620,0.000000
24460.182068,0.000000
24475.197517,0.000000
24490.212966,61.400000
24505.228415,0.000000
24520.243864,0.000000
24535.259313,0.000000
24550.274761,0.000000
24565.290210,0.000000
24580.305659,0.000000
24595.321108,0.000000
24610.336557,0.000000
24625.352005,0.000000
24640.367454,0.000000
24655.382903,0.000000
24670.398352,0.000000
24685.413801,0.000000
24700.429249,0.000000
24715.444698,0.000000
24730.460147,0.000000
24745.475596,0.000000
24760.491045,0.000000
24775.506494,0.000000
24790.521942,0.000000
24805.537391,0.000000
24820.552840,0.000000
24835.568289,0.000000
24850.583738,0.000000
24865.599186,0.000000
24880.614635,0.000000
24895.630084,0.000000
24910.645533,0.000000
24925.660982,0.000000
24940.676431,0.000000
24955.691879,0.000000
24970.707328,0.000000
24985.722777,0.000000
25000.738226,0.000000
25015.753675,0.000000
25030.769123,0.000000
25045.784572,0.000000
25060.800021,0.000000
25075.815470,0.000000
25090.830919,0.000000
25105.846368,0.000000
25120.861816,27.630000
25135.877265,0.000000
25150.892714,0.000000
25165.908163,0.000000
25180.923612,0.000000
25195.939060,0.000000
25210.954509,0.000000
25225.969958,0.000000
25240.985407,0.000000
25256.000856,0.000000
25271.016304,0.000000
25286.031753,0.000000
25301.047202,0.000000
25316.062651,0.000000
25331.078100,0.000000
25346.093549,0.000000
25361.108997,0.000000
25376.124446,0.000000
25391.139895,0.000000
25406.155344,0.000000
25421.170793,0.000000
25436.186241,0.000000
25451.201690,0.000000
25466.217139,0.000000
25481.232588,0.000000
25496.248037,0.000000
25511.263486,0.000000
25526.278934,0.000000
25541.294383,0.000000
25556.309832,0.000000
25571.325281,0.000000
25586.340730,0.000000
25601.356178,0.000000
25616.371627,0.000000
25631.387076,0.000000
25646.402525,0.000000
25661.417974,0.000000
25676.433423,0.000000
25691.448871,0.000000
25706.464320,0.000000
25721.479769,0.000000
25736.495218,0.000000
25751.510667,0.000000
25766.526115,0.000000
25781.541564,0.000000
25796.557013,0.000000
25811.572462,0.000000
25826.587911,0.000000
25841.603359,0.000000
25856.618808,0.000000
25871.634257,58.330000
25886.649706,116.660000
25901.665155,0.000000
25916.680604,0.000000
25931.696052,0.000000
25946.711501,30.700000
25961.726950,15.350000
25976.742399,0.000000
25991.757848,0.000000
26006.773296,0.000000
26021.788745,0.000000
26036.804194,0.000000
26051.819643,0.000000
26066.835092,0.000000
26081.850541,67.540000
26096.865989,0.000000
26111.881438,0.000000
26126.896887,0.000000
26141.912336,0.000000
26156.927785,0.000000
26171.943233,0.000000
26186.958682,0.000000
26201.974131,0.000000
26216.989580,0.000000
26232.005029,0.000000
26247.020477,0.000000
26262.035926,0.000000
26277.051375,0.000000
26292.066824,0.000000
26307.082273,0.000000
26322.097722,0.000000
26337.113170,0.000000
26352.128619,0.000000
26367.144068,0.000000
26382.159517,0.000000
26397.174966,0.000000
26412.190414,0.000000
26427.205863,0.000000
26442.221312,0.000000
26457.236761,0.000000
26472.252210,0.000000
26487.267659,0.000000
26502.283107,0.000000
26517.298556,0.000000
26532.314005,0.000000
26547.329454,0.000000
26562.344903,0.000000
26577.360351,0.000000
26592.375800,0.000000
26607.391249,0.000000
26622.406698,0.000000
26637.422147,0.000000
26652.437596,0.000000
26667.453044,0.000000
26682.468493,0.000000
26697.483942,0.000000
26712.499391,0.000000
26727.514840,0.000000
26742.530288,0.000000
26757.545737,0.000000
26772.561186,0.000000
26787.576635,0.000000
26802.592084,0.000000
26817.607532,0.000000
26832.622981,0.000000
26847.638430,0.000000
26862.653879,0.000000
26877.669328,0.000000
26892.684777,0.000000
26907.700225,0.000000
26922.715674,0.000000
26937.731123,0.000000
26952.746572,0.000000
26967.762021,0.000000
26982.777469,0.000000
26997.792918,0.000000
27012.808367,0.000000
27027.823816,0.000000
27042.839265,0.000000
27057.854714,0.000000
27072.870162,0.000000
27087.885611,0.000000
27102.901060,0.000000
27117.916509,0.000000
27132.931958,0.000000
27147.947406,0.000000
27162.962855,0.000000
27177.978304,0.000000
27192.993753,0.000000
27208.009202,0.000000
27223.024650,0.000000
27238.040099,0.000000
27253.055548,0.000000
27268.070997,0.000000
27283.086446,0.000000
27298.101895,0.000000
27313.117343,0.000000
27328.132792,0.000000
27343.148241,0.000000
27358.163690,0.000000
27373.179139,0.000000
27388.194587,0.000000
27403.210036,0.000000
27418.225485,0.000000
27433.240934,0.000000
27448.256383,0.000000
27463.271832,0.000000
27478.287280,0.000000
27493.302729,0.000000
27508.318178,0.000000
27523.333627,0.000000
27538.349076,0.000000
27553.364524,0.000000
27568.379973,0.000000
27583.395422,0.000000
27598.410871,0.000000
27613.426320,0.000000
27628.441769,0.000000
27643.457217,0.000000
27658.472666,0.000000
27673.488115,0.000000
27688.503564,0.000000
27703.519013,0.000000
27718.534461,15.350000
27733.549910,0.000000
27748.565359,0.000000
27763.580808,0.000000
27778.596257,3.070000
27793.611705,42.980000
27808.627154,0.000000
27823.642603,0.000000
27838.658052,0.000000
27853.673501,0.000000
27868.688950,0.000000
27883.704398,0.000000
27898.719847,0.000000
27913.735296,0.000000
27928.750745,0.000000
27943.766194,0.000000
27958.781642,0.000000
27973.797091,0.000000
27988.812540,0.000000
28003.827989,0.000000
28018.843438,0.000000
28033.858887,0.000000
28048.874335,0.000000
28063.889784,0.000000
28078.905233,0.000000
28093.920682,0.000000
28108.936131,0.000000
28123.951579,0.000000
28138.967028,0.000000
28153.982477,0.000000
28168.997926,0.000000
28184.013375,0.000000
28199.028823,0.000000
28214.044272,0.000000
28229.059721,0.000000
28244.075170,0.000000
28259.090619,0.000000
28274.106068,0.000000
28289.121516,0.000000
28304.136965,0.000000
28319.152414,0.000000
28334.167863,0.000000
28349.183312,0.000000
28364.198760,0.000000
28379.214209,15.350000
28394.229658,0.000000
