2.972710 82.000000
6.972710 84.000000
11.972740 86.000000
13.972740 86.000000
18.972740 86.000000
23.972710 83.000000
28.972740 76.000000
37.972740 80.000000
42.972710 79.000000
47.972710 80.000000
52.972710 78.000000
53.972710 79.000000
61.972740 82.000000
67.972710 84.000000
68.972710 83.000000
76.972710 77.000000
82.972740 73.000000
86.972740 73.000000
91.972740 72.000000
95.972710 72.000000
99.972710 73.000000
107.972740 74.000000
108.972710 75.000000
117.972710 83.000000
122.972740 80.000000
127.972740 79.000000
128.972740 79.000000
137.972710 76.000000
138.972710 75.000000
147.972710 75.000000
148.972710 75.000000
153.972710 76.000000
162.972710 75.000000
165.972710 75.000000
172.972740 75.000000
177.972710 76.000000
178.972710 76.000000
187.972710 76.000000
188.972740 76.000000
195.972710 76.000000
202.972710 76.000000
203.972740 76.000000
210.972710 76.000000
216.972710 77.000000
221.972710 78.000000
223.972710 78.000000
231.972710 78.000000
237.972740 78.000000
238.972710 77.000000
247.972710 78.000000
252.972740 79.000000
255.972740 79.000000
259.972710 80.000000
266.972740 82.000000
268.972710 80.000000
275.972710 78.000000
278.972740 77.000000
287.972710 75.000000
288.972710 75.000000
297.972710 77.000000
302.972740 79.000000
306.972710 79.000000
310.972710 79.000000
313.972710 78.000000
322.972710 74.000000
326.972740 75.000000
332.972740 80.000000
336.972740 82.000000
339.972710 80.000000
343.972740 79.000000
348.972710 81.000000
353.972710 81.000000
360.972710 84.000000
367.972740 80.000000
369.972710 80.000000
373.972710 77.000000
382.972740 71.000000
385.972740 72.000000
392.972710 75.000000
397.972740 78.000000
400.972740 77.000000
407.972740 73.000000
408.972740 73.000000
417.972710 80.000000
422.972710 78.000000
423.972710 77.000000
432.972710 74.000000
437.972710 74.000000
442.972710 74.000000
443.972740 74.000000
448.972740 76.000000
457.972740 79.000000
460.972740 80.000000
467.972710 82.000000
469.972710 82.000000
474.972710 82.000000
479.972740 84.000000
485.972740 86.000000
492.972710 80.000000
497.972710 78.000000
500.972710 78.000000
507.972740 80.000000
508.972710 80.000000
517.972740 76.000000
518.972710 76.000000
525.972710 73.000000
530.972710 72.000000
537.972710 73.000000
538.972740 73.000000
545.972740 75.000000
552.972710 75.000000
557.972710 76.000000
561.972710 76.000000
567.972710 76.000000
568.972710 76.000000
577.972740 76.000000
580.972710 76.000000
583.972710 76.000000
590.972740 76.000000
596.972710 78.000000
598.972710 78.000000
607.972740 74.000000
608.972710 75.000000
616.972710 78.000000
620.972740 78.000000
627.972710 78.000000
628.972710 78.000000
634.972710 77.000000
642.972740 78.000000
647.972710 79.000000
649.972710 79.000000
653.972710 78.000000
662.972710 77.000000
666.972740 77.000000
671.972710 77.000000
675.972740 77.000000
680.972710 78.000000
687.972740 81.000000
689.972710 80.000000
695.972710 79.000000
698.972740 78.000000
705.972740 77.000000
708.972710 77.000000
716.972740 77.000000
720.972740 78.000000
723.972710 76.000000
732.972710 79.000000
734.972710 80.000000
742.972710 75.000000
747.972710 75.000000
748.972710 74.000000
756.972740 75.000000
758.972710 75.000000
765.972740 75.000000
772.972710 74.000000
774.972710 74.000000
782.972740 76.000000
783.972710 75.000000
789.972710 74.000000
795.972710 74.000000
802.972740 73.000000
806.972710 73.000000
810.972710 73.000000
813.972740 74.000000
820.972710 77.000000
827.972740 74.000000
830.972710 74.000000
837.972710 75.000000
840.972710 76.000000
843.972740 76.000000
852.972710 89.000000
857.972740 93.000000
862.972710 96.000000
864.972710 97.000000
868.972710 95.000000
877.972740 84.000000
881.972710 82.000000
885.972710 80.000000
891.972740 78.000000
897.972710 77.000000
901.972710 75.000000
907.972740 75.000000
912.972710 75.000000
913.972710 75.000000
922.972740 75.000000
925.972710 76.000000
932.972710 74.000000
936.972710 75.000000
939.972740 76.000000
945.972710 75.000000
948.972710 74.000000
955.972740 74.000000
962.972710 76.000000
966.972710 76.000000
968.972740 75.000000
973.972740 74.000000
978.972710 74.000000
987.972710 75.000000
992.972710 75.000000
997.972710 75.000000
1002.972710 75.000000
1006.972710 74.000000
1009.972710 74.000000
1013.972710 74.000000
1018.972740 74.000000
1025.972710 73.000000
1031.972710 74.000000
1037.972710 76.000000
1039.972710 76.000000
1043.972710 75.000000
1048.972740 75.000000
1057.972710 76.000000
1060.972710 76.000000
1063.972740 76.000000
1068.972710 81.000000
1077.972740 93.000000
1079.972710 94.000000
1087.972710 82.000000
1092.972710 77.000000
1097.972740 77.000000
1101.972710 77.000000
1107.972710 77.000000
1109.972740 76.000000
1113.972710 76.000000
1122.972710 73.000000
1124.972710 73.000000
1132.972710 74.000000
1133.972710 74.000000
1138.972710 77.000000
1147.972710 94.000000
1151.972710 93.000000
1153.972740 92.000000
1162.972740 82.000000
1167.972710 80.000000
1172.972710 80.000000
1174.972710 80.000000
1178.972710 79.000000
1184.972710 79.000000
1189.972710 79.000000
1193.972740 78.000000
1202.972710 77.000000
1206.972740 77.000000
1209.972740 77.000000
1214.972710 77.000000
1219.972710 76.000000
1224.972740 78.000000
1228.972710 77.000000
1235.972710 75.000000
1241.972710 76.000000
1245.972710 76.000000
1252.972740 77.000000
1253.972740 76.000000
1259.972740 76.000000
1263.972710 76.000000
1272.972710 78.000000
1277.972710 79.000000
1278.972710 79.000000
1284.972710 78.000000
1292.972710 76.000000
1294.972710 76.000000
1298.972740 76.000000
1307.972710 77.000000
1312.972740 77.000000
1314.972740 77.000000
1320.972740 77.000000
1324.972710 78.000000
1332.972710 79.000000
1336.972710 80.000000
1342.972740 80.000000
1344.972740 80.000000
1348.972740 79.000000
1357.972710 79.000000
1362.972740 79.000000
1367.972710 80.000000
1368.972710 80.000000
1373.972710 80.000000
1379.972710 80.000000
1383.972710 80.000000
1388.972740 79.000000
1397.972710 79.000000
1402.972710 79.000000
1403.972710 78.000000
1408.972710 78.000000
1417.972710 79.000000
1419.972710 79.000000
1423.972710 79.000000
1432.972710 75.000000
1434.972710 75.000000
1440.972710 76.000000
1447.972710 78.000000
1452.972710 79.000000
1455.972710 79.000000
1462.972710 79.000000
1465.972710 79.000000
1472.972740 79.000000
1473.972740 79.000000
1480.972710 80.000000
1484.972710 79.000000
1490.972710 80.000000
1495.972710 80.000000
1498.972740 80.000000
1506.972740 80.000000
1511.972710 80.000000
1515.972710 80.000000
1521.972710 80.000000
1526.972710 80.000000
1528.972710 80.000000
1537.972710 79.000000
1539.972710 79.000000
1543.972710 80.000000
1548.972710 79.000000
1555.972710 79.000000
1559.972710 79.000000
1567.972710 79.000000
1572.972710 79.000000
1577.972710 79.000000
1579.972710 79.000000
1585.972740 80.000000
1588.972740 80.000000
1597.972710 82.000000
1598.972710 82.000000
1603.972740 80.000000
1608.972710 77.000000
1616.972710 74.000000
1620.972710 75.000000
1623.972710 76.000000
1632.972710 80.000000
1637.972710 80.000000
1641.972740 80.000000
1644.972740 80.000000
1649.972710 80.000000
1653.972710 79.000000
1661.972710 77.000000
1667.972740 78.000000
1668.972710 78.000000
1677.972710 79.000000
1679.972710 79.000000
1683.972740 78.000000
1689.972740 78.000000
1697.972710 79.000000
1701.972710 78.000000
1704.972710 78.000000
1710.972740 79.000000
1713.972740 79.000000
1719.972710 80.000000
1723.972710 79.000000
1732.972740 76.000000
1737.972710 78.000000
1742.972710 79.000000
1747.972740 79.000000
1748.972710 79.000000
1754.972740 79.000000
1762.972710 80.000000
1763.972740 80.000000
1770.972740 81.000000
1777.972710 81.000000
1778.972740 81.000000
1783.972710 80.000000
1788.972710 80.000000
1793.972710 80.000000
1802.972710 80.000000
1803.972740 80.000000
1812.972740 81.000000
1817.972710 81.000000
1818.972710 81.000000
1827.972740 77.000000
1832.972710 78.000000
1837.972740 80.000000
1841.972740 79.000000
1843.972740 79.000000
1849.972710 79.000000
1853.972710 81.000000
1862.972710 77.000000
1867.972710 79.000000
1870.972710 79.000000
1876.972050 80.000000
1878.972020 80.000000
1884.972020 80.000000
1890.972020 81.000000
1897.972020 81.000000
1900.972050 81.000000
1903.972020 81.000000
1908.972020 82.000000
1917.972050 80.000000
1920.972020 80.000000
1923.972020 80.000000
1930.972020 80.000000
1933.972020 80.000000
1942.972020 82.000000
1947.972020 82.000000
1952.972020 82.000000
1953.972020 82.000000
1958.972020 82.000000
1963.972050 83.000000
1970.972020 83.000000
1977.972020 82.000000
1981.972050 81.000000
1984.972020 81.000000
1988.972020 81.000000
1994.972050 83.000000
1999.972050 83.000000
2005.972020 82.000000
2011.972020 82.000000
2017.972020 82.000000
2018.972050 82.000000
2025.972020 83.000000
2028.972020 83.000000
2037.972020 81.000000
2038.972020 81.000000
2046.972050 82.000000
2048.972050 82.000000
2056.972050 83.000000
2060.972020 83.000000
2064.972020 82.000000
2068.972020 83.000000
2075.972020 83.000000
2082.972050 85.000000
2084.972050 85.000000
2092.972020 82.000000
2095.972020 82.000000
2098.972020 83.000000
2107.972050 83.000000
2111.972020 84.000000
2114.972050 84.000000
2118.972050 84.000000
2127.972020 84.000000
2129.972020 84.000000
2137.972020 85.000000
2139.972020 85.000000
2145.972050 84.000000
2149.972020 83.000000
2156.972020 84.000000
2162.972050 83.000000
2165.972020 84.000000
2168.972050 84.000000
2177.972050 84.000000
2181.972020 85.000000
2183.972050 85.000000
2189.972020 85.000000
2197.972020 84.000000
2200.972020 84.000000
2203.972020 84.000000
2212.972050 84.000000
2217.972020 85.000000
2221.972020 85.000000
2223.972050 85.000000
2232.972020 85.000000
2234.972020 85.000000
2238.972050 85.000000
2244.972020 85.000000
2252.972020 84.000000
2255.972020 84.000000
2259.972020 85.000000
2263.972020 85.000000
2272.972050 85.000000
2275.972020 85.000000
2278.972020 85.000000
2283.972050 85.000000
2290.972050 84.000000
2295.972020 85.000000
2301.972050 85.000000
2303.972020 85.000000
2309.972050 83.000000
2316.972050 84.000000
2321.972020 84.000000
2325.972020 85.000000
2332.972020 85.000000
2333.972050 85.000000
2338.972020 85.000000
2347.972050 85.000000
2348.972020 85.000000
2353.972020 86.000000
2360.972020 88.000000
2363.972020 86.000000
2371.972020 83.000000
2376.972020 83.000000
2378.972020 83.000000
2387.972050 83.000000
2391.972050 83.000000
2396.972020 83.000000
2401.972020 83.000000
2407.972050 85.000000
2412.972020 85.000000
2416.972020 84.000000
2422.972020 85.000000
2426.972020 85.000000
2432.972020 84.000000
2433.972020 84.000000
2439.972050 85.000000
2446.972020 86.000000
2450.972020 86.000000
2457.972020 85.000000
2460.972020 85.000000
2466.972020 85.000000
2471.972020 86.000000
2474.972020 86.000000
2481.972020 86.000000
2484.972050 86.000000
2489.972020 87.000000
2496.972020 86.000000
2502.972020 86.000000
2504.972020 85.000000
2512.972050 85.000000
2513.972020 85.000000
2518.972020 85.000000
2526.972050 85.000000
2528.972020 85.000000
2536.972050 86.000000
2538.972020 86.000000
2547.972020 87.000000
2550.972020 87.000000
2555.972050 87.000000
2562.972020 87.000000
2565.972020 87.000000
2572.972050 86.000000
2573.972050 86.000000
2581.972020 86.000000
2584.972020 87.000000
2590.972020 87.000000
2595.972020 87.000000
2602.972050 87.000000
2603.972050 87.000000
2608.972020 86.000000
2613.972020 87.000000
2621.972020 88.000000
2625.972020 87.000000
2632.972020 87.000000
2635.972020 88.000000
2641.972020 87.000000
2646.972020 88.000000
2650.972020 87.000000
2655.972020 88.000000
2660.972020 87.000000
2667.972020 86.000000
2671.972020 87.000000
2674.972020 87.000000
2681.972020 86.000000
2686.972020 87.000000
2689.972020 87.000000
2695.972020 87.000000
2702.972020 88.000000
2707.972020 89.000000
2711.972020 88.000000
2716.972020 87.000000
2718.972020 87.000000
2724.972050 87.000000
2732.972020 88.000000
2733.972020 88.000000
2739.972050 88.000000
2743.972020 87.000000
2752.972050 87.000000
2755.972020 87.000000
2760.972020 88.000000
2764.972050 88.000000
2772.972050 87.000000
2776.972020 88.000000
2778.972020 88.000000
2787.972050 88.000000
2788.972020 88.000000
2797.972050 88.000000
2802.972020 88.000000
2806.972020 88.000000
2811.972050 88.000000
2814.972050 87.000000
2822.972020 88.000000
2824.972050 88.000000
2832.972050 88.000000
2833.972020 88.000000
2840.972020 88.000000
2844.972050 88.000000
2849.972020 89.000000
2856.972020 89.000000
2859.972050 89.000000
2864.972050 89.000000
2868.972020 88.000000
2876.972020 88.000000
2882.972020 88.000000
2883.972020 88.000000
2890.972020 88.000000
2893.972050 88.000000
2901.972050 89.000000
2907.972020 90.000000
2910.972020 89.000000
2914.972050 88.000000
2918.972020 88.000000
2925.972020 89.000000
2932.972050 88.000000
2933.972020 88.000000
2940.972020 89.000000
2946.972050 89.000000
2949.972050 89.000000
2956.972020 89.000000
2958.972020 89.000000
2966.972050 88.000000
2972.972020 89.000000
2977.972050 90.000000
2978.972020 90.000000
2983.972020 89.000000
2989.972050 88.000000
2995.972050 88.000000
2998.972020 89.000000
3004.972050 89.000000
3011.972050 89.000000
3015.972020 89.000000
3022.972020 89.000000
3027.972020 90.000000
3031.972020 90.000000
3037.972020 89.000000
3042.972020 89.000000
3047.972020 90.000000
3052.972050 90.000000
3057.972050 91.000000
3060.972020 90.000000
3067.972050 90.000000
3070.972020 89.000000
3076.972020 89.000000
3082.972020 90.000000
3085.972020 90.000000
3092.972020 90.000000
3094.972050 90.000000
3102.972020 90.000000
3107.972020 90.000000
3109.972020 90.000000
3117.972050 91.000000
3118.972050 91.000000
3124.972020 90.000000
3132.972020 90.000000
3133.972050 90.000000
3138.972020 90.000000
3147.972020 90.000000
3151.972020 90.000000
3153.972020 90.000000
3160.972050 89.000000
3167.972020 90.000000
3171.972050 91.000000
3175.972020 90.000000
3180.972020 91.000000
3184.972020 91.000000
3189.972020 90.000000
3194.972020 91.000000
3198.972020 90.000000
3204.972050 91.000000
3212.972020 91.000000
3216.972020 91.000000
3219.972050 91.000000
3225.972020 90.000000
3230.972020 90.000000
3237.972050 91.000000
3238.972020 91.000000
3247.972020 91.000000
3249.972020 91.000000
3255.972020 92.000000
3261.972050 91.000000
3266.972050 90.000000
3272.972020 90.000000
3275.972020 90.000000
3282.972020 90.000000
3287.972020 90.000000
3289.972020 90.000000
3295.972050 90.000000
3299.972020 90.000000
3303.972020 90.000000
3312.972020 91.000000
3313.972020 91.000000
3322.972020 90.000000
3326.972020 90.000000
3328.972020 90.000000
3335.972050 91.000000
3339.972050 91.000000
3344.972020 91.000000
3350.972020 90.000000
3354.972050 91.000000
3359.972050 91.000000
3366.972050 92.000000
3370.972020 92.000000
3377.972020 91.000000
3378.972020 91.000000
3385.972050 91.000000
3392.972020 91.000000
3393.972020 91.000000
3399.972020 91.000000
3407.972020 91.000000
3408.972020 91.000000
3416.972050 92.000000
3418.972050 92.000000
3423.972020 92.000000
3432.972020 90.000000
3433.972050 90.000000
3438.972050 91.000000
3443.972050 92.000000
3450.972020 92.000000
3455.972050 91.000000
3460.972020 91.000000
3463.972020 92.000000
3470.972020 92.000000
3473.972050 92.000000
3481.972020 92.000000
3484.972020 92.000000
3490.972020 92.000000
3493.972020 91.000000
3501.972050 93.000000
3505.972020 91.000000
3509.972020 89.000000
3517.972020 90.000000
3519.972050 91.000000
3523.972020 91.000000
3531.972050 91.000000
3535.972050 90.000000
3539.972020 91.000000
3544.972020 92.000000
3550.972050 92.000000
3557.972020 91.000000
3558.972020 91.000000
3566.972020 91.000000
3570.972020 91.000000
3573.972020 91.000000
3578.972050 93.000000
3584.972020 93.000000
3588.972020 92.000000
3597.972050 91.000000
3598.972050 92.000000
3607.972050 91.000000
3609.972020 91.000000
3614.972050 91.000000
3620.972020 93.000000
3625.972020 92.000000
3632.972020 91.000000
3634.972050 91.000000
3641.972050 92.000000
3644.972050 92.000000
3651.972020 92.000000
3654.972050 92.000000
3659.972050 92.000000
3665.972020 93.000000
3669.972020 92.000000
3677.972020 91.000000
3678.972020 91.000000
3685.972050 90.000000
3692.972020 91.000000
3694.972020 91.000000
3699.972020 92.000000
3703.972050 92.000000
3712.972050 90.000000
3715.972050 90.000000
3722.972020 90.000000
3724.972020 90.000000
3732.972050 91.000000
3736.972020 91.000000
3740.972020 91.000000
3744.972020 92.000000
3752.972050 92.000000
3754.972020 91.000000
3759.972050 91.000000
3764.972020 91.000000
3769.972020 92.000000
3776.972050 92.000000
3779.972020 92.000000
3785.972020 93.000000
3792.972050 92.000000
3795.972020 93.000000
3800.972020 93.000000
3804.972050 93.000000
3811.972020 91.000000
3813.972020 91.000000
3821.972020 92.000000
3824.972020 93.000000
3829.972020 93.000000
3835.972050 93.000000
3842.972020 91.000000
3846.972020 91.000000
3848.972050 91.000000
3853.972020 91.000000
3862.972050 93.000000
3863.972020 93.000000
3868.972020 93.000000
3877.972050 92.000000
3882.972020 94.000000
3887.972020 94.000000
3891.972020 93.000000
3895.972020 93.000000
3900.972020 91.000000
3907.972020 92.000000
3911.972050 93.000000
3913.972020 93.000000
3918.972050 93.000000
3924.972020 93.000000
3930.972020 93.000000
3935.972020 92.000000
3942.972020 92.000000
3947.972020 93.000000
3951.972020 93.000000
3955.972020 93.000000
3961.972020 93.000000
3966.972020 94.000000
3969.972020 94.000000
3973.972050 94.000000
3978.972020 94.000000
3983.972050 94.000000
3990.972020 91.000000
3994.972020 92.000000
4001.972020 93.000000
4007.972020 94.000000
4012.972050 93.000000
4016.972020 93.000000
4018.972050 94.000000
4027.972050 95.000000
4030.972020 95.000000
4036.972050 94.000000
4040.972020 93.000000
4043.972020 92.000000
4051.972020 93.000000
4054.972020 94.000000
4062.972020 94.000000
4063.972020 94.000000
4069.972020 93.000000
4076.972020 94.000000
4079.972020 94.000000
4087.972050 93.000000
4092.972020 94.000000
4096.972020 93.000000
4101.972020 93.000000
4107.972020 92.000000
4112.972020 92.000000
4114.972050 92.000000
4121.972050 94.000000
4127.972020 94.000000
4128.972020 94.000000
4133.972020 93.000000
4138.972050 93.000000
4145.972020 93.000000
4148.972050 93.000000
4155.972020 93.000000
4161.972020 94.000000
4164.972020 94.000000
4172.972050 93.000000
4177.972020 93.000000
4182.972050 94.000000
4187.972020 94.000000
4190.972020 94.000000
4195.972020 94.000000
4200.972020 94.000000
4205.972020 94.000000
4208.972050 94.000000
4217.972020 93.000000
4222.972020 93.000000
4223.972020 93.000000
4231.972050 93.000000
4237.972020 93.000000
4238.972020 93.000000
4247.972020 93.000000
4248.972020 93.000000
4257.972050 94.000000
4258.972020 94.000000
4263.972020 92.000000
4272.972020 92.000000
4276.972020 91.000000
4278.972020 91.000000
4286.972020 93.000000
4291.972020 93.000000
4295.972050 93.000000
4302.972020 92.000000
4304.972020 93.000000
4308.972020 94.000000
4314.972020 93.000000
4318.972020 91.000000
4324.972020 92.000000
4331.972050 92.000000
4333.972020 93.000000
4339.972020 93.000000
4346.972050 94.000000
4352.972020 94.000000
4356.972020 93.000000
4362.972050 93.000000
4365.972020 93.000000
4369.972020 93.000000
4374.972020 94.000000
4382.972020 93.000000
4386.972020 93.000000
4392.972050 93.000000
4395.972020 94.000000
4401.972020 94.000000
4405.972050 94.000000
4409.972020 94.000000
4415.972020 93.000000
4418.972020 94.000000
4426.972050 102.000000
4432.972020 102.000000
4433.972050 102.000000
4442.972020 96.000000
4443.972020 97.000000
4451.972050 101.000000
4455.972020 101.000000
4458.972020 101.000000
4465.972050 107.000000
4468.972050 108.000000
4474.972020 100.000000
4482.972050 96.000000
4484.972050 98.000000
4488.972020 97.000000
4496.972050 91.000000
4502.972020 91.000000
4504.972050 91.000000
4512.972020 89.000000
4514.972050 90.000000
4519.972050 93.000000
4526.972020 89.000000
4532.972020 96.000000
4533.972050 95.000000
4542.972050 90.000000
4543.972050 90.000000
4550.972020 92.000000
4555.972050 92.000000
4562.972050 93.000000
4564.972020 93.000000
4568.972020 93.000000
4577.972020 101.000000
4580.972020 101.000000
4586.972050 107.000000
4591.972020 111.000000
4593.972020 110.000000
4600.972020 101.000000
4606.972020 108.000000
4608.972020 105.000000
4617.972020 91.000000
4622.972020 90.000000
4623.972020 91.000000
4630.972020 96.000000
4637.972020 86.000000
4642.972020 88.000000
4645.972020 88.000000
4648.972020 89.000000
4655.972020 91.000000
4662.972050 84.000000
4665.972020 85.000000
4668.972020 85.000000
4677.972050 89.000000
4682.972020 90.000000
4684.972020 90.000000
4692.972050 95.000000
4697.972020 91.000000
4702.972020 89.000000
4703.972020 89.000000
4711.972020 92.000000
4717.972050 88.000000
4722.972020 88.000000
4727.972050 89.000000
4728.972050 90.000000
4735.972050 91.000000
4738.972050 91.000000
4743.972020 93.000000
4748.972050 96.000000
4757.972020 85.000000
4762.972050 85.000000
4767.972050 86.000000
4768.972020 87.000000
4776.972020 90.000000
4778.972020 90.000000
4785.972020 88.000000
4792.972020 90.000000
4793.972050 90.000000
4798.972020 91.000000
4803.972020 94.000000
4812.972050 83.000000
4814.972020 84.000000
4819.972020 87.000000
4823.972020 87.000000
4829.972020 89.000000
4833.972020 89.000000
4841.972020 88.000000
4845.972050 88.000000
4852.972020 89.000000
4853.972020 89.000000
4862.972020 91.000000
4864.972020 91.000000
4868.972050 92.000000
4875.972050 92.000000
4881.972020 92.000000
4887.972020 90.000000
4888.972050 90.000000
4893.972020 91.000000
4900.972050 94.000000
4904.972050 95.000000
4910.972020 97.000000
4916.972050 93.000000
4922.972020 91.000000
4923.972050 91.000000
4931.972020 93.000000
4937.972020 92.000000
4942.972020 92.000000
4943.972050 92.000000
4952.972050 94.000000
4953.972020 94.000000
4962.972050 95.000000
4964.972020 95.000000
4968.972020 98.000000
4974.972020 104.000000
4982.972020 86.000000
4987.972020 82.000000
4988.972050 82.000000
4995.972050 88.000000
5002.972020 89.000000
5006.972050 89.000000
5012.972020 88.000000
5013.972020 89.000000
5021.972050 90.000000
5023.972050 90.000000
5032.972020 91.000000
5033.972020 91.000000
5040.972050 93.000000
5047.972020 89.000000
5050.972050 90.000000
5056.972020 91.000000
5059.972050 91.000000
5063.972020 94.000000
5070.972050 93.000000
5077.972020 85.000000
5082.972050 84.000000
5087.972020 86.000000
5089.972020 87.000000
5096.972020 88.000000
5098.972050 89.000000
5103.972020 91.000000
5112.972050 88.000000
5115.972050 88.000000
5119.972050 87.000000
5127.972020 88.000000
5129.972020 89.000000
5135.972020 90.000000
5138.972020 90.000000
5147.972050 91.000000
5152.972050 89.000000
5156.972050 89.000000
5160.972050 90.000000
5163.972020 91.000000
5172.972050 96.000000
5173.972050 96.000000
5182.972020 86.000000
5187.972050 85.000000
5192.972020 86.000000
5193.972020 87.000000
5202.972020 89.000000
5205.972050 90.000000
5208.972020 91.000000
5213.972020 92.000000
5218.972020 93.000000
5227.972050 88.000000
5231.972020 89.000000
5234.972050 89.000000
5240.972020 91.000000
5247.972050 91.000000
5249.972050 91.000000
5253.972020 91.000000
5258.972020 93.000000
5263.972020 94.000000
5272.972020 86.000000
5274.972020 86.000000
5279.972050 89.000000
5283.972050 90.000000
5292.972020 85.000000
5293.972050 86.000000
5300.972020 89.000000
5306.972020 89.000000
5308.972050 89.000000
5317.972050 91.000000
5322.972020 90.000000
5327.972020 89.000000
5328.972050 90.000000
5337.972050 96.000000
5338.972020 94.000000
5347.972020 87.000000
5351.972050 88.000000
5356.972020 88.000000
5358.972020 89.000000
5364.972050 91.000000
5372.972050 86.000000
5374.972020 88.000000
5381.972020 87.000000
5384.972050 86.000000
5392.972020 90.000000
5393.972020 90.000000
5400.972050 89.000000
5405.972020 90.000000
5411.972020 90.000000
5417.972020 91.000000
5420.972020 91.000000
5425.972050 92.000000
5431.972020 93.000000
5433.972020 93.000000
5438.972050 96.000000
5447.972020 86.000000
5452.972020 87.000000
5454.972050 87.000000
5460.972050 87.000000
5466.972020 89.000000
5470.972050 89.000000
5475.972020 90.000000
5478.973470 90.000000
5483.973440 90.000000
5488.973440 91.000000
5493.973440 93.000000
5502.973440 84.000000
5507.973440 85.000000
5511.973470 86.000000
5515.973440 87.000000
5522.973440 89.000000
5526.973440 89.000000
5530.973440 90.000000
5533.973440 90.000000
5538.973440 91.000000
5547.973440 84.000000
5549.973440 85.000000
5557.973440 87.000000
5560.973440 88.000000
5567.973440 90.000000
5569.973440 91.000000
5577.973470 87.000000
5580.973470 87.000000
5584.973470 88.000000
5592.973440 89.000000
5593.973470 89.000000
5599.973440 91.000000
5607.973470 85.000000
5612.973440 85.000000
5616.973440 85.000000
5619.973440 88.000000
5623.973470 90.000000
5632.973470 94.000000
5633.973440 94.000000
5642.973470 85.000000
5644.973440 85.000000
5651.973440 89.000000
5657.973470 90.000000
5662.973440 90.000000
5664.973440 90.000000
5671.973470 90.000000
5677.973440 91.000000
5678.973440 91.000000
5684.973440 92.000000
5689.973440 91.000000
5697.973470 91.000000
5701.973440 91.000000
5703.973440 91.000000
5712.973470 91.000000
5715.973470 90.000000
5718.973440 91.000000
5726.973440 92.000000
5731.973440 90.000000
5733.973440 90.000000
5742.973440 91.000000
5743.973470 91.000000
5748.973440 94.000000
5756.973470 95.000000
5759.973470 93.000000
5765.973440 90.000000
5770.973470 89.000000
5777.973440 90.000000
5778.973470 90.000000
5785.973470 91.000000
5788.973440 92.000000
5797.973470 92.000000
5802.973440 92.000000
5803.973440 92.000000
5811.973440 94.000000
5813.973440 94.000000
5821.973440 95.000000
5826.973440 93.000000
5830.973440 92.000000
5836.973470 92.000000
5842.973440 90.000000
5847.973440 91.000000
5849.973470 91.000000
5853.973440 91.000000
5862.973440 93.000000
5865.973470 92.000000
5868.973440 94.000000
5874.973440 97.000000
5878.973440 97.000000
5887.973440 88.000000
5892.973440 90.000000
5893.973470 90.000000
5899.973440 88.000000
5903.973440 89.000000
5908.973470 89.000000
5917.973440 90.000000
5922.973440 91.000000
5927.973440 92.000000
5931.973440 91.000000
5934.973440 90.000000
5940.973440 90.000000
5943.973470 91.000000
5952.973470 93.000000
5957.973440 92.000000
5959.973470 91.000000
5963.973440 92.000000
5972.973470 92.000000
5977.973470 91.000000
5978.973440 91.000000
5986.973440 91.000000
5988.973440 91.000000
5993.973470 91.000000
6002.973440 93.000000
6006.973440 93.000000
6012.973440 92.000000
6015.973440 91.000000
6018.973440 92.000000
6024.973440 93.000000
6030.973470 92.000000
6036.973440 92.000000
6040.973470 92.000000
6047.973440 98.000000
6050.973440 97.000000
6056.973440 93.000000
6060.973440 93.000000
6065.973440 93.000000
6072.973470 90.000000
6073.973440 90.000000
6079.973470 92.000000
6084.973440 93.000000
6089.973470 93.000000
6095.973440 94.000000
6098.973470 96.000000
6103.973470 94.000000
6112.973440 88.000000
6115.973440 89.000000
6120.973470 89.000000
6123.973440 91.000000
6132.973470 93.000000
6133.973470 93.000000
6142.973470 88.000000
6147.973470 88.000000
6148.973440 89.000000
6156.973470 91.000000
6158.973440 91.000000
6163.973470 91.000000
6172.973440 95.000000
6173.973440 94.000000
6182.973470 87.000000
6186.973440 89.000000
6192.973440 91.000000
6197.973440 90.000000
6198.973440 90.000000
6203.973440 93.000000
6211.973470 95.000000
6213.973440 94.000000
6220.973440 88.000000
6225.973440 89.000000
6232.973440 90.000000
6233.973440 90.000000
6240.973440 94.000000
6247.973440 86.000000
6252.973470 87.000000
6257.973470 88.000000
6260.973440 89.000000
6263.973470 89.000000
6271.973440 92.000000
6274.973440 91.000000
6282.973470 90.000000
6284.973440 90.000000
6290.973440 87.000000
6293.973440 89.000000
6302.973470 89.000000
6306.973440 90.000000
6311.973470 91.000000
6317.973440 89.000000
6322.973440 91.000000
6323.973440 91.000000
6329.973470 88.000000
6336.973470 89.000000
6339.973440 89.000000
6343.973440 91.000000
6352.973440 87.000000
6355.973440 87.000000
6361.973440 89.000000
6363.973440 90.000000
6368.973440 92.000000
6377.973470 95.000000
6379.973470 93.000000
6383.973440 92.000000
6388.973470 94.000000
6397.973440 87.000000
6402.973470 88.000000
6405.973470 89.000000
6412.973440 93.000000
6413.973440 92.000000
6422.973440 85.000000
6425.973440 86.000000
6429.973440 89.000000
6436.973440 91.000000
6439.973440 91.000000
6445.973440 91.000000
6448.973440 91.000000
6455.973440 94.000000
6459.973440 93.000000
6467.973470 88.000000
6471.973440 90.000000
6477.973440 90.000000
6478.973470 90.000000
6486.973470 92.000000
6492.973440 90.000000
6496.973470 91.000000
6498.973440 91.000000
6503.973470 94.000000
6512.973470 91.000000
6513.973440 91.000000
6519.973440 90.000000
6527.973470 91.000000
6531.973440 90.000000
6533.973440 92.000000
6542.973470 98.000000
6546.973440 97.000000
6550.973440 96.000000
6553.973440 96.000000
6562.973440 97.000000
6566.973470 97.000000
6569.973440 96.000000
6573.973470 97.000000
6578.973470 97.000000
6587.973440 90.000000
6590.973440 91.000000
6596.973440 94.000000
6601.973470 94.000000
6604.973440 94.000000
6611.973440 98.000000
6616.973470 95.000000
6621.973440 93.000000
6623.973440 93.000000
6631.973470 100.000000
6634.973470 98.000000
6642.973470 106.000000
6643.973440 106.000000
6651.973470 111.000000
6657.973470 114.000000
6662.973470 115.000000
6667.973470 115.000000
6671.973440 114.000000
6673.973440 112.000000
6682.973440 90.000000
6687.973470 86.000000
6692.973470 84.000000
6697.973440 85.000000
6700.973440 86.000000
6705.973470 88.000000
6709.973470 89.000000
6716.973440 88.000000
6720.973470 91.000000
6724.973440 92.000000
6730.973440 91.000000
6737.973440 90.000000
6742.973440 88.000000
6747.973470 90.000000
6751.973470 90.000000
6754.973440 91.000000
6758.973440 93.000000
6767.973470 86.000000
6772.973440 89.000000
6774.973440 90.000000
6778.973440 92.000000
6786.973470 86.000000
6792.973470 86.000000
6793.973470 87.000000
6800.973440 90.000000
6807.973470 91.000000
6809.973470 91.000000
6813.973440 92.000000
6820.973470 96.000000
6823.973470 93.000000
6832.973440 89.000000
6835.973440 91.000000
6842.973440 92.000000
6845.973440 92.000000
6851.973440 92.000000
6856.973440 92.000000
6858.973440 92.000000
6863.973470 93.000000
6872.973470 92.000000
6877.973440 92.000000
6879.973440 92.000000
6886.973470 95.000000
6888.973470 94.000000
6897.973440 87.000000
6902.973470 89.000000
6907.973470 90.000000
6909.973440 91.000000
6915.973440 93.000000
6920.973440 92.000000
6927.973440 91.000000
6928.973470 91.000000
6935.973470 92.000000
6941.973470 92.000000
6947.973440 90.000000
6948.973440 91.000000
6955.973440 92.000000
6959.973470 92.000000
6967.973440 92.000000
6969.973440 91.000000
6973.973470 92.000000
6978.973440 92.000000
6983.973440 92.000000
6990.973470 92.000000
6996.973440 92.000000
7000.973440 93.000000
7004.973440 94.000000
7010.973440 94.000000
7014.973440 94.000000
7020.973440 94.000000
7025.973440 89.000000
7032.973440 87.000000
7035.973440 89.000000
7038.973440 91.000000
7044.973470 92.000000
7049.973470 93.000000
7054.973470 96.000000
7062.973440 88.000000
7067.973440 85.000000
7071.973470 86.000000
7073.973440 88.000000
7082.973470 91.000000
7085.973470 91.000000
7092.973440 87.000000
7097.973440 88.000000
7102.973440 90.000000
7104.973470 91.000000
7112.973470 96.000000
7113.973440 96.000000
7122.973470 88.000000
7123.973470 88.000000
7132.973440 92.000000
7134.973440 91.000000
7142.973440 96.000000
7143.973470 95.000000
7152.973470 88.000000
7157.973440 89.000000
7160.973440 89.000000
7167.973470 91.000000
7168.973440 91.000000
7174.973440 92.000000
7182.973470 93.000000
7187.973440 93.000000
7188.973440 94.000000
7196.973440 98.000000
7202.973440 97.000000
7203.973440 97.000000
7210.973470 98.000000
7213.973440 98.000000
7221.973440 94.000000
7223.973440 95.000000
7230.973440 97.000000
7237.973440 90.000000
7240.973440 90.000000
7244.973440 92.000000
7250.973440 93.000000
7257.973440 93.000000
7261.973440 94.000000
7263.973470 95.000000
7272.973440 104.000000
7273.973440 104.000000
7282.973470 111.000000
7283.973440 111.000000
7292.973440 97.000000
7297.973440 96.000000
7302.973440 96.000000
7306.973470 96.000000
7308.973470 95.000000
7315.973440 93.000000
7318.973470 94.000000
7327.973440 95.000000
7332.973440 94.000000
7335.973470 94.000000
7339.973470 95.000000
7344.973470 95.000000
7351.973470 97.000000
7354.973470 98.000000
7358.973440 100.000000
7367.973470 93.000000
7368.973440 93.000000
7374.973440 95.000000
7382.973470 90.000000
7384.973470 91.000000
7392.973470 94.000000
7396.973440 90.000000
7399.973470 90.000000
7407.973470 92.000000
7408.973470 91.000000
7417.973440 95.000000
7420.973440 93.000000
7426.973440 91.000000
7432.973440 90.000000
7434.973440 90.000000
7441.973440 95.000000
7445.973440 92.000000
7452.973440 91.000000
7456.973470 91.000000
7459.973440 92.000000
7467.973440 94.000000
7468.973470 94.000000
7474.973470 96.000000
7482.973440 87.000000
7485.973440 88.000000
7492.973440 90.000000
7494.973440 90.000000
7501.973440 94.000000
7507.973440 94.000000
7508.973440 93.000000
7514.973440 93.000000
7521.973440 94.000000
7527.973470 92.000000
7528.973470 92.000000
7537.973440 95.000000
7542.973440 94.000000
7547.973470 94.000000
7551.973470 93.000000
7557.973440 92.000000
7558.973440 92.000000
7565.973470 92.000000
7571.973440 94.000000
7574.973470 95.000000
7581.973440 95.000000
7587.973440 96.000000
7589.973440 96.000000
7595.973440 95.000000
7602.973440 96.000000
7603.973470 95.000000
7608.973470 95.000000
7615.973440 94.000000
7618.973470 94.000000
7624.973470 96.000000
7632.973470 93.000000
7633.973440 94.000000
7640.973440 95.000000
7645.973440 95.000000
7651.973440 94.000000
7654.973470 95.000000
7659.973440 95.000000
7665.973440 93.000000
7672.973440 92.000000
7677.973440 89.000000
7679.973440 90.000000
7683.973440 92.000000
7692.973440 94.000000
7696.973440 94.000000
7701.973440 93.000000
7706.973440 93.000000
7708.973440 94.000000
7716.973440 93.000000
7719.973440 93.000000
7727.973470 93.000000
7731.973440 94.000000
7736.973440 93.000000
7739.973470 93.000000
7747.973470 95.000000
7750.973470 94.000000
7756.973470 94.000000
7758.973440 94.000000
7764.973440 94.000000
7768.973440 97.000000
7777.973440 85.000000
7781.973470 88.000000
7785.973440 90.000000
7789.973440 91.000000
7794.973440 93.000000
7801.973440 95.000000
7806.973470 93.000000
7812.973470 93.000000
7814.973440 93.000000
7821.973440 95.000000
7823.973440 96.000000
7830.973470 94.000000
7837.973440 94.000000
7840.973440 94.000000
7847.973440 93.000000
7849.973440 94.000000
7853.973470 94.000000
7858.973440 95.000000
7867.973440 94.000000
7868.973470 94.000000
7875.973440 95.000000
7879.973440 92.000000
7884.973440 91.000000
7888.973440 91.000000
7896.973470 95.000000
7902.973440 91.000000
7905.973440 92.000000
7912.973440 93.000000
7914.973470 94.000000
7922.973440 96.000000
7925.973440 97.000000
7928.973440 98.000000
7937.973440 90.000000
7939.973470 91.000000
7945.973440 96.000000
7952.973470 90.000000
7956.973470 91.000000
7958.973470 91.000000
7964.973440 96.000000
7971.973440 89.000000
7974.973440 91.000000
7980.973440 93.000000
7984.973470 94.000000
7988.973440 94.000000
7995.973440 95.000000
8002.973440 96.000000
8003.973440 96.000000
8010.973440 92.000000
8014.973440 91.000000
8020.973440 93.000000
8026.973440 94.000000
8031.973440 94.000000
8035.973470 94.000000
8041.973470 94.000000
8047.973440 94.000000
8051.973440 93.000000
8054.973470 94.000000
8062.973440 95.000000
8066.973440 94.000000
8069.973440 94.000000
8077.973440 96.000000
8079.973440 94.000000
8086.973440 94.000000
8092.973470 99.000000
8094.973440 99.000000
8100.973440 98.000000
8103.973440 98.000000
8108.973440 97.000000
8116.973440 98.000000
8119.973440 96.000000
8124.973440 94.000000
8130.973470 97.000000
8133.973440 96.000000
8140.973470 94.000000
8143.973440 94.000000
8151.973440 98.000000
8156.973440 96.000000
8158.973440 96.000000
8166.973470 104.000000
8170.973440 105.000000
8176.973470 110.000000
8178.973440 110.000000
8186.973440 99.000000
8188.973470 99.000000
8197.973470 106.000000
8198.973440 105.000000
8207.973470 89.000000
8210.973440 90.000000
8213.973440 92.000000
8219.973470 96.000000
8227.973470 88.000000
8228.973440 89.000000
8233.973440 93.000000
8240.973440 86.000000
8246.973440 90.000000
8249.973440 91.000000
8255.973470 96.000000
8262.973440 89.000000
8266.973440 91.000000
8272.973440 91.000000
8273.973440 92.000000
8282.973470 92.000000
8284.973470 93.000000
8291.973440 97.000000
8293.973440 96.000000
8300.973440 89.000000
8307.973440 92.000000
8309.973470 92.000000
8317.973440 93.000000
8319.973440 93.000000
8324.973440 95.000000
8332.973470 88.000000
8336.973440 90.000000
8342.973470 91.000000
8343.973440 91.000000
8349.973440 92.000000
8355.973470 93.000000
8361.973470 97.000000
8364.973440 95.000000
8369.973440 94.000000
8374.973470 91.000000
8380.973470 93.000000
8384.973440 93.000000
8388.973440 93.000000
8393.973440 94.000000
8402.973440 89.000000
8404.973440 90.000000
8408.973470 91.000000
8416.973440 95.000000
8422.973440 88.000000
8426.973440 90.000000
8428.973470 91.000000
8434.973440 95.000000
8441.973440 87.000000
8444.973440 90.000000
8452.973440 92.000000
8455.973440 92.000000
8461.973470 93.000000
8466.973440 92.000000
8469.973440 93.000000
8476.973470 93.000000
8478.973470 94.000000
8487.973440 94.000000
8489.973440 94.000000
8494.973470 94.000000
8502.973440 94.000000
8506.973470 93.000000
8508.973470 94.000000
8517.973440 94.000000
8518.973440 94.000000
8523.973440 93.000000
8528.973440 94.000000
8537.973470 94.000000
8539.973470 94.000000
8547.973440 95.000000
8549.973470 93.000000
8553.973470 92.000000
8559.973440 94.000000
8566.973440 86.000000
8572.973440 89.000000
8576.973470 91.000000
8579.973470 93.000000
8587.973440 93.000000
8590.973440 93.000000
8595.973470 93.000000
8598.973440 92.000000
8607.973440 94.000000
8611.973470 94.000000
8614.973440 94.000000
8622.973440 93.000000
8624.973470 93.000000
8632.973440 93.000000
8635.973440 93.000000
8642.973470 94.000000
8647.973440 94.000000
8648.973440 94.000000
8653.973440 95.000000
8662.973440 95.000000
8666.973440 94.000000
8672.973440 94.000000
8677.973440 93.000000
8682.973440 93.000000
8686.973470 94.000000
8692.973470 94.000000
8697.973440 94.000000
8700.973470 94.000000
8703.973440 93.000000
8709.973440 94.000000
8713.973440 94.000000
8718.973470 92.000000
8726.973440 94.000000
8729.973440 93.000000
8735.973470 93.000000
8739.973440 94.000000
8743.973440 95.000000
8748.973440 95.000000
8754.973440 94.000000
8760.973470 95.000000
8767.973440 95.000000
8769.973440 94.000000
8776.973470 94.000000
8778.973440 95.000000
8787.973440 94.000000
8788.973440 93.000000
8795.973440 93.000000
8801.973440 94.000000
8805.973440 91.000000
8809.973470 91.000000
8813.973440 92.000000
8819.973440 92.000000
8825.973470 94.000000
8829.973440 94.000000
8833.973470 94.000000
8838.973440 94.000000
8846.973440 94.000000
8848.973440 93.000000
8854.973440 93.000000
8861.973440 94.000000
8865.973470 94.000000
8871.973470 94.000000
8876.973470 94.000000
8878.973440 95.000000
8886.973470 93.000000
8891.973440 94.000000
8894.973440 95.000000
8899.973440 94.000000
8904.973440 94.000000
8908.973440 94.000000
8917.973470 96.000000
8921.973470 96.000000
8923.973440 96.000000
8928.973470 95.000000
8937.973440 93.000000
8940.973440 94.000000
8943.973440 95.000000
8950.973440 98.000000
8954.973470 96.000000
8959.973440 93.000000
8966.973440 97.000000
8968.973470 99.000000
8977.973470 109.000000
8982.973440 106.000000
8983.973440 105.000000
8989.973440 99.000000
8995.973440 97.000000
9000.973440 99.000000
9007.973440 91.000000
9010.973440 92.000000
9015.973470 89.000000
9018.973470 88.000000
9027.973440 92.000000
9030.973440 92.000000
9037.973440 96.000000
9038.973440 95.000000
9047.973470 89.000000
9048.973440 90.000000
9057.973440 94.000000
9059.973440 94.000000
9067.973440 89.000000
9069.973440 90.000000
9073.973440 92.000000
9080.972410 97.000000
9084.972410 101.000000
9091.972410 107.000000
9095.972380 108.000000
9098.972380 105.000000
9107.972380 93.000000
9109.972380 94.000000
9117.972380 93.000000
9121.972410 91.000000
9125.972410 91.000000
9128.972380 90.000000
9134.972380 89.000000
9140.972410 92.000000
9147.972380 88.000000
9152.972380 91.000000
9157.972380 92.000000
9159.972380 92.000000
9164.972380 94.000000
9172.972380 87.000000
9173.972410 88.000000
9182.972380 90.000000
9185.972380 90.000000
9189.972380 92.000000
9194.972380 93.000000
9202.972380 91.000000
9206.972380 89.000000
9208.972380 90.000000
9213.972380 95.000000
9222.972380 87.000000
9225.972380 89.000000
9230.972380 90.000000
9237.972380 88.000000
9240.972380 89.000000
9247.972380 91.000000
9250.972380 90.000000
9253.972380 91.000000
9260.972380 92.000000
9266.972380 92.000000
9269.972380 92.000000
9274.972380 91.000000
9280.972380 91.000000
9283.972380 89.000000
9288.972410 86.000000
9297.972410 88.000000
9302.972410 87.000000
9307.972410 90.000000
9310.972410 91.000000
9313.972380 91.000000
9321.972380 91.000000
9327.972410 91.000000
9331.972410 90.000000
9333.972410 91.000000
9340.972380 92.000000
9344.972380 92.000000
9350.972410 91.000000
9356.972410 90.000000
9360.972380 93.000000
9366.972380 94.000000
9372.972380 96.000000
9375.972410 94.000000
9382.972380 93.000000
9386.972380 93.000000
9389.972380 93.000000
9397.972410 89.000000
9398.972380 90.000000
9407.972410 96.000000
9408.972380 96.000000
9417.972380 97.000000
9418.972380 97.000000
9425.972410 96.000000
9430.972380 96.000000
9434.972410 96.000000
9442.972380 97.000000
9443.972410 96.000000
9452.972410 89.000000
9453.972410 90.000000
9461.972380 95.000000
9467.972380 97.000000
9472.972380 96.000000
9474.972380 94.000000
9482.972380 89.000000
9485.972380 91.000000
9491.972410 94.000000
9494.972380 94.000000
9501.972380 93.000000
9505.972380 93.000000
9509.972380 94.000000
9514.972410 97.000000
9522.972410 99.000000
9523.972380 98.000000
9532.972410 86.000000
9537.972380 85.000000
9541.972410 86.000000
9543.972410 87.000000
9548.972380 91.000000
9557.972410 94.000000
9562.972410 91.000000
9564.972380 91.000000
9569.972380 93.000000
9575.972410 94.000000
9582.972380 94.000000
9583.972380 94.000000
9588.972380 94.000000
9597.972380 90.000000
9598.972380 91.000000
9606.972380 92.000000
9609.972380 90.000000
9616.972380 93.000000
9622.972380 93.000000
9627.972410 91.000000
9632.972380 89.000000
9633.972380 90.000000
9638.972380 91.000000
9646.972380 93.000000
9650.972410 92.000000
9654.972410 94.000000
9660.972380 95.000000
9663.972410 95.000000
9671.972380 90.000000
9674.972380 90.000000
9679.972380 92.000000
9687.972380 89.000000
9689.972380 90.000000
9693.972410 93.000000
9702.972380 98.000000
9703.972410 98.000000
9709.972380 94.000000
9717.972380 89.000000
9718.972410 89.000000
9724.972380 86.000000
9730.972380 89.000000
9735.972380 92.000000
9742.972380 91.000000
9745.972380 91.000000
9751.972380 94.000000
9756.972380 95.000000
9759.972380 93.000000
9766.972410 87.000000
9772.972380 89.000000
9774.972380 89.000000
9780.972380 91.000000
9783.972410 92.000000
9791.972410 95.000000
9795.972380 93.000000
9802.972410 96.000000
9805.972380 97.000000
9808.972380 98.000000
9814.972380 99.000000
9821.972410 89.000000
9827.972410 88.000000
9828.972380 89.000000
9836.972380 87.000000
9838.972380 87.000000
9847.972380 94.000000
9849.972380 92.000000
9853.972380 92.000000
9858.972410 93.000000
9867.972380 86.000000
9868.972380 86.000000
9873.972410 89.000000
9882.972380 90.000000
9885.972380 91.000000
9889.972380 92.000000
9897.972380 89.000000
9901.972380 90.000000
9903.972410 89.000000
9911.972380 87.000000
9913.972410 88.000000
9920.972410 91.000000
9923.972410 90.000000
9931.972380 89.000000
9936.972410 89.000000
9939.972380 91.000000
9947.972410 93.000000
9952.972410 93.000000
9953.972380 93.000000
9958.972410 96.000000
9965.972380 98.000000
9970.972380 90.000000
9976.972380 85.000000
9981.972410 87.000000
9983.972380 88.000000
9992.972410 84.000000
9994.972380 85.000000
10001.972410 90.000000
10005.972380 90.000000
10009.972410 89.000000
10017.972380 88.000000
10019.972380 89.000000
10025.972410 89.000000
10031.972380 85.000000
10034.972380 86.000000
10039.972380 88.000000
10046.972380 91.000000
10049.972380 90.000000
10054.972380 90.000000
10061.972380 91.000000
10066.972380 91.000000
10069.972410 92.000000
10075.972380 92.000000
10082.972380 93.000000
10083.972410 93.000000
10092.972380 87.000000
10096.972380 88.000000
10102.972410 90.000000
10105.972380 91.000000
10110.972380 92.000000
10117.972410 91.000000
10118.972410 91.000000
10123.972380 91.000000
10131.972380 85.000000
10137.972410 90.000000
10140.972380 91.000000
10145.972410 93.000000
10152.972410 91.000000
10157.972410 89.000000
10161.972410 90.000000
10166.972380 91.000000
10168.972380 92.000000
10177.972410 93.000000
10182.972380 86.000000
10187.972380 86.000000
10189.972410 86.000000
10196.972410 91.000000
10199.972380 91.000000
10203.972410 92.000000
10210.972380 94.000000
10213.972380 91.000000
10222.972410 86.000000
10223.972380 86.000000
10230.972410 86.000000
10233.972410 85.000000
10239.972410 83.000000
10245.972410 86.000000
10248.972410 86.000000
10254.972410 89.000000
10260.972380 86.000000
10264.972410 88.000000
10269.972410 88.000000
10277.972380 93.000000
10280.972380 91.000000
10283.972410 90.000000
10292.972380 92.000000
10297.972410 92.000000
10298.972410 91.000000
10307.972380 86.000000
10309.972380 85.000000
10314.972380 83.000000
10318.972380 88.000000
10327.972380 93.000000
10330.972380 92.000000
10337.972410 92.000000
10338.972380 93.000000
10344.972410 96.000000
10352.972380 85.000000
10356.972410 86.000000
10360.972380 84.000000
10363.972380 85.000000
10372.972410 89.000000
10377.972380 87.000000
10382.972380 86.000000
10383.972410 86.000000
10389.972410 84.000000
10396.972380 84.000000
10398.972380 85.000000
10405.972410 89.000000
10410.972410 92.000000
10417.972410 93.000000
10421.972380 94.000000
10423.972380 93.000000
10432.972380 85.000000
10434.972380 87.000000
10439.972410 92.000000
10447.972380 88.000000
10451.972380 89.000000
10457.972380 89.000000
10459.972410 90.000000
10463.972410 91.000000
10470.972380 88.000000
10473.972380 88.000000
10478.972410 90.000000
10487.972410 91.000000
10492.972380 89.000000
10497.972380 90.000000
10498.972380 90.000000
10504.972410 92.000000
10512.972380 86.000000
10517.972410 89.000000
10521.972380 87.000000
10524.972410 88.000000
10532.972380 89.000000
10535.972410 90.000000
10540.972410 91.000000
10545.972380 91.000000
10548.972410 91.000000
10557.972380 90.000000
10562.972380 90.000000
10565.972410 91.000000
10570.972410 91.000000
10573.972380 91.000000
10582.972410 90.000000
10585.972410 90.000000
10590.972380 88.000000
10597.972380 84.000000
10599.972380 85.000000
10606.972380 90.000000
10609.972410 90.000000
10616.972380 87.000000
10618.972380 88.000000
10627.972380 91.000000
10628.972380 91.000000
10633.972380 94.000000
10642.972410 87.000000
10647.972380 89.000000
10650.972380 89.000000
10653.972410 90.000000
10662.972380 82.000000
10667.972380 85.000000
10672.972410 88.000000
10677.972380 89.000000
10682.972410 88.000000
10685.972380 90.000000
10688.972380 91.000000
10694.972380 91.000000
10698.972380 89.000000
10706.972380 89.000000
10709.972380 90.000000
10714.972380 93.000000
10720.972410 90.000000
10727.972380 90.000000
10728.972410 90.000000
10733.972410 95.000000
10742.972380 86.000000
10744.972380 88.000000
10748.972380 92.000000
10757.972380 105.000000
10758.972410 104.000000
10767.972380 92.000000
10770.972410 92.000000
10775.972410 93.000000
10778.972380 94.000000
10786.972380 105.000000
10788.972380 104.000000
10797.972380 85.000000
10802.972380 87.000000
10806.972410 88.000000
10811.972380 87.000000
10816.972380 88.000000
10819.972410 88.000000
10823.972380 90.000000
10830.972380 88.000000
10835.972380 90.000000
10841.972410 91.000000
10845.972380 91.000000
10849.972380 90.000000
10853.972410 91.000000
10858.972380 95.000000
10867.972410 85.000000
10872.972380 87.000000
10874.972380 86.000000
10878.972380 87.000000
10887.972380 90.000000
10892.972380 90.000000
10896.972410 90.000000
10902.972380 90.000000
10905.972380 90.000000
10912.972380 90.000000
10915.972380 90.000000
10922.972380 90.000000
10923.972380 90.000000
10931.972410 90.000000
10934.972410 90.000000
10942.972410 89.000000
10944.972410 90.000000
10952.972380 90.000000
10956.972410 91.000000
10960.972380 90.000000
10964.972410 90.000000
10971.972380 90.000000
10975.972380 90.000000
10981.972380 90.000000
10984.972410 90.000000
10991.972380 90.000000
10993.972410 90.000000
10999.972410 91.000000
11007.972380 92.000000
11012.972380 92.000000
11015.972410 91.000000
11019.972380 89.000000
11023.972380 89.000000
11029.972380 90.000000
11033.972410 90.000000
11041.972380 90.000000
11045.972410 90.000000
11050.972410 90.000000
11057.972380 86.000000
11060.972380 87.000000
11067.972380 89.000000
11068.972380 89.000000
11076.972410 89.000000
11078.972410 89.000000
11086.972380 90.000000
11089.972410 91.000000
11097.972410 86.000000
11101.972380 87.000000
11105.972410 87.000000
11111.972380 88.000000
11115.972380 90.000000
11119.972410 91.000000
11126.972380 91.000000
11130.972380 90.000000
11134.972410 90.000000
11142.972380 90.000000
11146.972380 91.000000
11152.972380 91.000000
11153.972410 91.000000
11160.972410 91.000000
11163.972380 91.000000
11170.972380 92.000000
11175.972380 94.000000
11179.972380 91.000000
11185.972380 88.000000
11188.972380 91.000000
11195.972410 91.000000
11200.972380 93.000000
11207.972380 84.000000
11211.972410 86.000000
11217.972380 88.000000
11222.972380 87.000000
11224.972410 88.000000
11232.972410 90.000000
11235.972410 90.000000
11238.972380 90.000000
11247.972380 106.000000
11252.972380 110.000000
11257.972410 112.000000
11258.972380 111.000000
11264.972410 106.000000
11269.972380 99.000000
11277.972380 89.000000
11282.972380 89.000000
11283.972380 89.000000
11292.972380 83.000000
11296.972380 86.000000
11299.972380 87.000000
11304.972410 87.000000
11311.972380 88.000000
11317.972410 85.000000
11318.972410 86.000000
11326.972380 88.000000
11329.972380 89.000000
11337.972380 89.000000
11339.972380 91.000000
11346.972380 95.000000
11348.972380 93.000000
11357.972380 86.000000
11362.972380 89.000000
11367.972380 89.000000
11368.972380 90.000000
11377.972410 96.000000
11378.972380 96.000000
11387.972380 84.000000
11391.972380 87.000000
11395.972410 87.000000
11402.972380 87.000000
11406.972380 87.000000
11410.972410 88.000000
11416.972380 89.000000
11419.972410 90.000000
11425.972410 91.000000
11430.972380 90.000000
11437.972380 91.000000
11440.972410 89.000000
11444.972380 89.000000
11448.972410 91.000000
11455.972380 87.000000
11462.972380 87.000000
11466.972380 87.000000
11468.972410 87.000000
11476.972380 89.000000
11478.972410 91.000000
11487.972410 103.000000
11492.972380 106.000000
11496.972410 104.000000
11502.972380 103.000000
11506.972410 104.000000
11509.972380 106.000000
11513.972410 105.000000
11522.972380 90.000000
11526.972410 90.000000
11530.972410 88.000000
11537.972380 87.000000
11541.972380 87.000000
11547.972410 85.000000
11550.972380 86.000000
11553.972380 86.000000
11559.972410 88.000000
11564.972410 88.000000
11569.972410 87.000000
11577.972380 85.000000
11579.972380 86.000000
11587.972380 89.000000
11590.972410 88.000000
11595.972380 88.000000
11601.972380 90.000000
11603.972410 90.000000
11612.972410 89.000000
11614.972380 89.000000
11621.972410 90.000000
11626.972380 90.000000
11628.972380 90.000000
11637.972380 90.000000
11639.972380 90.000000
11643.972410 90.000000
11652.972410 86.000000
11657.972380 86.000000
11660.972410 86.000000
11663.972380 88.000000
11672.972380 88.000000
11674.972380 88.000000
11680.972410 88.000000
11686.972380 88.000000
11691.972410 88.000000
11696.972380 90.000000
11701.972380 91.000000
11703.972380 90.000000
11712.972380 89.000000
11716.972380 90.000000
11721.972410 89.000000
11727.972380 90.000000
11730.972380 90.000000
11735.972410 87.000000
11740.972410 87.000000
11745.972380 88.000000
11751.972380 88.000000
11753.972380 88.000000
11760.972380 85.000000
11763.972380 86.000000
11771.972410 88.000000
11777.972380 86.000000
11780.972380 86.000000
11785.972380 89.000000
11789.972380 89.000000
11797.972380 89.000000
11800.972380 89.000000
11805.972410 89.000000
11810.972380 88.000000
11813.972380 88.000000
11818.972380 88.000000
11824.972380 88.000000
11828.972410 89.000000
11834.972410 87.000000
11839.972380 87.000000
11843.972380 88.000000
11851.972380 90.000000
11853.972380 90.000000
11859.972410 89.000000
11867.972380 87.000000
11869.972380 88.000000
11877.972380 87.000000
11878.972380 87.000000
11883.972410 88.000000
11888.972380 89.000000
11896.972380 89.000000
11901.972380 87.000000
11906.972380 87.000000
11908.972380 87.000000
11917.972380 88.000000
11919.972410 88.000000
11927.972380 88.000000
11930.972380 88.000000
11935.972380 88.000000
11942.972380 88.000000
11945.972380 88.000000
11949.972410 88.000000
11955.972380 88.000000
11959.972380 88.000000
11964.972380 88.000000
11971.972380 88.000000
11973.972380 88.000000
11981.972410 87.000000
11986.972380 87.000000
11990.972380 87.000000
11993.972380 88.000000
12002.972380 88.000000
12003.972380 88.000000
12012.972380 87.000000
12017.972380 88.000000
12018.972410 87.000000
12024.972410 86.000000
12028.972410 87.000000
12033.972380 88.000000
12042.972380 87.000000
12043.972380 86.000000
12049.972380 85.000000
12057.972410 88.000000
12061.972380 88.000000
12067.972410 87.000000
12070.972380 88.000000
12074.972380 89.000000
12078.972380 88.000000
12087.972380 86.000000
12089.972380 87.000000
12093.972380 88.000000
12102.972410 88.000000
12104.972380 88.000000
12111.972380 87.000000
12117.972410 87.000000
12122.972380 87.000000
12127.972380 86.000000
12132.972410 85.000000
12133.972410 86.000000
12138.972380 87.000000
12143.972380 88.000000
12151.972380 88.000000
12153.972380 88.000000
12162.972380 86.000000
12167.972380 86.000000
12170.972380 87.000000
12173.972410 87.000000
12181.972380 88.000000
12184.972380 88.000000
12191.972410 87.000000
12193.972410 88.000000
12201.972380 88.000000
12205.972380 88.000000
12208.972380 88.000000
12217.972410 88.000000
12220.972380 88.000000
12226.972380 87.000000
12232.972410 87.000000
12234.972380 88.000000
12239.972380 89.000000
12243.972380 89.000000
12252.972380 86.000000
12255.972380 86.000000
12260.972410 87.000000
12263.972410 88.000000
12272.972380 82.000000
12275.972380 84.000000
12282.972380 85.000000
12286.972380 86.000000
12289.972410 86.000000
12294.972410 87.000000
12300.972380 86.000000
12303.972380 85.000000
12310.972380 87.000000
12315.972380 88.000000
12322.972380 86.000000
12323.972380 86.000000
12332.972380 87.000000
12334.972380 87.000000
12339.972410 87.000000
12343.972380 87.000000
12351.972380 88.000000
12354.972410 88.000000
12362.972380 86.000000
12364.972380 87.000000
12372.972410 87.000000
12373.972380 87.000000
12382.972410 86.000000
12383.972380 87.000000
12390.972380 87.000000
12396.972410 86.000000
12398.972410 87.000000
12404.972380 88.000000
12412.972380 87.000000
12415.972410 87.000000
12420.972380 87.000000
12425.972380 87.000000
12432.972380 85.000000
12434.972410 86.000000
12438.972380 86.000000
12445.972410 86.000000
12448.972380 86.000000
12457.972380 87.000000
12460.972380 87.000000
12464.972380 87.000000
12469.972380 88.000000
12476.972410 87.000000
