1.204500 69.000000
5.204470 66.000000
9.204470 62.000000
18.204470 57.000000
22.204470 58.000000
28.204470 61.000000
32.204500 61.000000
35.204470 60.000000
40.204470 58.000000
45.204470 58.000000
49.204500 61.000000
54.204470 68.000000
63.204500 74.000000
65.204500 75.000000
71.204500 76.000000
78.204500 83.000000
82.204500 83.000000
86.204470 82.000000
89.204470 83.000000
94.204500 80.000000
103.204470 76.000000
105.204500 76.000000
112.204500 81.000000
118.204470 81.000000
119.204470 81.000000
126.204470 79.000000
129.204500 80.000000
134.204470 83.000000
143.204470 87.000000
145.204470 86.000000
153.204500 89.000000
157.204470 86.000000
163.204470 81.000000
165.204470 80.000000
173.204470 75.000000
178.204500 73.000000
183.204470 71.000000
188.204500 71.000000
193.204470 70.000000
194.204470 69.000000
203.204470 67.000000
205.204470 66.000000
213.204470 65.000000
218.204470 64.000000
219.204470 63.000000
228.204500 63.000000
229.204470 63.000000
238.204470 59.000000
242.204470 59.000000
246.204470 60.000000
251.204500 61.000000
256.204470 61.000000
263.204500 59.000000
266.204470 59.000000
272.204470 59.000000
274.204470 60.000000
279.204500 60.000000
285.204470 60.000000
289.204470 60.000000
298.204500 63.000000
301.204500 63.000000
308.204470 61.000000
309.204470 61.000000
314.204500 62.000000
323.204470 62.000000
328.204470 62.000000
333.204470 63.000000
334.204470 62.000000
342.204500 62.000000
344.204470 62.000000
350.204470 61.000000
354.204470 59.000000
362.204500 59.000000
366.204470 59.000000
371.204470 59.000000
374.204500 59.000000
382.204470 60.000000
386.204470 60.000000
392.204500 61.000000
395.204470 60.000000
399.204470 59.000000
408.204500 60.000000
413.204470 61.000000
417.204470 61.000000
422.204500 61.000000
428.204470 60.000000
431.204470 60.000000
438.204470 60.000000
439.204470 60.000000
447.204470 60.000000
450.204470 60.000000
456.204470 59.000000
462.204470 59.000000
464.204500 59.000000
470.204500 60.000000
475.204500 60.000000
479.204500 62.000000
487.204500 66.000000
489.204470 63.000000
498.204470 59.000000
503.204500 59.000000
506.204470 59.000000
509.204500 59.000000
517.204470 60.000000
521.204470 60.000000
528.204470 59.000000
532.204500 59.000000
535.204470 59.000000
541.204470 59.000000
544.204470 59.000000
552.204500 59.000000
556.204470 59.000000
560.204470 59.000000
566.204470 60.000000
571.204470 59.000000
574.204470 60.000000
583.204500 61.000000
584.204470 61.000000
590.204470 61.000000
598.204500 61.000000
599.204470 61.000000
608.204500 60.000000
609.204500 60.000000
615.204500 62.000000
622.204470 63.000000
624.204500 63.000000
633.204470 59.000000
635.204470 60.000000
640.204470 60.000000
647.204470 60.000000
651.204470 60.000000
657.204500 61.000000
661.204470 61.000000
666.204470 60.000000
672.204470 59.000000
678.204470 59.000000
681.204470 59.000000
684.204470 58.000000
693.204470 57.000000
697.204470 58.000000
702.204500 59.000000
708.204470 59.000000
711.204470 59.000000
714.204470 59.000000
723.204470 60.000000
726.204470 60.000000
729.204470 60.000000
735.204470 60.000000
741.204470 59.000000
748.204500 59.000000
750.204470 59.000000
754.204470 59.000000
763.204500 63.000000
764.204500 63.000000
772.204470 58.000000
778.204470 57.000000
782.204470 58.000000
786.204500 59.000000
793.204470 60.000000
798.204470 59.000000
803.204500 59.000000
807.204470 59.000000
809.204500 59.000000
816.204500 59.000000
819.204500 59.000000
828.204470 59.000000
831.204500 59.000000
835.204470 59.000000
839.204470 59.000000
848.204470 60.000000
849.204470 60.000000
858.204500 59.000000
860.204500 59.000000
868.204470 59.000000
871.204470 59.000000
874.204470 59.000000
879.204470 60.000000
884.204470 63.000000
893.204470 71.000000
894.204500 71.000000
903.204500 61.000000
908.204500 59.000000
913.204470 59.000000
916.204470 59.000000
922.204500 59.000000
926.204470 59.000000
933.204470 57.000000
938.204500 56.000000
942.204470 57.000000
944.204470 57.000000
952.204500 58.000000
955.204500 58.000000
961.204470 58.000000
967.204500 58.000000
973.204470 59.000000
976.204470 59.000000
979.204470 59.000000
984.204500 59.000000
990.204470 59.000000
997.204500 59.000000
1001.204500 59.000000
1004.204470 59.000000
1011.204500 59.000000
1018.204500 59.000000
1019.204500 59.000000
1027.204500 59.000000
1031.204470 59.000000
1037.204470 59.000000
1040.204500 59.000000
1046.204500 59.000000
1053.204470 59.000000
1054.204470 59.000000
1063.204500 60.000000
1064.204470 60.000000
1070.204470 58.000000
1077.204470 58.000000
1083.204470 59.000000
1084.204470 59.000000
1093.204470 58.000000
1095.204470 58.000000
1099.204470 59.000000
1108.204470 59.000000
1113.204470 59.000000
1116.204470 59.000000
1121.204500 58.000000
1124.204500 58.000000
1133.204470 58.000000
1134.204470 58.000000
1140.204500 58.000000
1146.204470 58.000000
1150.204500 59.000000
1156.204470 59.000000
1160.204470 59.000000
1168.204470 60.000000
1169.204470 59.000000
1174.204470 58.000000
1181.204470 58.000000
1188.204500 58.000000
1192.204470 58.000000
1197.204470 59.000000
1202.204500 60.000000
1204.204470 60.000000
1213.204470 56.000000
1218.204500 56.000000
1220.204470 56.000000
1228.204500 57.000000
1229.204470 57.000000
1237.204470 59.000000
1243.204470 59.000000
1246.204500 59.000000
1249.204500 58.000000
1256.204500 58.000000
1259.204470 58.000000
1266.204470 59.000000
1269.204470 58.000000
1276.204470 58.000000
1280.204470 58.000000
1288.204470 58.000000
1290.204470 59.000000
1297.204470 58.000000
1300.204500 58.000000
1307.204470 59.000000
1310.204470 59.000000
1318.204470 56.000000
1323.204470 56.000000
1324.204500 56.000000
1332.204470 59.000000
1337.204470 59.000000
1340.204470 58.000000
1348.204470 58.000000
1352.204470 59.000000
1354.204500 59.000000
1359.204470 58.000000
1368.204470 57.000000
1372.204500 57.000000
1374.204470 57.000000
1381.204470 58.000000
1387.204500 59.000000
1393.204470 59.000000
1398.204470 59.000000
1400.204470 59.000000
1404.204500 59.000000
1412.204470 58.000000
1418.204470 58.000000
1419.204500 58.000000
1428.204470 60.000000
1431.204470 59.000000
1438.204500 57.000000
1443.204470 57.000000
1445.204470 57.000000
1453.204470 59.000000
1454.204470 59.000000
1463.204500 60.000000
1467.204470 60.000000
1473.204470 59.000000
1474.204470 59.000000
1483.204500 60.000000
1484.204470 59.000000
1489.204470 58.000000
1498.204470 57.000000
1501.204500 57.000000
1508.204470 58.000000
1511.204470 59.000000
1517.204470 59.000000
1523.204470 59.000000
1526.204500 59.000000
1529.204500 59.000000
1538.204500 59.000000
1541.204470 59.000000
1548.204470 60.000000
1552.204470 59.000000
1556.204500 59.000000
1560.204500 58.000000
1567.204470 58.000000
1570.204470 57.000000
1575.204470 57.000000
1583.204470 58.000000
1588.204470 59.000000
1589.204500 59.000000
1596.204470 58.000000
1601.204470 58.000000
1608.204470 59.000000
1610.204500 59.000000
1617.204470 59.000000
1621.204500 58.000000
1628.204470 57.000000
1632.204500 57.000000
1638.204470 57.000000
1643.204500 57.000000
1648.204500 57.000000
1653.204500 57.000000
1658.204470 58.000000
1661.204470 57.000000
1668.204500 57.000000
1672.204470 57.000000
1677.204470 59.000000
1683.204500 59.000000
1685.203290 59.000000
1689.203320 58.000000
1698.203290 57.000000
1700.203290 57.000000
1708.203290 59.000000
1713.203290 59.000000
1715.203320 59.000000
1722.203290 59.000000
1727.203320 59.000000
1730.203320 59.000000
1738.203290 58.000000
1739.203290 57.000000
1746.203290 59.000000
1753.203290 59.000000
1758.203320 59.000000
1759.203320 59.000000
1766.203290 59.000000
1770.203320 59.000000
1777.203290 59.000000
1780.203320 59.000000
1788.203290 59.000000
1790.203320 59.000000
1797.203290 59.000000
1803.203320 59.000000
1805.203320 59.000000
1811.203290 59.000000
1814.203320 60.000000
1821.203320 60.000000
1824.203320 60.000000
1832.203290 60.000000
1835.203290 60.000000
1843.203290 60.000000
1846.203290 60.000000
1849.203290 60.000000
1857.203290 60.000000
1863.203290 60.000000
1866.203290 60.000000
1872.203290 59.000000
1876.203290 59.000000
1882.203290 60.000000
1884.203320 60.000000
1889.203320 63.000000
1898.203320 74.000000
1900.203320 73.000000
1908.203320 64.000000
1911.203290 63.000000
1917.203320 70.000000
1919.203320 70.000000
1928.203290 59.000000
1933.203290 57.000000
1938.203290 59.000000
1942.203290 59.000000
1944.203320 58.000000
1953.203290 57.000000
1958.203290 57.000000
1960.203320 57.000000
1965.203290 57.000000
1971.203290 59.000000
1978.203290 60.000000
1980.203290 60.000000
1988.203320 59.000000
1993.203320 59.000000
1995.203320 59.000000
1999.203320 60.000000
2008.203290 59.000000
2011.203290 59.000000
2014.203320 60.000000
2020.203290 61.000000
2028.203290 61.000000
2031.203290 60.000000
2034.203320 60.000000
2042.203320 61.000000
2044.203290 61.000000
2050.203290 60.000000
2058.203320 60.000000
2059.203320 60.000000
2068.203290 61.000000
2073.203320 61.000000
2074.203320 61.000000
2083.203320 61.000000
2087.203290 61.000000
2089.203320 61.000000
2094.203290 60.000000
2102.203290 59.000000
2104.203290 60.000000
2111.203290 61.000000
2118.203290 60.000000
2123.203290 59.000000
2126.203320 59.000000
2133.203290 59.000000
2134.203290 59.000000
2139.203290 59.000000
2147.203320 59.000000
2149.203320 59.000000
2154.203290 58.000000
2162.203290 55.000000
2166.203290 54.000000
2169.203320 55.000000
2178.203290 75.000000
2183.203320 76.000000
2188.203290 73.000000
2191.203290 74.000000
2194.203320 74.000000
2203.203290 64.000000
2204.203290 64.000000
2213.203290 75.000000
2218.203290 78.000000
2219.203290 77.000000
2228.203320 63.000000
2233.203290 62.000000
2236.203290 63.000000
2239.203320 62.000000
2248.203290 59.000000
2249.203320 59.000000
2254.203320 61.000000
2261.203290 64.000000
2268.203290 63.000000
2269.203290 63.000000
2277.203290 64.000000
2281.203320 64.000000
2284.203290 65.000000
2289.203320 68.000000
2298.203290 62.000000
2303.203290 60.000000
2308.203290 60.000000
2311.203290 60.000000
2318.203290 60.000000
2321.203290 60.000000
2327.203290 61.000000
2333.203320 61.000000
2338.203290 62.000000
2339.203290 62.000000
2344.203290 61.000000
2349.203320 63.000000
2354.203290 62.000000
2363.203290 59.000000
2368.203290 59.000000
2369.203320 60.000000
2374.203290 60.000000
2383.203290 62.000000
2384.203290 62.000000
2392.203320 61.000000
2398.203290 60.000000
2402.203320 59.000000
2408.203320 59.000000
2413.203290 60.000000
2416.203290 60.000000
2420.203290 59.000000
2424.203320 60.000000
2429.203320 60.000000
2434.203290 60.000000
2440.203320 60.000000
2445.203290 60.000000
2450.203290 60.000000
2457.203290 60.000000
2459.203320 59.000000
2468.203290 59.000000
2471.203290 59.000000
2475.203290 59.000000
2483.203320 59.000000
2488.203290 59.000000
2492.203290 59.000000
2494.203290 59.000000
2500.203320 58.000000
2506.203290 58.000000
2513.203290 59.000000
2515.203290 59.000000
2519.203290 59.000000
2527.203290 57.000000
2531.203320 58.000000
2536.203290 58.000000
2539.203290 59.000000
2548.203290 61.000000
2552.203290 60.000000
2556.203290 59.000000
2563.203320 59.000000
2564.203290 59.000000
2571.203290 59.000000
2578.203320 59.000000
2579.203290 59.000000
2588.203290 60.000000
2590.203290 59.000000
2598.203290 59.000000
2600.203290 59.000000
2605.203320 59.000000
2609.203290 59.000000
2618.203290 60.000000
2621.203290 60.000000
2628.203290 60.000000
2629.203290 60.000000
2636.203290 59.000000
2643.203290 59.000000
2647.203320 59.000000
2649.203290 59.000000
2657.203290 59.000000
2659.203290 59.000000
2664.203320 59.000000
2673.203320 57.000000
2678.203320 57.000000
2679.203290 57.000000
2688.203290 57.000000
2689.203290 57.000000
2698.203290 59.000000
2702.203290 58.000000
2708.203290 58.000000
2713.203320 59.000000
2716.203290 59.000000
2722.203320 59.000000
2728.203290 59.000000
2729.203290 59.000000
2738.203320 59.000000
2742.203320 59.000000
2748.203290 59.000000
2752.203320 59.000000
2755.203320 59.000000
2759.203290 59.000000
2765.203290 59.000000
2773.203320 60.000000
2774.203290 60.000000
2780.203290 61.000000
2785.203290 60.000000
2791.203290 59.000000
2795.203290 60.000000
2803.203320 58.000000
2805.203290 58.000000
2810.203290 58.000000
2817.203320 58.000000
2822.203290 58.000000
2825.203290 58.000000
2829.203320 59.000000
2838.203290 59.000000
2843.203320 59.000000
2844.203320 59.000000
2852.203290 60.000000
2858.203320 59.000000
2859.203290 59.000000
2864.203290 59.000000
2873.203320 59.000000
2875.203320 59.000000
2882.203290 59.000000
2887.203320 59.000000
2892.203290 60.000000
2894.203290 60.000000
2903.203320 60.000000
2904.203290 60.000000
2910.203290 60.000000
2914.203290 61.000000
2920.203290 61.000000
2927.203290 61.000000
2931.203290 61.000000
2936.203320 60.000000
2939.203320 60.000000
2948.203320 69.000000
2949.203320 69.000000
2958.203290 66.000000
2959.203290 66.000000
2966.203290 64.000000
2972.203320 63.000000
2974.203290 63.000000
2983.203290 61.000000
2986.203290 61.000000
2993.203320 59.000000
2995.203320 59.000000
3002.203320 59.000000
3007.203290 59.000000
3009.203290 59.000000
3017.203290 61.000000
3023.203290 60.000000
3026.203290 60.000000
3033.203290 62.000000
3034.203290 61.000000
3043.203290 58.000000
3047.203290 58.000000
3049.203290 59.000000
3057.203290 59.000000
3062.203290 60.000000
3064.203290 60.000000
3070.203290 61.000000
3075.203290 61.000000
3083.203290 59.000000
3085.203290 59.000000
3092.203290 59.000000
3098.203290 59.000000
3099.203320 59.000000
3104.203290 60.000000
3112.203290 61.000000
3114.203320 61.000000
3120.203290 61.000000
3128.203320 61.000000
3129.203290 61.000000
3138.203290 60.000000
3139.203290 60.000000
3148.203290 60.000000
3152.203290 60.000000
3154.203290 60.000000
3159.203320 61.000000
3166.203290 61.000000
3172.203290 61.000000
3176.203290 61.000000
3183.203290 61.000000
3187.203320 62.000000
3189.203290 62.000000
3198.203290 62.000000
3199.203290 62.000000
3208.203290 61.000000
3209.203320 62.000000
3214.203290 62.000000
3219.203320 63.000000
3228.203290 63.000000
3233.203320 64.000000
3236.203290 64.000000
3239.203290 63.000000
3247.203320 62.000000
3251.203290 62.000000
3254.203290 62.000000
3263.203290 62.000000
3264.203290 63.000000
3271.203290 63.000000
3274.203290 63.000000
3282.203290 63.000000
3288.203290 63.000000
3293.203290 63.000000
3294.203320 63.000000
3301.203290 63.000000
3307.203290 63.000000
3313.203290 63.000000
3316.203290 62.000000
3319.203290 63.000000
3327.203320 64.000000
3332.203290 64.000000
3338.203290 63.000000
3342.203320 64.000000
3344.203290 64.000000
3353.203320 64.000000
3356.203290 64.000000
3359.203290 64.000000
3367.203290 64.000000
3371.203320 64.000000
3374.203290 63.000000
3383.203290 63.000000
3385.203290 63.000000
3391.203290 64.000000
3394.203290 64.000000
3399.203320 64.000000
3407.203290 64.000000
3412.203290 64.000000
3414.203320 64.000000
3423.203290 64.000000
3424.203320 64.000000
3429.203320 65.000000
3436.203290 64.000000
3440.203290 65.000000
3444.203320 65.000000
3453.203290 64.000000
3458.203290 64.000000
3460.203320 64.000000
3467.203290 64.000000
3469.203290 64.000000
3474.203320 65.000000
3479.203290 65.000000
3488.203320 65.000000
3492.203290 64.000000
3494.203290 64.000000
3502.203290 64.000000
3505.203290 64.000000
3509.203290 64.000000
3517.203290 64.000000
3520.203290 64.000000
3528.203290 64.000000
3530.203290 64.000000
3534.203320 64.000000
3539.203290 64.000000
3544.203290 64.000000
3553.203290 62.000000
3558.203290 63.000000
3559.203290 64.000000
3568.203320 64.000000
3572.203290 64.000000
3576.203320 64.000000
3582.203290 64.000000
3586.203290 64.000000
3589.203290 64.000000
3598.203290 64.000000
3601.203320 64.000000
3604.203290 64.000000
3612.203320 64.000000
3617.203290 64.000000
3619.203290 65.000000
3627.203320 65.000000
3632.203290 65.000000
3634.203290 65.000000
3641.203320 65.000000
3647.203320 64.000000
3651.203320 64.000000
3654.203320 65.000000
3659.203290 64.000000
3668.203320 64.000000
3672.203290 64.000000
3675.203290 64.000000
3679.203290 64.000000
3686.203320 65.000000
3689.203290 65.000000
3697.203290 65.000000
3699.203320 65.000000
3708.203290 64.000000
3712.203290 64.000000
3715.203290 64.000000
3721.203290 66.000000
3724.203290 65.000000
3733.203320 62.000000
3738.203290 61.000000
3741.203290 62.000000
3748.203290 63.000000
3749.203290 63.000000
3754.203290 63.000000
3761.203290 63.000000
3767.203290 64.000000
3771.203290 64.000000
3774.203320 64.000000
3781.203290 64.000000
3784.203290 64.000000
3790.203320 64.000000
3798.203290 64.000000
3802.203320 64.000000
3805.203290 64.000000
3812.203320 64.000000
3815.203290 65.000000
3820.203290 64.000000
3827.203290 64.000000
3832.203290 64.000000
3834.203290 64.000000
3840.203320 65.000000
3845.203290 65.000000
3853.203320 64.000000
3854.203290 64.000000
3862.203290 64.000000
3868.203320 64.000000
3869.203290 64.000000
3875.203290 65.000000
3879.203320 66.000000
3885.203290 66.000000
3889.203290 66.000000
3894.203320 67.000000
3903.203320 65.000000
3908.203320 64.000000
3911.203290 64.000000
3915.203290 64.000000
3919.203290 65.000000
3927.203320 65.000000
3933.203290 64.000000
3938.203290 64.000000
3939.203290 65.000000
3944.203320 65.000000
3949.203290 65.000000
3958.203320 64.000000
3962.203290 64.000000
3965.203290 64.000000
3973.203290 65.000000
3976.203290 65.000000
3979.203320 65.000000
3986.203320 65.000000
3989.203320 65.000000
3997.203290 65.000000
4003.203290 65.000000
4008.203290 65.000000
4010.203290 65.000000
4014.203320 65.000000
4023.203290 65.000000
4026.203290 65.000000
4030.203290 65.000000
4034.203320 65.000000
4041.203290 65.000000
4046.203290 65.000000
4051.203290 65.000000
4057.203290 65.000000
4061.203290 65.000000
4068.203290 65.000000
4069.203290 65.000000
4077.203290 65.000000
4080.203320 65.000000
4087.203290 65.000000
4090.203290 65.000000
4094.203320 65.000000
4103.203290 65.000000
4107.203320 65.000000
4111.203290 65.000000
4115.203320 65.000000
4123.203320 65.000000
4125.203320 65.000000
4133.203290 64.000000
4136.203320 64.000000
4140.203320 64.000000
4148.203290 64.000000
4149.203320 64.000000
4154.203290 65.000000
4162.203290 65.000000
4168.203320 65.000000
4173.203290 65.000000
4174.203290 65.000000
4180.203290 65.000000
4184.203290 66.000000
4192.203290 65.000000
4194.203320 65.000000
4203.203290 64.000000
4206.203320 64.000000
4213.203290 64.000000
4218.203290 65.000000
4219.203290 65.000000
4225.203290 65.000000
4232.203290 65.000000
4237.203290 65.000000
4240.203290 66.000000
4248.203290 66.000000
4249.203290 65.000000
4258.203290 65.000000
4263.203290 66.000000
4264.203320 66.000000
4272.203290 66.000000
4277.203320 66.000000
4283.203290 66.000000
4284.203290 65.000000
4293.203290 65.000000
4296.203290 66.000000
4302.203290 66.000000
4304.203320 67.000000
4310.203290 67.000000
4314.203320 67.000000
4321.203290 66.000000
4328.203290 65.000000
4331.203290 65.000000
4337.203290 65.000000
4342.203290 65.000000
4344.203320 65.000000
4352.203290 66.000000
4354.203320 66.000000
4361.203290 66.000000
4367.203290 66.000000
4371.203290 66.000000
4376.203320 67.000000
4383.203320 65.000000
4384.203290 65.000000
4393.203290 65.000000
4398.203320 65.000000
4401.203290 66.000000
4406.203290 65.000000
4409.203290 66.000000
4414.203290 66.000000
4421.203290 67.000000
4424.203290 67.000000
4433.203290 65.000000
4434.203290 65.000000
4441.203320 65.000000
4444.203290 65.000000
4451.203320 65.000000
4458.203290 68.000000
4459.203290 68.000000
4468.203290 64.000000
4473.203290 64.000000
4478.203290 64.000000
4479.203320 64.000000
4484.203320 65.000000
4493.203320 64.000000
4494.203320 64.000000
4499.203320 65.000000
4506.203290 65.000000
4512.203320 65.000000
4515.203320 66.000000
4523.203320 66.000000
4524.203290 65.000000
4532.203290 65.000000
4537.203290 65.000000
4541.203320 66.000000
4547.203290 65.000000
4549.203290 66.000000
4558.203290 66.000000
4559.203320 66.000000
4566.203290 67.000000
4570.203320 67.000000
4576.203320 67.000000
4580.203320 67.000000
4586.203290 66.000000
4593.203290 65.000000
4594.203290 65.000000
4603.203290 66.000000
4607.203290 67.000000
4611.203290 67.000000
4618.203290 66.000000
4621.203290 66.000000
4628.203290 68.000000
4630.203320 68.000000
4634.203320 67.000000
4643.203290 66.000000
4644.203320 66.000000
4651.203320 69.000000
4654.203290 67.000000
4663.203290 63.000000
4664.203290 64.000000
4672.203290 64.000000
4678.203290 63.000000
4679.203320 63.000000
4686.203290 63.000000
4689.203290 63.000000
4696.203320 63.000000
4701.203320 63.000000
4708.203290 64.000000
4709.203290 65.000000
4715.203290 65.000000
4722.203290 65.000000
4724.203290 65.000000
4731.203320 66.000000
4734.203290 65.000000
4743.203290 63.000000
4748.203290 63.000000
4750.203320 64.000000
4758.203290 64.000000
4761.203320 64.000000
4764.203290 64.000000
4770.203290 64.000000
4776.203290 65.000000
4783.203320 65.000000
4787.203320 64.000000
4790.203320 64.000000
4797.203320 67.000000
4799.203290 66.000000
4808.203290 64.000000
4812.203290 64.000000
4816.203290 64.000000
4823.203290 64.000000
4825.203290 64.000000
4829.203290 65.000000
4838.203290 64.000000
4842.203320 64.000000
4847.203320 66.000000
4849.203290 66.000000
4856.203290 66.000000
4863.203290 65.000000
4865.203290 65.000000
4869.203320 65.000000
4877.203290 67.000000
4879.203290 67.000000
4888.203320 64.000000
4892.203320 64.000000
4898.203290 64.000000
4899.203320 64.000000
4905.203320 64.000000
4910.203290 64.000000
4918.203320 64.000000
4920.203290 64.000000
4924.203290 65.000000
4933.203320 65.000000
4934.203290 65.000000
4943.203290 66.000000
4947.203290 66.000000
4953.203290 64.000000
4958.203290 64.000000
4963.203320 64.000000
4964.203320 65.000000
4972.203290 67.000000
4975.203320 67.000000
4979.203320 66.000000
4988.203320 63.000000
4992.203320 64.000000
4995.203290 64.000000
5003.203320 66.000000
5004.203290 66.000000
5010.203320 65.000000
5016.203290 66.000000
5021.203320 68.000000
5024.203290 67.000000
5033.203320 63.000000
5038.203320 62.000000
5043.203320 62.000000
5045.203290 63.000000
5050.203320 62.000000
5057.203290 62.000000
5059.203290 63.000000
5068.203290 66.000000
5069.203320 66.000000
5078.203290 62.000000
5083.203290 61.000000
5088.203290 62.000000
5089.203290 62.000000
5094.203290 62.000000
5099.203290 63.000000
5104.203290 65.000000
5113.203320 62.000000
5118.203290 61.000000
5122.203290 62.000000
5128.203320 63.000000
5131.203320 63.000000
5138.203290 63.000000
5139.203320 63.000000
5147.203290 66.000000
5149.203320 65.000000
5158.203320 62.000000
5161.203320 62.000000
5165.203290 62.000000
5173.203320 66.000000
5176.203290 66.000000
5183.203290 63.000000
5188.203290 63.000000
5189.203290 63.000000
5197.203290 66.000000
5201.203320 64.000000
5208.203290 63.000000
5210.203290 63.000000
5217.203290 66.000000
5220.203320 67.000000
5228.203290 65.000000
5229.203290 65.000000
5238.203290 64.000000
5240.203290 64.000000
5245.203320 65.000000
5253.203290 63.000000
5258.203290 62.000000
5260.203320 63.000000
5264.203290 63.000000
5273.203290 64.000000
5275.203320 64.000000
5282.203320 66.000000
5284.203290 66.000000
5293.202600 62.000000
5298.202600 61.000000
5301.202600 62.000000
5306.202630 63.000000
5313.202630 63.000000
5318.202600 63.000000
5319.202600 63.000000
5327.202600 63.000000
5330.202600 63.000000
5335.202630 63.000000
5340.202600 64.000000
5345.202630 65.000000
5353.202600 63.000000
5358.202600 64.000000
5361.202600 64.000000
5366.202600 64.000000
5371.202600 64.000000
5378.202600 66.000000
5379.202600 67.000000
5388.202600 64.000000
5390.202600 64.000000
5398.202630 63.000000
5403.202600 63.000000
5407.202630 64.000000
5413.202630 64.000000
5418.202630 64.000000
5419.202600 64.000000
5424.202600 67.000000
5433.202630 75.000000
5438.202600 70.000000
5443.202630 70.000000
5445.202600 71.000000
5449.202600 70.000000
5458.202600 61.000000
5463.202600 61.000000
5465.202600 61.000000
5473.202630 59.000000
5478.202600 59.000000
5479.202600 59.000000
5486.202630 59.000000
5489.202600 60.000000
5497.202600 62.000000
5500.202630 62.000000
5506.202600 63.000000
5513.202600 61.000000
5518.202630 60.000000
5521.202600 61.000000
5526.202600 61.000000
5531.202630 62.000000
5538.202600 65.000000
5540.202600 64.000000
5545.202600 64.000000
5549.202630 64.000000
5557.202630 66.000000
5559.202600 66.000000
5568.202600 62.000000
5573.202600 62.000000
5574.202600 62.000000
5581.202600 62.000000
5588.202630 64.000000
5589.202600 65.000000
5596.202600 65.000000
5599.202600 64.000000
5608.202630 61.000000
5613.202600 62.000000
5616.202600 63.000000
5623.202630 64.000000
5627.202600 64.000000
5629.202600 63.000000
5638.202630 63.000000
5643.202630 64.000000
5647.202600 64.000000
5653.202600 64.000000
5654.202630 64.000000
5659.202630 64.000000
5664.202600 64.000000
5672.202630 64.000000
5675.202600 64.000000
5682.202600 66.000000
5687.202600 66.000000
5689.202630 66.000000
5698.202600 72.000000
5699.202600 72.000000
5708.202600 64.000000
5709.202600 64.000000
5718.202630 71.000000
5721.202600 72.000000
5724.202600 71.000000
5733.202630 62.000000
5736.202630 63.000000
5742.202600 62.000000
5748.202600 61.000000
5749.202630 61.000000
5758.202600 61.000000
5759.202630 61.000000
5764.202600 62.000000
5771.202600 63.000000
5778.202600 66.000000
5780.202600 66.000000
5788.202600 62.000000
5793.202600 61.000000
5796.202600 61.000000
5803.202630 61.000000
5807.202600 61.000000
5812.202600 61.000000
5816.202600 62.000000
5823.202600 66.000000
5825.202600 65.000000
5833.202630 62.000000
5838.202630 60.000000
5842.202600 61.000000
5846.202630 61.000000
5850.202600 62.000000
5856.202600 62.000000
5859.202600 63.000000
5868.202600 66.000000
5869.202630 66.000000
5878.202600 63.000000
5883.202600 62.000000
5887.202600 62.000000
5893.202630 63.000000
5894.202630 63.000000
5900.202600 63.000000
5904.202600 63.000000
5913.202600 62.000000
5917.202600 62.000000
5919.202600 62.000000
5924.202600 63.000000
5932.202630 66.000000
5934.202600 65.000000
5943.202630 60.000000
5948.202600 60.000000
5949.202600 61.000000
5955.202600 61.000000
5963.202630 61.000000
5967.202630 61.000000
5973.202600 61.000000
5975.202600 61.000000
5979.202600 62.000000
5987.202630 63.000000
5989.202600 63.000000
5994.202630 63.000000
6000.202630 62.000000
6008.202600 65.000000
6011.202600 66.000000
6018.202630 63.000000
6023.202600 62.000000
6024.202600 62.000000
6030.202630 63.000000
6038.202600 61.000000
6043.202630 61.000000
6047.202600 62.000000
6049.202600 62.000000
6058.202600 64.000000
6063.202600 64.000000
6064.202600 64.000000
6071.202600 63.000000
6077.202630 63.000000
6083.202600 64.000000
6084.202600 63.000000
6091.202600 63.000000
6094.202600 62.000000
6103.202600 61.000000
6105.202630 61.000000
6109.202600 62.000000
6114.202600 62.000000
6123.202630 64.000000
6127.202600 64.000000
6129.202600 64.000000
6138.202630 62.000000
6143.202600 61.000000
6148.202600 61.000000
6149.202630 62.000000
6155.202600 62.000000
6159.202600 63.000000
6167.202600 64.000000
6169.202630 64.000000
6178.202630 63.000000
6179.202600 63.000000
6187.202600 64.000000
6190.202600 64.000000
6194.202630 63.000000
6203.202600 62.000000
6205.202600 63.000000
6209.202600 63.000000
6216.202630 63.000000
6223.202600 64.000000
6225.202630 64.000000
6231.202600 63.000000
6235.202600 63.000000
6240.202600 64.000000
6245.202600 65.000000
6252.202600 66.000000
6254.202600 66.000000
6263.202630 62.000000
6267.202600 62.000000
6271.202600 62.000000
6275.202600 62.000000
6280.202600 63.000000
6288.202600 64.000000
6289.202600 64.000000
6296.202600 62.000000
6303.202600 62.000000
6304.202630 62.000000
6309.202630 63.000000
6316.202600 63.000000
6323.202600 63.000000
6327.202600 64.000000
6331.202600 64.000000
6335.202600 64.000000
6339.202600 65.000000
6344.202600 64.000000
6353.202600 62.000000
6354.202600 62.000000
6359.202630 63.000000
6368.202600 63.000000
6370.202600 63.000000
6378.202600 63.000000
6379.202630 64.000000
6387.202630 64.000000
6390.202630 64.000000
6397.202600 62.000000
6400.202600 62.000000
6408.202600 64.000000
6411.202600 64.000000
6414.202600 63.000000
6422.202600 63.000000
6426.202600 63.000000
6432.202600 63.000000
6434.202600 62.000000
6439.202600 62.000000
6444.202630 63.000000
6452.202600 64.000000
6456.202630 65.000000
6463.202600 65.000000
6464.202600 65.000000
6469.202600 64.000000
6477.202600 64.000000
6481.202630 64.000000
6484.202630 65.000000
6493.202600 64.000000
6498.202600 64.000000
6500.202630 64.000000
6508.202600 64.000000
6509.202600 64.000000
6514.202600 65.000000
6520.202600 65.000000
6528.202630 65.000000
6533.202630 65.000000
6537.202630 66.000000
6540.202600 65.000000
6545.202600 65.000000
6551.202630 65.000000
6558.202630 65.000000
6560.202600 65.000000
6568.202630 64.000000
6572.202630 64.000000
6574.202630 65.000000
6579.202600 65.000000
6587.202630 65.000000
6593.202600 65.000000
6595.202600 65.000000
6603.202600 65.000000
6604.202630 65.000000
6613.202600 65.000000
6616.202630 65.000000
6620.202630 66.000000
6628.202600 65.000000
6632.202630 65.000000
6637.202600 65.000000
6639.202600 65.000000
6647.202600 66.000000
6651.202630 67.000000
6654.202600 67.000000
6661.202600 65.000000
6668.202600 64.000000
6672.202630 64.000000
6675.202600 64.000000
6679.202630 65.000000
6684.202600 64.000000
6693.202630 64.000000
6695.202630 64.000000
6700.202600 64.000000
6706.202600 62.000000
6711.202630 62.000000
6715.202600 62.000000
6720.202600 64.000000
6728.202630 64.000000
6729.202600 65.000000
6735.202600 65.000000
6742.202600 64.000000
6747.202600 64.000000
6750.202630 65.000000
6754.202600 66.000000
6763.202600 64.000000
6768.202600 64.000000
6769.202630 64.000000
6778.202600 64.000000
6783.202630 64.000000
6784.202630 65.000000
6789.202630 66.000000
6795.202600 66.000000
6803.202600 66.000000
6804.202600 65.000000
6813.202630 64.000000
6816.202600 65.000000
6819.202600 65.000000
6826.202600 65.000000
6833.202630 65.000000
6834.202600 66.000000
6839.202600 65.000000
6848.202630 64.000000
6849.202600 64.000000
6854.202630 65.000000
6863.202600 65.000000
6868.202600 65.000000
6869.202630 65.000000
6876.202600 65.000000
6882.202600 66.000000
6888.202630 67.000000
6890.202630 68.000000
6898.202600 66.000000
6903.202630 65.000000
6908.202600 65.000000
6910.202600 65.000000
6918.202600 65.000000
6922.202600 65.000000
6927.202600 65.000000
6929.202600 66.000000
6934.202600 67.000000
6939.202630 66.000000
6947.202600 65.000000
6950.202630 66.000000
6957.202600 67.000000
6960.202600 66.000000
6967.202600 67.000000
6969.202630 68.000000
6974.202600 66.000000
6983.202630 63.000000
6986.202600 63.000000
6992.202600 65.000000
6994.202630 64.000000
6999.202600 66.000000
7006.202600 72.000000
7009.202630 70.000000
7018.202600 63.000000
7023.202600 63.000000
7024.202600 63.000000
7030.202630 62.000000
7038.202600 60.000000
7039.202630 60.000000
7045.202600 63.000000
7053.202600 59.000000
7056.202600 59.000000
7063.202600 62.000000
7066.202600 62.000000
7073.202600 60.000000
7076.202600 61.000000
7080.202600 61.000000
7088.202630 64.000000
7090.202600 64.000000
7098.202600 63.000000
7099.202630 63.000000
7104.202630 63.000000
7113.202600 61.000000
7114.202600 61.000000
7123.202630 63.000000
7128.202600 63.000000
7131.202630 64.000000
7138.202630 64.000000
7139.202600 65.000000
7144.202600 64.000000
7153.202630 62.000000
7156.202600 62.000000
7159.202600 63.000000
7166.202600 67.000000
7169.202630 66.000000
7178.202630 62.000000
7181.202600 62.000000
7185.202600 63.000000
7192.202600 62.000000
7196.202600 62.000000
7199.202630 63.000000
7208.202600 64.000000
7212.202630 65.000000
7214.202600 65.000000
7219.202600 64.000000
7228.202630 61.000000
7233.202600 62.000000
7234.202600 62.000000
7242.202630 61.000000
7246.202600 62.000000
7249.202600 61.000000
7258.202600 61.000000
7259.202600 61.000000
7266.202600 62.000000
7273.202600 63.000000
7274.202630 63.000000
7280.202600 63.000000
7288.202630 62.000000
7290.202600 61.000000
7294.202600 62.000000
7302.202630 65.000000
7304.202600 65.000000
7313.202600 61.000000
7318.202630 60.000000
7323.202600 60.000000
7327.202600 61.000000
7331.202630 61.000000
7334.202600 62.000000
7343.202600 63.000000
7348.202630 63.000000
7351.202630 64.000000
7358.202600 64.000000
7363.202630 64.000000
7364.202600 64.000000
7370.202630 64.000000
7375.202630 65.000000
7379.202630 64.000000
7388.202600 62.000000
7389.202600 63.000000
7394.202630 66.000000
7403.202600 72.000000
7404.202600 72.000000
7413.202600 63.000000
7416.202600 62.000000
7423.202630 65.000000
7425.202630 65.000000
7429.202600 64.000000
7437.202630 63.000000
7441.202600 64.000000
7444.202600 63.000000
7453.202630 60.000000
7454.202630 60.000000
7463.202600 70.000000
7464.202600 70.000000
7473.202600 61.000000
7478.202600 59.000000
7483.202630 60.000000
7484.202630 60.000000
7493.202600 66.000000
7495.202600 65.000000
7503.202600 61.000000
7508.202600 61.000000
7513.202600 61.000000
7518.202600 62.000000
7522.202600 63.000000
7525.202600 63.000000
7531.202600 63.000000
7538.202600 63.000000
7543.202630 63.000000
7547.202600 64.000000
7549.202600 64.000000
7557.202600 62.000000
7563.202600 62.000000
7564.202630 63.000000
7572.202600 63.000000
7574.202630 63.000000
7582.202600 64.000000
7584.202600 64.000000
7589.202600 64.000000
7598.202600 63.000000
7599.202600 63.000000
7604.202630 63.000000
7612.202600 62.000000
7614.202600 63.000000
7619.202600 64.000000
7627.202600 64.000000
7629.202630 65.000000
7634.202600 65.000000
7643.202600 62.000000
7648.202600 62.000000
7650.202630 63.000000
7657.202600 64.000000
7660.202600 64.000000
7664.202600 63.000000
7673.202600 64.000000
7674.202600 64.000000
7679.202600 65.000000
7684.202630 65.000000
7692.202600 62.000000
7694.202600 63.000000
7703.202600 75.000000
7708.202600 77.000000
7710.202600 78.000000
7714.202630 75.000000
7723.202600 64.000000
7728.202600 62.000000
7733.202630 59.000000
7738.202600 58.000000
7743.202630 58.000000
7748.202630 57.000000
7749.202630 57.000000
7757.202600 58.000000
7763.202600 59.000000
7766.202600 59.000000
7771.202600 59.000000
7776.202600 59.000000
7782.202600 60.000000
7784.202600 60.000000
7791.202600 60.000000
7797.202600 60.000000
7801.202600 59.000000
7805.202630 60.000000
7812.202600 60.000000
7814.202600 60.000000
7819.202600 62.000000
7828.202600 62.000000
7829.202600 62.000000
7837.202630 61.000000
7839.202600 61.000000
7847.202600 60.000000
7850.202630 60.000000
7854.202600 61.000000
7862.202630 61.000000
7866.202600 61.000000
7873.202630 62.000000
7878.202600 62.000000
7879.202600 62.000000
7885.202630 62.000000
7890.202600 63.000000
7895.202630 63.000000
7903.202600 62.000000
7904.202630 63.000000
7913.202600 64.000000
7915.202630 64.000000
7921.202600 63.000000
7928.202600 63.000000
7930.202630 63.000000
7938.202600 63.000000
7939.202600 63.000000
7948.202600 63.000000
7950.202600 63.000000
7954.202600 63.000000
7963.202630 63.000000
7964.202600 63.000000
7973.202600 63.000000
7974.202630 63.000000
7980.202600 64.000000
7986.202630 64.000000
7993.202600 64.000000
7994.202600 64.000000
8003.202630 61.000000
8008.202600 61.000000
8011.202600 60.000000
8015.202600 60.000000
8023.202600 59.000000
8028.202600 59.000000
8031.202630 59.000000
8034.202600 59.000000
8042.202600 61.000000
8044.202600 61.000000
8049.202630 61.000000
8054.202600 63.000000
8063.202630 63.000000
8067.202600 63.000000
8069.202630 63.000000
8078.202630 64.000000
8079.202600 63.000000
8084.202630 63.000000
8093.202600 61.000000
8097.202630 60.000000
8103.202600 59.000000
8104.202630 59.000000
8109.202600 60.000000
8116.202600 62.000000
8123.202600 64.000000
8128.202600 65.000000
8133.202600 65.000000
8134.202600 65.000000
8139.202600 65.000000
8144.202600 64.000000
8149.202600 63.000000
8158.202630 60.000000
8163.202600 60.000000
8164.202600 61.000000
8169.202630 61.000000
8178.202600 58.000000
8183.202630 57.000000
8186.202600 57.000000
8191.202600 59.000000
8198.202630 60.000000
8202.202630 60.000000
8206.202600 60.000000
8213.202600 59.000000
8217.202630 58.000000
8219.202630 59.000000
8225.202600 61.000000
8233.202630 63.000000
8238.202600 64.000000
8240.202630 65.000000
8245.202600 65.000000
8252.202600 65.000000
8258.202600 65.000000
8260.202630 66.000000
8264.202630 67.000000
8273.202600 67.000000
8274.202600 68.000000
8282.202630 69.000000
8285.202600 69.000000
8289.202600 67.000000
8294.202630 65.000000
8303.202630 60.000000
8308.202600 59.000000
8313.202630 58.000000
8315.202600 58.000000
8322.202630 58.000000
8327.202630 58.000000
8329.202630 58.000000
8338.202630 58.000000
8342.202600 59.000000
8346.202600 60.000000
8352.202630 61.000000
8358.202600 61.000000
8363.202600 60.000000
8364.202630 60.000000
8373.202600 62.000000
8378.202600 63.000000
8379.202600 62.000000
8388.202600 61.000000
8392.202600 62.000000
8395.202630 62.000000
8403.202630 65.000000
8405.202600 65.000000
8409.202600 66.000000
8415.202600 68.000000
8419.202600 66.000000
8426.202630 62.000000
8433.202630 60.000000
8438.202630 59.000000
8441.202630 59.000000
8448.202600 59.000000
8453.202600 60.000000
8458.202630 60.000000
8459.202630 60.000000
8466.202600 62.000000
8469.202630 62.000000
8477.202600 59.000000
8479.202630 60.000000
8487.202600 61.000000
8493.202600 61.000000
8494.202600 61.000000
8499.202600 61.000000
8504.202630 64.000000
8513.202600 69.000000
8515.202600 70.000000
8523.202600 70.000000
8524.202600 71.000000
8529.202600 73.000000
8538.202630 80.000000
8539.202600 80.000000
8544.202600 76.000000
8550.202600 70.000000
8558.202600 64.000000
8559.202600 64.000000
8568.202630 60.000000
8571.202600 60.000000
8576.202630 62.000000
8583.202600 62.000000
8584.202600 62.000000
8590.202600 64.000000
8598.202600 65.000000
8599.202630 65.000000
8608.202600 66.000000
8612.202630 66.000000
8615.202630 66.000000
8623.202630 69.000000
8627.202630 68.000000
8629.202600 68.000000
8634.202600 69.000000
8639.202600 67.000000
8648.202600 61.000000
8653.202630 60.000000
8658.202600 59.000000
8663.202600 60.000000
8667.202630 61.000000
8670.202630 61.000000
8674.202630 63.000000
8679.202600 63.000000
8684.202630 64.000000
8692.202600 66.000000
8695.202600 65.000000
8702.202630 64.000000
8704.202600 64.000000
8710.202600 64.000000
8715.202630 66.000000
8720.202630 66.000000
8724.202600 66.000000
8729.202630 63.000000
8738.202600 61.000000
8743.202630 61.000000
8745.202630 61.000000
8749.202600 63.000000
8758.202600 66.000000
8759.202630 67.000000
8768.202600 67.000000
8769.202600 68.000000
8778.202600 72.000000
8779.202600 72.000000
8788.202600 68.000000
8793.202630 68.000000
8797.202600 68.000000
8803.202600 68.000000
8805.202630 68.000000
8811.202600 69.000000
8818.202600 70.000000
8823.202630 69.000000
8827.202600 70.000000
8830.202600 69.000000
8838.202630 66.000000
8841.202600 67.000000
8844.202630 67.000000
8853.202630 69.000000
8855.202600 69.000000
8861.202600 69.000000
8865.202630 70.000000
8869.202600 70.000000
8877.202600 68.000000
8883.202600 67.000000
8886.202630 66.000000
8890.208180 66.000000
8897.208210 65.000000
8903.208180 65.000000
8905.208180 65.000000
8912.208180 66.000000
8916.208210 67.000000
8919.208180 67.000000
8928.208210 67.000000
8929.208210 67.000000
8938.208210 67.000000
8941.208210 67.000000
8944.208210 67.000000
8953.208180 66.000000
8955.208180 67.000000
8960.208180 68.000000
8966.208180 68.000000
8973.208210 68.000000
8976.208180 69.000000
8983.208180 70.000000
8984.208180 70.000000
8989.208210 69.000000
8998.208180 66.000000
9000.208210 67.000000
9004.208210 66.000000
9013.208180 63.000000
9018.208180 63.000000
9021.208210 64.000000
9028.208180 66.000000
9030.208180 66.000000
9035.208180 65.000000
9039.208180 65.000000
9044.208180 65.000000
9049.208180 65.000000
9058.208180 65.000000
9059.208210 65.000000
9064.208210 65.000000
9071.208180 64.000000
9074.208210 64.000000
9083.208180 64.000000
9084.208180 64.000000
9093.208210 65.000000
9094.208180 65.000000
9099.208210 65.000000
9105.208180 65.000000
9110.208180 66.000000
9116.208210 65.000000
9123.208210 64.000000
9128.208180 64.000000
9133.208180 64.000000
9136.208180 64.000000
9139.208180 65.000000
9147.208180 65.000000
9153.208180 65.000000
9154.208210 66.000000
9162.208180 65.000000
9168.208180 64.000000
9172.208180 63.000000
9178.208180 62.000000
9182.208180 62.000000
9185.208210 63.000000
9191.208180 64.000000
9197.208210 64.000000
9199.208180 64.000000
9208.208180 73.000000
9211.208210 72.000000
9214.208210 70.000000
9223.208180 62.000000
9227.208180 62.000000
9229.208210 61.000000
9238.208180 59.000000
9241.208180 59.000000
9248.208210 59.000000
9249.208180 59.000000
9254.208180 59.000000
9260.208180 60.000000
9267.208180 63.000000
9273.208180 62.000000
9274.208210 62.000000
9281.208210 63.000000
9284.208210 63.000000
9292.208180 62.000000
9296.208210 63.000000
9303.208180 64.000000
9307.208180 64.000000
9313.208180 64.000000
9314.208180 64.000000
9320.208210 64.000000
9324.208210 65.000000
9332.208180 71.000000
9334.208180 70.000000
9343.208180 62.000000
9348.208180 63.000000
9349.208180 63.000000
9358.208210 59.000000
9360.208180 59.000000
9364.208180 62.000000
9369.208210 68.000000
9378.208180 67.000000
9379.208180 67.000000
9384.208210 69.000000
9389.208210 73.000000
9398.208210 79.000000
9400.208210 79.000000
9404.208180 75.000000
9413.208180 67.000000
9418.208180 65.000000
9422.208180 64.000000
9428.208180 63.000000
9431.208210 63.000000
9437.208210 64.000000
9440.208180 64.000000
9445.208180 64.000000
9450.208180 64.000000
9454.208180 65.000000
9461.208180 65.000000
9464.208180 64.000000
9472.208210 62.000000
9478.208210 62.000000
9479.208180 62.000000
9488.208210 61.000000
9490.208180 61.000000
9495.208180 63.000000
9501.208210 64.000000
9507.208210 64.000000
9510.208180 64.000000
9518.208210 64.000000
9520.208180 64.000000
9524.208210 65.000000
9530.208180 64.000000
9536.208180 65.000000
9539.208180 64.000000
9545.208180 64.000000
9552.208180 64.000000
9558.208180 67.000000
9559.208180 67.000000
9568.208210 62.000000
9573.208180 61.000000
9578.208180 61.000000
9579.208210 62.000000
9587.208210 62.000000
9591.208180 62.000000
9596.208210 62.000000
9603.208210 64.000000
9608.208180 64.000000
9613.208180 64.000000
9614.208210 64.000000
9622.208180 65.000000
9624.208180 65.000000
9633.208180 65.000000
9634.208180 65.000000
9640.208180 65.000000
9648.208210 62.000000
9653.208180 62.000000
9654.208180 62.000000
9661.208180 63.000000
9665.208180 63.000000
9671.208180 62.000000
9678.208180 63.000000
9680.208180 63.000000
9685.208180 62.000000
9693.208210 62.000000
9694.208180 63.000000
9703.208180 64.000000
9706.208210 64.000000
9713.208180 62.000000
9718.208210 62.000000
9720.208180 63.000000
9728.208180 64.000000
9729.208180 64.000000
9735.208180 62.000000
9743.208180 62.000000
9744.208210 62.000000
9753.208180 62.000000
9758.208180 62.000000
9759.208180 62.000000
9767.208180 62.000000
9769.208180 63.000000
9774.208180 63.000000
9783.208180 63.000000
9788.208180 62.000000
9789.208180 62.000000
9796.208210 62.000000
9803.208180 60.000000
9808.208180 61.000000
9812.208210 61.000000
9818.208180 62.000000
9822.208180 63.000000
9828.208180 63.000000
9831.208210 63.000000
9838.208180 63.000000
9839.208180 63.000000
9846.208180 62.000000
9853.208210 62.000000
9858.208210 62.000000
9859.208180 62.000000
9868.208180 61.000000
9872.208180 62.000000
9874.208210 62.000000
9880.208180 62.000000
9887.208210 62.000000
9889.208210 61.000000
9894.208180 61.000000
9899.208180 62.000000
9905.208210 62.000000
9909.208210 62.000000
9918.208210 61.000000
9921.208210 62.000000
9924.208210 61.000000
9931.208180 61.000000
9934.208180 62.000000
9941.208180 62.000000
9948.208180 61.000000
9950.208180 61.000000
9955.208180 62.000000
9959.208180 61.000000
9966.208210 61.000000
9973.208210 62.000000
9975.208180 62.000000
9979.208180 62.000000
9985.208180 64.000000
9989.208180 63.000000
9998.208180 59.000000
10003.208180 59.000000
10008.208180 59.000000
10013.208210 60.000000
10016.208180 60.000000
10019.208210 60.000000
10024.208180 61.000000
10031.208180 63.000000
10038.208180 62.000000
10039.208210 63.000000
10046.208180 65.000000
10049.208180 64.000000
10058.208210 61.000000
10060.208180 61.000000
10065.208180 62.000000
10069.208180 62.000000
10077.208180 61.000000
10079.208180 63.000000
10085.208180 65.000000
10093.208180 60.000000
10098.208180 59.000000
10103.208180 59.000000
10104.208180 60.000000
10109.208180 61.000000
10118.208210 62.000000
10121.208210 62.000000
10124.208210 62.000000
10130.208180 63.000000
10138.208180 63.000000
10141.208180 64.000000
10144.208180 63.000000
10153.208180 61.000000
10158.208210 61.000000
10159.208180 61.000000
10165.208210 63.000000
10172.208180 62.000000
10178.208180 62.000000
10179.208180 62.000000
10184.208180 63.000000
10192.208210 66.000000
10197.208180 65.000000
10200.208180 64.000000
10208.208180 62.000000
10213.208210 62.000000
10217.208180 62.000000
10219.208210 62.000000
10228.208180 63.000000
10229.208180 63.000000
10236.208210 62.000000
10239.208180 63.000000
10245.208210 63.000000
10253.208210 63.000000
10255.208180 63.000000
10263.208210 63.000000
10264.208210 63.000000
10271.208180 62.000000
10276.208180 62.000000
10279.208180 63.000000
10287.208180 63.000000
10293.208180 63.000000
10297.208210 64.000000
10299.208180 63.000000
10308.208210 62.000000
10312.208180 62.000000
10317.208180 62.000000
10323.208210 65.000000
10327.208180 64.000000
10333.208180 63.000000
10335.208210 63.000000
10341.208210 64.000000
10348.208180 65.000000
10349.208180 64.000000
10357.208210 64.000000
10363.208210 64.000000
10364.208180 64.000000
10373.208210 64.000000
10374.208210 64.000000
10383.208180 62.000000
10384.208180 62.000000
10389.208180 63.000000
10395.208180 63.000000
10401.208210 63.000000
10408.208180 62.000000
10413.208180 62.000000
10416.208210 62.000000
10420.208210 62.000000
10426.208180 63.000000
10432.208180 64.000000
10437.208210 66.000000
10439.208180 66.000000
10448.208180 63.000000
10453.208180 62.000000
10457.208180 62.000000
10461.208180 63.000000
10465.208210 63.000000
10470.208180 62.000000
10474.208180 62.000000
10479.208180 63.000000
10485.208180 63.000000
10492.208180 63.000000
10498.208180 64.000000
10502.208180 64.000000
10505.208180 64.000000
10513.208210 63.000000
10515.208180 63.000000
10523.208180 61.000000
10528.208210 61.000000
10529.208210 61.000000
10534.208180 62.000000
10543.208210 62.000000
10544.208210 62.000000
10550.208210 63.000000
10556.208180 62.000000
10561.208210 62.000000
10568.208180 64.000000
10570.208180 64.000000
10574.208180 63.000000
10583.208210 63.000000
10584.208180 63.000000
10591.208180 63.000000
10598.208210 63.000000
10599.208210 63.000000
10604.208210 63.000000
10611.208180 64.000000
10618.208180 64.000000
10620.208210 64.000000
10627.208210 62.000000
10633.208180 62.000000
10636.208180 62.000000
10641.208210 62.000000
10647.208180 62.000000
10649.208210 63.000000
10654.208210 63.000000
10663.208180 62.000000
10666.208180 63.000000
10673.208180 63.000000
10674.208180 63.000000
10683.208210 62.000000
10685.208180 62.000000
10691.208180 61.000000
10697.208180 62.000000
10699.208180 63.000000
10705.208180 62.000000
10713.208180 62.000000
10714.208210 63.000000
10723.208180 64.000000
10728.208180 64.000000
10730.208180 64.000000
10738.208180 63.000000
10743.208210 63.000000
10747.208180 64.000000
10749.208210 64.000000
10754.208210 63.000000
10763.208210 63.000000
10766.208180 64.000000
10771.208180 64.000000
10775.208180 64.000000
10783.208180 64.000000
10787.208210 64.000000
10789.208180 64.000000
10798.208210 64.000000
10801.208180 64.000000
10804.208210 65.000000
10813.208180 64.000000
10817.208180 64.000000
10821.208210 64.000000
10825.208210 64.000000
10832.208210 66.000000
10834.208180 66.000000
10843.208180 62.000000
10848.208180 61.000000
10850.208210 62.000000
10856.208180 63.000000
10859.208180 63.000000
10867.208180 62.000000
10869.208180 62.000000
10874.208180 63.000000
10883.208180 63.000000
10888.208210 62.000000
10889.208180 62.000000
10894.208180 63.000000
10903.208210 64.000000
10905.208180 65.000000
10912.208180 66.000000
10914.208210 66.000000
10923.208180 62.000000
10928.208210 61.000000
10930.208210 61.000000
10936.208210 62.000000
10941.208210 63.000000
10948.208180 65.000000
10950.208210 64.000000
10958.208180 64.000000
10961.208180 64.000000
10968.208180 64.000000
10969.208180 65.000000
10976.208210 64.000000
10983.208180 63.000000
10987.208180 63.000000
10989.208180 63.000000
10994.208180 63.000000
11002.208180 64.000000
11004.208180 65.000000
11009.208180 65.000000
11018.208180 67.000000
11019.208210 68.000000
11028.208210 66.000000
11029.208180 66.000000
11034.208180 67.000000
11039.208210 67.000000
11044.208180 66.000000
11053.208180 64.000000
11054.208210 64.000000
11063.208210 68.000000
11065.208180 68.000000
11069.208210 66.000000
11077.208180 64.000000
11079.208210 66.000000
11088.208210 74.000000
11092.208180 73.000000
11094.208180 72.000000
11103.208210 66.000000
11106.208210 65.000000
11109.208180 65.000000
11118.208210 60.000000
11122.208180 60.000000
11125.208180 61.000000
11130.208180 60.000000
11134.208210 61.000000
11139.208180 63.000000
11148.208180 58.000000
11153.208180 58.000000
11158.208180 58.000000
11161.208180 59.000000
11166.208180 59.000000
11169.208180 60.000000
11174.208210 60.000000
11182.208210 63.000000
11184.208180 63.000000
11193.208210 60.000000
11195.208180 60.000000
11203.208180 63.000000
11204.208180 63.000000
11213.208180 59.000000
11218.208210 58.000000
11223.208180 58.000000
11225.208180 59.000000
11231.208180 59.000000
11237.208180 61.000000
11241.208180 61.000000
11245.208180 62.000000
11251.208210 62.000000
11255.208180 62.000000
11262.208210 62.000000
11264.208180 62.000000
11269.208180 61.000000
11278.208210 61.000000
11279.208210 61.000000
11286.208180 62.000000
11289.208180 63.000000
11298.208180 64.000000
11299.208180 64.000000
11308.208180 60.000000
11313.208180 60.000000
11314.208180 61.000000
11321.208210 63.000000
11324.208180 63.000000
11333.208180 61.000000
11336.208180 62.000000
11341.208180 62.000000
11347.208180 62.000000
11349.208180 61.000000
11358.208210 61.000000
11362.208210 61.000000
11367.208180 61.000000
11371.208180 62.000000
11378.208180 63.000000
11379.208180 62.000000
11387.208210 62.000000
11391.208180 62.000000
11394.208180 62.000000
11399.208180 61.000000
11408.208180 62.000000
11410.208180 62.000000
11416.208210 61.000000
11423.208210 62.000000
11424.208180 62.000000
11431.208180 62.000000
11438.208180 62.000000
11439.208180 63.000000
11446.208210 62.000000
11453.208180 62.000000
11458.208180 64.000000
11461.208180 64.000000
11464.208180 63.000000
11473.208210 61.000000
11477.208180 61.000000
11482.208180 62.000000
11485.208180 62.000000
11493.208210 64.000000
11497.208180 64.000000
11499.208180 64.000000
11507.208180 62.000000
11513.208180 62.000000
11514.208180 61.000000
11522.208210 61.000000
11524.208180 61.000000
11532.208180 61.000000
11535.208180 61.000000
11540.208180 62.000000
11548.208180 63.000000
11550.208210 63.000000
11555.208210 63.000000
11563.208180 61.000000
11565.208180 61.000000
11569.208210 62.000000
11578.208210 62.000000
11583.208210 62.000000
11586.208180 62.000000
11589.208180 62.000000
11597.208210 62.000000
11600.208180 61.000000
11605.208180 63.000000
11609.208180 63.000000
11614.208180 63.000000
11623.208180 60.000000
11628.208210 60.000000
11633.208180 60.000000
11637.208210 60.000000
11641.208180 61.000000
11648.208180 61.000000
11649.208210 62.000000
11655.208180 62.000000
11660.208210 62.000000
11664.208210 62.000000
11669.208180 62.000000
11674.208180 62.000000
11680.208210 61.000000
11688.208180 61.000000
11689.208180 61.000000
11698.208210 63.000000
11700.208180 62.000000
11707.208210 62.000000
11711.208210 62.000000
11718.208180 63.000000
11719.208180 64.000000
11724.208180 64.000000
11730.208180 67.000000
11734.208180 65.000000
11743.208180 59.000000
11748.208180 60.000000
11751.208180 60.000000
11757.208210 62.000000
11759.208180 63.000000
11767.208180 60.000000
11773.208180 60.000000
11774.208180 60.000000
11781.208180 62.000000
11788.208210 62.000000
11791.208180 62.000000
11794.208180 62.000000
11803.208210 64.000000
11804.208210 64.000000
11813.208180 60.000000
11818.208180 60.000000
11823.208180 60.000000
11827.208210 60.000000
11829.208180 60.000000
11838.208210 61.000000
11839.208210 62.000000
11847.208210 62.000000
11849.208210 62.000000
11854.208180 62.000000
11859.208180 62.000000
11864.208210 63.000000
11873.208180 61.000000
11878.208210 61.000000
11880.208210 62.000000
11884.208180 62.000000
11890.208180 63.000000
11896.208210 63.000000
11901.208180 62.000000
11907.208180 62.000000
11909.208180 62.000000
11915.208210 63.000000
11923.208180 65.000000
11926.208210 64.000000
11930.208180 63.000000
11934.208180 63.000000
11943.208210 63.000000
11947.208180 64.000000
11953.208180 64.000000
11957.208180 64.000000
11959.208210 64.000000
11965.208210 64.000000
11969.208180 64.000000
11976.208210 64.000000
11983.208180 63.000000
11986.208180 62.000000
11989.208180 62.000000
11995.208180 62.000000
11999.208180 63.000000
12006.208180 63.000000
12013.208180 64.000000
12014.208180 64.000000
12022.208180 63.000000
12027.208180 63.000000
12033.208180 62.000000
12034.208180 63.000000
12040.208180 64.000000
12047.208180 65.000000
12049.208180 64.000000
12058.208180 62.000000
12063.208180 62.000000
12066.208210 62.000000
12072.208210 62.000000
12074.208180 63.000000
12082.208210 64.000000
12084.208180 63.000000
12091.208180 63.000000
12095.208210 63.000000
12102.208180 63.000000
12108.208180 62.000000
12113.208210 62.000000
12117.208180 62.000000
12120.208180 62.000000
12124.208210 61.000000
12129.208210 61.000000
12138.208180 62.000000
12142.208180 62.000000
12146.208180 62.000000
12150.208180 62.000000
12158.208210 63.000000
12162.208210 62.000000
12168.208180 61.000000
12172.208180 61.000000
12175.208210 61.000000
12181.208180 63.000000
12187.208180 62.000000
12193.208180 61.000000
12195.208210 62.000000
12202.208210 63.000000
12204.208180 63.000000
12209.208180 63.000000
12214.208180 63.000000
12223.208180 63.000000
12225.208180 63.000000
12233.208180 63.000000
12238.208180 63.000000
12243.208180 63.000000
12245.208180 62.000000
12251.208180 62.000000
12257.208210 63.000000
12261.208180 63.000000
12268.208210 66.000000
12271.208180 65.000000
12274.208180 63.000000
12282.208180 61.000000
12285.208210 60.000000
12291.208210 60.000000
12295.208180 60.000000
12301.208210 62.000000
12306.208180 61.000000
12313.208180 60.000000
12316.208210 61.000000
12323.208210 62.000000
12324.208180 62.000000
12330.208180 62.000000
12338.208180 62.000000
12341.208180 61.000000
12344.208180 62.000000
12350.208180 62.000000
12355.208180 60.000000
12363.208210 60.000000
12368.208180 61.000000
12369.208180 61.000000
12374.208180 61.000000
12383.208180 63.000000
12384.208210 62.000000
12393.208180 62.000000
12398.208210 62.000000
12403.208180 61.000000
12405.208180 61.000000
12413.208210 62.000000
12414.208180 62.000000
12423.208180 63.000000
12427.208180 63.000000
12433.208180 62.000000
12434.208180 61.000000
12443.208180 61.000000
12445.208210 61.000000
12450.208180 61.000000
12457.208210 62.000000
12459.208210 62.000000
12464.208180 63.000000
12473.208180 63.000000
12477.208180 61.000000
12481.208180 61.000000
12484.208210 63.000000
12493.208210 74.000000
12498.205440 75.000000
12499.205440 75.000000
12508.205440 69.000000
12511.205470 68.000000
12514.205440 66.000000
12523.205440 59.000000
12528.205440 58.000000
12533.205470 58.000000
12535.205440 59.000000
12541.205440 60.000000
12546.205440 62.000000
12549.205440 62.000000
12558.205440 59.000000
12563.205440 59.000000
12566.205470 60.000000
12573.205440 60.000000
12577.205470 62.000000
12581.205440 62.000000
12586.205440 61.000000
12590.205440 62.000000
12596.205440 62.000000
12603.205440 61.000000
12604.205440 61.000000
12611.205470 61.000000
12618.205440 62.000000
12622.205440 63.000000
12628.205440 63.000000
12631.205470 63.000000
12638.205470 63.000000
12641.205470 63.000000
12644.205470 63.000000
12653.205440 63.000000
12658.205470 63.000000
12659.205470 63.000000
12668.205440 62.000000
12669.205440 63.000000
12678.205440 64.000000
12679.205440 64.000000
12687.205470 63.000000
12693.205470 64.000000
12694.205440 63.000000
12699.205440 63.000000
12708.205470 67.000000
12710.205440 66.000000
12714.205470 65.000000
12723.205440 64.000000
12728.205440 64.000000
12729.205440 64.000000
12734.205440 64.000000
12743.205440 64.000000
12745.205440 64.000000
12750.205470 64.000000
12758.205440 63.000000
12759.205470 64.000000
12764.205470 64.000000
12769.205470 64.000000
12776.205440 62.000000
12781.205470 62.000000
12788.205440 64.000000
12793.205440 65.000000
12794.205440 65.000000
12803.205470 65.000000
12804.205440 64.000000
12812.205440 64.000000
12817.205440 64.000000
12821.205440 64.000000
12828.205440 64.000000
12831.205440 64.000000
12838.205440 64.000000
12839.205440 64.000000
12845.205440 65.000000
12853.205440 63.000000
12856.205440 63.000000
12863.205470 63.000000
12866.205440 64.000000
12870.205440 64.000000
12876.205470 65.000000
12879.205440 65.000000
12885.205470 65.000000
12893.205470 64.000000
12898.205440 64.000000
12903.205440 64.000000
12904.205470 64.000000
12909.205440 63.000000
12918.205470 61.000000
12922.205440 62.000000
12924.205470 62.000000
12933.205440 63.000000
12938.205440 62.000000
12943.205440 62.000000
12944.205440 63.000000
12952.205470 65.000000
12957.205470 64.000000
12959.205440 64.000000
12968.205470 63.000000
12972.205440 64.000000
12978.205440 64.000000
12979.205470 64.000000
12984.205470 65.000000
12990.205470 66.000000
12994.205440 65.000000
13003.205440 63.000000
13008.205440 63.000000
13013.205470 63.000000
13014.205440 62.000000
13019.205440 62.000000
13024.205440 63.000000
13033.205470 64.000000
13037.205440 65.000000
13043.205470 66.000000
13045.205470 66.000000
13050.205470 66.000000
13058.205440 65.000000
13059.205440 65.000000
13067.205470 65.000000
13069.205440 64.000000
13075.205440 64.000000
13081.205440 64.000000
13084.205440 63.000000
13093.205470 64.000000
13095.205470 64.000000
13101.205440 64.000000
13104.205440 65.000000
13112.205440 65.000000
13114.205440 65.000000
13120.205440 68.000000
13124.205440 65.000000
13133.205470 61.000000
13134.205440 61.000000
13143.205470 64.000000
13144.205440 63.000000
13150.205440 63.000000
13154.205440 64.000000
13163.205440 74.000000
13168.205440 76.000000
13172.205440 78.000000
13174.205440 76.000000
13183.205440 65.000000
13188.205440 68.000000
13191.205440 70.000000
13194.205440 69.000000
13203.205440 61.000000
13208.205440 61.000000
13211.205440 61.000000
13217.205440 61.000000
13220.205440 61.000000
13224.205440 61.000000
13232.205440 64.000000
13238.205440 65.000000
13240.205440 65.000000
13248.205470 66.000000
13251.205440 66.000000
13254.205440 66.000000
13263.205440 62.000000
13266.205440 63.000000
13273.205440 66.000000
13274.205440 66.000000
13279.205440 65.000000
13288.205440 64.000000
13291.205440 65.000000
13298.205470 66.000000
13303.205470 65.000000
13304.205440 65.000000
13309.205470 67.000000
13318.205440 65.000000
13323.205440 65.000000
13325.205470 66.000000
13330.205470 67.000000
13334.205440 67.000000
13343.205440 65.000000
13346.205470 65.000000
13350.205440 66.000000
13358.205440 66.000000
13361.205440 66.000000
13364.205440 67.000000
13369.205440 67.000000
13378.205440 66.000000
13382.205440 65.000000
13384.205440 66.000000
13389.205440 66.000000
13398.205440 64.000000
13403.205470 64.000000
13404.205440 65.000000
13411.205440 67.000000
13418.205470 67.000000
13423.205470 66.000000
13428.205440 66.000000
13433.205470 66.000000
13434.205470 66.000000
13439.205470 69.000000
13445.205470 68.000000
13453.205470 68.000000
13454.205440 68.000000
13463.205440 69.000000
13464.205440 68.000000
13471.205440 67.000000
13474.205440 68.000000
13483.205470 73.000000
13486.205440 73.000000
13491.205440 71.000000
13494.205470 70.000000
13503.205440 66.000000
13506.205440 66.000000
13510.205470 65.000000
13518.205440 65.000000
13523.205470 65.000000
13527.205440 66.000000
13529.205470 65.000000
13538.205440 65.000000
13541.205470 65.000000
13547.205440 65.000000
13550.205440 65.000000
13554.205440 66.000000
13560.205440 67.000000
13564.205470 66.000000
13573.205440 64.000000
13578.205440 64.000000
13580.205440 64.000000
13588.205440 64.000000
13589.205440 64.000000
13595.205440 66.000000
13599.205440 65.000000
13608.205470 63.000000
13609.205440 63.000000
13618.205470 64.000000
13619.205440 64.000000
13627.205440 64.000000
13633.205440 64.000000
13634.205470 64.000000
13642.205440 67.000000
13646.205440 67.000000
13653.205440 68.000000
13657.205440 67.000000
13663.205440 66.000000
13664.205470 66.000000
13673.205440 64.000000
13678.205470 65.000000
13679.205440 65.000000
13688.205440 64.000000
13690.205440 64.000000
13696.205440 65.000000
13700.205440 66.000000
13707.205440 68.000000
13713.205470 69.000000
13714.205440 69.000000
13723.205440 73.000000
13728.205470 73.000000
13733.205440 73.000000
13737.205470 73.000000
13739.205440 73.000000
13744.205470 69.000000
13753.205440 66.000000
13758.205440 65.000000
13760.205440 65.000000
13767.205440 63.000000
13773.205470 63.000000
13778.205440 63.000000
13780.205470 64.000000
13785.205440 64.000000
13791.205470 65.000000
13796.205440 67.000000
13803.205470 66.000000
13806.205440 67.000000
13810.205440 68.000000
13817.205470 68.000000
13820.205470 68.000000
13824.205440 69.000000
13833.205470 75.000000
13835.205470 75.000000
13843.205440 69.000000
13848.205470 67.000000
13853.205440 66.000000
13858.205440 66.000000
13863.205440 65.000000
13864.205440 66.000000
13873.205440 77.000000
13878.205470 80.000000
13883.205440 81.000000
13886.205440 81.000000
13889.205440 81.000000
13897.205470 77.000000
13900.205470 77.000000
13908.205440 79.000000
13909.205470 79.000000
13917.205440 85.000000
13922.205470 85.000000
13926.205440 83.000000
13930.205470 84.000000
13938.205440 84.000000
13940.205470 86.000000
13944.205440 88.000000
13953.205470 89.000000
13958.205440 86.000000
13959.205470 85.000000
13968.205440 80.000000
13973.205440 83.000000
13974.205440 83.000000
13983.205440 89.000000
13986.205440 90.000000
13989.205470 91.000000
13998.205470 93.000000
13999.205440 93.000000
14004.205440 86.000000
14011.205470 82.000000
14015.205440 86.000000
14023.205440 86.000000
14028.205440 86.000000
14031.205440 86.000000
14035.205470 84.000000
14043.205440 90.000000
14046.205440 92.000000
14049.205440 94.000000
14058.205440 81.000000
14062.205440 83.000000
14068.205440 82.000000
14069.205470 81.000000
14077.205440 80.000000
14080.205470 80.000000
14088.205470 79.000000
14091.205440 79.000000
14094.205440 80.000000
14102.205470 84.000000
14104.205440 83.000000
14113.205470 78.000000
14117.205440 80.000000
14119.205470 81.000000
14124.205440 83.000000
14129.205470 85.000000
14138.205440 92.000000
14140.205440 91.000000
14148.205440 84.000000
14152.205470 84.000000
14155.205440 85.000000
14160.205470 82.000000
14166.205440 76.000000
14169.205470 75.000000
14178.205440 70.000000
14182.205440 71.000000
14185.205440 72.000000
14192.205470 73.000000
14198.205440 73.000000
14199.205440 73.000000
14208.205470 71.000000
14213.205440 71.000000
14215.205440 71.000000
14221.205470 70.000000
14227.205440 69.000000
14233.205440 69.000000
14237.205440 69.000000
14243.205440 70.000000
14244.205440 70.000000
14253.205440 68.000000
14257.205440 68.000000
14259.205440 68.000000
14264.205440 69.000000
14269.205440 73.000000
14278.205440 80.000000
14279.205470 80.000000
14288.205440 71.000000
14293.205440 69.000000
14298.205470 68.000000
14299.205440 68.000000
14308.205440 65.000000
14312.205440 65.000000
14316.205470 65.000000
14319.205440 65.000000
14325.205440 65.000000
14333.205470 65.000000
14334.205440 65.000000
14343.205440 65.000000
14347.205470 66.000000
14350.205470 66.000000
14354.205440 68.000000
14363.205440 65.000000
14366.205470 64.000000
14371.205470 64.000000
14378.205440 63.000000
14382.205470 63.000000
14388.205440 63.000000
14393.205470 63.000000
14394.205440 64.000000
14399.205440 66.000000
14408.205440 63.000000
14412.205440 63.000000
14414.205440 63.000000
14423.205470 63.000000
14424.205440 63.000000
14433.205440 63.000000
14437.205470 63.000000
14442.205440 62.000000
14446.205440 62.000000
14449.205440 62.000000
14457.205440 65.000000
14459.205470 64.000000
14467.205440 61.000000
14469.205440 63.000000
14478.205440 69.000000
14479.205440 68.000000
14488.205440 65.000000
14493.205440 64.000000
14494.205440 64.000000
14499.205470 64.000000
14504.205440 63.000000
14513.205440 63.000000
14514.205470 63.000000
14520.205470 65.000000
14524.205440 64.000000
14533.205470 62.000000
14536.205470 62.000000
14543.205440 62.000000
14544.205440 62.000000
14549.205470 62.000000
14554.205440 63.000000
14563.205470 64.000000
14564.205470 64.000000
14573.205440 62.000000
14576.205470 63.000000
14582.205470 63.000000
14585.205440 63.000000
14589.205440 62.000000
14598.205470 61.000000
14600.205470 62.000000
14605.205440 62.000000
14612.205440 61.000000
14617.205440 62.000000
14622.205440 62.000000
14624.205470 61.000000
14631.205440 61.000000
14635.205440 61.000000
14643.205470 61.000000
14644.205440 61.000000
14653.205440 61.000000
14655.205440 62.000000
14660.205440 62.000000
14664.205440 62.000000
14671.205470 64.000000
14674.205470 64.000000
14679.205470 62.000000
14688.205470 60.000000
14693.205470 61.000000
14694.205440 61.000000
14703.205470 64.000000
14707.205440 64.000000
14709.205440 64.000000
14717.205440 65.000000
14722.205440 65.000000
14724.205470 66.000000
14730.205440 67.000000
14734.205440 65.000000
14743.205440 61.000000
14748.205440 60.000000
14751.205440 59.000000
14758.205440 59.000000
14760.205470 58.000000
14767.205440 59.000000
14773.205440 59.000000
14774.205440 59.000000
14783.205440 63.000000
14785.205440 63.000000
14793.205440 64.000000
14794.205470 64.000000
14799.205470 62.000000
14808.205440 60.000000
14813.205440 59.000000
14817.205440 59.000000
14823.205440 59.000000
14828.205440 60.000000
14830.205470 60.000000
14837.205440 59.000000
14839.205470 59.000000
14844.205440 61.000000
14851.205440 60.000000
14855.205440 60.000000
14859.205470 62.000000
14866.205440 65.000000
14869.205440 64.000000
14878.205470 60.000000
14879.205440 60.000000
14888.205440 59.000000
14889.205440 59.000000
14894.205470 61.000000
14899.205440 63.000000
14908.205440 60.000000
14913.205440 60.000000
14917.205470 60.000000
14923.205440 59.000000
14926.205440 59.000000
14929.205470 59.000000
14938.205470 60.000000
14942.205440 60.000000
14945.205470 60.000000
14953.205470 61.000000
14954.205470 61.000000
14962.205470 60.000000
14964.205440 60.000000
14973.205470 66.000000
14974.205440 65.000000
14979.205470 62.000000
14988.205470 59.000000
14993.205440 59.000000
14998.205440 60.000000
14999.205470 60.000000
15004.205470 59.000000
15013.205440 58.000000
15014.205440 58.000000
15023.205440 61.000000
15026.205440 61.000000
15033.205470 59.000000
15038.205440 59.000000
15043.205470 59.000000
15045.205440 60.000000
15053.205440 60.000000
15058.205440 59.000000
15060.205440 59.000000
15067.205470 61.000000
15072.205440 60.000000
15078.205440 59.000000
15083.205440 60.000000
15084.205470 60.000000
15092.205440 60.000000
15097.205470 60.000000
15101.205440 60.000000
15104.205440 61.000000
15113.205470 60.000000
15114.205440 61.000000
15123.205440 60.000000
15127.205470 59.000000
15133.205440 59.000000
15138.205440 59.000000
15139.205440 59.000000
15148.205440 59.000000
15149.205470 59.000000
15154.205470 60.000000
15162.205470 61.000000
15166.205440 60.000000
15173.205470 60.000000
15174.205470 60.000000
15183.205440 59.000000
15187.205470 59.000000
15192.205470 59.000000
15197.205470 60.000000
15203.205440 61.000000
15208.205440 60.000000
15209.205440 59.000000
15218.205440 59.000000
15221.205470 59.000000
15227.205440 58.000000
15232.205440 58.000000
15235.205470 58.000000
15239.205470 57.000000
15248.205440 59.000000
15252.205470 59.000000
15258.205440 58.000000
15260.205440 58.000000
15264.205440 58.000000
