8.478400 97.000000
13.478400 95.000000
18.478400 96.000000
19.478400 95.000000
24.478400 95.000000
29.478400 95.000000
34.478400 95.000000
43.478400 86.000000
44.478400 86.000000
53.478400 85.000000
58.478370 84.000000
64.478400 79.000000
65.478370 79.000000
72.478400 78.000000
75.478370 79.000000
84.478400 83.000000
88.478400 85.000000
93.478400 84.000000
99.478400 82.000000
100.478400 83.000000
106.478400 83.000000
111.478370 83.000000
116.478400 82.000000
121.478370 83.000000
129.478400 82.000000
131.478400 82.000000
136.478400 82.000000
141.478370 84.000000
147.478370 86.000000
151.478400 87.000000
156.478400 87.000000
161.478400 86.000000
166.478370 86.000000
171.478400 86.000000
178.478400 86.000000
181.478400 86.000000
189.478400 79.000000
191.478370 80.000000
199.478370 78.000000
201.478370 78.000000
206.478400 79.000000
211.478400 84.000000
216.478400 84.000000
222.478400 83.000000
228.478400 83.000000
233.478400 83.000000
238.478400 81.000000
244.478400 82.000000
249.478370 82.000000
254.478400 82.000000
259.478400 83.000000
264.478400 83.000000
271.478400 84.000000
274.478370 84.000000
279.478370 83.000000
284.478370 84.000000
291.478370 86.000000
297.478400 85.000000
299.478400 85.000000
308.478400 84.000000
310.478400 85.000000
319.478400 81.000000
320.478400 81.000000
329.478370 81.000000
331.478400 82.000000
336.478400 82.000000
341.478400 86.000000
346.478400 87.000000
352.478370 87.000000
356.478370 90.000000
361.478400 89.000000
366.478370 89.000000
371.478400 90.000000
376.478400 90.000000
381.478400 90.000000
386.478400 90.000000
392.478400 90.000000
402.478400 99.000000
406.478400 101.000000
409.478400 101.000000
415.478400 101.000000
420.478400 101.000000
430.478400 102.000000
435.478400 103.000000
440.478400 97.000000
441.478400 95.000000
450.478370 89.000000
452.478400 89.000000
461.478400 89.000000
465.478400 86.000000
467.478400 84.000000
472.478400 82.000000
477.478400 82.000000
482.478400 82.000000
487.478400 81.000000
492.478400 81.000000
499.478400 81.000000
503.478370 82.000000
511.478400 84.000000
513.478400 84.000000
518.478370 82.000000
523.478400 81.000000
528.478400 81.000000
533.478400 82.000000
538.478370 83.000000
543.478370 84.000000
548.478400 85.000000
553.478370 85.000000
558.478400 85.000000
563.478400 85.000000
568.478400 85.000000
576.478400 96.000000
582.478400 96.000000
583.478400 96.000000
592.478400 95.000000
597.478370 93.000000
599.478400 92.000000
604.478400 88.000000
612.478400 88.000000
615.478400 88.000000
621.478400 88.000000
626.478370 87.000000
634.478400 86.000000
636.478400 86.000000
641.478400 87.000000
647.478400 92.000000
652.478400 90.000000
657.478370 86.000000
662.478370 86.000000
667.478370 86.000000
672.478400 86.000000
678.478400 86.000000
683.478400 86.000000
688.478370 85.000000
693.478370 85.000000
698.478400 85.000000
703.478400 85.000000
708.478400 85.000000
713.478400 85.000000
718.478400 86.000000
723.478400 86.000000
728.478370 86.000000
733.478400 86.000000
738.478370 86.000000
743.478400 86.000000
748.478370 86.000000
753.478400 86.000000
758.478370 86.000000
763.478400 86.000000
769.478400 88.000000
774.478370 89.000000
779.478400 89.000000
784.478400 90.000000
789.478400 94.000000
794.478400 92.000000
800.478400 89.000000
805.478400 88.000000
810.478400 86.000000
815.478400 86.000000
820.478370 86.000000
825.478400 86.000000
834.478400 87.000000
835.478400 87.000000
840.478400 87.000000
845.478400 87.000000
850.478400 87.000000
855.478400 86.000000
861.478400 86.000000
865.478400 86.000000
870.478400 86.000000
875.478370 87.000000
883.478400 88.000000
886.478400 88.000000
891.478400 87.000000
896.478400 87.000000
904.478400 88.000000
907.478400 89.000000
912.478400 87.000000
917.478370 86.000000
922.478400 86.000000
927.478370 86.000000
932.478400 87.000000
937.478400 88.000000
942.478400 88.000000
947.478400 88.000000
952.478400 86.000000
957.478370 86.000000
962.478400 86.000000
967.478400 86.000000
973.478400 86.000000
979.478400 86.000000
984.478400 86.000000
989.478370 86.000000
994.478370 87.000000
999.478370 87.000000
1004.478370 87.000000
1009.478400 87.000000
1014.478370 87.000000
1020.478400 87.000000
1024.478370 89.000000
1029.478400 94.000000
1035.478400 98.000000
1041.478400 99.000000
1050.478400 95.000000
1053.478370 95.000000
1059.478400 95.000000
1061.478400 95.000000
1066.478400 95.000000
1076.478400 82.000000
1078.478370 82.000000
1085.478400 84.000000
1087.478400 85.000000
1092.478400 85.000000
1098.478400 85.000000
1104.478400 84.000000
1109.478400 84.000000
1114.478400 84.000000
1119.478400 84.000000
1124.478400 85.000000
1129.478400 85.000000
1134.478400 86.000000
1139.478400 86.000000
1149.478400 86.000000
1150.478400 86.000000
1155.478400 86.000000
1160.478370 86.000000
1165.478400 86.000000
1170.478400 86.000000
1175.478400 86.000000
1180.478400 86.000000
1185.478370 86.000000
1191.478400 86.000000
1195.478400 86.000000
1200.478370 85.000000
1205.478370 85.000000
1210.478400 85.000000
1216.478400 85.000000
1221.478400 88.000000
1226.478400 89.000000
1232.478400 89.000000
1237.478400 86.000000
1242.478400 86.000000
1247.478400 86.000000
1252.478370 86.000000
1257.478370 85.000000
1262.478400 85.000000
1267.478400 85.000000
1272.478400 85.000000
1277.478400 85.000000
1282.478370 85.000000
1287.478400 84.000000
1292.478400 85.000000
1297.478400 85.000000
1303.478400 85.000000
1308.478370 86.000000
1313.478400 86.000000
1318.478400 86.000000
1323.478400 86.000000
1329.478400 86.000000
1334.478400 85.000000
1339.478400 85.000000
1344.478370 85.000000
1350.478400 85.000000
1354.478400 86.000000
1359.478400 87.000000
1364.478400 87.000000
1369.478400 85.000000
1374.478370 84.000000
1383.478370 83.000000
1385.478400 83.000000
1390.478400 83.000000
1395.478400 83.000000
1400.478400 83.000000
1406.478400 84.000000
1411.478400 84.000000
1416.478400 84.000000
1421.478400 84.000000
1426.478400 84.000000
1431.478370 82.000000
1438.478400 81.000000
1442.478400 82.000000
1447.478370 82.000000
1452.478400 82.000000
1459.478370 82.000000
1463.478400 82.000000
1468.478370 82.000000
1473.478400 81.000000
1478.478370 82.000000
1484.478400 83.000000
1489.478400 83.000000
1496.478400 83.000000
1500.478400 83.000000
1505.478400 84.000000
1510.478400 83.000000
1516.478400 83.000000
1521.478370 83.000000
1526.478400 83.000000
1531.478400 82.000000
1536.478400 81.000000
1541.478400 82.000000
1546.478370 82.000000
1551.478400 82.000000
1556.478400 82.000000
1561.478370 81.000000
1566.478400 82.000000
1572.478400 85.000000
1577.478400 84.000000
1582.478400 85.000000
1587.478400 86.000000
1592.478400 85.000000
1597.478400 85.000000
1606.478400 85.000000
1607.478400 84.000000
1612.478400 84.000000
1618.478400 82.000000
1623.478400 83.000000
1628.478400 82.000000
1634.478400 80.000000
1639.478400 81.000000
1644.478400 79.000000
1650.478400 80.000000
1655.478400 85.000000
1660.478370 81.000000
1665.478400 80.000000
1671.478400 80.000000
1675.478400 81.000000
1680.478370 79.000000
1685.478400 78.000000
1690.478370 80.000000
1695.478370 82.000000
1700.478370 84.000000
1705.478400 85.000000
1710.478400 87.000000
1715.478400 87.000000
1721.478400 83.000000
1725.478400 82.000000
1730.478400 84.000000
1739.478400 83.000000
1740.478400 82.000000
1745.478370 82.000000
1750.478400 81.000000
1755.478370 80.000000
1760.478400 80.000000
1765.478370 80.000000
1770.478400 80.000000
1776.478370 79.000000
1781.478370 80.000000
1786.478400 82.000000
1795.478370 81.000000
1798.478400 79.000000
1803.475260 81.000000
1809.475230 82.000000
1814.475260 82.000000
1819.475260 82.000000
1824.475230 80.000000
1829.475260 82.000000
1834.475260 83.000000
1839.475260 83.000000
1844.475260 83.000000
1850.475260 83.000000
1855.475260 81.000000
1860.475260 82.000000
1865.475230 81.000000
1870.475260 81.000000
1875.475230 81.000000
1880.475260 80.000000
1885.475260 80.000000
1890.475230 81.000000
1895.475260 81.000000
1901.475260 81.000000
1906.475260 82.000000
1912.475260 85.000000
1917.475260 85.000000
1922.475260 85.000000
1927.475260 79.000000
1933.475260 80.000000
1938.475230 80.000000
1943.475260 80.000000
1948.475260 82.000000
1953.475260 83.000000
1958.475260 83.000000
1964.475260 84.000000
1969.475260 83.000000
1979.475260 81.000000
1980.475230 81.000000
1985.475230 81.000000
1990.475230 81.000000
1995.475260 82.000000
2000.475260 83.000000
2005.475260 82.000000
2010.475260 83.000000
2015.475260 85.000000
2020.475260 84.000000
2025.475260 82.000000
2030.475230 82.000000
2035.475260 82.000000
2042.475260 82.000000
2045.475260 82.000000
2050.475260 80.000000
2055.475260 82.000000
2060.475230 82.000000
2065.475260 83.000000
2070.475260 83.000000
2075.475230 83.000000
2080.475260 83.000000
2085.475260 83.000000
2090.475260 82.000000
2096.475260 82.000000
2101.475260 82.000000
2106.475230 84.000000
2111.475260 85.000000
2117.475230 85.000000
2122.475260 85.000000
2127.475230 84.000000
2133.475230 81.000000
2137.475230 81.000000
2142.475260 81.000000
2148.475260 82.000000
2154.475230 83.000000
2159.475260 83.000000
2164.475260 85.000000
2169.475260 84.000000
2174.475260 84.000000
2179.475260 83.000000
2185.475260 84.000000
2190.475260 84.000000
2195.475260 84.000000
2200.475260 84.000000
2206.475260 84.000000
2212.475260 84.000000
2217.475260 86.000000
2222.475260 86.000000
2232.475260 86.000000
2238.475260 86.000000
2239.475230 86.000000
2244.475260 85.000000
2249.475260 85.000000
2256.475260 85.000000
2261.475260 85.000000
2266.475260 85.000000
2271.475260 85.000000
2276.475260 86.000000
2281.475230 85.000000
2286.475230 84.000000
2291.475260 85.000000
2296.475230 84.000000
2301.475260 84.000000
2306.475260 84.000000
2312.475260 84.000000
2317.475230 84.000000
2322.475260 84.000000
2327.475260 84.000000
2332.475260 84.000000
2337.475260 85.000000
2343.475260 86.000000
2348.475260 86.000000
2353.475230 86.000000
2358.475260 86.000000
2363.475260 86.000000
2368.475230 85.000000
2373.475260 85.000000
2378.475260 84.000000
2383.475230 84.000000
2388.475260 84.000000
2393.475260 84.000000
2399.475260 85.000000
2404.475260 86.000000
2409.475260 83.000000
2415.475260 85.000000
2420.475230 85.000000
2428.475260 85.000000
2430.475260 85.000000
2435.475260 87.000000
2441.475260 86.000000
2446.475260 84.000000
2451.475230 84.000000
2456.475230 84.000000
2464.475230 86.000000
2467.475260 86.000000
2472.475260 86.000000
2478.475260 85.000000
2484.475230 85.000000
2489.475260 85.000000
2495.475260 85.000000
2501.475260 86.000000
2506.475260 86.000000
2512.475230 84.000000
2517.475260 85.000000
2522.475260 85.000000
2527.475260 85.000000
2532.475260 85.000000
2537.475230 85.000000
2542.475260 85.000000
2548.475260 85.000000
2555.475260 85.000000
2558.475260 85.000000
2563.475260 85.000000
2568.475260 85.000000
2573.475260 86.000000
2578.475260 85.000000
2583.475260 84.000000
2589.475260 84.000000
2594.475230 84.000000
2599.475230 84.000000
2604.475230 84.000000
2609.475260 85.000000
2614.475230 84.000000
2619.475260 85.000000
2624.475260 84.000000
2633.475260 85.000000
2634.475260 85.000000
2639.475260 82.000000
2645.475260 83.000000
2651.475260 84.000000
2656.475260 84.000000
2662.475260 85.000000
2667.475260 85.000000
2672.475260 85.000000
2678.475260 85.000000
2683.475260 85.000000
2688.475260 85.000000
2698.475230 84.000000
2699.475260 84.000000
2705.475260 84.000000
2710.475260 84.000000
2715.475260 86.000000
2720.475260 85.000000
2725.475260 85.000000
2730.475230 85.000000
2735.475260 85.000000
2740.475260 86.000000
2745.475260 86.000000
2751.475230 86.000000
2756.475260 87.000000
2761.475260 86.000000
2766.475260 86.000000
2771.475260 85.000000
2776.475260 85.000000
2781.475260 86.000000
2786.475230 85.000000
2791.475260 86.000000
2796.475260 84.000000
2801.475230 85.000000
2806.475260 85.000000
2812.475260 84.000000
2817.475260 85.000000
2825.475260 86.000000
2827.475260 86.000000
2832.475260 86.000000
2837.475260 86.000000
2842.475230 86.000000
2847.475260 86.000000
2855.475260 86.000000
2857.475260 86.000000
2863.475260 86.000000
2868.475260 86.000000
2873.475260 85.000000
2878.475260 85.000000
2883.475260 85.000000
2888.475260 86.000000
2893.475260 85.000000
2898.475230 85.000000
2903.475230 86.000000
2908.475230 85.000000
2913.475260 85.000000
2918.475260 85.000000
2925.475260 86.000000
2929.475260 86.000000
2938.475260 85.000000
2940.475260 86.000000
2945.475260 86.000000
2950.475260 86.000000
2955.475260 86.000000
2964.475260 86.000000
2965.475260 86.000000
2970.475260 86.000000
2976.475260 86.000000
2981.475230 85.000000
2986.475260 86.000000
2991.475260 86.000000
2997.475230 85.000000
3002.475230 86.000000
3007.475260 86.000000
3013.475260 86.000000
3018.475260 87.000000
3023.475260 89.000000
3028.475260 88.000000
3033.475260 86.000000
3038.475260 85.000000
3043.475230 85.000000
3048.475260 84.000000
3054.475260 85.000000
3059.475260 85.000000
3064.475260 85.000000
3070.475260 86.000000
3074.475260 86.000000
3079.475230 87.000000
3084.475230 86.000000
3092.475260 86.000000
3094.475260 86.000000
3100.475260 86.000000
3105.475260 86.000000
3110.475260 86.000000
3115.475260 86.000000
3120.475260 84.000000
3125.475260 84.000000
3131.475260 84.000000
3135.475230 84.000000
3140.475260 85.000000
3145.475260 87.000000
3151.475230 86.000000
3156.475230 86.000000
3163.475260 86.000000
3166.475260 86.000000
3172.475260 86.000000
3178.475260 86.000000
3184.475260 86.000000
3189.475260 86.000000
3195.475260 86.000000
3200.475260 84.000000
3205.475260 85.000000
3210.475260 86.000000
3216.475260 86.000000
3222.475230 86.000000
3227.475230 86.000000
3232.475260 86.000000
3237.475260 86.000000
3243.475230 86.000000
3248.475260 86.000000
3254.475260 86.000000
3259.475260 86.000000
3264.475260 85.000000
3269.475230 86.000000
3274.475260 85.000000
3279.475230 86.000000
3284.475230 86.000000
3289.475260 86.000000
3295.475260 83.000000
3300.475260 84.000000
3306.475230 85.000000
3311.475260 84.000000
3318.475230 86.000000
3321.475260 86.000000
3326.475260 86.000000
3332.475230 86.000000
3336.475260 86.000000
3341.475260 85.000000
3347.475260 86.000000
3352.475260 86.000000
3357.475230 86.000000
3362.475260 86.000000
3368.475260 86.000000
3373.475260 86.000000
3378.475260 86.000000
3383.475260 86.000000
3389.475260 86.000000
3394.475260 86.000000
3400.475230 85.000000
3405.475260 85.000000
3410.475260 86.000000
3416.475260 85.000000
3421.475230 86.000000
3426.475230 86.000000
3431.475260 86.000000
3439.475230 87.000000
3441.475260 87.000000
3446.475260 86.000000
3452.475230 86.000000
3456.475260 86.000000
3462.475260 86.000000
3468.475260 86.000000
3473.475260 87.000000
3478.475260 87.000000
3483.475260 87.000000
3488.475230 87.000000
3493.475260 86.000000
3498.475260 86.000000
3503.475260 86.000000
3508.475260 86.000000
3513.475260 86.000000
3518.475260 84.000000
3523.475260 83.000000
3528.475260 86.000000
3533.475260 85.000000
3538.475260 85.000000
3543.475260 86.000000
3548.475260 86.000000
3553.475260 88.000000
3558.475260 87.000000
3563.475230 86.000000
3568.475260 86.000000
3573.475260 86.000000
3579.475260 86.000000
3584.475260 86.000000
3590.475260 84.000000
3599.475260 86.000000
3600.475260 86.000000
3606.475260 87.000000
3611.475260 88.000000
3616.475260 86.000000
3621.475230 86.000000
3626.475230 86.000000
3631.475260 86.000000
3636.475260 86.000000
3641.475230 85.000000
3646.475260 84.000000
3651.475260 85.000000
3660.475260 87.000000
3661.475230 87.000000
3666.475260 85.000000
3671.475260 84.000000
3676.475260 84.000000
3682.475260 85.000000
3688.475260 86.000000
3694.475260 86.000000
3699.475260 99.000000
3708.475260 105.000000
3709.475230 104.000000
3714.475260 104.000000
3723.475260 95.000000
3728.475260 85.000000
3730.475260 84.000000
3736.475260 79.000000
3739.475260 78.000000
3744.475260 78.000000
3750.475260 78.000000
3755.475260 80.000000
3760.475230 77.000000
3765.475260 75.000000
3772.475260 77.000000
3775.475260 78.000000
3780.475260 78.000000
3785.475260 79.000000
3792.475230 79.000000
3797.475260 81.000000
3802.475260 80.000000
3805.475260 79.000000
3811.475230 78.000000
3816.475260 81.000000
3825.475260 82.000000
3827.475260 82.000000
3831.475260 80.000000
3836.475260 80.000000
3841.475260 79.000000
3846.475260 79.000000
3851.475260 78.000000
3856.475260 79.000000
3861.475260 80.000000
3866.475260 81.000000
3871.475260 81.000000
3876.475230 81.000000
3881.475260 81.000000
3886.475260 81.000000
3891.475260 80.000000
3897.475260 81.000000
3902.475260 82.000000
3907.475260 82.000000
3912.475230 82.000000
3917.475260 82.000000
3922.475260 81.000000
3927.475260 83.000000
3932.475230 82.000000
3937.475260 82.000000
3942.475260 82.000000
3951.475230 83.000000
3955.475260 81.000000
3958.475260 83.000000
3963.475230 83.000000
3968.475260 82.000000
3973.475260 82.000000
3978.475260 81.000000
3984.475260 82.000000
3989.475260 81.000000
3994.475260 81.000000
3999.475230 82.000000
4004.475230 82.000000
4009.475260 83.000000
4014.475260 83.000000
4019.475260 83.000000
4027.475230 83.000000
4029.475260 79.000000
4034.475260 80.000000
4040.475260 80.000000
4045.475260 81.000000
4051.475260 82.000000
4056.475260 81.000000
4061.475260 81.000000
4071.475260 84.000000
4072.475230 84.000000
4077.475260 83.000000
4083.475260 82.000000
4088.475230 83.000000
4093.475260 83.000000
4099.475260 83.000000
4104.475260 84.000000
4109.475230 83.000000
4114.475230 83.000000
4122.475260 83.000000
4124.475260 82.000000
4129.475260 82.000000
4135.475260 82.000000
4140.475260 82.000000
4145.475260 82.000000
4150.475260 82.000000
4155.475230 82.000000
4160.475260 83.000000
4167.475260 86.000000
4170.475230 85.000000
4175.475230 85.000000
4180.475260 85.000000
4188.475230 85.000000
4190.475230 84.000000
4195.475260 84.000000
4200.475260 85.000000
4205.475260 85.000000
4210.475230 84.000000
4215.475260 85.000000
4221.475260 85.000000
4226.475230 84.000000
4231.475260 84.000000
4236.475260 84.000000
4241.475230 84.000000
4246.475260 86.000000
4251.475260 87.000000
4256.475260 86.000000
4262.475260 85.000000
4267.475260 84.000000
4273.475230 84.000000
4278.475260 84.000000
4283.475260 85.000000
4288.475260 84.000000
4293.475260 84.000000
4298.475260 85.000000
4304.475230 85.000000
4311.475260 85.000000
4313.475260 85.000000
4318.475260 85.000000
4323.475260 85.000000
4328.475230 85.000000
4333.475260 85.000000
4338.475260 85.000000
4343.475260 85.000000
4348.475260 85.000000
4355.475260 85.000000
4362.475260 110.000000
4364.475260 110.000000
4372.475260 85.000000
4376.475260 85.000000
4383.475260 75.000000
4385.475230 75.000000
4393.475260 76.000000
4398.475260 76.000000
4403.475260 77.000000
4408.475230 78.000000
4410.475260 79.000000
4415.475230 79.000000
4423.475260 84.000000
4427.475260 86.000000
4431.475260 87.000000
4438.475260 83.000000
4443.475230 82.000000
4447.475260 80.000000
4452.475260 79.000000
4457.475230 78.000000
4462.475260 80.000000
4467.475260 82.000000
4473.475230 86.000000
4480.475260 87.000000
4482.475230 88.000000
4487.475260 88.000000
4492.475260 88.000000
4498.475260 88.000000
4506.475260 86.000000
4509.475230 86.000000
4518.475260 86.000000
4519.475260 86.000000
4524.475260 86.000000
4533.475260 91.000000
4534.475230 91.000000
4539.475260 88.000000
4545.475260 88.000000
4550.475230 90.000000
4555.475260 92.000000
4560.475260 93.000000
4565.475230 94.000000
4570.475260 92.000000
4576.475230 91.000000
4581.475260 92.000000
4586.475260 92.000000
4591.475260 91.000000
4596.475260 87.000000
4601.475260 86.000000
4606.475230 88.000000
4611.475260 93.000000
4616.475260 90.000000
4623.475260 89.000000
4626.475230 89.000000
4633.475230 89.000000
4636.475260 89.000000
4641.475260 89.000000
4646.475260 89.000000
4651.475260 89.000000
4661.475260 90.000000
4662.475260 90.000000
4667.475260 91.000000
4672.475260 91.000000
4677.475260 91.000000
4686.475260 95.000000
4688.475260 95.000000
4693.475260 95.000000
4700.475260 90.000000
4703.475260 90.000000
4708.475260 91.000000
4713.475260 90.000000
4718.475260 87.000000
4724.475260 88.000000
4729.475260 90.000000
4734.475260 93.000000
4740.475260 94.000000
4745.475260 93.000000
4750.475260 92.000000
4755.475260 92.000000
4760.475260 90.000000
4766.475260 89.000000
4771.475260 94.000000
4777.475230 92.000000
4784.475260 91.000000
4787.475260 91.000000
4794.475230 85.000000
4800.475260 85.000000
4802.475260 85.000000
4807.475260 86.000000
4813.475260 89.000000
4818.475260 85.000000
4825.475230 84.000000
4828.475260 85.000000
4837.475260 91.000000
4838.475230 91.000000
4843.475260 91.000000
4848.475230 90.000000
4853.475260 87.000000
4858.475230 86.000000
4867.475230 82.000000
4869.475260 83.000000
4874.475260 85.000000
4879.475260 86.000000
4884.475260 86.000000
4889.475260 86.000000
4894.475260 86.000000
4900.475230 86.000000
4905.475260 90.000000
4910.475260 92.000000
4915.475260 92.000000
4920.475260 92.000000
4927.475260 94.000000
4931.475260 94.000000
4936.475260 94.000000
4941.475260 94.000000
4946.475230 96.000000
4951.475260 96.000000
4959.475260 93.000000
4961.475260 93.000000
4966.475230 92.000000
4971.475260 91.000000
4976.475230 91.000000
4981.475260 94.000000
4986.475260 94.000000
4991.475260 95.000000
4996.475260 99.000000
5001.475260 99.000000
5006.475260 95.000000
5012.475260 100.000000
5017.475230 99.000000
5025.475260 89.000000
5027.475260 89.000000
5033.475260 89.000000
5038.475260 87.000000
5047.475260 87.000000
5048.475230 87.000000
5053.475230 86.000000
5058.475260 86.000000
5063.475260 88.000000
5068.475260 87.000000
5073.475260 88.000000
5078.475230 90.000000
5083.475260 89.000000
5088.475260 89.000000
5093.475230 87.000000
5098.475260 85.000000
5104.475260 85.000000
5109.475260 86.000000
5114.475260 91.000000
5119.475260 86.000000
5128.475230 94.000000
5130.475260 94.000000
5139.475260 84.000000
5140.475260 84.000000
5145.475260 85.000000
5150.475260 84.000000
5155.475230 86.000000
5160.475260 87.000000
5165.475230 86.000000
5170.475260 84.000000
5175.475260 82.000000
5181.475230 83.000000
5186.475260 82.000000
5191.475230 86.000000
5197.475260 85.000000
5201.475260 86.000000
5206.475260 86.000000
5212.475260 85.000000
5217.475260 83.000000
5222.475260 84.000000
5227.475260 86.000000
5232.475260 86.000000
5237.475260 83.000000
5242.475260 86.000000
5247.475260 86.000000
5253.475260 86.000000
5259.475230 86.000000
5265.475260 82.000000
5269.475260 81.000000
5276.475230 87.000000
5279.475260 86.000000
5285.475260 86.000000
5290.475260 82.000000
5295.475260 84.000000
5305.475230 78.000000
5307.475260 78.000000
5312.475260 84.000000
5317.475260 86.000000
5322.475260 83.000000
5328.475260 81.000000
5333.475260 81.000000
5338.475260 81.000000
5343.475260 81.000000
5348.475260 82.000000
5353.475260 81.000000
5358.475260 86.000000
5363.475260 86.000000
5368.475260 88.000000
5373.475260 89.000000
5383.475260 83.000000
5384.475230 83.000000
5389.475260 83.000000
5394.475230 83.000000
5399.475260 84.000000
5404.465760 83.000000
5411.465760 84.000000
5416.465760 85.000000
5421.465760 87.000000
5428.465760 89.000000
5431.465760 91.000000
5436.465760 90.000000
5441.465760 87.000000
5447.465730 86.000000
5452.465760 81.000000
5458.465760 81.000000
5463.465760 84.000000
5469.465760 85.000000
5478.465760 80.000000
5479.465760 80.000000
5484.465760 84.000000
5489.465760 84.000000
5495.465760 77.000000
5499.465760 77.000000
5508.465760 81.000000
5510.465760 86.000000
5516.465760 81.000000
5521.465730 86.000000
5526.465760 85.000000
5531.465760 78.000000
5536.465760 79.000000
5541.465760 81.000000
5546.465760 82.000000
5551.465760 84.000000
5556.465730 83.000000
5561.465760 85.000000
5566.465760 86.000000
5575.465730 86.000000
5577.465760 80.000000
5583.465760 78.000000
5590.465760 85.000000
5593.465760 86.000000
5598.465760 81.000000
5603.465760 80.000000
5608.465760 81.000000
5613.465730 84.000000
5618.465760 85.000000
5623.465760 82.000000
5628.465760 82.000000
5636.465730 86.000000
5639.465730 86.000000
5644.465760 88.000000
5649.465760 85.000000
5655.465760 90.000000
5660.465760 89.000000
5665.465730 88.000000
5670.465760 82.000000
5675.465760 82.000000
5680.465760 86.000000
5685.465760 81.000000
5690.465760 83.000000
5696.465760 85.000000
5702.465760 84.000000
5707.465760 84.000000
5712.465760 84.000000
5717.465730 83.000000
5724.465760 83.000000
5727.465730 83.000000
5732.465730 83.000000
5737.465760 82.000000
5743.465760 81.000000
5748.465760 83.000000
5753.465760 85.000000
5758.465730 86.000000
5763.465760 86.000000
5768.465760 86.000000
5773.465760 91.000000
5778.465760 91.000000
5784.465760 92.000000
5792.465760 81.000000
5794.465760 80.000000
5799.465760 82.000000
5804.465760 82.000000
5811.465760 78.000000
5814.465760 77.000000
5819.465760 77.000000
5824.465730 79.000000
5829.465730 79.000000
5834.465760 78.000000
5839.465760 80.000000
5844.465760 82.000000
5851.465760 88.000000
5855.465760 87.000000
5860.465730 86.000000
5865.465760 86.000000
5872.465760 84.000000
5875.465760 85.000000
5880.465760 85.000000
5885.465760 85.000000
5891.465760 80.000000
5895.465760 77.000000
5900.465760 77.000000
5905.465760 80.000000
5911.465760 81.000000
5916.465760 79.000000
5921.465760 79.000000
5926.465760 80.000000
5931.465760 82.000000
5936.465760 83.000000
5941.465730 87.000000
5946.465760 86.000000
5951.465760 85.000000
5956.465760 86.000000
5962.465760 84.000000
5967.465760 84.000000
5972.465760 84.000000
5977.465730 84.000000
5982.465730 77.000000
5987.465760 82.000000
5995.465760 77.000000
5997.465760 77.000000
6002.465760 82.000000
6007.465760 83.000000
6013.465760 81.000000
6018.465760 84.000000
6028.465760 79.000000
6029.465760 79.000000
6037.465760 83.000000
6040.465760 84.000000
6045.465730 86.000000
6050.465760 85.000000
6055.465760 85.000000
6060.465730 86.000000
6065.465730 86.000000
6072.465760 82.000000
6076.465760 81.000000
6084.465760 85.000000
6090.465730 86.000000
6092.465760 82.000000
6097.465760 79.000000
6102.465730 80.000000
6107.465760 79.000000
6112.465760 79.000000
6117.465730 79.000000
6122.465730 79.000000
6127.465760 81.000000
6132.465760 84.000000
6138.465760 85.000000
6143.465760 86.000000
6152.465760 84.000000
6154.465760 82.000000
6159.465760 81.000000
6164.465730 82.000000
6169.465760 80.000000
6175.465760 81.000000
6180.465760 82.000000
6185.465760 82.000000
6190.465760 81.000000
6196.465730 86.000000
6204.465760 83.000000
6206.465760 83.000000
6211.465760 87.000000
6220.465760 86.000000
6221.465760 86.000000
6229.465730 78.000000
6231.465760 80.000000
6236.465760 82.000000
6241.465760 83.000000
6246.465730 82.000000
6251.465760 82.000000
6260.465760 84.000000
6261.465760 84.000000
6266.465760 84.000000
6272.465760 85.000000
6278.465760 81.000000
6283.465760 79.000000
6288.465760 79.000000
6293.465760 84.000000
6298.465730 85.000000
6303.465760 86.000000
6308.465730 82.000000
6313.465760 84.000000
6318.465760 86.000000
6323.465760 81.000000
6328.465760 79.000000
6333.465760 79.000000
6341.465760 86.000000
6343.465760 85.000000
6348.465760 77.000000
6353.465760 80.000000
6358.465730 81.000000
6363.465760 81.000000
6368.465760 82.000000
6373.465760 83.000000
6378.465730 83.000000
6383.465760 83.000000
6390.465760 84.000000
6394.465760 77.000000
6399.465730 78.000000
6404.465760 80.000000
6409.465760 81.000000
6414.465760 78.000000
6419.465760 78.000000
6424.465760 79.000000
6430.465760 80.000000
6439.465760 83.000000
6440.465760 84.000000
6445.465730 85.000000
6450.465760 83.000000
6455.465760 83.000000
6460.465760 81.000000
6465.465760 81.000000
6471.465760 81.000000
6475.465760 78.000000
6480.465760 79.000000
6485.465760 81.000000
6490.465760 83.000000
6497.465760 81.000000
6500.465760 79.000000
6506.465760 79.000000
6514.465730 79.000000
6516.465760 78.000000
6521.465760 77.000000
6526.465760 80.000000
6532.465760 80.000000
6537.465760 79.000000
6542.465760 79.000000
6547.465730 80.000000
6553.465730 80.000000
6557.465760 80.000000
6562.465760 78.000000
6567.465760 78.000000
6576.465760 80.000000
6578.465760 80.000000
6583.465760 80.000000
6590.465730 80.000000
6593.465760 79.000000
6598.465760 81.000000
6603.465760 82.000000
6608.465760 82.000000
6613.465730 82.000000
6618.465760 82.000000
6623.465760 81.000000
6628.465760 81.000000
6633.465760 81.000000
6639.465760 81.000000
6644.465730 82.000000
6649.465760 84.000000
6654.465760 82.000000
6659.465760 83.000000
6664.465760 82.000000
6669.465760 82.000000
6674.465730 79.000000
6679.465730 80.000000
6688.465760 84.000000
6689.465760 84.000000
6694.465760 84.000000
6699.465760 82.000000
6704.465760 81.000000
6709.465760 81.000000
6715.465760 81.000000
6722.465730 83.000000
6726.465760 81.000000
6731.465760 81.000000
6737.465760 80.000000
6743.465760 80.000000
6749.465760 80.000000
6754.465760 81.000000
6759.465760 82.000000
6764.465760 81.000000
6769.465760 81.000000
6775.465760 81.000000
6780.465760 81.000000
6786.465760 83.000000
6790.465760 81.000000
6797.465760 83.000000
6800.465760 86.000000
6805.465760 83.000000
6810.465730 82.000000
6815.465760 82.000000
6823.465760 82.000000
6831.465760 76.000000
6832.465760 76.000000
6837.465760 79.000000
6842.465760 82.000000
6848.465760 78.000000
6852.465760 80.000000
6857.465760 82.000000
6863.465760 82.000000
6868.465760 82.000000
6873.465760 82.000000
6878.465760 82.000000
6884.465760 83.000000
6889.465760 82.000000
6894.465760 82.000000
6899.465730 83.000000
6904.465760 83.000000
6909.465760 84.000000
6914.465760 84.000000
6919.465760 85.000000
6924.465760 85.000000
6931.465760 84.000000
6935.465730 83.000000
6944.465730 81.000000
6946.465760 81.000000
6951.465760 82.000000
6956.465760 83.000000
6962.465730 83.000000
6967.465760 82.000000
6972.465730 81.000000
6977.465730 82.000000
6982.465760 84.000000
6987.465760 83.000000
6992.465760 82.000000
6997.465760 84.000000
7003.465730 85.000000
7008.465760 84.000000
7013.465760 84.000000
7018.465760 83.000000
7024.465760 84.000000
7029.465730 83.000000
7034.465760 83.000000
7043.465760 82.000000
7044.465760 82.000000
7049.465760 86.000000
7057.465760 84.000000
7059.465760 82.000000
7064.465760 85.000000
7069.465730 85.000000
7074.465760 83.000000
7079.465760 80.000000
7084.465760 80.000000
7090.465760 81.000000
7095.465760 82.000000
7100.465760 83.000000
7105.465760 84.000000
7111.465760 85.000000
7116.465760 85.000000
7121.465730 85.000000
7126.465730 84.000000
7131.465760 85.000000
7136.465760 86.000000
7141.465760 85.000000
7146.465730 84.000000
7151.465760 85.000000
7156.465730 86.000000
7161.465760 82.000000
7167.465760 82.000000
7172.465760 85.000000
7177.465760 85.000000
7183.465760 82.000000
7188.465760 83.000000
7193.465760 83.000000
7198.465760 83.000000
7203.465760 84.000000
7208.465730 85.000000
7213.465760 84.000000
7218.465760 84.000000
7227.465760 86.000000
7228.465760 86.000000
7233.465760 84.000000
7239.465730 83.000000
7244.465760 83.000000
7249.465760 84.000000
7254.465760 84.000000
7259.465760 84.000000
7264.465760 85.000000
7269.465760 85.000000
7274.465760 85.000000
7281.465760 85.000000
7284.465760 85.000000
7290.465760 86.000000
7297.465760 86.000000
7299.465760 86.000000
7304.465730 86.000000
7309.465760 84.000000
7314.465730 85.000000
7319.465760 86.000000
7325.465760 85.000000
7330.465730 85.000000
7335.465730 86.000000
7340.465760 85.000000
7346.465760 85.000000
7351.465760 85.000000
7356.465760 85.000000
7362.465760 85.000000
7367.465760 85.000000
7373.465730 85.000000
7377.465760 83.000000
7382.465760 82.000000
7387.465760 83.000000
7392.465760 83.000000
7397.465760 83.000000
7403.465730 83.000000
7408.465730 82.000000
7413.465760 82.000000
7418.465730 82.000000
7423.465760 82.000000
7429.465730 82.000000
7434.465760 82.000000
7439.465760 84.000000
7444.465760 83.000000
7449.465760 83.000000
7454.465760 83.000000
7459.465730 83.000000
7464.465760 84.000000
7469.465760 85.000000
7474.465760 86.000000
7479.465760 86.000000
7484.465760 82.000000
7489.465760 83.000000
7494.465760 85.000000
7499.465760 85.000000
7504.465760 87.000000
7509.465760 86.000000
7514.465730 86.000000
7519.465730 85.000000
7524.465760 85.000000
7533.465760 86.000000
7537.465760 86.000000
7539.465760 86.000000
7544.465760 85.000000
7549.465760 83.000000
7554.465730 84.000000
7559.465760 85.000000
7564.465730 86.000000
7570.465760 86.000000
7574.465760 86.000000
7579.465730 86.000000
7584.465730 87.000000
7589.465760 86.000000
7594.465760 86.000000
7599.465760 86.000000
7604.465760 85.000000
7609.465730 85.000000
7614.465760 85.000000
7619.465760 85.000000
7625.465760 85.000000
7631.465760 85.000000
7640.465760 85.000000
7641.465760 85.000000
7647.465760 85.000000
7652.465760 83.000000
7657.465760 83.000000
7664.465760 86.000000
7667.465760 87.000000
7672.465760 86.000000
7677.465760 86.000000
7682.465730 86.000000
7687.465760 85.000000
7692.465760 85.000000
7697.465730 85.000000
7702.465760 85.000000
7708.465760 85.000000
7713.465760 85.000000
7718.465760 85.000000
7723.465760 84.000000
7728.465760 84.000000
7733.465760 86.000000
7741.465760 86.000000
7743.465730 86.000000
7748.465760 86.000000
7753.465760 86.000000
7758.465760 86.000000
7766.465730 86.000000
7769.465760 86.000000
7774.465760 86.000000
7779.465760 86.000000
7784.465730 86.000000
7789.465760 85.000000
7794.465730 85.000000
7799.465760 85.000000
7804.465760 83.000000
7810.465730 83.000000
7815.465730 84.000000
7820.465760 82.000000
7826.465760 86.000000
7831.465760 86.000000
7836.465760 85.000000
7841.465760 85.000000
7846.465760 83.000000
7851.465760 84.000000
7857.465760 84.000000
7866.465760 84.000000
7867.465760 84.000000
7872.465760 80.000000
7877.465760 82.000000
7883.465760 82.000000
7888.465730 82.000000
7893.465760 84.000000
7898.465760 85.000000
7904.465760 86.000000
7908.465760 86.000000
7913.465760 85.000000
7918.465760 84.000000
7923.465730 83.000000
7928.465760 82.000000
7933.465760 82.000000
7939.465760 82.000000
7944.465760 85.000000
7950.465760 86.000000
7956.465760 86.000000
7961.465730 86.000000
7968.465760 84.000000
7971.465730 81.000000
7976.465730 82.000000
7981.465760 85.000000
7986.465730 85.000000
7991.465760 83.000000
7997.465730 84.000000
8002.465760 86.000000
8007.465730 84.000000
8012.465760 81.000000
8018.465760 82.000000
8026.465760 85.000000
8029.465730 84.000000
8034.465760 82.000000
8040.465760 83.000000
8045.465760 84.000000
8050.465760 80.000000
8055.465760 82.000000
8060.465760 84.000000
8066.465760 86.000000
8072.465760 85.000000
8077.465760 83.000000
8082.465760 83.000000
8087.465760 85.000000
8092.465760 84.000000
8097.465760 83.000000
8102.465760 84.000000
8107.465730 84.000000
8112.465760 86.000000
8117.465760 83.000000
8123.465760 82.000000
8128.465760 83.000000
8133.465760 83.000000
8138.465760 83.000000
8143.465760 83.000000
8148.465730 85.000000
8153.465760 83.000000
8158.465760 85.000000
8163.465730 86.000000
8168.465730 85.000000
8173.465730 83.000000
8178.465760 82.000000
8183.465760 82.000000
8192.465760 82.000000
8193.465760 82.000000
8198.465760 82.000000
8203.465760 82.000000
8208.465730 85.000000
8213.465760 84.000000
8218.465730 84.000000
8223.465760 85.000000
8229.465730 84.000000
8233.465760 84.000000
8238.465760 83.000000
8243.465760 84.000000
8248.465760 84.000000
8253.465760 83.000000
8258.465730 84.000000
8263.465760 84.000000
8268.465730 83.000000
8273.465760 83.000000
8278.465730 83.000000
8283.465730 80.000000
8288.465760 83.000000
8293.465760 86.000000
8298.465760 85.000000
8303.465760 82.000000
8308.465760 83.000000
8313.465760 85.000000
8319.465730 83.000000
8324.465760 83.000000
8329.465760 81.000000
8335.465730 82.000000
8340.465730 84.000000
8345.465760 85.000000
8350.465760 85.000000
8355.465760 85.000000
8360.465760 82.000000
8365.465730 82.000000
8370.465760 84.000000
8375.465760 86.000000
8380.465760 85.000000
8385.465760 83.000000
8390.465760 82.000000
8396.465760 82.000000
8402.465760 82.000000
8408.465760 85.000000
8413.465760 86.000000
8418.465730 86.000000
8423.465730 86.000000
8428.465760 86.000000
8433.465760 86.000000
8438.465760 85.000000
8443.465730 85.000000
8448.465760 85.000000
8454.465760 86.000000
8459.465760 86.000000
8464.465730 84.000000
8469.465730 84.000000
8474.465730 84.000000
8479.465730 84.000000
8484.465730 85.000000
8489.465760 86.000000
8494.465730 86.000000
8499.465760 85.000000
8504.465760 85.000000
8509.465760 85.000000
8515.465760 85.000000
8521.465730 85.000000
8526.465760 85.000000
8532.465760 83.000000
8537.465760 84.000000
8542.465730 84.000000
8547.465760 85.000000
8552.465760 84.000000
8557.465760 85.000000
8562.465760 85.000000
8567.465760 84.000000
8572.465730 85.000000
8577.465730 85.000000
8583.465760 82.000000
8588.465760 83.000000
8593.465760 85.000000
8598.465760 85.000000
8603.465760 85.000000
8608.465760 84.000000
8613.465730 84.000000
8618.465760 84.000000
8623.465730 84.000000
8628.465760 84.000000
8633.465730 85.000000
8638.465760 85.000000
8643.465760 85.000000
8648.465760 83.000000
8657.465760 87.000000
8659.465760 86.000000
8664.465760 82.000000
8669.465760 84.000000
8674.465760 84.000000
8679.465760 83.000000
8684.465760 83.000000
8689.465760 83.000000
8694.465760 83.000000
8699.465760 83.000000
8704.465730 84.000000
8709.465760 85.000000
8714.465760 84.000000
8719.465760 82.000000
8724.465760 83.000000
8729.465760 84.000000
8734.465730 83.000000
8739.465760 84.000000
8744.465760 86.000000
8749.465730 85.000000
8758.465760 83.000000
8759.465760 82.000000
8764.465760 82.000000
8769.465760 83.000000
8774.465760 85.000000
8779.465760 86.000000
8784.465760 85.000000
8793.465760 84.000000
8797.465760 84.000000
8800.465730 84.000000
8805.465760 85.000000
8810.465760 85.000000
8815.465760 85.000000
8820.465760 85.000000
8828.465760 82.000000
8830.465760 83.000000
8835.465760 83.000000
8840.465730 82.000000
8845.465760 82.000000
8850.465760 82.000000
8855.465760 82.000000
8860.465730 83.000000
8865.465730 84.000000
8870.465760 84.000000
8875.465760 84.000000
8880.465760 84.000000
8885.465760 84.000000
8890.465760 86.000000
8895.465760 86.000000
8900.465760 85.000000
8905.465730 84.000000
8910.465760 85.000000
8915.465760 84.000000
8921.465760 85.000000
8926.465760 84.000000
8931.465760 83.000000
8936.465760 83.000000
8941.465760 83.000000
8946.465760 86.000000
8951.465760 85.000000
8956.465760 84.000000
8961.465760 83.000000
8966.465760 83.000000
8971.465760 86.000000
8976.465760 84.000000
8981.465760 83.000000
8991.465730 86.000000
8993.465730 81.000000
8998.465760 82.000000
9003.465760 83.000000
9008.468120 84.000000
9014.468120 84.000000
9019.468120 82.000000
9024.468120 83.000000
9029.468090 83.000000
9034.468090 83.000000
9039.468120 83.000000
9044.468120 83.000000
9049.468120 82.000000
9054.468120 82.000000
9060.468120 82.000000
9065.468120 83.000000
9070.468120 83.000000
9075.468120 83.000000
9081.468120 81.000000
9086.468090 81.000000
9091.468120 81.000000
9098.468090 81.000000
9101.468120 82.000000
9110.468120 83.000000
9111.468120 84.000000
9117.468120 83.000000
9122.468120 81.000000
9132.468120 82.000000
9133.468120 82.000000
9139.468120 82.000000
9145.468120 81.000000
9150.468120 80.000000
9157.468120 83.000000
9160.468120 83.000000
9165.468120 84.000000
9171.468120 86.000000
9176.468120 83.000000
9182.468120 82.000000
9187.468120 81.000000
9192.468120 81.000000
9197.468120 84.000000
9202.468120 81.000000
9207.468090 82.000000
9212.468120 83.000000
9217.468090 83.000000
9222.468120 83.000000
9227.468120 83.000000
9232.468120 80.000000
9237.468090 81.000000
9242.468120 82.000000
9247.468120 83.000000
9252.468120 83.000000
9257.468120 83.000000
9262.468090 82.000000
9271.468120 84.000000
9272.468120 84.000000
9277.468120 79.000000
9283.468120 82.000000
9289.468120 80.000000
9296.468120 81.000000
9299.468090 79.000000
9304.468120 80.000000
9309.468120 79.000000
9314.468120 82.000000
9319.468090 83.000000
9324.468120 83.000000
9329.468120 83.000000
9334.468120 81.000000
9339.468120 83.000000
9344.468120 83.000000
9350.468120 80.000000
9355.468120 82.000000
9360.468090 81.000000
9365.468120 81.000000
9370.468090 81.000000
9375.468120 82.000000
9381.468120 82.000000
9386.468120 82.000000
9391.468120 82.000000
9396.468090 82.000000
9401.468120 82.000000
9410.468120 83.000000
9411.468090 82.000000
9416.468120 78.000000
9422.468120 80.000000
9427.468120 82.000000
9433.468120 81.000000
9438.468120 79.000000
9443.468120 79.000000
9448.468120 80.000000
9453.468090 77.000000
9458.468120 77.000000
9464.468120 78.000000
9469.468120 78.000000
9475.468120 79.000000
9480.468120 79.000000
9484.468090 79.000000
9489.468090 79.000000
9494.468120 79.000000
9499.468120 79.000000
9504.468120 80.000000
9511.468120 81.000000
9514.468090 81.000000
9521.468090 82.000000
9524.468120 81.000000
9529.468120 79.000000
9534.468120 80.000000
9541.468120 81.000000
9545.468120 81.000000
9550.468120 81.000000
9555.468120 84.000000
9560.468120 85.000000
9565.468120 85.000000
9571.468120 85.000000
9579.468120 112.000000
9584.468120 112.000000
9587.468120 112.000000
9593.468120 87.000000
9598.468120 86.000000
9605.468120 77.000000
9610.468120 77.000000
9615.468120 77.000000
9620.468120 80.000000
9621.468120 80.000000
9629.468090 72.000000
9635.468090 74.000000
9639.468120 75.000000
9642.468120 76.000000
9647.468090 72.000000
9654.468120 72.000000
9657.468120 71.000000
9662.468090 72.000000
9667.468090 72.000000
9675.468120 72.000000
9677.468120 72.000000
9682.468120 79.000000
9688.468090 81.000000
9693.468120 80.000000
9702.468120 69.000000
9703.468120 69.000000
9708.468120 71.000000
9713.468120 69.000000
9718.468120 71.000000
9727.468120 72.000000
9732.468120 71.000000
9733.468120 71.000000
9738.468090 71.000000
9743.468120 71.000000
9748.468120 71.000000
9753.468120 71.000000
9760.468090 72.000000
9763.468120 71.000000
9768.468120 71.000000
9773.468090 71.000000
9780.468120 71.000000
9783.468090 75.000000
9788.468120 73.000000
9794.468120 74.000000
9799.468090 74.000000
9804.468120 75.000000
9810.468120 84.000000
9814.468120 83.000000
9820.468120 83.000000
9827.468090 72.000000
9834.468120 70.000000
9837.468120 71.000000
9842.468120 76.000000
9851.468120 77.000000
9852.468120 77.000000
9859.468120 71.000000
9863.468120 72.000000
9867.468120 71.000000
9873.468120 72.000000
9881.468120 72.000000
9883.468090 72.000000
9891.468120 72.000000
9896.468090 72.000000
9898.468090 72.000000
9903.468120 73.000000
9909.468120 73.000000
9915.468120 75.000000
9920.468120 77.000000
9926.468120 77.000000
9931.468120 87.000000
9936.468120 87.000000
9941.468120 87.000000
9948.468120 74.000000
9951.468120 75.000000
9956.468120 75.000000
9964.468120 73.000000
9967.468090 73.000000
9972.468120 73.000000
9977.468120 74.000000
9982.468120 77.000000
9990.468120 76.000000
9994.468120 76.000000
9997.468090 76.000000
10002.468120 76.000000
10007.468120 83.000000
10013.468120 70.000000
10021.468120 76.000000
10022.468120 77.000000
10027.468120 76.000000
10032.468120 75.000000
10037.468120 77.000000
10042.468120 78.000000
10047.468120 78.000000
10052.468120 89.000000
10059.468120 86.000000
10063.468120 86.000000
10072.468120 80.000000
10074.468120 85.000000
10082.468120 77.000000
10084.468120 77.000000
10088.468120 78.000000
10096.468120 73.000000
10098.468090 73.000000
10103.468120 77.000000
10108.468120 76.000000
10118.468120 82.000000
10120.468120 82.000000
10125.468120 82.000000
10131.468120 75.000000
10136.468120 74.000000
10141.468120 74.000000
10146.468120 74.000000
10154.468120 74.000000
10156.468120 73.000000
10161.468120 72.000000
10166.468090 73.000000
10171.468120 75.000000
10177.468120 75.000000
10184.468120 75.000000
10187.468120 77.000000
10192.468120 77.000000
10197.468120 78.000000
10202.468120 79.000000
10207.468120 79.000000
10212.468120 79.000000
10218.468120 73.000000
10223.468120 76.000000
10228.468120 74.000000
10233.468120 75.000000
10238.468120 80.000000
10244.468120 80.000000
10249.468120 79.000000
10254.468120 79.000000
10260.468090 80.000000
10265.468120 79.000000
10270.468120 80.000000
10280.468120 85.000000
10281.468120 84.000000
10287.468120 83.000000
10292.468090 82.000000
10297.468120 83.000000
10307.468120 77.000000
10308.468120 78.000000
10313.468120 79.000000
10318.468120 80.000000
10323.468120 82.000000
10329.468120 81.000000
10335.468090 82.000000
10340.468090 79.000000
10345.468090 78.000000
10350.468120 77.000000
10355.468090 77.000000
10360.468120 81.000000
10366.468090 81.000000
10371.468120 81.000000
10379.468120 81.000000
10381.468090 86.000000
10386.468120 86.000000
10394.468120 80.000000
10396.468120 81.000000
10401.468090 79.000000
10406.468090 78.000000
10411.468120 80.000000
10416.468120 79.000000
10421.468120 79.000000
10427.468120 79.000000
10432.468120 79.000000
10442.468120 84.000000
10447.468120 83.000000
10448.468120 83.000000
10453.468120 82.000000
10462.468120 90.000000
10464.468120 88.000000
10468.468120 86.000000
10473.468120 84.000000
10480.468120 75.000000
10483.468120 74.000000
10488.468090 74.000000
10493.468090 72.000000
10498.468120 72.000000
10504.468120 74.000000
10509.468120 76.000000
10514.468090 75.000000
10519.468120 77.000000
10524.468120 78.000000
10529.468120 79.000000
10534.468120 79.000000
10539.468120 79.000000
10544.468120 79.000000
10549.468120 82.000000
10555.468120 81.000000
10560.468120 81.000000
10565.468120 82.000000
10570.468120 81.000000
10575.468120 77.000000
10580.468120 77.000000
10585.468120 80.000000
10590.468120 80.000000
10597.468120 79.000000
10604.468120 82.000000
10606.468120 84.000000
10611.468120 82.000000
10619.468120 81.000000
10622.468120 80.000000
10627.468120 75.000000
10632.468120 78.000000
10637.468120 77.000000
10642.468120 76.000000
10647.468120 76.000000
10653.468090 78.000000
10658.468120 81.000000
10663.468120 81.000000
10669.468120 80.000000
10674.468120 80.000000
10680.468120 77.000000
10685.468120 77.000000
10690.468090 77.000000
10695.468090 77.000000
10700.468120 77.000000
10707.468120 80.000000
10710.468120 80.000000
10715.468090 80.000000
10720.468120 77.000000
10730.468120 80.000000
10731.468120 78.000000
10736.468120 78.000000
10741.468120 82.000000
10746.468120 82.000000
10751.468120 83.000000
10756.468120 80.000000
10762.468090 79.000000
10770.468120 76.000000
10776.468120 75.000000
10780.468120 72.000000
10783.468120 74.000000
10789.468120 78.000000
10794.468120 79.000000
10799.468120 79.000000
10804.468090 79.000000
10809.468120 77.000000
10814.468120 73.000000
10819.468090 72.000000
10824.468090 72.000000
10829.468120 73.000000
10834.468120 73.000000
10839.468120 74.000000
10847.468120 80.000000
10849.468120 78.000000
10854.468120 76.000000
10859.468090 80.000000
10867.468120 71.000000
10870.468120 71.000000
10879.468120 75.000000
10882.468120 75.000000
10886.468120 69.000000
10890.468120 70.000000
10895.468120 75.000000
10900.468120 74.000000
10906.468120 74.000000
10910.468120 70.000000
10915.468120 71.000000
10920.468120 71.000000
10925.468120 71.000000
10930.468120 73.000000
10936.468120 72.000000
10941.468120 76.000000
10946.468120 77.000000
10951.468120 75.000000
10956.468120 74.000000
10962.468090 75.000000
10967.468120 75.000000
10972.468090 78.000000
10979.468120 78.000000
10982.468120 80.000000
10988.468120 75.000000
10993.468120 75.000000
10999.468120 73.000000
11004.468090 73.000000
11009.468090 74.000000
11014.468120 74.000000
11019.468090 72.000000
11024.468120 73.000000
11033.468090 76.000000
11035.468090 72.000000
11040.468120 71.000000
11045.468090 79.000000
11050.468120 73.000000
11055.468120 75.000000
11061.468120 75.000000
11066.468120 73.000000
11071.468120 72.000000
11076.468090 72.000000
11085.468120 76.000000
11087.468120 76.000000
11091.468090 72.000000
11096.468120 73.000000
11101.468090 74.000000
11106.468120 75.000000
11111.468120 77.000000
11116.468120 77.000000
11121.468120 76.000000
11129.468120 76.000000
11136.468120 77.000000
11137.468120 77.000000
11142.468120 75.000000
11150.468120 68.000000
11155.468090 71.000000
11157.468120 74.000000
11163.468120 75.000000
11173.468120 71.000000
11174.468120 72.000000
11180.468090 72.000000
11185.468120 75.000000
11191.468090 76.000000
11196.468090 77.000000
11203.468120 76.000000
11206.468120 72.000000
11211.468120 71.000000
11216.468120 72.000000
11224.468120 72.000000
11229.468120 76.000000
11233.468120 74.000000
11237.468090 70.000000
11242.468120 71.000000
11247.468120 71.000000
11252.468120 69.000000
11262.468120 72.000000
11263.468090 74.000000
11268.468120 75.000000
11273.468120 74.000000
11279.468090 74.000000
11287.468090 79.000000
11289.468120 80.000000
11298.468120 82.000000
11302.468120 82.000000
11304.468120 81.000000
11311.468120 70.000000
11314.468120 71.000000
11319.468120 70.000000
11324.468120 70.000000
11329.468120 77.000000
11335.468120 77.000000
11341.468120 71.000000
11346.468120 71.000000
11351.468120 71.000000
11356.468120 70.000000
11362.468120 73.000000
11367.468120 74.000000
11375.468120 77.000000
11376.468090 78.000000
11381.468120 76.000000
11386.468120 74.000000
11394.468120 74.000000
11396.468090 73.000000
11404.468120 73.000000
11406.468120 73.000000
11412.468090 67.000000
11419.468120 77.000000
11422.468120 75.000000
11427.468120 74.000000
11433.468120 77.000000
11439.468120 75.000000
11444.468120 73.000000
11449.468120 73.000000
11454.468090 72.000000
11459.468090 72.000000
11464.468120 72.000000
11472.468120 72.000000
11474.468120 71.000000
11480.468090 73.000000
11488.468090 73.000000
11490.468120 77.000000
11495.468120 77.000000
11500.468120 77.000000
11505.468120 76.000000
11510.468120 76.000000
11517.468120 78.000000
11520.468120 78.000000
11526.468090 77.000000
11534.468120 76.000000
11536.468120 76.000000
11544.468120 77.000000
11549.468120 79.000000
11555.468120 74.000000
11556.468120 74.000000
11561.468090 75.000000
11566.468090 84.000000
11573.468120 68.000000
11576.468120 68.000000
11586.468120 68.000000
11589.468090 70.000000
11592.468120 71.000000
11597.468090 71.000000
11602.468090 70.000000
11607.468120 71.000000
11616.468120 73.000000
11620.468120 75.000000
11622.468120 73.000000
11630.468120 74.000000
11633.468090 75.000000
11638.468090 74.000000
11647.468120 72.000000
11649.468120 70.000000
11653.468120 69.000000
11658.468120 69.000000
11667.468090 68.000000
11669.468090 70.000000
11674.468120 70.000000
11679.468120 69.000000
11684.468120 69.000000
11689.468120 72.000000
11694.468120 74.000000
11699.468120 73.000000
11708.468120 75.000000
11709.468120 75.000000
11718.468090 76.000000
11720.468120 77.000000
11725.468120 77.000000
11734.468120 77.000000
11737.468090 77.000000
11740.468120 69.000000
11746.468090 75.000000
11754.468120 70.000000
11756.468090 70.000000
11761.468120 71.000000
11766.468120 69.000000
11771.468120 70.000000
11776.468090 70.000000
11781.468120 70.000000
11786.468120 68.000000
11791.468120 70.000000
11796.468090 73.000000
11801.468120 74.000000
11810.468120 76.000000
11812.468120 75.000000
11817.468090 75.000000
11822.468120 76.000000
11828.468120 73.000000
11832.468120 71.000000
11841.468120 68.000000
11843.468120 68.000000
11847.468120 68.000000
11852.468120 68.000000
11857.468120 68.000000
11862.468120 69.000000
11867.468120 71.000000
11872.468120 70.000000
11877.468120 71.000000
11882.468120 72.000000
11890.468120 71.000000
11892.468120 71.000000
11897.468090 70.000000
11902.468120 70.000000
11912.468120 72.000000
11914.468120 70.000000
11918.468120 67.000000
11923.468120 67.000000
11928.468120 68.000000
11937.468120 80.000000
11941.468120 77.000000
11943.468120 76.000000
11949.468120 71.000000
11954.468120 71.000000
11960.468090 72.000000
11965.468120 70.000000
11970.468120 68.000000
11976.468090 68.000000
11981.468120 68.000000
11986.468120 67.000000
11991.468120 66.000000
12001.468090 67.000000
12003.468120 67.000000
12008.468120 68.000000
12017.468120 68.000000
12022.468120 67.000000
12023.468120 66.000000
12028.468090 67.000000
12033.468120 67.000000
12038.468120 67.000000
12044.468120 69.000000
12049.468090 69.000000
12054.468120 70.000000
12060.468120 70.000000
12064.468120 69.000000
12069.468120 68.000000
12074.468120 68.000000
12079.468120 68.000000
12084.468090 68.000000
12089.468090 68.000000
12094.468090 69.000000
12099.468120 70.000000
12106.468120 70.000000
12109.468120 69.000000
12114.468120 68.000000
12122.468120 68.000000
12127.468120 67.000000
12129.468120 66.000000
12137.468120 67.000000
12139.468120 67.000000
12144.468120 67.000000
12151.468090 67.000000
12154.468090 67.000000
12159.468120 67.000000
12164.468120 67.000000
12169.468120 68.000000
12174.468120 68.000000
12179.468090 67.000000
12184.468120 67.000000
12189.468090 67.000000
12194.468120 67.000000
12199.468120 67.000000
12204.468090 67.000000
12213.468090 68.000000
12215.468120 67.000000
12220.468090 67.000000
12225.468120 68.000000
12232.468120 68.000000
12235.468120 68.000000
12240.468120 68.000000
12246.468120 68.000000
12251.468120 68.000000
12257.468120 67.000000
12262.468090 67.000000
12269.468120 67.000000
12272.468120 67.000000
12278.468120 67.000000
12282.468120 66.000000
12287.468120 67.000000
12292.468120 67.000000
12300.468120 67.000000
12302.468120 67.000000
12307.468090 67.000000
12312.468120 67.000000
12317.468120 67.000000
12322.468120 67.000000
12327.468120 67.000000
12332.468120 67.000000
12340.468120 101.000000
12346.468120 81.000000
12352.468120 78.000000
12356.468120 78.000000
12358.468120 79.000000
12363.468120 79.000000
12369.468120 68.000000
12374.468120 65.000000
12378.468120 67.000000
12383.468090 63.000000
12388.468090 64.000000
12393.468120 64.000000
12402.468120 64.000000
12406.468090 66.000000
12408.468120 66.000000
12413.468120 65.000000
12418.468120 65.000000
12423.468120 65.000000
12428.468120 65.000000
12433.468120 66.000000
12440.468090 66.000000
12443.468120 66.000000
12448.468120 66.000000
12454.468090 66.000000
12458.468120 66.000000
12463.468120 66.000000
12471.468120 66.000000
12474.468120 66.000000
12479.468090 66.000000
12484.468120 68.000000
12490.468120 68.000000
12495.468120 66.000000
12500.468120 66.000000
12505.468120 67.000000
12510.468120 67.000000
12515.468120 67.000000
12521.468120 68.000000
12525.468120 73.000000
12530.468120 73.000000
12535.468120 71.000000
12540.468090 70.000000
12545.468120 69.000000
12550.468090 69.000000
12557.468120 65.000000
12560.468120 66.000000
12565.468090 68.000000
12570.468120 71.000000
12576.468120 71.000000
12581.468120 69.000000
12586.468120 68.000000
12592.468120 69.000000
12597.468120 69.000000
12603.468120 68.000000
12608.468090 69.000000
12613.469380 70.000000
12618.469380 71.000000
12623.469380 70.000000
12628.469380 70.000000
12633.469380 69.000000
12638.469380 70.000000
12644.469380 66.000000
12649.469380 69.000000
12654.469380 72.000000
12660.469380 71.000000
12665.469380 71.000000
12670.469380 71.000000
12676.469350 70.000000
12681.469380 71.000000
12686.469380 71.000000
12694.469380 71.000000
12696.469380 70.000000
12701.469380 70.000000
12706.469380 70.000000
12711.469350 71.000000
12720.469380 72.000000
12721.469380 72.000000
12730.469350 73.000000
12732.469350 73.000000
12737.469380 72.000000
12742.469350 71.000000
12747.469380 70.000000
12752.469350 70.000000
12758.469350 68.000000
12762.469350 68.000000
12767.469380 68.000000
12772.469350 70.000000
12778.469380 71.000000
12782.469380 72.000000
12791.469380 68.000000
12792.469380 68.000000
12797.469380 67.000000
12802.469380 68.000000
12807.469350 68.000000
12812.469380 68.000000
12817.469380 69.000000
12822.469380 69.000000
12827.469380 68.000000
12832.469380 68.000000
12837.469380 68.000000
12842.469380 69.000000
12847.469380 69.000000
12852.469380 70.000000
12857.469350 71.000000
12862.469380 71.000000
12867.469380 72.000000
12872.469380 71.000000
12878.469380 70.000000
12884.469380 69.000000
12889.469380 69.000000
12895.469380 69.000000
12900.469380 70.000000
12905.469350 71.000000
12910.469380 71.000000
12915.469350 71.000000
12920.469380 71.000000
12925.469380 70.000000
12930.469380 69.000000
12935.469380 68.000000
12940.469380 68.000000
12945.469380 69.000000
12952.469380 70.000000
12956.469380 70.000000
12961.469350 70.000000
12966.469380 70.000000
12974.469380 70.000000
12976.469380 70.000000
12982.469380 70.000000
12987.469380 70.000000
12995.469380 70.000000
12997.469380 70.000000
13003.469380 71.000000
13008.469380 71.000000
13014.469380 67.000000
13019.469380 68.000000
13023.469380 68.000000
13028.469380 68.000000
13034.469380 70.000000
13040.469380 71.000000
13045.469380 70.000000
13053.469380 71.000000
13055.469380 70.000000
13060.469380 69.000000
13065.469350 68.000000
13070.469380 69.000000
13075.469380 70.000000
13082.469380 71.000000
13085.469380 71.000000
13090.469350 69.000000
13095.469380 70.000000
13104.469380 72.000000
13105.469380 73.000000
13110.469380 73.000000
13115.469380 73.000000
13121.469380 72.000000
13130.469380 72.000000
13131.469350 72.000000
13136.469350 71.000000
13143.469350 70.000000
13146.469380 70.000000
13151.469380 71.000000
13156.469380 71.000000
13162.469380 74.000000
13167.469380 73.000000
13172.469380 69.000000
13177.469380 71.000000
13182.469380 71.000000
13187.469380 73.000000
13193.469380 70.000000
13197.469380 70.000000
13202.469380 71.000000
13207.469380 71.000000
13212.469380 71.000000
13217.469350 70.000000
13222.469350 71.000000
13231.469380 68.000000
13232.469380 68.000000
13237.469380 70.000000
13242.469380 75.000000
13248.469380 75.000000
13253.469380 73.000000
13258.469380 73.000000
13267.469380 71.000000
13268.469380 71.000000
13274.469380 72.000000
13279.469380 72.000000
13284.469350 73.000000
13289.469350 73.000000
13294.469380 75.000000
13300.469380 74.000000
13305.469380 74.000000
13310.469380 77.000000
13315.469380 77.000000
13322.469380 77.000000
13325.469380 74.000000
13330.469380 73.000000
13335.469380 73.000000
13340.469380 73.000000
13345.469380 73.000000
13352.469380 74.000000
13355.469380 71.000000
13360.469380 69.000000
13365.469380 71.000000
13373.469380 72.000000
13375.469380 71.000000
13380.469380 72.000000
13386.469380 74.000000
13391.469380 74.000000
13397.469380 75.000000
13402.469380 74.000000
13408.469380 75.000000
13413.469380 74.000000
13422.469350 74.000000
13424.469380 73.000000
13429.469380 71.000000
13434.469350 72.000000
13439.469380 72.000000
13444.469380 72.000000
13449.469380 73.000000
13454.469380 72.000000
13459.469380 73.000000
13465.469380 76.000000
13470.469380 75.000000
13475.469380 74.000000
13480.469380 75.000000
13486.469380 75.000000
13493.469350 75.000000
13496.469350 75.000000
13501.469380 71.000000
13506.469380 73.000000
13511.469380 73.000000
13516.469380 75.000000
13521.469380 74.000000
13526.469380 75.000000
13534.469380 76.000000
13536.469380 78.000000
13545.469380 77.000000
13550.469380 74.000000
13551.469350 73.000000
13556.469380 72.000000
13561.469380 72.000000
13566.469380 72.000000
13571.469380 73.000000
13576.469380 75.000000
13582.469380 75.000000
13587.469380 75.000000
13592.469380 74.000000
13597.469350 74.000000
13602.469380 74.000000
13608.469380 74.000000
13613.469380 74.000000
13619.469350 74.000000
13624.469380 74.000000
13632.469380 74.000000
13634.469380 74.000000
13639.469350 74.000000
13644.469380 75.000000
13649.469380 75.000000
13654.469350 75.000000
13659.469350 75.000000
13664.469380 75.000000
13669.469380 75.000000
13674.469380 76.000000
13679.469380 76.000000
13684.469380 76.000000
13689.469380 75.000000
13694.469380 75.000000
13699.469380 76.000000
13706.469350 76.000000
13709.469380 76.000000
13714.469380 75.000000
13719.469380 74.000000
13725.469380 74.000000
13731.469350 77.000000
13736.469380 77.000000
13741.469380 76.000000
13747.469380 75.000000
13753.469380 75.000000
13758.469380 75.000000
13763.469380 77.000000
13770.469380 77.000000
13773.469380 77.000000
13778.469380 75.000000
13783.469380 75.000000
13788.469380 75.000000
13793.469380 76.000000
13798.469380 76.000000
13803.469380 77.000000
13808.469380 76.000000
13813.469380 76.000000
13818.469350 77.000000
13823.469380 77.000000
13828.469380 77.000000
13833.469380 77.000000
13838.469380 77.000000
13843.469380 77.000000
13848.469380 77.000000
13853.469380 77.000000
13858.469380 77.000000
13864.469350 77.000000
13869.469380 77.000000
13874.469380 78.000000
13879.469380 78.000000
13884.469380 78.000000
13889.469380 78.000000
13895.469380 77.000000
13900.469380 74.000000
13905.469380 76.000000
13910.469380 74.000000
13915.469350 75.000000
13920.469380 74.000000
13925.469380 75.000000
13930.469380 76.000000
13935.469380 75.000000
13940.469380 76.000000
13945.469350 76.000000
13950.469380 76.000000
13956.469380 77.000000
13962.469380 77.000000
13967.469380 77.000000
13973.469380 76.000000
13978.469350 77.000000
13984.469350 77.000000
13988.469380 79.000000
13993.469380 78.000000
13998.469350 78.000000
14003.469380 77.000000
14009.469380 75.000000
14013.469380 75.000000
14019.469380 77.000000
14024.469380 77.000000
14030.469380 77.000000
14035.469380 77.000000
14040.469380 78.000000
14045.469380 77.000000
14051.469380 77.000000
14056.469380 75.000000
14061.469380 76.000000
14070.469380 76.000000
14071.469350 77.000000
14076.469380 77.000000
14081.469380 77.000000
14086.469380 77.000000
14092.469380 77.000000
14097.469380 77.000000
14102.469380 77.000000
14107.469380 78.000000
14112.469380 77.000000
14117.469380 77.000000
14122.469380 78.000000
14127.469380 79.000000
14134.469380 78.000000
14137.469380 77.000000
14142.469380 80.000000
14147.469380 77.000000
14152.469380 76.000000
14158.469380 77.000000
14163.469380 77.000000
14168.469380 77.000000
14174.469380 77.000000
14179.469380 77.000000
14184.469380 78.000000
14189.469380 78.000000
14194.469380 76.000000
14199.469380 76.000000
14205.469380 78.000000
14210.469380 77.000000
14215.469380 75.000000
14220.469380 77.000000
14225.469380 77.000000
14230.469350 77.000000
14235.469350 79.000000
14240.469380 86.000000
14245.469380 89.000000
14252.469380 101.000000
14259.469380 98.000000
14260.469380 98.000000
14265.469380 97.000000
14270.469380 90.000000
14275.469380 88.000000
14283.469380 78.000000
14285.469380 77.000000
14290.469380 76.000000
14295.469380 77.000000
14300.469380 76.000000
14305.469350 76.000000
14310.469380 76.000000
14315.469380 75.000000
14323.469380 71.000000
14326.469380 72.000000
14332.469350 71.000000
14341.469380 71.000000
14343.469380 71.000000
14347.469350 71.000000
14352.469380 76.000000
14357.469380 72.000000
14362.469380 72.000000
14368.469350 72.000000
14374.469350 73.000000
14378.469350 73.000000
14386.469350 74.000000
14389.469380 74.000000
14394.469350 74.000000
14399.469380 71.000000
14404.469380 70.000000
14409.469380 73.000000
14414.469380 72.000000
14419.469350 73.000000
14424.469350 77.000000
14431.469350 77.000000
14434.469380 77.000000
14439.469380 76.000000
14444.469380 76.000000
14449.469380 77.000000
14454.469380 77.000000
14459.469380 77.000000
14464.469380 77.000000
14469.469380 77.000000
14474.469380 76.000000
14479.469380 79.000000
14484.469350 80.000000
14493.469380 75.000000
14494.469380 75.000000
14499.469380 74.000000
14504.469350 74.000000
14509.469380 74.000000
14514.469350 74.000000
14519.469380 76.000000
14524.469380 75.000000
14529.469380 75.000000
14534.469380 77.000000
14540.469380 76.000000
14545.469380 76.000000
14553.469380 77.000000
14555.469380 77.000000
14560.469380 74.000000
14565.469380 74.000000
14570.469380 74.000000
14575.469380 74.000000
14580.469350 74.000000
14585.469380 77.000000
14590.469380 77.000000
14595.469380 77.000000
14603.469380 77.000000
14605.469380 77.000000
14610.469380 74.000000
14615.469380 76.000000
14620.469350 76.000000
14625.469380 77.000000
14630.469380 77.000000
14639.469380 77.000000
14640.469380 77.000000
14645.469380 76.000000
14650.469380 77.000000
14655.469380 77.000000
14660.469380 77.000000
14666.469380 77.000000
14671.469380 77.000000
14676.469380 77.000000
14681.469380 77.000000
14687.469380 77.000000
14692.469380 75.000000
14697.469380 76.000000
14702.469380 77.000000
14707.469380 77.000000
14712.469380 77.000000
14717.469380 77.000000
14722.469380 77.000000
14728.469380 77.000000
14732.469380 76.000000
14738.469380 75.000000
14744.469380 75.000000
14749.469380 76.000000
14754.469380 76.000000
14759.469350 78.000000
14764.469380 78.000000
14769.469380 77.000000
14777.469380 78.000000
14779.469380 79.000000
14785.469380 75.000000
14791.469380 75.000000
14796.469350 76.000000
14801.469380 78.000000
14807.469380 78.000000
14812.469380 78.000000
14818.469350 78.000000
14822.469380 77.000000
14828.469380 77.000000
14832.469380 77.000000
14837.469380 77.000000
14847.469380 77.000000
14848.469380 77.000000
14853.469380 77.000000
14858.469380 77.000000
14863.469380 77.000000
14869.469380 77.000000
14874.469380 77.000000
14879.469380 77.000000
14885.469380 77.000000
14892.469380 79.000000
14895.469380 78.000000
14900.469380 77.000000
14905.469380 77.000000
14910.469380 77.000000
14915.469380 77.000000
14920.469380 77.000000
14925.469380 77.000000
14934.469350 77.000000
14936.469380 77.000000
14941.469380 77.000000
14946.469380 77.000000
14951.469380 77.000000
14956.469380 76.000000
14961.469380 75.000000
14966.469380 76.000000
14971.469380 77.000000
14976.469380 77.000000
14981.469380 77.000000
14986.469350 77.000000
14991.469350 78.000000
14996.469380 78.000000
15002.469350 78.000000
15006.469380 78.000000
15012.469380 77.000000
15017.469380 77.000000
15022.469380 77.000000
15027.469380 77.000000
15032.469380 77.000000
15037.469380 77.000000
15042.469380 77.000000
15047.469350 79.000000
15052.469380 79.000000
15057.469380 78.000000
15062.469380 77.000000
15067.469380 76.000000
15073.469380 76.000000
15078.469380 77.000000
15083.469380 77.000000
15088.469380 77.000000
15093.469380 77.000000
15098.469380 78.000000
15103.469350 79.000000
15108.469350 79.000000
15113.469380 79.000000
15118.469380 78.000000
15123.469380 79.000000
15128.469350 79.000000
15135.469380 79.000000
15138.469350 77.000000
15143.469380 77.000000
15149.469380 77.000000
15155.469380 79.000000
15164.469380 80.000000
15165.469380 80.000000
15170.469380 77.000000
15175.469380 76.000000
15180.469380 82.000000
15185.469350 82.000000
15190.469380 83.000000
15195.469380 84.000000
15204.469380 104.000000
15206.469380 103.000000
15210.469380 102.000000
15215.469380 102.000000
15222.469350 78.000000
15228.469380 78.000000
15233.469380 73.000000
15235.469380 72.000000
15241.469380 70.000000
15246.469350 71.000000
15251.469380 70.000000
15256.469380 71.000000
15261.469350 72.000000
15267.469380 72.000000
15274.469380 72.000000
15276.469380 72.000000
15285.469350 75.000000
15287.469380 80.000000
15291.469350 81.000000
15296.469380 76.000000
15301.469380 72.000000
15306.469380 74.000000
15311.469380 74.000000
15316.469380 74.000000
15321.469380 74.000000
15326.469380 73.000000
15331.469380 73.000000
15336.469380 73.000000
15343.469380 74.000000
15347.469350 73.000000
15354.469350 72.000000
15356.469380 72.000000
15361.469350 71.000000
15366.469380 71.000000
15372.469380 71.000000
15377.469380 73.000000
15382.469380 73.000000
15388.469380 74.000000
15393.469380 74.000000
15402.469380 75.000000
15403.469350 75.000000
15408.469380 78.000000
15413.469380 73.000000
15418.469350 73.000000
15423.469380 73.000000
15428.469350 73.000000
15437.469380 76.000000
15440.469380 79.000000
15443.469380 78.000000
15448.469350 74.000000
15453.469380 73.000000
15459.469380 73.000000
15464.469380 73.000000
15473.469380 75.000000
15474.469380 76.000000
15481.469380 76.000000
15486.469380 76.000000
15495.469380 78.000000
15499.469380 78.000000
15501.469380 78.000000
15510.469350 79.000000
15512.469350 76.000000
15517.469380 77.000000
15522.469380 75.000000
15527.469380 75.000000
15532.469380 74.000000
15538.469350 75.000000
15543.469380 76.000000
15548.469350 77.000000
15557.469380 76.000000
15559.469380 74.000000
15566.469350 75.000000
15568.469380 76.000000
15573.469380 76.000000
15579.469380 80.000000
15583.469380 81.000000
15589.469380 78.000000
15594.469380 79.000000
15599.469380 78.000000
15604.469350 76.000000
15609.469380 75.000000
15618.469380 71.000000
15619.469380 71.000000
15624.469380 72.000000
15629.469380 74.000000
15634.469380 74.000000
15640.469380 76.000000
15644.469380 77.000000
15649.469350 78.000000
15657.469380 79.000000
15659.469350 80.000000
15664.469380 80.000000
15669.469380 77.000000
15674.469380 76.000000
15681.469380 76.000000
15687.469350 78.000000
15689.469380 76.000000
15694.469380 72.000000
15700.469380 76.000000
15705.469380 75.000000
15710.469350 74.000000
15715.469380 74.000000
15720.469380 74.000000
15729.469380 76.000000
15735.469380 81.000000
15736.469380 81.000000
15741.469380 81.000000
15746.469380 83.000000
15751.469380 80.000000
15756.469380 80.000000
15761.469380 80.000000
15771.469350 80.000000
15773.469380 77.000000
15781.469380 79.000000
15783.469380 80.000000
15794.469350 70.000000
15796.469380 70.000000
15800.469380 70.000000
15806.469380 71.000000
15811.469350 75.000000
15816.469380 75.000000
15823.469380 78.000000
15828.469380 78.000000
15831.469350 75.000000
15836.469380 77.000000
15841.469380 78.000000
15846.469350 77.000000
15851.469380 77.000000
15856.469380 73.000000
15865.469380 75.000000
15866.469380 77.000000
15871.469380 77.000000
15876.469380 76.000000
15885.469350 73.000000
15887.469380 72.000000
15894.469350 77.000000
15897.469380 77.000000
15902.469380 76.000000
15908.469380 73.000000
15912.469350 77.000000
15917.469350 74.000000
15922.469380 73.000000
15927.469380 73.000000
15932.469350 72.000000
15937.469380 75.000000
15942.469350 77.000000
15947.469380 76.000000
15952.469380 77.000000
15957.469380 77.000000
15962.469380 77.000000
15967.469380 75.000000
15975.469380 77.000000
15977.469380 77.000000
15983.469380 80.000000
15988.469380 77.000000
15993.469380 78.000000
16001.469380 77.000000
16003.469380 76.000000
16012.469380 75.000000
16013.469380 73.000000
16018.469380 73.000000
16023.469350 77.000000
16028.469380 77.000000
16035.469380 77.000000
16038.469380 74.000000
16043.469380 72.000000
16048.469380 76.000000
16053.469350 77.000000
16058.469380 76.000000
16063.469380 77.000000
16069.469380 77.000000
16074.469380 75.000000
16079.469380 73.000000
16085.469380 74.000000
16090.469380 77.000000
16096.469350 82.000000
16100.469380 83.000000
16105.469380 80.000000
16112.469380 79.000000
16116.469380 72.000000
16120.469380 72.000000
16127.469380 72.000000
16130.469380 72.000000
16139.469380 71.000000
16141.469380 72.000000
16146.469380 74.000000
16151.469380 75.000000
16157.469380 74.000000
16162.469380 68.000000
16167.469380 68.000000
16175.469380 70.000000
16177.469350 72.000000
16182.469380 75.000000
16190.469380 71.000000
16192.469380 73.000000
16197.469380 74.000000
16203.469380 76.000000
16208.469380 77.000000
16213.472290 75.000000
16222.472290 74.000000
16223.472290 74.000000
16228.472290 75.000000
16233.472290 79.000000
16239.472290 79.000000
16244.472290 79.000000
16253.472290 101.000000
16258.472290 101.000000
16263.472290 101.000000
16268.472290 101.000000
16269.472290 101.000000
16279.472290 120.000000
16280.472290 120.000000
16288.472290 120.000000
16292.472290 120.000000
16296.472290 120.000000
16307.472290 103.000000
16312.472290 103.000000
16313.472290 103.000000
16320.472290 113.000000
16323.472290 114.000000
16330.472290 113.000000
16333.472290 113.000000
16338.472290 115.000000
16343.472290 114.000000
16348.472290 113.000000
16358.472290 118.000000
16363.472290 121.000000
16364.472290 121.000000
16372.472290 120.000000
16374.472290 120.000000
16379.472290 118.000000
16384.472290 119.000000
16393.472290 118.000000
16397.472290 118.000000
16403.472290 116.000000
16404.472290 115.000000
16409.472290 114.000000
16415.472290 113.000000
16422.472260 109.000000
16426.472260 111.000000
16431.472290 112.000000
16436.472290 112.000000
16441.472290 111.000000
16447.472260 112.000000
16452.472290 112.000000
16466.472290 112.000000
16471.472290 112.000000
16476.472290 111.000000
16478.472290 111.000000
16482.472290 110.000000
16488.472290 110.000000
16497.472290 111.000000
16502.472290 118.000000
16504.472290 119.000000
16513.472260 110.000000
16517.472290 115.000000
16520.472290 115.000000
16529.472290 114.000000
16532.472290 113.000000
16535.472290 105.000000
16542.472290 95.000000
16549.472290 94.000000
16550.472290 94.000000
16555.472290 93.000000
16560.472290 95.000000
16565.472260 97.000000
16571.472260 108.000000
16575.472290 108.000000
16585.472290 104.000000
16590.472260 99.000000
16592.472290 98.000000
16598.472290 89.000000
16604.472290 82.000000
16612.472290 76.000000
16613.472290 76.000000
16618.472290 73.000000
16623.472290 75.000000
16628.472290 74.000000
16634.472290 74.000000
16638.472260 74.000000
16643.472290 74.000000
16649.472290 75.000000
16654.472260 74.000000
16659.472290 70.000000
16664.472290 71.000000
16670.472260 74.000000
16676.472290 75.000000
16680.472290 74.000000
16685.472290 75.000000
16690.472290 78.000000
16695.472290 77.000000
16700.472290 76.000000
16705.472260 74.000000
16710.472260 74.000000
16715.472290 74.000000
16720.472290 74.000000
16726.472260 75.000000
16731.472290 76.000000
16736.472290 79.000000
16741.472290 79.000000
16746.472290 77.000000
16751.472290 76.000000
16757.472290 73.000000
16763.472290 71.000000
16767.472290 69.000000
16776.472290 72.000000
16777.472290 74.000000
16782.472290 79.000000
16788.472290 80.000000
16792.472290 80.000000
16798.472260 93.000000
16803.472290 80.000000
16809.472290 79.000000
16815.472290 72.000000
16817.472290 72.000000
16822.472290 73.000000
16827.472290 71.000000
16832.472290 71.000000
16837.472290 71.000000
16843.472290 73.000000
16849.472290 75.000000
16853.472290 75.000000
16858.472290 76.000000
16863.472260 76.000000
16868.472290 76.000000
16877.472260 75.000000
16878.472260 75.000000
16883.472290 76.000000
16889.472260 77.000000
16898.472290 77.000000
16899.472290 77.000000
16904.472260 77.000000
16909.472290 77.000000
16914.472290 76.000000
16919.472260 75.000000
16924.472290 75.000000
16929.472290 74.000000
16934.472290 74.000000
16939.472260 73.000000
16944.472260 73.000000
16949.472290 73.000000
16954.472260 73.000000
16959.472290 72.000000
16964.472290 74.000000
16970.472290 75.000000
16975.472290 76.000000
