6.483580 113.000000
8.483580 115.000000
12.483580 112.000000
21.483580 117.000000
26.483550 113.000000
31.483580 104.000000
36.483550 103.000000
39.483550 102.000000
43.483580 100.000000
49.483550 97.000000
53.483550 97.000000
57.483580 97.000000
66.483580 98.000000
69.483550 98.000000
74.483550 97.000000
78.483580 97.000000
86.483550 96.000000
91.483580 96.000000
92.483550 96.000000
99.483580 95.000000
106.483580 95.000000
111.483550 95.000000
112.483580 95.000000
117.483580 97.000000
125.483550 97.000000
129.483580 97.000000
134.483580 96.000000
139.483580 96.000000
144.483550 97.000000
151.483580 99.000000
154.483580 98.000000
160.483550 97.000000
162.483550 95.000000
169.483550 92.000000
175.483580 93.000000
177.483550 93.000000
186.483550 99.000000
187.483580 98.000000
196.483580 92.000000
199.483550 91.000000
204.483580 93.000000
211.483580 91.000000
212.483580 91.000000
217.483550 93.000000
224.483580 96.000000
229.483550 92.000000
234.483580 92.000000
239.483580 95.000000
245.483550 94.000000
248.483580 96.000000
252.483580 97.000000
261.483580 93.000000
265.483580 90.000000
269.483580 90.000000
276.483580 90.000000
277.483550 90.000000
282.483580 89.000000
289.483580 88.000000
294.483550 89.000000
301.483580 88.000000
303.483550 88.000000
308.483580 89.000000
312.483550 90.000000
317.483580 91.000000
326.483550 88.000000
330.483580 88.000000
336.483580 88.000000
341.483580 89.000000
346.483580 89.000000
347.483580 89.000000
355.483580 89.000000
359.483580 90.000000
365.483550 88.000000
369.483580 88.000000
373.483580 89.000000
378.483550 89.000000
384.483580 89.000000
389.483550 90.000000
394.483550 90.000000
401.483580 91.000000
405.483580 92.000000
407.483580 92.000000
416.483580 93.000000
418.483580 93.000000
422.483550 94.000000
427.483580 92.000000
434.483580 90.000000
441.483580 92.000000
444.483550 91.000000
448.483580 90.000000
453.483580 88.000000
460.483580 88.000000
465.483580 88.000000
468.483580 89.000000
472.483550 91.000000
479.483580 93.000000
485.483580 90.000000
488.483580 91.000000
495.483580 91.000000
498.483580 92.000000
506.483550 92.000000
511.483580 90.000000
512.483580 89.000000
521.483580 87.000000
524.483580 88.000000
528.483580 87.000000
535.483580 86.000000
537.483550 87.000000
543.483580 89.000000
548.483580 87.000000
554.483580 88.000000
561.483580 90.000000
566.483580 90.000000
567.483580 90.000000
574.483580 90.000000
577.483550 90.000000
582.483580 90.000000
589.483580 91.000000
594.483580 92.000000
601.483580 93.000000
602.483580 93.000000
610.483550 91.000000
616.483580 90.000000
621.483580 89.000000
624.483580 89.000000
628.483550 87.000000
636.483550 86.000000
637.483550 86.000000
646.483550 85.000000
647.483550 85.000000
655.483580 86.000000
657.483580 87.000000
662.483580 87.000000
669.483550 85.000000
674.483580 84.000000
677.483550 84.000000
683.483580 86.000000
687.483580 86.000000
696.483580 85.000000
697.483580 85.000000
705.483550 83.000000
709.483580 84.000000
714.483550 85.000000
718.483580 84.000000
726.483550 84.000000
727.483580 84.000000
735.483550 84.000000
737.483580 85.000000
744.483580 85.000000
748.483580 84.000000
753.483580 83.000000
760.483580 82.000000
765.483550 81.000000
767.483580 82.000000
776.483550 82.000000
777.483550 82.000000
784.483580 81.000000
790.483580 81.000000
794.483580 81.000000
800.483580 83.000000
802.483550 83.000000
811.483580 90.000000
813.483580 89.000000
820.483580 85.000000
826.483580 83.000000
831.483580 82.000000
836.483580 82.000000
839.483550 82.000000
843.483550 82.000000
850.483550 85.000000
852.483580 84.000000
861.483580 82.000000
864.483580 81.000000
870.483550 82.000000
872.483580 83.000000
878.483550 82.000000
886.483550 81.000000
887.483550 81.000000
892.483580 82.000000
897.483580 84.000000
902.483550 88.000000
907.483550 90.000000
916.483580 97.000000
921.483580 102.000000
925.483580 99.000000
927.483550 97.000000
936.483580 88.000000
940.483580 85.000000
943.483580 83.000000
951.483580 82.000000
954.483550 81.000000
961.483580 81.000000
962.483550 81.000000
967.483580 81.000000
973.483580 81.000000
981.483580 80.000000
985.483580 80.000000
987.483580 81.000000
996.483580 81.000000
998.483550 81.000000
1003.483550 81.000000
1009.483580 80.000000
1016.483580 81.000000
1019.483580 81.000000
1025.483550 81.000000
1029.483550 81.000000
1034.483580 81.000000
1037.483580 81.000000
1043.483580 84.000000
1051.483580 82.000000
1056.483580 82.000000
1058.483550 82.000000
1065.483550 82.000000
1067.483580 83.000000
1076.483550 81.000000
1077.483580 81.000000
1082.483550 81.000000
1087.483580 84.000000
1095.483580 88.000000
1097.483550 87.000000
1106.483550 82.000000
1107.483580 81.000000
1116.483580 81.000000
1120.483580 81.000000
1122.483580 81.000000
1131.483580 80.000000
1132.483580 81.000000
1141.483580 85.000000
1146.483550 80.000000
1150.483580 80.000000
1152.483580 81.000000
1161.483580 79.000000
1163.483580 79.000000
1167.483580 80.000000
1175.483580 85.000000
1181.483550 82.000000
1186.483580 80.000000
1191.483550 79.000000
1193.483580 79.000000
1200.483580 79.000000
1206.483550 80.000000
1211.483580 81.000000
1214.483580 82.000000
1217.483550 81.000000
1222.483580 79.000000
1230.483580 77.000000
1236.483580 80.000000
1238.483550 80.000000
1245.483550 79.000000
1251.483580 80.000000
1256.483550 82.000000
1260.483550 82.000000
1265.483580 82.000000
1267.483580 82.000000
1272.483580 81.000000
1280.483550 85.000000
1286.483550 82.000000
1291.483580 80.000000
1293.483580 80.000000
1301.483580 81.000000
1302.483580 81.000000
1309.483580 80.000000
1312.483550 80.000000
1321.483580 79.000000
1322.483580 79.000000
1331.483550 80.000000
1332.483580 80.000000
1340.483550 80.000000
1343.483580 79.000000
1349.483580 79.000000
1354.483580 81.000000
1357.483550 80.000000
1366.483550 78.000000
1371.483580 80.000000
1372.483550 80.000000
1378.483580 80.000000
1386.483580 82.000000
1388.483550 82.000000
1395.483580 82.000000
1398.483580 81.000000
1406.483580 79.000000
1408.483550 79.000000
1413.483580 81.000000
1421.483580 81.000000
1422.483580 81.000000
1428.483580 81.000000
1436.483580 79.000000
1441.483580 80.000000
1442.483550 80.000000
1450.483550 81.000000
1454.483550 81.000000
1459.483550 80.000000
1462.483580 80.000000
1471.483550 80.000000
1472.483550 80.000000
1477.483580 80.000000
1486.483580 82.000000
1491.483550 82.000000
1496.483550 82.000000
1497.483550 82.000000
1505.483550 82.000000
1507.483550 82.000000
1516.483580 79.000000
1519.483580 80.000000
1522.483550 79.000000
1531.483550 82.000000
1535.483580 80.000000
1537.483580 80.000000
1545.483550 78.000000
1551.483550 79.000000
1552.483580 79.000000
1561.483580 81.000000
1565.483580 81.000000
1570.483550 81.000000
1573.483580 81.000000
1578.483550 81.000000
1583.483550 81.000000
1588.483580 82.000000
1595.483580 81.000000
1601.483550 81.000000
1602.483580 81.000000
1607.483580 81.000000
1612.483580 81.000000
1620.483580 81.000000
1622.483580 81.000000
1627.483550 80.000000
1636.483580 83.000000
1639.483550 82.000000
1643.483580 82.000000
1650.483580 81.000000
1656.483550 80.000000
1658.483580 80.000000
1665.483550 81.000000
1668.483580 81.000000
1673.483550 82.000000
1681.483580 85.000000
1683.483550 84.000000
1691.483580 82.000000
1695.483580 82.000000
1699.483580 82.000000
1704.483580 82.000000
1707.483580 83.000000
1715.483580 84.000000
1718.483580 83.000000
1723.483550 83.000000
1731.483550 82.000000
1732.483580 83.000000
1737.483580 83.000000
1744.483580 82.000000
1749.483550 82.000000
1756.483580 83.000000
1761.483580 82.000000
1762.483580 82.000000
1771.483580 84.000000
1775.483550 82.000000
1780.483580 82.000000
1785.483550 82.000000
1789.483580 82.000000
1796.483580 82.000000
1800.483580 83.000000
1806.483580 83.000000
1807.483550 83.000000
1814.483580 84.000000
1818.483580 82.000000
1822.483580 82.000000
1831.483550 84.000000
1832.483550 83.000000
1840.481490 82.000000
1844.481490 82.000000
1851.481490 83.000000
1853.481490 83.000000
1861.481460 85.000000
1862.481490 85.000000
1871.481460 83.000000
1872.481490 83.000000
1877.481460 83.000000
1883.481490 83.000000
1889.481490 84.000000
1893.481490 84.000000
1901.481490 84.000000
1906.481490 84.000000
1908.481490 84.000000
1912.481460 84.000000
1921.481490 86.000000
1923.481460 85.000000
1927.481490 85.000000
1936.481490 83.000000
1937.481490 84.000000
1943.481490 83.000000
1950.481460 85.000000
1954.481490 85.000000
1958.481460 87.000000
1966.481460 82.000000
1971.481490 82.000000
1972.481460 82.000000
1977.481460 84.000000
1986.481490 83.000000
1990.481490 83.000000
1992.481490 83.000000
1997.481490 83.000000
2004.481490 84.000000
2011.481490 84.000000
2015.481460 85.000000
2018.481460 86.000000
2022.481490 86.000000
2029.481490 84.000000
2036.481490 84.000000
2037.481490 84.000000
2045.481460 84.000000
2048.481490 84.000000
2052.481460 84.000000
2060.481460 84.000000
2066.481490 85.000000
2071.481460 85.000000
2072.481490 85.000000
2079.481490 84.000000
2082.481490 84.000000
2087.481490 84.000000
2093.481490 84.000000
2098.481460 85.000000
2105.481490 85.000000
2107.481460 85.000000
2116.481490 86.000000
2120.481490 86.000000
2126.481460 84.000000
2127.481460 84.000000
2134.481460 86.000000
2137.481460 86.000000
2142.481490 86.000000
2147.481490 85.000000
2153.481460 86.000000
2159.481490 86.000000
2162.481490 86.000000
2171.481460 84.000000
2172.481490 84.000000
2178.481490 84.000000
2182.481490 85.000000
2190.481490 83.000000
2193.481460 83.000000
2199.481490 84.000000
2202.481490 85.000000
2207.481460 86.000000
2214.481490 86.000000
2220.481490 81.000000
2226.481460 80.000000
2227.481490 80.000000
2233.481490 82.000000
2240.481490 83.000000
2243.481490 84.000000
2249.481490 85.000000
2256.481490 84.000000
2261.481460 85.000000
2263.481490 85.000000
2267.481490 85.000000
2274.481460 83.000000
2279.481490 81.000000
2283.481490 83.000000
2291.481490 81.000000
2294.481490 81.000000
2299.481490 82.000000
2305.481490 83.000000
2308.481490 83.000000
2313.481460 83.000000
2319.481490 83.000000
2326.481460 83.000000
2329.481490 83.000000
2335.481490 84.000000
2341.481490 84.000000
2342.481490 84.000000
2350.481490 85.000000
2352.481460 84.000000
2357.481460 83.000000
2366.481460 82.000000
2367.481490 82.000000
2376.481490 84.000000
2379.481460 85.000000
2382.481490 85.000000
2389.481490 86.000000
2396.481490 84.000000
2397.481490 84.000000
2402.481490 85.000000
2407.481490 86.000000
2415.481460 86.000000
2420.481490 86.000000
2426.481490 86.000000
2430.481490 85.000000
2435.481460 85.000000
2439.481490 85.000000
2443.481490 86.000000
2451.481460 87.000000
2452.481490 87.000000
2457.481490 86.000000
2466.481460 83.000000
2467.481460 83.000000
2474.481460 85.000000
2478.481460 86.000000
2486.481460 86.000000
2488.481490 85.000000
2496.481490 83.000000
2500.481490 83.000000
2504.481490 84.000000
2509.481490 83.000000
2512.481490 84.000000
2519.481490 84.000000
2523.481490 85.000000
2529.481490 85.000000
2533.481490 84.000000
2540.481460 85.000000
2546.481490 84.000000
2547.481490 84.000000
2552.481490 85.000000
2559.481460 84.000000
2565.481490 85.000000
2567.481490 85.000000
2575.481490 82.000000
2578.481490 82.000000
2586.481490 82.000000
2587.481490 82.000000
2596.481490 84.000000
2601.481490 85.000000
2605.481490 85.000000
2611.481490 85.000000
2613.481490 85.000000
2617.481490 86.000000
2622.481490 86.000000
2631.481490 85.000000
2632.481460 85.000000
2637.481490 86.000000
2646.481490 86.000000
2649.481490 86.000000
2654.481490 85.000000
2657.481490 86.000000
2663.481460 87.000000
2671.481460 85.000000
2673.481490 84.000000
2677.481490 84.000000
2685.481490 85.000000
2691.481490 85.000000
2693.481490 85.000000
2697.481490 85.000000
2703.481460 86.000000
2710.481460 87.000000
2716.481490 87.000000
2720.481490 87.000000
2724.481460 88.000000
2730.481490 87.000000
2735.481460 87.000000
2741.481490 86.000000
2743.481490 86.000000
2751.481490 86.000000
2754.481490 86.000000
2757.481490 86.000000
2762.481490 86.000000
2767.481490 86.000000
2772.481490 87.000000
2778.481490 87.000000
2783.481490 88.000000
2790.481460 88.000000
2795.481490 88.000000
2799.481460 88.000000
2804.481490 87.000000
2807.481490 90.000000
2816.481490 98.000000
2817.481490 97.000000
2825.481460 86.000000
2831.481460 82.000000
2836.481460 81.000000
2840.481490 81.000000
2845.481490 82.000000
2848.481490 82.000000
2854.481490 82.000000
2858.481490 83.000000
2865.481490 84.000000
2869.481460 84.000000
2874.481490 84.000000
2877.481490 84.000000
2886.481490 85.000000
2887.481490 85.000000
2893.481490 84.000000
2897.481490 84.000000
2905.481460 86.000000
2911.481460 85.000000
2914.481460 84.000000
2917.481490 85.000000
2925.481490 86.000000
2929.481490 86.000000
2936.481490 86.000000
2938.481490 85.000000
2942.481460 85.000000
2951.481460 87.000000
2953.481490 87.000000
2960.481490 87.000000
2964.481490 86.000000
2967.481490 86.000000
2974.481490 86.000000
2979.481490 86.000000
2985.481490 87.000000
2991.481490 87.000000
2995.481490 87.000000
3001.481490 85.000000
3002.481460 85.000000
3008.481490 86.000000
3016.481490 88.000000
3017.481490 88.000000
3022.481490 88.000000
3027.481490 88.000000
3035.481460 87.000000
3037.481460 87.000000
3043.481490 87.000000
3048.481490 87.000000
3056.481490 87.000000
3057.481490 87.000000
3063.481460 88.000000
3069.481490 87.000000
3076.481490 87.000000
3077.481490 87.000000
3086.481490 86.000000
3087.481490 86.000000
3096.481490 88.000000
3098.481490 89.000000
3105.481460 88.000000
3110.481490 88.000000
3115.481490 88.000000
3121.481490 87.000000
3123.481490 86.000000
3127.481460 86.000000
3136.481490 86.000000
3137.481490 86.000000
3145.481490 88.000000
3151.481490 86.000000
3155.481460 86.000000
3157.481490 86.000000
3166.481460 88.000000
3167.481490 88.000000
3176.481460 89.000000
3180.481460 90.000000
3182.481490 90.000000
3191.481460 87.000000
3194.481490 88.000000
3199.481490 88.000000
3202.481490 89.000000
3209.481460 90.000000
3213.481490 88.000000
3221.481490 88.000000
3226.481490 89.000000
3227.481490 90.000000
3232.481490 89.000000
3238.481460 87.000000
3244.481490 90.000000
3249.481490 89.000000
3255.481490 90.000000
3257.481490 90.000000
3263.481490 92.000000
3268.481490 90.000000
3274.481460 89.000000
3277.481490 89.000000
3285.481490 88.000000
3287.481490 89.000000
3293.481490 90.000000
3299.481460 88.000000
3304.481490 88.000000
3310.481460 88.000000
3313.481490 89.000000
3320.481490 89.000000
3326.481460 90.000000
3327.481490 90.000000
3332.481490 90.000000
3341.481490 89.000000
3346.481490 89.000000
3350.481490 89.000000
3352.481490 89.000000
3360.481490 89.000000
3365.481460 89.000000
3368.481490 88.000000
3376.481490 88.000000
3378.481490 88.000000
3386.481490 88.000000
3389.481460 89.000000
3392.481490 89.000000
3397.481490 89.000000
3406.481490 88.000000
3411.481460 88.000000
3415.481490 86.000000
3417.481490 86.000000
3426.481460 88.000000
3427.481460 88.000000
3435.481460 86.000000
3441.481490 87.000000
3445.481490 86.000000
3451.481460 86.000000
3453.481460 86.000000
3460.481460 87.000000
3464.481490 87.000000
3471.481490 88.000000
3475.481490 87.000000
3481.481490 88.000000
3486.481490 88.000000
3491.481490 88.000000
3494.481460 88.000000
3500.481490 89.000000
3506.481460 88.000000
3508.481490 89.000000
3513.481490 89.000000
3521.481460 88.000000
3525.481490 88.000000
3527.481490 88.000000
3532.481460 87.000000
3537.481490 87.000000
3543.481490 88.000000
3548.481490 88.000000
3556.481490 88.000000
3560.481490 89.000000
3562.481490 89.000000
3571.481490 86.000000
3573.481460 87.000000
3580.481460 89.000000
3582.481460 89.000000
3591.481490 90.000000
3593.481490 90.000000
3598.481490 89.000000
3605.481460 89.000000
3608.481490 89.000000
3616.481490 89.000000
3621.481490 89.000000
3626.481460 88.000000
3630.481490 88.000000
3636.481460 87.000000
3638.481490 87.000000
3645.481490 87.000000
3647.481490 88.000000
3652.481490 87.000000
3659.481490 85.000000
3666.481490 86.000000
3668.481460 87.000000
3676.481490 86.000000
3679.481490 86.000000
3683.481460 86.000000
3690.481490 86.000000
3692.481490 87.000000
3700.481490 88.000000
3706.481490 88.000000
3710.481460 89.000000
3714.481490 90.000000
3717.481490 89.000000
3725.481490 85.000000
3727.481490 86.000000
3736.481490 87.000000
3738.481490 87.000000
3746.481460 87.000000
3748.481460 88.000000
3754.481460 88.000000
3758.481490 88.000000
3766.481460 88.000000
3767.481460 89.000000
3776.481490 89.000000
3777.481460 90.000000
3782.481490 91.000000
3791.481460 84.000000
3796.481490 85.000000
3799.481490 85.000000
3806.481490 86.000000
3807.481490 86.000000
3816.481490 88.000000
3820.481460 88.000000
3825.481490 89.000000
3829.481490 90.000000
3833.481490 90.000000
3837.481490 91.000000
3842.481490 89.000000
3851.481490 87.000000
3854.481490 87.000000
3860.481460 88.000000
3864.481490 88.000000
3867.481490 89.000000
3872.481490 89.000000
3878.481490 89.000000
3883.481490 90.000000
3888.481460 91.000000
3893.481490 91.000000
3901.481460 89.000000
3906.481490 88.000000
3910.481460 89.000000
3916.481460 90.000000
3917.481490 90.000000
3923.481490 90.000000
3929.481460 89.000000
3934.481490 89.000000
3940.481490 90.000000
3943.481460 91.000000
3948.481490 91.000000
3952.481490 90.000000
3960.481490 89.000000
3965.481490 90.000000
3967.481490 89.000000
3976.481460 90.000000
3981.481490 91.000000
3982.481460 91.000000
3991.481490 88.000000
3996.481490 87.000000
4001.481490 88.000000
4003.481490 88.000000
4009.481490 88.000000
4016.481460 90.000000
4017.481460 90.000000
4026.481460 90.000000
4029.481490 90.000000
4032.481490 90.000000
4039.481460 90.000000
4044.481460 91.000000
4047.481460 91.000000
4052.481490 90.000000
4059.481490 88.000000
4064.481490 88.000000
4071.481490 89.000000
4076.481460 89.000000
4077.481490 89.000000
4086.481490 86.000000
4090.481490 87.000000
4093.481460 87.000000
4101.481460 89.000000
4102.481490 89.000000
4111.481460 88.000000
4114.481490 89.000000
4119.481460 90.000000
4123.481490 89.000000
4131.481490 90.000000
4133.481460 90.000000
4138.481460 89.000000
4145.481490 90.000000
4147.481490 90.000000
4153.481490 90.000000
4160.481490 91.000000
4162.481490 90.000000
4170.481490 90.000000
4173.481490 90.000000
4178.481460 90.000000
4184.481490 92.000000
4187.481490 92.000000
4196.481460 86.000000
4200.481460 86.000000
4205.481460 87.000000
4211.481460 88.000000
4212.481490 89.000000
4217.481490 89.000000
4224.481490 89.000000
4228.481460 90.000000
4235.481490 89.000000
4240.481490 89.000000
4245.481460 90.000000
4247.481490 90.000000
4254.481490 90.000000
4257.481490 90.000000
4262.481490 89.000000
4270.481490 89.000000
4275.481490 90.000000
4278.481490 90.000000
4286.481490 89.000000
4287.481490 89.000000
4294.481490 90.000000
4300.481490 91.000000
4302.481490 91.000000
4311.481490 86.000000
4315.481490 86.000000
4318.481460 86.000000
4324.481490 87.000000
4330.481490 88.000000
4333.481490 89.000000
4340.481460 90.000000
4345.481490 91.000000
4348.481460 90.000000
4352.481490 89.000000
4358.481490 89.000000
4364.481490 91.000000
4367.481460 90.000000
4375.481490 91.000000
4378.481460 91.000000
4384.481490 91.000000
4390.481460 91.000000
4396.481460 91.000000
4398.481490 91.000000
4406.481460 90.000000
4407.481490 90.000000
4416.481460 91.000000
4421.481490 91.000000
4423.481460 90.000000
4431.481490 90.000000
4436.481490 91.000000
4441.481490 91.000000
4445.481490 91.000000
4448.481490 91.000000
4454.481490 92.000000
4459.481460 92.000000
4462.481490 92.000000
4470.481460 91.000000
4472.481460 92.000000
4478.481460 93.000000
4483.481460 96.000000
4488.481460 97.000000
4493.481490 100.000000
4501.481490 93.000000
4502.481490 93.000000
4511.481460 85.000000
4516.481490 81.000000
4520.481490 80.000000
4523.481460 82.000000
4531.481490 86.000000
4536.481490 86.000000
4537.481460 85.000000
4545.481490 84.000000
4550.481490 86.000000
4553.481460 87.000000
4560.481460 89.000000
4566.481490 89.000000
4567.481460 88.000000
4572.481490 88.000000
4577.481460 92.000000
4586.481490 106.000000
4589.481490 107.000000
4592.481490 102.000000
4601.481460 84.000000
4606.481460 80.000000
4610.481460 80.000000
4616.481460 79.000000
4619.481490 80.000000
4625.481490 80.000000
4627.481460 80.000000
4636.481490 81.000000
4638.481460 82.000000
4646.481490 83.000000
4648.481490 83.000000
4656.481490 82.000000
4658.481460 83.000000
4664.481490 83.000000
4669.481460 85.000000
4672.481460 87.000000
4681.481490 92.000000
4686.481490 90.000000
4691.481460 91.000000
4695.481490 90.000000
4697.481460 89.000000
4704.481490 86.000000
4711.481460 84.000000
4716.481490 85.000000
4721.481460 85.000000
4725.481490 85.000000
4727.481460 85.000000
4735.481490 85.000000
4741.481490 84.000000
4742.481490 84.000000
4748.481490 85.000000
4755.481490 81.000000
4760.481490 82.000000
4763.481490 82.000000
4770.481460 85.000000
4772.481490 85.000000
4780.481490 84.000000
4782.481490 85.000000
4787.481490 87.000000
4796.481490 94.000000
4799.481490 93.000000
4806.481460 89.000000
4808.481490 90.000000
4812.481490 90.000000
4821.481490 87.000000
4823.481490 87.000000
4831.481490 82.000000
4832.481490 83.000000
4837.481490 85.000000
4846.481490 87.000000
4850.481460 84.000000
4856.481460 84.000000
4858.481490 84.000000
4862.481490 84.000000
4870.481490 86.000000
4872.481490 86.000000
4879.481490 86.000000
4882.481460 86.000000
4891.481490 84.000000
4893.481490 85.000000
4899.481490 84.000000
4906.481460 84.000000
4911.481460 85.000000
4916.481460 85.000000
4917.481460 85.000000
4924.481490 85.000000
4927.481490 85.000000
4934.481460 85.000000
4941.481490 85.000000
4942.481460 85.000000
4947.481490 85.000000
4955.481460 84.000000
4957.481490 84.000000
4963.481490 86.000000
4968.481460 85.000000
4973.481490 85.000000
4978.481460 86.000000
4983.481490 87.000000
4989.481490 86.000000
4996.481490 85.000000
4998.481490 85.000000
5003.481490 86.000000
5007.481490 86.000000
5016.481490 83.000000
5021.481460 83.000000
5023.481490 84.000000
5030.481490 85.000000
5036.481490 85.000000
5037.481460 85.000000
5046.481460 87.000000
5051.481490 86.000000
5053.481490 85.000000
5061.481490 85.000000
5062.481490 85.000000
5070.481490 85.000000
5076.481490 84.000000
5077.481460 84.000000
5084.481490 86.000000
5088.481490 87.000000
5095.481490 86.000000
5100.481490 85.000000
5102.481460 85.000000
5111.481490 86.000000
5116.481460 85.000000
5117.481460 85.000000
5125.481490 86.000000
5127.481490 87.000000
5136.481490 86.000000
5138.481490 86.000000
5142.481460 86.000000
5149.481490 88.000000
5155.481490 88.000000
5160.481490 87.000000
5166.481490 85.000000
5169.481460 86.000000
5174.481490 87.000000
5181.481490 87.000000
5182.481460 87.000000
5191.481460 87.000000
5193.481460 87.000000
5199.481490 86.000000
5205.481460 86.000000
5208.481490 87.000000
5216.481490 87.000000
5219.481490 87.000000
5222.481460 86.000000
5228.481460 87.000000
5236.481490 88.000000
5237.481490 88.000000
5245.481490 92.000000
5247.481490 90.000000
5256.481490 83.000000
5261.481460 82.000000
5266.481460 83.000000
5271.481490 83.000000
5276.481460 83.000000
5279.481460 84.000000
5286.481460 86.000000
5288.481460 85.000000
5293.481460 84.000000
5301.481460 84.000000
5302.481490 84.000000
5308.481460 86.000000
5313.481490 86.000000
5318.481490 85.000000
5322.481490 86.000000
5329.481490 87.000000
5336.481490 86.000000
5337.481460 86.000000
5345.481460 86.000000
5348.481460 86.000000
5355.481490 86.000000
5360.481490 86.000000
5364.481460 85.000000
5368.481460 87.000000
5374.481490 88.000000
5380.481490 87.000000
5384.481490 87.000000
5387.481490 87.000000
5394.481490 87.000000
5399.481490 88.000000
5406.481490 86.000000
5407.481490 86.000000
5416.481490 87.000000
5417.481490 87.000000
5425.481490 87.000000
5428.481460 86.000000
5434.481490 86.000000
5441.483970 88.000000
5445.483970 89.000000
5447.483970 89.000000
5456.483970 87.000000
5460.483970 87.000000
5465.483970 87.000000
5468.483940 88.000000
5472.483970 88.000000
5478.483940 86.000000
5486.483970 85.000000
5488.483970 85.000000
5493.483940 86.000000
5498.483940 86.000000
5503.483970 88.000000
5510.483970 86.000000
5514.483940 87.000000
5517.483970 87.000000
5525.483940 87.000000
5528.483940 87.000000
5534.483970 87.000000
5540.483970 88.000000
5546.483970 88.000000
5547.483940 88.000000
5556.483940 85.000000
5561.483970 85.000000
5562.483970 85.000000
5571.483940 86.000000
5574.483940 87.000000
5580.483970 87.000000
5583.483940 86.000000
5591.483940 84.000000
5592.483970 84.000000
5598.483940 87.000000
5606.483970 88.000000
5608.483970 88.000000
5612.483970 88.000000
5619.483970 88.000000
5623.483970 88.000000
5627.483970 88.000000
5634.483970 85.000000
5638.483970 85.000000
5642.483940 87.000000
5651.483970 82.000000
5656.483970 80.000000
5660.483970 80.000000
5666.483970 82.000000
5668.483970 82.000000
5676.483970 85.000000
5678.483970 86.000000
5686.483970 86.000000
5691.483970 85.000000
5692.483940 85.000000
5697.483970 86.000000
5703.483970 88.000000
5709.483970 88.000000
5716.483970 88.000000
5719.483940 89.000000
5725.483970 89.000000
5728.483940 88.000000
5733.483970 88.000000
5738.483970 88.000000
5743.483970 87.000000
5750.483970 87.000000
5756.483940 87.000000
5761.483970 86.000000
5764.483940 85.000000
5767.483970 86.000000
5776.483970 87.000000
5779.483970 87.000000
5782.483970 87.000000
5791.483970 88.000000
5796.483970 88.000000
5801.483940 87.000000
5802.483970 87.000000
5811.483970 88.000000
5812.483970 88.000000
5817.483940 88.000000
5826.483970 87.000000
5831.483970 86.000000
5833.483940 87.000000
5841.483970 89.000000
5846.483940 88.000000
5848.483970 88.000000
5856.483970 86.000000
5859.483940 86.000000
5862.483970 87.000000
5868.483970 88.000000
5874.483970 88.000000
5877.483940 88.000000
5883.483970 87.000000
5889.483940 87.000000
5893.483940 87.000000
5899.483970 88.000000
5906.483970 88.000000
5909.483970 88.000000
5915.483970 88.000000
5917.483970 88.000000
5922.483970 88.000000
5931.483970 84.000000
5933.483970 84.000000
5939.483940 85.000000
5943.483940 86.000000
5947.483940 87.000000
5955.483940 88.000000
5960.483970 86.000000
5964.483970 86.000000
5968.483970 86.000000
5972.483940 87.000000
5978.483970 87.000000
5983.483970 87.000000
5989.483970 87.000000
5994.483940 86.000000
5997.483970 86.000000
6003.483940 87.000000
6010.483970 87.000000
6014.483940 88.000000
6021.483970 86.000000
6023.483970 86.000000
6030.483940 87.000000
6035.483970 87.000000
6039.483970 86.000000
6046.483970 86.000000
6047.483970 86.000000
6056.483940 86.000000
6057.483970 86.000000
6066.483940 87.000000
6071.483940 85.000000
6072.483970 85.000000
6079.483940 86.000000
6083.483970 87.000000
6091.483970 88.000000
6094.483970 88.000000
6100.483970 86.000000
6104.483970 87.000000
6110.483970 88.000000
6116.483970 86.000000
6117.483940 86.000000
6123.483970 86.000000
6131.483940 85.000000
6135.483970 86.000000
6137.483970 86.000000
6143.483940 86.000000
6150.483970 86.000000
6154.483970 86.000000
6160.483970 87.000000
6162.483970 87.000000
6169.483940 87.000000
6176.483970 87.000000
6177.483970 87.000000
6182.483970 86.000000
6191.483970 84.000000
6196.483970 85.000000
6197.483970 85.000000
6203.483940 86.000000
6210.483970 86.000000
6214.483970 87.000000
6219.483970 87.000000
6226.483970 86.000000
6230.483970 86.000000
6232.483970 86.000000
6239.483970 87.000000
6244.483940 87.000000
6249.483970 86.000000
6256.483970 84.000000
6257.483970 84.000000
6266.483970 84.000000
6268.483940 84.000000
6276.483970 85.000000
6279.483970 86.000000
6283.483940 86.000000
6287.483970 85.000000
6294.483970 84.000000
6300.483970 85.000000
6303.483970 86.000000
6308.483940 86.000000
6313.483970 86.000000
6320.483970 86.000000
6326.483970 85.000000
6331.483970 85.000000
6335.483970 85.000000
6337.483940 85.000000
6344.483970 87.000000
6349.483970 87.000000
6356.483970 86.000000
6359.483970 86.000000
6365.483970 86.000000
6367.483970 86.000000
6376.483970 86.000000
6381.483970 85.000000
6384.483940 85.000000
6387.483970 85.000000
6396.483940 86.000000
6397.483970 86.000000
6406.483970 87.000000
6407.483940 87.000000
6413.483970 87.000000
6421.483940 85.000000
6425.483940 85.000000
6427.483970 85.000000
6433.483970 86.000000
6437.483970 87.000000
6443.483940 87.000000
6451.483940 86.000000
6452.483970 86.000000
6459.483940 85.000000
6465.483970 86.000000
6468.483970 86.000000
6475.483970 88.000000
6480.483970 89.000000
6482.483970 89.000000
6487.483970 85.000000
6495.483940 83.000000
6497.483940 84.000000
6506.483940 82.000000
6507.483940 83.000000
6516.483970 88.000000
6520.483970 86.000000
6526.483970 85.000000
6531.483970 84.000000
6532.483970 84.000000
6541.483970 83.000000
6542.483940 83.000000
6551.483970 83.000000
6553.483970 83.000000
6557.483940 86.000000
6566.483970 88.000000
6568.483970 88.000000
6576.483970 85.000000
6577.483970 86.000000
6585.483970 85.000000
6588.483970 85.000000
6596.483970 84.000000
6597.483970 84.000000
6603.483970 86.000000
6607.483940 86.000000
6612.483940 86.000000
6617.483970 86.000000
6626.483940 88.000000
6628.483970 87.000000
6633.483970 87.000000
6640.483970 86.000000
6644.483970 86.000000
6649.483970 87.000000
6654.483970 85.000000
6657.483970 85.000000
6666.483970 86.000000
6670.483970 86.000000
6676.483970 86.000000
6677.483970 86.000000
6685.483940 87.000000
6689.483970 86.000000
6695.483970 86.000000
6697.483970 86.000000
6702.483940 86.000000
6707.483940 87.000000
6716.483970 84.000000
6718.483970 84.000000
6725.483940 86.000000
6727.483970 86.000000
6734.483970 86.000000
6741.483970 86.000000
6744.483940 85.000000
6748.483970 84.000000
6752.483940 84.000000
6757.483970 84.000000
6764.483970 86.000000
6769.483970 86.000000
6772.483970 86.000000
6778.483940 87.000000
6785.483970 86.000000
6790.483940 89.000000
6793.483970 91.000000
6797.483970 91.000000
6806.483940 96.000000
6808.483970 95.000000
6815.483970 101.000000
6817.483940 100.000000
6826.483970 88.000000
6831.483970 87.000000
6836.483970 84.000000
6839.483970 85.000000
6843.483970 84.000000
6847.483970 82.000000
6855.483970 81.000000
6861.483940 82.000000
6862.483970 82.000000
6867.483970 82.000000
6873.483970 82.000000
6881.483970 88.000000
6885.483970 84.000000
6891.483970 82.000000
6895.483970 82.000000
6901.483940 83.000000
6904.483970 83.000000
6907.483970 84.000000
6912.483970 84.000000
6918.483940 81.000000
6925.483970 80.000000
6928.483940 80.000000
6932.483970 80.000000
6937.483940 81.000000
6942.483940 81.000000
6951.483970 83.000000
6952.483940 83.000000
6959.483940 83.000000
6966.483970 83.000000
6969.483970 84.000000
6972.483940 84.000000
6981.483970 91.000000
6983.483970 90.000000
6987.483940 91.000000
6996.483970 109.000000
7000.483970 111.000000
7002.483970 109.000000
7011.483970 85.000000
7016.483970 80.000000
7017.483940 81.000000
7026.483970 74.000000
7029.483940 75.000000
7036.483970 76.000000
7040.483970 76.000000
7045.483940 76.000000
7047.483970 76.000000
7054.483970 77.000000
7061.483970 76.000000
7066.483970 78.000000
7068.483970 80.000000
7073.483940 81.000000
7081.483970 89.000000
7082.483970 89.000000
7087.483970 91.000000
7092.483940 87.000000
7100.483970 80.000000
7104.483970 78.000000
7111.483970 76.000000
7115.483970 76.000000
7119.483970 76.000000
7124.483970 78.000000
7129.483940 78.000000
7133.483970 78.000000
7140.483970 79.000000
7146.483940 80.000000
7150.483940 80.000000
7153.483940 80.000000
7157.483970 80.000000
7162.483970 79.000000
7170.483970 80.000000
7173.483940 80.000000
7180.483970 82.000000
7186.483970 81.000000
7187.483970 81.000000
7192.483940 80.000000
7200.483940 80.000000
7202.483970 80.000000
7209.483970 82.000000
7215.483940 82.000000
7218.483970 82.000000
7226.483940 83.000000
7229.483970 83.000000
7236.483940 81.000000
7239.483970 81.000000
7242.483970 80.000000
7249.483970 84.000000
7252.483940 82.000000
7261.483970 75.000000
7262.483970 75.000000
7267.483970 79.000000
7275.483970 82.000000
7281.483940 80.000000
7282.483970 80.000000
7291.483970 78.000000
7292.483970 78.000000
7298.483970 76.000000
7304.483970 76.000000
7310.483970 77.000000
7316.483970 79.000000
7321.483970 81.000000
7324.483940 81.000000
7329.483970 82.000000
7333.483940 81.000000
7341.483970 79.000000
7346.483970 78.000000
7347.483970 79.000000
7352.483970 81.000000
7357.483970 84.000000
7366.483970 91.000000
7371.483970 90.000000
7372.483940 91.000000
7379.483970 93.000000
7382.483970 91.000000
7391.483970 83.000000
7393.483970 83.000000
7397.483970 83.000000
7406.483970 77.000000
7411.483970 76.000000
7412.483970 76.000000
7417.483940 77.000000
7426.483940 78.000000
7431.483970 80.000000
7436.483970 80.000000
7441.483940 80.000000
7443.483970 80.000000
7448.483940 81.000000
7454.483940 81.000000
7457.483940 81.000000
7463.483970 80.000000
7470.483970 80.000000
7475.483970 81.000000
7481.483970 80.000000
7482.483940 80.000000
7487.483940 85.000000
7496.483970 96.000000
7499.483940 95.000000
7502.483940 92.000000
7511.483970 85.000000
7515.483940 86.000000
7517.483970 88.000000
7526.483970 103.000000
7529.483970 102.000000
7532.483970 97.000000
7537.483940 85.000000
7546.483970 76.000000
7551.483970 76.000000
7556.483970 77.000000
7557.483940 76.000000
7566.483970 78.000000
7567.483970 78.000000
7576.483970 72.000000
7578.483970 73.000000
7586.483970 76.000000
7591.483970 76.000000
7593.483970 75.000000
7597.483970 75.000000
7605.483970 76.000000
7611.483940 77.000000
7615.483970 79.000000
7621.483940 83.000000
7625.483970 82.000000
7628.483970 82.000000
7636.483970 78.000000
7641.483970 78.000000
7643.483970 78.000000
7651.483970 76.000000
7656.483970 76.000000
7659.483970 76.000000
7664.483970 78.000000
7670.483970 77.000000
7676.483970 77.000000
7678.483970 77.000000
7686.483970 79.000000
7690.483970 78.000000
7696.483940 79.000000
7697.483970 79.000000
7706.483970 80.000000
7710.483970 79.000000
7712.483940 79.000000
7720.483970 79.000000
7723.483940 80.000000
7729.483970 80.000000
7733.483970 79.000000
7741.483940 79.000000
7742.483970 79.000000
7749.483940 78.000000
7752.483940 81.000000
7759.483970 85.000000
7766.483970 81.000000
7770.483940 79.000000
7776.483940 77.000000
7781.483940 76.000000
7786.483970 77.000000
7790.483940 77.000000
7795.483970 76.000000
7798.483970 76.000000
7804.483970 78.000000
7811.483970 79.000000
7815.483970 79.000000
7817.483940 78.000000
7826.483940 77.000000
7829.483970 78.000000
7836.483940 80.000000
7837.483970 80.000000
7842.483940 78.000000
7849.483970 78.000000
7852.483940 78.000000
7861.483970 78.000000
7865.483970 79.000000
7868.483970 79.000000
7875.483970 80.000000
7878.483970 79.000000
7882.483970 80.000000
7891.483970 93.000000
7896.483970 96.000000
7897.483940 96.000000
7906.483970 77.000000
7911.483940 75.000000
7916.483970 73.000000
7921.483970 72.000000
7923.483970 73.000000
7928.483970 74.000000
7932.483940 75.000000
7941.483970 78.000000
7942.483970 78.000000
7951.483940 74.000000
7954.483940 74.000000
7957.483970 74.000000
7965.483970 76.000000
7968.483970 76.000000
7973.483970 75.000000
7978.483970 76.000000
7986.483940 78.000000
7991.483970 79.000000
7994.483970 78.000000
7998.483940 78.000000
8003.483970 77.000000
8008.483970 78.000000
8014.483970 78.000000
8019.483970 78.000000
8026.483970 78.000000
8028.483940 78.000000
8033.483970 79.000000
8041.483970 81.000000
8042.483970 80.000000
8051.483940 76.000000
8055.483940 76.000000
8060.483970 78.000000
8066.483970 79.000000
8069.483970 79.000000
8076.483940 78.000000
8077.483970 78.000000
8084.483970 78.000000
8091.483970 79.000000
8095.483970 79.000000
8100.483970 79.000000
8102.483970 79.000000
8111.483940 79.000000
8112.483940 79.000000
8118.483970 79.000000
8124.483970 79.000000
8131.483940 79.000000
8133.483940 79.000000
8138.483970 79.000000
8142.483940 79.000000
8147.483970 78.000000
8152.483970 80.000000
8161.483940 83.000000
8166.483970 83.000000
8171.483970 83.000000
8174.483940 82.000000
8177.483970 80.000000
8182.483970 78.000000
8191.483940 78.000000
8194.483940 77.000000
8197.483970 78.000000
8206.483940 79.000000
8210.483970 79.000000
8214.483970 79.000000
8221.483970 78.000000
8223.483940 78.000000
8229.483970 79.000000
8232.483970 79.000000
8237.483940 78.000000
8246.483940 76.000000
8247.483940 77.000000
8253.483970 78.000000
8259.483940 77.000000
8265.483940 78.000000
8268.483970 78.000000
8275.483970 78.000000
8277.483970 78.000000
8286.483940 77.000000
8291.483970 78.000000
8292.483970 78.000000
8299.483970 78.000000
8302.483940 78.000000
8308.483970 77.000000
8314.483970 76.000000
8317.483970 76.000000
8324.483970 77.000000
8329.483970 80.000000
8336.483970 88.000000
8338.483970 89.000000
8345.483940 93.000000
8347.483970 91.000000
8356.483940 81.000000
8359.483970 80.000000
8362.483970 79.000000
8371.483970 77.000000
8372.483940 77.000000
8377.483970 76.000000
8384.483970 74.000000
8391.483970 73.000000
8392.483970 74.000000
8401.483970 75.000000
8402.483970 75.000000
8407.483970 77.000000
8416.483970 79.000000
8417.483970 79.000000
8426.483970 75.000000
8430.483970 75.000000
8434.483970 75.000000
8438.483940 76.000000
8445.483970 79.000000
8451.483970 80.000000
8456.483970 80.000000
8458.483970 80.000000
8465.483970 80.000000
8469.483970 80.000000
8472.483970 80.000000
8481.483970 85.000000
8484.483940 85.000000
8488.483970 82.000000
8496.483970 80.000000
8500.483970 82.000000
8503.483940 82.000000
8507.483970 80.000000
8516.483940 76.000000
8520.483970 76.000000
8526.483970 76.000000
8528.483970 75.000000
8533.483970 74.000000
8541.483970 76.000000
8544.483970 76.000000
8549.483970 76.000000
8556.483970 76.000000
8557.483940 76.000000
8566.483970 83.000000
8571.483940 83.000000
8574.483970 83.000000
8577.483970 83.000000
8582.483970 85.000000
8587.483970 80.000000
8596.483970 75.000000
8601.483940 75.000000
8604.483940 75.000000
8608.483970 76.000000
8613.483970 76.000000
8620.483940 74.000000
8626.483940 77.000000
8628.483970 76.000000
8636.483970 74.000000
8640.483970 74.000000
8644.483970 74.000000
8651.483970 74.000000
8656.483970 76.000000
8658.483940 75.000000
8664.483970 76.000000
8671.483970 77.000000
8676.483940 78.000000
8677.483970 78.000000
8682.483970 78.000000
8687.483970 78.000000
8693.483940 78.000000
8701.483940 74.000000
8703.483970 74.000000
8711.483970 81.000000
8716.483970 79.000000
8718.483940 80.000000
8722.483970 78.000000
8731.483970 74.000000
8736.483940 74.000000
8737.483970 74.000000
8743.483970 74.000000
8751.483940 76.000000
8753.483970 76.000000
8760.483970 76.000000
8766.483970 75.000000
8767.483940 75.000000
8776.483940 76.000000
8781.483940 75.000000
8784.483970 76.000000
8790.483970 76.000000
8794.483970 76.000000
8799.483970 76.000000
8806.483940 76.000000
8809.483970 76.000000
8812.483940 76.000000
8817.483940 75.000000
8823.483940 76.000000
8827.483970 76.000000
8836.483940 73.000000
8839.483970 73.000000
8843.483970 74.000000
8849.483970 75.000000
8854.483970 75.000000
8857.483940 76.000000
8865.483940 78.000000
8868.483970 78.000000
8876.483970 77.000000
8878.483940 76.000000
8884.483970 78.000000
8888.483970 78.000000
8892.483970 78.000000
8897.483970 77.000000
8906.483970 75.000000
8907.483970 75.000000
8912.483970 75.000000
8921.483970 76.000000
8925.483940 75.000000
8928.483970 76.000000
8932.483970 76.000000
8940.483940 77.000000
8946.483970 77.000000
8948.483970 76.000000
8952.483970 78.000000
8961.483940 82.000000
8962.483970 82.000000
8967.483940 85.000000
8976.483970 97.000000
8980.483970 98.000000
8982.483940 97.000000
8987.483940 87.000000
8995.483970 77.000000
9001.483970 74.000000
9006.483940 73.000000
9011.483940 73.000000
9013.483970 73.000000
9021.483970 74.000000
9022.483970 74.000000
9028.483940 74.000000
9032.483970 75.000000
9039.483970 73.000000
9046.475580 74.000000
9047.475550 74.000000
9056.475550 76.000000
9058.475580 76.000000
9065.475580 76.000000
9071.475580 76.000000
9076.475550 76.000000
9079.475580 76.000000
9086.475550 77.000000
9087.475580 77.000000
9092.475580 78.000000
9098.475580 82.000000
9105.475550 87.000000
9107.475580 87.000000
9114.475580 80.000000
9121.475550 77.000000
9123.475580 76.000000
9131.475580 74.000000
9133.475550 75.000000
9141.475580 76.000000
9145.475580 76.000000
9151.475580 79.000000
9155.475580 79.000000
9161.475580 79.000000
9162.475580 79.000000
9171.475550 78.000000
9172.475580 78.000000
9179.475580 78.000000
9186.475580 78.000000
9187.475550 77.000000
9193.475580 79.000000
9197.475580 78.000000
9205.475550 82.000000
9207.475580 81.000000
9212.475580 79.000000
9217.475580 78.000000
9226.475580 72.000000
9231.475550 72.000000
9236.475580 73.000000
9237.475580 73.000000
9244.475580 73.000000
9249.475580 72.000000
9252.475580 74.000000
9261.475580 76.000000
9265.475580 76.000000
9271.475550 79.000000
9274.475580 79.000000
9277.475580 79.000000
9286.475580 78.000000
9290.475580 78.000000
9292.475580 78.000000
9301.475550 77.000000
9305.475580 76.000000
9307.475580 77.000000
9312.475580 77.000000
9318.475580 76.000000
9322.475580 76.000000
9330.475550 81.000000
9336.475580 83.000000
9341.475550 85.000000
9342.475580 85.000000
9348.475580 82.000000
9353.475580 80.000000
9360.475580 79.000000
9363.475580 77.000000
9371.475580 74.000000
9376.475580 72.000000
9380.475580 73.000000
9383.475580 73.000000
9390.475550 75.000000
9396.475580 75.000000
9397.475580 75.000000
9402.475580 75.000000
9409.475550 77.000000
9415.475580 77.000000
9417.475550 77.000000
9423.475580 80.000000
9427.475550 82.000000
9436.475550 89.000000
9437.475580 89.000000
9446.475580 82.000000
9447.475580 83.000000
9456.475580 81.000000
9458.475580 82.000000
9462.475580 83.000000
9469.475580 87.000000
9476.475580 81.000000
9477.475550 80.000000
9486.475550 78.000000
9490.475550 76.000000
9495.475550 76.000000
9500.475550 78.000000
9506.475580 78.000000
9507.475580 78.000000
9515.475580 76.000000
9517.475580 77.000000
9526.475550 82.000000
9530.475550 80.000000
9534.475580 80.000000
9539.475550 78.000000
9546.475580 78.000000
9547.475580 78.000000
9556.475580 79.000000
9559.475580 79.000000
9562.475580 79.000000
9569.475580 85.000000
9572.475550 82.000000
9581.475580 76.000000
9586.475580 75.000000
9587.475550 75.000000
9596.475550 75.000000
9601.475580 75.000000
9602.475550 75.000000
9611.475580 73.000000
9614.475550 73.000000
9618.475580 75.000000
9624.475580 75.000000
9627.475550 76.000000
9632.475580 80.000000
9637.475550 85.000000
9644.475580 92.000000
9647.475580 90.000000
9656.475580 80.000000
9660.475580 81.000000
9662.475580 81.000000
9671.475550 97.000000
9676.475580 101.000000
9678.475580 100.000000
9682.475580 95.000000
9691.475580 77.000000
9696.475550 76.000000
9699.475580 78.000000
9702.475550 76.000000
9711.475580 72.000000
9712.475580 73.000000
9718.475580 73.000000
9725.475550 73.000000
9730.475580 75.000000
9734.475580 75.000000
9739.475580 77.000000
9746.475550 76.000000
9747.475580 76.000000
9753.475580 78.000000
9760.475580 81.000000
9765.475580 79.000000
9771.475550 85.000000
9772.475580 85.000000
9780.475580 79.000000
9782.475580 79.000000
9791.475580 76.000000
9794.475550 76.000000
9801.475580 76.000000
9802.475580 76.000000
9810.475580 79.000000
9815.475580 79.000000
9817.475550 80.000000
9823.475550 81.000000
9831.475550 88.000000
9835.475550 86.000000
9837.475580 85.000000
9844.475550 83.000000
9849.475580 84.000000
9854.475580 84.000000
9857.475550 84.000000
9862.475580 86.000000
9871.475580 80.000000
9875.475580 79.000000
9881.475550 79.000000
9884.475580 79.000000
9887.475550 79.000000
9893.475580 78.000000
9897.475580 79.000000
9906.475580 87.000000
9909.475550 85.000000
9913.475580 83.000000
9919.475580 80.000000
9924.475550 79.000000
9927.475580 78.000000
9933.475580 78.000000
9939.475550 78.000000
9946.475580 78.000000
9951.475580 80.000000
9954.475550 79.000000
9960.475580 80.000000
9965.475550 80.000000
9969.475550 81.000000
9972.475580 81.000000
9979.475580 81.000000
9984.475580 80.000000
9987.475550 80.000000
9992.475580 82.000000
9997.475580 77.000000
10006.475580 71.000000
10010.475580 70.000000
10012.475580 70.000000
10017.475580 72.000000
10026.475550 75.000000
10031.475580 75.000000
10036.475550 74.000000
10038.475580 74.000000
10044.475550 76.000000
10049.475580 78.000000
10056.475550 80.000000
10061.475550 80.000000
10064.475580 80.000000
10071.475550 80.000000
10072.475550 80.000000
10080.475580 84.000000
10086.475580 81.000000
10089.475580 82.000000
10092.475580 82.000000
10101.475580 93.000000
10106.475580 97.000000
10111.475580 96.000000
10113.475580 95.000000
10121.475580 92.000000
10123.475580 91.000000
10127.475580 91.000000
10132.475550 95.000000
10141.475580 110.000000
10142.475580 110.000000
10147.475580 99.000000
10156.475580 75.000000
10161.475580 73.000000
10166.475580 72.000000
10169.475580 72.000000
10176.475550 75.000000
10181.475580 73.000000
10185.475580 73.000000
10191.475550 73.000000
10193.475580 74.000000
10201.475580 78.000000
10206.475580 79.000000
10207.475580 79.000000
10214.475580 79.000000
10221.475580 81.000000
10222.475580 81.000000
10227.475580 80.000000
10233.475580 79.000000
10238.475550 78.000000
10242.475580 77.000000
10251.475580 75.000000
10254.475550 75.000000
10261.475580 79.000000
10263.475580 79.000000
10271.475580 79.000000
10274.475550 79.000000
10278.475580 80.000000
10286.475580 82.000000
10287.475580 83.000000
10292.475580 85.000000
10299.475580 89.000000
10302.475580 91.000000
10311.475550 107.000000
10315.475580 108.000000
10317.475580 105.000000
10326.475580 87.000000
10330.475550 86.000000
10336.475550 82.000000
10341.475580 79.000000
10346.475550 79.000000
10347.475580 79.000000
10355.475580 78.000000
10361.475550 81.000000
10366.475580 80.000000
10367.475580 80.000000
10376.475550 83.000000
10380.475580 83.000000
10382.475580 82.000000
10391.475580 80.000000
10394.475550 80.000000
10397.475580 79.000000
10406.475550 79.000000
10409.475550 79.000000
10416.475580 80.000000
10420.475580 80.000000
10422.475580 80.000000
10431.475580 80.000000
10432.475580 80.000000
10441.475580 80.000000
10442.475580 80.000000
10451.475550 85.000000
10456.475550 88.000000
10457.475580 89.000000
10466.475580 81.000000
10467.475550 81.000000
10475.475580 77.000000
10481.475550 75.000000
10486.475580 75.000000
10491.475550 76.000000
10492.475580 76.000000
10498.475550 76.000000
10505.475550 77.000000
10511.475580 80.000000
10512.475580 80.000000
10520.475550 81.000000
10522.475580 80.000000
10529.475580 77.000000
10532.475550 79.000000
10540.475580 82.000000
10542.475580 81.000000
10547.475550 79.000000
10556.475580 75.000000
10557.475550 76.000000
10562.475580 77.000000
10567.475550 77.000000
10575.475580 74.000000
10577.475580 74.000000
10586.475580 77.000000
10587.475580 77.000000
10595.475550 79.000000
10600.475580 78.000000
10606.475580 78.000000
10607.475580 77.000000
10616.475580 76.000000
10621.475550 77.000000
10622.475580 77.000000
10627.475550 79.000000
10636.475580 83.000000
10641.475580 83.000000
10646.475580 84.000000
10648.475550 84.000000
10656.475550 85.000000
10657.475580 85.000000
10666.475580 89.000000
10671.475580 84.000000
10676.475580 82.000000
10680.475580 80.000000
10686.475580 79.000000
10689.475580 78.000000
10693.475580 77.000000
10697.475580 76.000000
10703.475580 76.000000
10709.475580 81.000000
10712.475580 81.000000
10719.475580 91.000000
10726.475580 96.000000
10727.475550 94.000000
10736.475580 82.000000
10737.475580 81.000000
10746.475580 76.000000
10751.475580 75.000000
10754.475580 76.000000
10760.475580 77.000000
10766.475580 76.000000
10768.475580 76.000000
10776.475580 76.000000
10777.475580 76.000000
10782.475550 76.000000
10790.475580 80.000000
10796.475580 81.000000
10797.475580 80.000000
10802.475580 79.000000
10809.475580 76.000000
10815.475580 75.000000
10821.475580 76.000000
10824.475580 76.000000
10829.475580 75.000000
10833.475580 77.000000
10841.475580 79.000000
10846.475580 79.000000
10847.475550 79.000000
10852.475550 79.000000
10857.475550 81.000000
10866.475580 89.000000
10869.475580 89.000000
10872.475580 88.000000
10881.475550 80.000000
10884.475580 79.000000
10887.475550 78.000000
10896.475550 74.000000
10900.475580 75.000000
10905.475580 80.000000
10907.475550 80.000000
10916.475580 73.000000
10921.475550 72.000000
10924.475550 72.000000
10927.475550 72.000000
10934.475550 75.000000
10939.475550 74.000000
10946.475580 73.000000
10950.475580 73.000000
10952.475580 74.000000
10960.475550 78.000000
10965.475580 78.000000
10967.475550 78.000000
10972.475580 79.000000
10977.475550 83.000000
10985.475580 91.000000
10989.475580 92.000000
10992.475580 89.000000
11001.475580 80.000000
11006.475580 78.000000
11011.475580 76.000000
11014.475580 75.000000
11021.475580 75.000000
11024.475580 75.000000
11030.475580 75.000000
11036.475550 74.000000
11037.475580 74.000000
11042.475580 76.000000
11047.475580 77.000000
11055.475580 82.000000
11061.475580 81.000000
11066.475550 82.000000
11068.475580 82.000000
11072.475580 82.000000
11081.475580 81.000000
11084.475550 80.000000
11087.475580 80.000000
11093.475580 78.000000
11101.475550 76.000000
11102.475580 77.000000
11107.475580 79.000000
11115.475550 77.000000
11119.475550 76.000000
11125.475550 76.000000
11129.475580 76.000000
11136.475550 78.000000
11137.475580 78.000000
11146.475580 76.000000
11148.475550 76.000000
11156.475580 80.000000
11161.475550 80.000000
11165.475550 79.000000
11169.475550 79.000000
11176.475580 80.000000
11179.475550 79.000000
11183.475580 79.000000
11191.475550 76.000000
11193.475580 76.000000
11197.475550 79.000000
11206.475580 87.000000
11211.475580 90.000000
11212.475580 89.000000
11218.475580 87.000000
11226.475580 90.000000
11227.475550 90.000000
11236.475580 81.000000
11241.475550 79.000000
11245.475580 77.000000
11247.475580 77.000000
11254.475550 74.000000
11260.475580 79.000000
11262.475580 78.000000
11271.475580 73.000000
11276.475580 73.000000
11277.475580 74.000000
11285.475580 73.000000
11291.475580 76.000000
11296.475580 76.000000
11301.475550 76.000000
11304.475550 77.000000
11309.475580 78.000000
11316.475580 76.000000
11317.475580 76.000000
11324.475580 78.000000
11331.475580 81.000000
11332.475580 81.000000
11337.475580 80.000000
11342.475580 80.000000
11351.475550 79.000000
11352.475550 78.000000
11357.475550 77.000000
11364.475550 77.000000
11368.475580 79.000000
11376.475580 75.000000
11380.475580 74.000000
11385.475580 74.000000
11388.475580 74.000000
11396.475580 75.000000
11399.475580 75.000000
11406.475580 78.000000
11411.475580 78.000000
11415.475550 78.000000
11418.475580 78.000000
11422.475580 77.000000
11430.475580 78.000000
11432.475580 77.000000
11437.475580 77.000000
11442.475580 77.000000
11451.475580 93.000000
11456.475580 102.000000
11458.475580 104.000000
11462.475580 96.000000
11471.475580 75.000000
11476.475550 74.000000
11481.475550 71.000000
11486.475580 69.000000
11487.475550 70.000000
11492.475580 71.000000
11501.475580 75.000000
11505.475580 74.000000
11509.475580 73.000000
11515.475580 71.000000
11518.475580 70.000000
11526.475580 79.000000
11530.475580 80.000000
11536.475580 82.000000
11539.475550 80.000000
11546.475550 78.000000
11549.475580 80.000000
11554.475550 79.000000
11557.475580 79.000000
11562.475580 76.000000
11571.475580 73.000000
11576.475580 73.000000
11578.475580 73.000000
11586.475580 75.000000
11591.475580 76.000000
11592.475580 76.000000
11601.475580 77.000000
11602.475580 76.000000
11609.475580 75.000000
11616.475580 75.000000
11617.475580 75.000000
11626.475550 75.000000
11628.475580 76.000000
11636.475580 81.000000
11640.475550 80.000000
11643.475580 79.000000
11648.475550 79.000000
11653.475580 77.000000
11661.475580 76.000000
11664.475550 76.000000
11671.475580 76.000000
11672.475550 76.000000
11678.475550 75.000000
11686.475580 79.000000
11687.475580 79.000000
11692.475550 78.000000
11701.475580 75.000000
11706.475580 75.000000
11707.475580 75.000000
11716.475550 78.000000
11720.475580 76.000000
11725.475580 76.000000
11727.475580 76.000000
11736.475550 80.000000
11741.475550 77.000000
11742.475580 78.000000
11751.475580 83.000000
11752.475580 82.000000
11761.475580 79.000000
11765.475580 81.000000
11770.475550 80.000000
11776.475580 79.000000
11779.475580 80.000000
11782.475580 79.000000
11787.475580 80.000000
11793.475580 83.000000
11799.475580 79.000000
11803.475580 78.000000
11807.475550 77.000000
11816.475580 74.000000
11819.475550 73.000000
11822.475550 75.000000
11831.475550 82.000000
11836.475580 84.000000
11837.475550 84.000000
11842.475580 84.000000
11847.475550 80.000000
11852.475580 78.000000
11857.475550 76.000000
11865.475550 74.000000
11869.475580 73.000000
11875.475580 74.000000
11881.475550 75.000000
11883.475580 75.000000
11891.475580 73.000000
11896.475580 73.000000
11901.475580 73.000000
11902.475550 73.000000
11907.475580 75.000000
11916.475580 73.000000
11917.475580 74.000000
11926.475580 75.000000
11928.475550 75.000000
11933.475580 76.000000
11937.475580 77.000000
11946.475580 76.000000
11947.475580 76.000000
11955.475580 78.000000
11957.475550 78.000000
11964.475580 78.000000
11969.475580 77.000000
11974.475550 77.000000
11981.475580 75.000000
11982.475580 75.000000
11989.475580 75.000000
11993.475550 75.000000
12000.475580 75.000000
12005.475580 76.000000
12010.475580 76.000000
12016.475580 76.000000
12017.475580 76.000000
12024.475550 76.000000
12027.475580 76.000000
12032.475580 75.000000
12041.475580 84.000000
12046.475580 86.000000
12047.475550 85.000000
12055.475580 81.000000
12057.475580 82.000000
12063.475580 85.000000
12068.475580 81.000000
12076.475550 76.000000
12081.475580 75.000000
12082.475580 74.000000
12091.475580 73.000000
12095.475550 73.000000
12099.475580 73.000000
12104.475580 74.000000
12108.475580 75.000000
12114.475580 76.000000
12117.475550 76.000000
12122.475550 74.000000
12127.475580 81.000000
12136.475580 97.000000
12138.475580 97.000000
12142.475580 92.000000
12151.475550 78.000000
12156.475580 75.000000
12160.475550 76.000000
12164.475580 75.000000
12171.475580 75.000000
12172.475550 75.000000
12181.475580 75.000000
12185.475550 76.000000
12190.475550 76.000000
12193.475580 76.000000
12201.475550 76.000000
12204.475580 76.000000
12207.475580 77.000000
12216.475580 80.000000
12217.475580 80.000000
12222.475550 78.000000
12227.475580 77.000000
12234.475580 78.000000
12237.475580 78.000000
12244.475580 78.000000
12251.475550 78.000000
12253.475580 79.000000
12260.475580 79.000000
12264.475580 77.000000
12270.475580 79.000000
12273.475550 80.000000
12278.475580 80.000000
12282.475580 80.000000
12291.475550 84.000000
12292.475580 84.000000
12300.475580 81.000000
12306.475580 80.000000
12307.475580 80.000000
12312.475580 81.000000
12321.475580 76.000000
12326.475580 75.000000
12331.475580 75.000000
12334.475580 75.000000
12337.475580 76.000000
12346.475580 76.000000
12350.475580 76.000000
12352.475580 77.000000
12361.475580 78.000000
12365.475580 79.000000
12370.475580 79.000000
12376.475580 80.000000
12377.475580 80.000000
12382.475580 83.000000
12390.475580 90.000000
12392.475580 89.000000
12397.475580 84.000000
12404.475550 81.000000
12408.475580 79.000000
12416.475580 77.000000
12421.475580 76.000000
12422.475580 76.000000
12431.475580 80.000000
12432.475580 79.000000
12441.475550 75.000000
12446.475580 74.000000
12448.475580 75.000000
12452.475580 75.000000
12461.475580 76.000000
12462.475550 76.000000
12471.475580 74.000000
12475.475550 75.000000
12480.475580 77.000000
12485.475580 77.000000
12488.475550 78.000000
12496.475580 78.000000
12499.475580 79.000000
12505.475580 79.000000
12508.475550 78.000000
12515.475580 80.000000
12519.475550 80.000000
12522.475580 79.000000
12530.475580 80.000000
12534.475580 80.000000
12537.475550 80.000000
12543.475580 79.000000
12551.475550 77.000000
12556.475580 77.000000
12561.475580 79.000000
12562.475550 79.000000
12567.475580 79.000000
12576.475580 76.000000
12578.475580 76.000000
12585.475550 76.000000
12591.475580 77.000000
12592.475550 77.000000
12601.475550 80.000000
12602.475580 80.000000
12609.475580 79.000000
12613.475580 79.000000
12621.475550 79.000000
12622.475580 79.000000
12629.475580 78.000000
12635.475580 79.000000
12640.475550 79.000000
12643.479080 79.000000
12651.479050 76.000000
12652.479050 77.000000
12661.479080 80.000000
12663.479080 80.000000
12671.479080 78.000000
12672.479080 78.000000
12679.479080 76.000000
12686.479050 79.000000
12690.479080 79.000000
12692.479050 79.000000
12701.479080 81.000000
12706.479050 79.000000
12709.479080 78.000000
12716.479080 78.000000
12719.479080 78.000000
12725.479080 77.000000
12729.479080 77.000000
12736.479080 76.000000
12737.479050 76.000000
12744.479080 77.000000
12750.479050 77.000000
12756.479080 78.000000
12757.479080 78.000000
12765.479050 78.000000
12770.479050 79.000000
12775.479080 79.000000
12777.479080 79.000000
12782.479080 81.000000
12790.479080 81.000000
12792.479080 81.000000
12797.479080 79.000000
12806.479050 79.000000
12807.479080 79.000000
12812.479080 79.000000
12820.479080 78.000000
12823.479080 78.000000
12827.479080 78.000000
12836.479080 80.000000
12841.479080 80.000000
12842.479050 80.000000
12848.479050 81.000000
12852.479080 80.000000
12861.479080 78.000000
12866.479080 79.000000
12871.479080 80.000000
12876.479080 80.000000
12880.479080 80.000000
12882.479080 80.000000
12889.479080 79.000000
12895.479080 78.000000
12900.479080 79.000000
12905.479050 80.000000
12910.479050 80.000000
12912.479080 80.000000
12921.479080 80.000000
12924.479050 80.000000
12928.479050 81.000000
12936.479080 81.000000
12940.479050 80.000000
12942.479080 80.000000
12947.479080 80.000000
12952.479080 79.000000
12959.479080 81.000000
12962.479050 80.000000
12970.479050 77.000000
12974.479050 77.000000
12981.479050 79.000000
12983.479080 79.000000
12989.479050 80.000000
12995.479050 79.000000
13000.479050 80.000000
13002.479080 80.000000
13008.479080 81.000000
13015.479080 79.000000
13019.479050 79.000000
13026.479080 79.000000
13030.479080 79.000000
13033.479080 79.000000
13037.479050 80.000000
13045.479050 83.000000
13049.479080 82.000000
13056.479080 81.000000
13061.479080 81.000000
13063.479080 81.000000
13069.479080 80.000000
13072.479080 81.000000
13081.479080 82.000000
13083.479080 82.000000
13088.479080 80.000000
13096.479050 80.000000
13099.479080 80.000000
13102.479050 80.000000
13110.479080 81.000000
13116.479080 81.000000
13121.479050 80.000000
13123.479080 80.000000
13130.479080 80.000000
13132.479050 80.000000
13138.479080 82.000000
13143.479050 83.000000
13147.479050 83.000000
13156.479050 80.000000
13160.479080 80.000000
13163.479050 80.000000
13170.479080 81.000000
13173.479080 80.000000
13181.479080 80.000000
13183.479080 80.000000
13189.479050 79.000000
13195.479050 80.000000
13201.479080 81.000000
13203.479080 81.000000
13210.479080 80.000000
13212.479050 80.000000
13219.479050 81.000000
13223.479080 81.000000
13231.479080 81.000000
13232.479050 81.000000
13237.479080 82.000000
13243.479080 83.000000
13247.479080 82.000000
13253.479080 80.000000
13260.479080 78.000000
13266.479050 78.000000
13268.479050 78.000000
13272.479080 78.000000
13281.479080 78.000000
13284.479080 79.000000
13289.479080 78.000000
13292.479080 80.000000
13301.479050 83.000000
13303.479080 84.000000
13311.479050 82.000000
13312.479050 82.000000
13319.479050 81.000000
13325.479080 80.000000
13329.479050 80.000000
13336.479080 80.000000
13337.479050 80.000000
13346.479050 77.000000
13351.479080 79.000000
13355.479050 79.000000
13358.479080 79.000000
13365.479050 79.000000
13371.479050 79.000000
13376.479080 80.000000
13377.479050 80.000000
13386.479080 83.000000
13391.479080 82.000000
13393.479080 82.000000
13401.479050 80.000000
13406.479080 80.000000
13407.479080 80.000000
13416.479080 80.000000
13421.479080 80.000000
13422.479080 80.000000
13430.479080 81.000000
13433.479080 80.000000
13441.479080 81.000000
13445.479080 80.000000
13450.479080 80.000000
13452.479080 80.000000
13459.479080 80.000000
13466.479080 81.000000
13471.479050 81.000000
13472.479050 81.000000
13478.479080 80.000000
13482.479050 79.000000
13491.479080 77.000000
13495.479080 79.000000
13499.479050 79.000000
13502.479080 79.000000
13510.479080 79.000000
13516.479080 79.000000
13517.479080 79.000000
13522.479050 80.000000
13530.479080 82.000000
13533.479050 82.000000
13537.479080 83.000000
13542.479080 79.000000
13551.479080 76.000000
13553.479080 76.000000
13561.479050 75.000000
13565.479050 76.000000
13568.479080 76.000000
13574.479080 78.000000
13581.479080 79.000000
13585.479080 79.000000
13588.479080 79.000000
13596.479080 80.000000
13599.479050 80.000000
13602.479080 79.000000
13611.479050 77.000000
13612.479080 77.000000
13621.479080 77.000000
13624.479080 78.000000
13630.479080 79.000000
13633.479080 79.000000
13640.479080 80.000000
13644.479050 79.000000
13651.479050 80.000000
13652.479050 80.000000
13658.479080 80.000000
13665.479050 80.000000
13669.479080 80.000000
13672.479080 80.000000
13680.479080 79.000000
13682.479080 80.000000
13689.479080 81.000000
13692.479050 80.000000
13701.479080 76.000000
13703.479080 76.000000
13710.479080 78.000000
13712.479080 78.000000
13719.479080 78.000000
13725.479050 79.000000
13729.479050 79.000000
13734.479080 80.000000
13741.479080 80.000000
13742.479080 80.000000
13748.479050 79.000000
13755.479080 80.000000
13757.479080 81.000000
13766.479080 82.000000
13769.479080 81.000000
13772.479080 81.000000
13781.479080 78.000000
13786.479050 79.000000
13789.479050 79.000000
13794.479080 79.000000
13797.479050 80.000000
13803.479080 81.000000
13808.479080 82.000000
13814.479050 81.000000
13819.479080 81.000000
13822.479080 80.000000
13831.479050 77.000000
13834.479080 77.000000
13841.479050 78.000000
13846.479050 79.000000
13848.479050 79.000000
13852.479080 80.000000
13858.479080 81.000000
13866.479080 84.000000
13871.479050 82.000000
13876.479050 81.000000
13878.479080 81.000000
13886.479050 78.000000
13891.479050 79.000000
13895.479080 80.000000
13897.479080 80.000000
13905.479080 81.000000
13907.479050 81.000000
13913.479080 80.000000
13919.479080 81.000000
