7.808850 68.000000
8.808820 68.000000
13.808850 67.000000
20.808850 62.000000
23.808850 64.000000
32.808820 63.000000
34.808850 63.000000
39.808850 63.000000
44.808850 63.000000
49.808850 64.000000
54.808850 64.000000
63.808850 65.000000
64.808850 65.000000
69.808850 65.000000
74.808850 65.000000
82.808850 64.000000
84.808850 64.000000
89.808850 64.000000
98.808850 64.000000
99.808850 65.000000
108.808850 67.000000
109.808850 67.000000
115.808820 67.000000
124.808850 55.000000
125.808850 55.000000
130.808820 58.000000
137.808820 62.000000
144.808850 64.000000
145.808850 65.000000
150.808850 68.000000
158.808850 71.000000
163.808850 68.000000
167.808820 68.000000
170.808820 68.000000
175.808820 68.000000
180.808850 68.000000
186.808850 68.000000
194.808820 70.000000
200.808850 74.000000
205.808850 74.000000
211.808820 73.000000
212.808820 73.000000
221.808820 71.000000
223.808820 71.000000
228.808850 72.000000
237.808820 74.000000
238.808820 75.000000
243.808820 74.000000
250.808850 67.000000
253.808820 67.000000
258.808850 68.000000
263.808850 68.000000
268.808850 67.000000
274.808820 67.000000
279.808820 67.000000
287.808850 67.000000
289.808850 66.000000
294.808850 67.000000
300.808850 66.000000
306.808850 67.000000
314.808850 71.000000
316.808820 71.000000
321.808850 68.000000
326.808850 68.000000
331.808850 68.000000
337.808820 68.000000
342.808850 68.000000
350.808850 68.000000
353.808820 68.000000
362.808850 68.000000
363.808850 68.000000
373.808820 70.000000
378.808850 72.000000
383.808850 73.000000
387.808850 73.000000
393.808820 70.000000
399.808820 68.000000
404.808820 68.000000
405.808820 68.000000
414.808850 67.000000
419.808850 65.000000
420.808850 65.000000
426.808850 65.000000
435.808850 65.000000
436.808820 64.000000
441.808820 64.000000
446.808850 65.000000
451.808850 65.000000
457.808820 65.000000
462.808820 66.000000
467.808850 66.000000
472.808820 66.000000
477.808820 66.000000
482.808850 66.000000
487.808850 66.000000
493.808820 66.000000
503.808820 67.000000
504.808850 67.000000
511.808850 65.000000
514.808850 65.000000
520.808820 65.000000
525.808850 65.000000
530.808850 64.000000
535.808850 64.000000
541.808820 65.000000
546.808850 65.000000
551.808850 65.000000
557.808820 65.000000
562.808820 65.000000
567.808850 65.000000
572.808850 64.000000
578.808850 65.000000
587.808850 66.000000
588.808850 66.000000
593.808850 68.000000
598.808820 68.000000
603.808820 68.000000
608.808850 69.000000
613.808850 69.000000
618.808820 68.000000
624.808850 68.000000
628.808850 66.000000
634.808820 66.000000
639.808850 67.000000
644.808850 67.000000
650.808820 67.000000
655.808820 66.000000
660.808850 66.000000
665.808850 66.000000
670.808820 65.000000
675.808850 64.000000
680.808850 63.000000
685.808850 63.000000
690.808850 63.000000
696.808820 62.000000
701.808820 61.000000
706.808850 62.000000
716.808820 72.000000
717.808820 74.000000
722.808820 75.000000
731.808850 66.000000
732.808850 66.000000
738.808850 65.000000
743.808850 65.000000
748.808850 65.000000
753.808820 65.000000
758.808820 64.000000
763.808820 63.000000
768.808850 64.000000
773.808850 63.000000
779.808850 63.000000
784.808850 63.000000
789.808850 63.000000
795.808820 63.000000
800.808820 64.000000
805.808850 63.000000
810.808850 63.000000
816.808820 62.000000
821.808820 61.000000
826.808850 62.000000
831.808850 63.000000
837.808820 64.000000
842.808820 64.000000
847.808850 63.000000
852.808850 63.000000
858.808820 63.000000
863.808850 63.000000
868.808850 64.000000
874.808820 64.000000
879.808850 65.000000
886.808850 65.000000
889.808820 65.000000
894.808820 64.000000
899.808850 64.000000
904.808850 64.000000
909.808820 64.000000
914.808820 64.000000
919.808850 64.000000
924.808850 64.000000
929.808820 64.000000
934.808820 64.000000
939.808850 64.000000
944.808850 63.000000
950.808820 63.000000
954.808820 64.000000
959.808850 64.000000
964.808850 63.000000
969.808820 64.000000
978.808820 65.000000
979.808850 66.000000
987.808850 76.000000
991.808820 75.000000
995.808820 73.000000
1001.808820 68.000000
1006.808820 68.000000
1011.808850 67.000000
1016.808850 66.000000
1022.808850 66.000000
1028.808850 71.000000
1032.808850 72.000000
1037.808850 72.000000
1042.808850 75.000000
1048.808820 75.000000
1060.808820 88.000000
1067.808850 86.000000
1072.808850 83.000000
1075.808850 80.000000
1081.808820 79.000000
1084.808820 77.000000
1089.808850 73.000000
1097.808820 69.000000
1100.808820 69.000000
1105.808850 69.000000
1111.808850 68.000000
1115.808820 67.000000
1120.808820 68.000000
1125.808850 67.000000
1130.808850 62.000000
1136.808820 62.000000
1141.808850 62.000000
1146.808850 62.000000
1151.808850 62.000000
1157.808820 63.000000
1162.808850 62.000000
1167.808850 62.000000
1173.808820 62.000000
1178.808820 62.000000
1183.808850 62.000000
1188.808850 62.000000
1194.808820 62.000000
1199.808820 62.000000
1204.808850 61.000000
1209.808850 61.000000
1215.808820 61.000000
1220.808850 61.000000
1225.808850 61.000000
1230.808820 61.000000
1235.808820 61.000000
1240.808850 61.000000
1245.808850 61.000000
1250.808850 60.000000
1255.808820 60.000000
1260.808850 60.000000
1265.808850 62.000000
1270.808820 59.000000
1275.808820 59.000000
1280.808820 60.000000
1285.808850 61.000000
1290.808850 61.000000
1295.808820 61.000000
1300.808820 60.000000
1305.808850 61.000000
1310.808850 60.000000
1316.808820 61.000000
1321.808820 60.000000
1326.808850 63.000000
1335.808820 67.000000
1340.808850 64.000000
1342.808850 63.000000
1347.808850 62.000000
1353.808820 62.000000
1360.808820 61.000000
1363.808820 59.000000
1368.808850 59.000000
1373.808850 61.000000
1382.808850 59.000000
1384.808850 59.000000
1389.808820 59.000000
1394.808820 59.000000
1399.808850 59.000000
1404.808850 59.000000
1409.808820 59.000000
1414.808820 59.000000
1419.808850 59.000000
1424.808850 59.000000
1429.808820 59.000000
1434.808820 59.000000
1441.808820 59.000000
1444.808850 59.000000
1449.808850 59.000000
1455.808820 59.000000
1462.808820 59.000000
1465.808850 63.000000
1470.808850 60.000000
1475.808820 59.000000
1480.808820 59.000000
1485.808850 59.000000
1490.808850 59.000000
1495.808820 59.000000
1500.808850 59.000000
1505.808850 59.000000
1512.808820 58.000000
1516.808820 58.000000
1521.808820 59.000000
1526.808850 59.000000
1531.808850 59.000000
1537.808820 59.000000
1542.808820 61.000000
1548.808850 62.000000
1552.808850 65.000000
1562.808820 59.000000
1563.808820 59.000000
1568.808850 59.000000
1573.808850 59.000000
1579.808820 59.000000
1584.808820 59.000000
1589.808850 60.000000
1594.808850 59.000000
1600.808820 59.000000
1605.808850 59.000000
1610.808850 59.000000
1615.808850 59.000000
1621.808820 59.000000
1629.808850 59.000000
1631.808850 59.000000
1639.808820 61.000000
1642.808820 62.000000
1647.808850 61.000000
1652.808850 61.000000
1658.808820 60.000000
1663.808850 58.000000
1670.808850 58.000000
1673.808820 58.000000
1678.808820 58.000000
1683.808820 58.000000
1688.808850 58.000000
1694.808820 60.000000
1699.808850 60.000000
1705.808850 63.000000
1710.808850 61.000000
1716.808820 61.000000
1721.808850 61.000000
1726.808850 60.000000
1733.808820 59.000000
1737.808820 59.000000
1742.808820 59.000000
1747.808850 59.000000
1752.808850 59.000000
1758.808820 59.000000
1763.808850 58.000000
1768.808850 58.000000
1774.808820 58.000000
1780.808820 59.000000
1784.808850 59.000000
1789.808850 61.000000
1794.808850 60.000000
1800.808820 59.000000
1805.808850 61.000000
1810.808850 61.000000
1815.808820 61.000000
1820.808850 60.000000
1829.808850 59.000000
1831.808850 59.000000
1836.808820 59.000000
1841.808850 59.000000
1846.808850 59.000000
1852.808820 59.000000
1857.808850 59.000000
1862.808850 59.000000
1869.808850 59.000000
1873.808820 59.000000
1878.808820 59.000000
1883.808820 59.000000
1891.808850 59.000000
1896.808820 59.000000
1899.808820 59.000000
1904.808820 59.000000
1909.808850 59.000000
1914.808850 59.000000
1920.808820 59.000000
1925.808850 59.000000
1930.808850 59.000000
1935.808820 59.000000
1940.808850 59.000000
1945.808850 59.000000
1950.808820 59.000000
1955.808820 59.000000
1960.808820 59.000000
1965.808820 59.000000
1970.808850 59.000000
1975.808850 59.000000
1981.808850 59.000000
1986.808850 59.000000
1992.808820 59.000000
1997.808820 59.000000
2002.808850 59.000000
2007.808850 59.000000
2012.808820 59.000000
2017.811310 59.000000
2022.811340 59.000000
2027.811340 59.000000
2032.811340 59.000000
2038.811310 59.000000
2043.811310 59.000000
2048.811340 59.000000
2053.811340 59.000000
2059.811310 59.000000
2064.811340 59.000000
2074.811310 62.000000
2075.811310 62.000000
2084.811340 62.000000
2085.811340 62.000000
2090.811340 62.000000
2096.811310 62.000000
2101.811340 62.000000
2106.811340 60.000000
2111.811310 59.000000
2116.811310 61.000000
2121.811310 60.000000
2126.811340 59.000000
2132.811340 60.000000
2137.811310 59.000000
2142.811310 59.000000
2149.811340 61.000000
2152.811340 61.000000
2159.811310 61.000000
2163.811310 61.000000
2168.811340 61.000000
2173.811340 61.000000
2179.811310 61.000000
2184.811340 61.000000
2189.811340 61.000000
2194.811310 61.000000
2199.811310 61.000000
2204.811340 61.000000
2209.811340 61.000000
2214.811310 61.000000
2219.811310 60.000000
2224.811340 60.000000
2229.811310 60.000000
2234.811310 61.000000
2239.811310 61.000000
2244.811340 61.000000
2249.811340 61.000000
2255.811310 61.000000
2260.811310 61.000000
2265.811340 61.000000
2270.811340 61.000000
2276.811310 61.000000
2281.811310 61.000000
2286.811340 61.000000
2291.811340 61.000000
2297.811310 61.000000
2302.811310 62.000000
2307.811340 62.000000
2312.811340 62.000000
2318.811310 59.000000
2323.811310 59.000000
2328.811340 61.000000
2333.811340 62.000000
2339.811310 62.000000
2344.811340 62.000000
2349.811340 61.000000
2355.811310 62.000000
2360.811310 63.000000
2365.811340 62.000000
2373.811340 60.000000
2376.811310 61.000000
2381.811310 61.000000
2386.811340 61.000000
2391.811340 62.000000
2397.811310 61.000000
2402.811310 61.000000
2407.811340 61.000000
2412.811340 62.000000
2418.811310 62.000000
2424.811310 62.000000
2428.811340 63.000000
2433.811340 62.000000
2439.811310 62.000000
2444.811340 61.000000
2449.811340 62.000000
2455.811310 62.000000
2460.811310 63.000000
2465.811340 63.000000
2470.811340 64.000000
2476.811310 59.000000
2481.811310 59.000000
2486.811340 61.000000
2491.811340 62.000000
2496.811340 64.000000
2501.811340 65.000000
2506.811340 65.000000
2511.811310 65.000000
2516.811310 64.000000
2521.811340 64.000000
2526.811340 64.000000
2531.811310 64.000000
2536.811310 64.000000
2541.811310 64.000000
2546.811340 63.000000
2551.811340 63.000000
2557.811340 64.000000
2563.811310 64.000000
2571.811340 64.000000
2573.811340 63.000000
2579.811310 63.000000
2584.811310 63.000000
2589.811340 63.000000
2594.811340 63.000000
2600.811340 63.000000
2605.811340 63.000000
2613.811310 63.000000
2616.811310 63.000000
2621.811310 62.000000
2626.811340 62.000000
2631.811340 62.000000
2637.811310 62.000000
2642.811310 62.000000
2651.811340 62.000000
2652.811340 62.000000
2658.811310 62.000000
2663.811340 63.000000
2668.811340 62.000000
2674.811310 62.000000
2682.811340 62.000000
2684.811340 62.000000
2689.811340 62.000000
2695.811340 61.000000
2701.811340 62.000000
2706.811340 62.000000
2712.811310 62.000000
2717.811310 62.000000
2722.811340 62.000000
2727.811340 62.000000
2734.811310 64.000000
2738.811310 63.000000
2743.811340 63.000000
2748.811340 63.000000
2754.811310 63.000000
2759.811310 63.000000
2768.811340 63.000000
2769.811340 62.000000
2774.811310 62.000000
2779.811340 62.000000
2788.811340 63.000000
2790.811340 63.000000
2796.811310 63.000000
2801.811340 63.000000
2806.811340 64.000000
2812.811340 64.000000
2818.811310 63.000000
2823.811340 63.000000
2828.811340 64.000000
2833.811310 64.000000
2838.811310 64.000000
2843.811310 64.000000
2848.811340 62.000000
2853.811340 62.000000
2859.811310 63.000000
2864.811310 63.000000
2869.811340 63.000000
2874.811310 63.000000
2879.811310 63.000000
2884.811340 63.000000
2889.811340 64.000000
2894.811310 64.000000
2899.811310 64.000000
2904.811340 64.000000
2909.811340 64.000000
2915.811310 64.000000
2920.811340 64.000000
2925.811340 63.000000
2930.811340 64.000000
2936.811310 63.000000
2941.811310 63.000000
2946.811340 63.000000
2951.811340 63.000000
2957.811310 63.000000
2962.811340 63.000000
2967.811340 63.000000
2973.811310 63.000000
2978.811340 64.000000
2984.811310 64.000000
2989.811340 63.000000
2994.811340 63.000000
3000.811310 63.000000
3005.811340 64.000000
3010.811340 63.000000
3016.811310 64.000000
3021.811310 64.000000
3026.811340 64.000000
3031.811340 64.000000
3037.811310 64.000000
3042.811340 63.000000
3047.811340 63.000000
3053.811310 64.000000
3058.811310 64.000000
3063.811340 64.000000
3068.811340 65.000000
3074.811310 65.000000
3079.811310 65.000000
3084.811310 65.000000
3089.811340 64.000000
3094.811340 64.000000
3100.811310 64.000000
3105.811310 65.000000
3110.811340 65.000000
3116.811310 65.000000
3121.811340 65.000000
3126.811340 64.000000
3132.811310 64.000000
3137.811310 64.000000
3145.811340 64.000000
3147.811340 64.000000
3152.811340 63.000000
3158.811310 64.000000
3163.811340 65.000000
3168.811340 65.000000
3174.811310 64.000000
3179.811310 64.000000
3184.811310 63.000000
3189.811340 64.000000
3194.811310 64.000000
3199.811310 64.000000
3204.811310 64.000000
3209.811340 64.000000
3214.811340 64.000000
3220.811310 64.000000
3225.811340 64.000000
3230.811340 64.000000
3236.811310 64.000000
3241.811310 64.000000
3246.811340 63.000000
3251.811340 65.000000
3257.811310 66.000000
3262.811340 65.000000
3267.811340 64.000000
3272.811310 65.000000
3277.811310 65.000000
3282.811310 64.000000
3291.811340 64.000000
3292.811340 64.000000
3298.811310 61.000000
3303.811310 63.000000
3308.811340 64.000000
3313.811340 65.000000
3323.811340 66.000000
3324.811340 65.000000
3329.811340 61.000000
3335.811310 62.000000
3340.811310 61.000000
3349.811340 59.000000
3352.811340 60.000000
3356.811340 61.000000
3361.811310 63.000000
3366.811340 63.000000
3371.811340 63.000000
3377.811310 63.000000
3382.811340 62.000000
3387.811340 61.000000
3392.811310 61.000000
3397.811310 62.000000
3402.811310 63.000000
3407.811340 62.000000
3412.811340 62.000000
3417.811310 63.000000
3422.811310 62.000000
3427.811340 62.000000
3432.811340 62.000000
3438.811310 62.000000
3443.811340 61.000000
3448.811340 62.000000
3453.811340 62.000000
3459.811310 62.000000
3464.811340 62.000000
3469.811340 62.000000
3474.811310 62.000000
3479.811310 63.000000
3484.811310 63.000000
3489.811340 63.000000
3495.811310 63.000000
3500.811310 63.000000
3505.811340 64.000000
3510.811340 65.000000
3518.811340 64.000000
3521.811310 64.000000
3526.811310 64.000000
3531.811340 63.000000
3537.811310 63.000000
3542.811310 63.000000
3547.811340 64.000000
3552.811340 64.000000
3558.811310 64.000000
3563.811310 64.000000
3568.811340 64.000000
3573.811340 64.000000
3579.811310 64.000000
3584.811310 64.000000
3590.811340 64.000000
3594.811310 64.000000
3599.811310 63.000000
3604.811310 63.000000
3609.811340 63.000000
3615.811310 65.000000
3620.811310 65.000000
3625.811310 65.000000
3630.811340 65.000000
3635.811310 65.000000
3640.811310 65.000000
3645.811310 55.000000
3650.811340 57.000000
3655.811310 59.000000
3660.811310 62.000000
3669.811340 64.000000
3675.811310 65.000000
3677.811310 65.000000
3681.811310 66.000000
3686.811310 65.000000
3691.811340 67.000000
3697.811310 67.000000
3702.811310 64.000000
3707.811340 65.000000
3712.811340 66.000000
3718.811340 65.000000
3724.811310 64.000000
3729.811340 64.000000
3734.811340 64.000000
3740.811310 61.000000
3745.811310 62.000000
3750.811340 62.000000
3755.811310 62.000000
3760.811310 62.000000
3765.811310 63.000000
3770.811340 59.000000
3775.811310 60.000000
3780.811310 61.000000
3785.811310 62.000000
3790.811340 63.000000
3795.811310 63.000000
3800.811310 64.000000
3805.811310 63.000000
3810.811340 62.000000
3815.811310 63.000000
3820.811310 63.000000
3825.811340 61.000000
3830.811310 62.000000
3835.811310 64.000000
3840.811340 64.000000
3848.811340 64.000000
3851.811340 63.000000
3857.811310 62.000000
3862.811310 62.000000
3867.811340 62.000000
3872.811340 63.000000
3878.811310 64.000000
3883.811310 63.000000
3888.811340 64.000000
3894.811310 64.000000
3899.811310 64.000000
3907.811340 64.000000
3909.811340 64.000000
3914.811310 64.000000
3919.811310 62.000000
3924.811340 62.000000
3929.811340 63.000000
3935.811310 64.000000
3940.811310 64.000000
3945.811310 64.000000
3950.811340 63.000000
3956.811310 63.000000
3961.811310 63.000000
3966.811340 63.000000
3971.811340 63.000000
3977.811310 65.000000
3982.811340 64.000000
3988.811340 64.000000
3993.811310 64.000000
3997.811310 63.000000
4002.811310 62.000000
4007.811310 63.000000
4012.811340 63.000000
4018.811310 63.000000
4023.811310 63.000000
4028.811340 63.000000
4033.811340 63.000000
4039.811310 64.000000
4046.811340 64.000000
4049.811340 64.000000
4054.811340 64.000000
4062.811340 64.000000
4066.811340 63.000000
4070.811340 61.000000
4076.811310 63.000000
4081.811310 63.000000
4086.811310 64.000000
4091.811340 64.000000
4097.811310 64.000000
4106.811310 64.000000
4107.811340 64.000000
4112.811340 64.000000
4118.811310 64.000000
4123.811310 65.000000
4128.811340 65.000000
4134.811340 64.000000
4141.811310 64.000000
4145.811310 63.000000
4150.811340 63.000000
4155.811310 63.000000
4160.811310 64.000000
4165.811340 65.000000
4170.811340 64.000000
4178.811310 63.000000
4181.811310 62.000000
4186.811310 63.000000
4191.811340 65.000000
4198.811310 64.000000
4202.811340 62.000000
4207.811340 63.000000
4212.811340 63.000000
4218.811310 63.000000
4223.811310 63.000000
4228.811340 63.000000
4233.811310 63.000000
4239.811310 63.000000
4243.811310 63.000000
4251.811340 64.000000
4253.811340 65.000000
4258.811310 65.000000
4264.811310 65.000000
4268.811340 62.000000
4273.811340 63.000000
4279.811310 64.000000
4288.811340 70.000000
4290.811340 69.000000
4295.811310 64.000000
4299.811310 65.000000
4306.811340 65.000000
4311.811340 65.000000
4314.811340 64.000000
4319.811310 65.000000
4324.811310 66.000000
4333.811340 71.000000
4334.811340 71.000000
4340.811310 69.000000
4345.811340 70.000000
4355.811310 61.000000
4358.811310 63.000000
4363.811340 65.000000
4366.811340 66.000000
4371.811340 66.000000
4377.811310 66.000000
4382.811310 65.000000
4387.811340 65.000000
4392.811340 64.000000
4402.811310 65.000000
4403.811340 66.000000
4408.811340 67.000000
4413.811310 68.000000
4422.811340 73.000000
4424.811340 73.000000
4428.811340 70.000000
4433.811340 65.000000
4439.811310 64.000000
4444.811340 64.000000
4449.811340 64.000000
4455.811310 64.000000
4460.811310 64.000000
4465.811310 64.000000
4470.811340 64.000000
4475.811310 63.000000
4480.811310 63.000000
4485.811310 64.000000
4490.811340 65.000000
4495.811310 61.000000
4500.811310 61.000000
4505.811310 64.000000
4510.811340 64.000000
4516.811310 64.000000
4521.811310 63.000000
4526.811340 63.000000
4534.811310 61.000000
4537.811310 62.000000
4542.811310 64.000000
4547.811340 66.000000
4552.811340 64.000000
4558.811310 64.000000
4563.811310 65.000000
4569.811340 66.000000
4575.811310 60.000000
4579.811310 61.000000
4584.811340 62.000000
4589.811340 63.000000
4594.811310 64.000000
4603.811340 65.000000
4604.811340 64.000000
4609.811340 61.000000
4615.811310 64.000000
4620.811310 63.000000
4627.811340 60.000000
4630.811340 61.000000
4636.811310 61.000000
4641.811310 63.000000
4646.811340 62.000000
4651.811340 62.000000
4658.811310 62.000000
4662.811340 64.000000
4669.811340 66.000000
4672.811310 65.000000
4677.811340 61.000000
4683.811340 61.000000
4688.811340 63.000000
4694.811310 64.000000
4699.811310 62.000000
4704.811340 63.000000
4709.811340 64.000000
4715.811310 64.000000
4720.811310 64.000000
4725.811310 65.000000
4732.811340 65.000000
4736.811310 62.000000
4741.811310 63.000000
4746.811340 63.000000
4751.811310 63.000000
4756.811310 63.000000
4761.811340 60.000000
4766.811340 63.000000
4771.811340 63.000000
4778.811310 63.000000
4782.811340 63.000000
4787.811340 63.000000
4793.811310 66.000000
4798.811310 65.000000
4803.811340 64.000000
4808.811340 64.000000
4814.811310 67.000000
4819.811310 66.000000
4824.811310 64.000000
4829.811340 64.000000
4836.811310 66.000000
4844.811340 67.000000
4845.811340 67.000000
4850.811340 66.000000
4856.811310 64.000000
4861.811310 64.000000
4866.811340 65.000000
4871.811340 67.000000
4877.811310 66.000000
4882.811340 65.000000
4887.811340 66.000000
4893.811340 66.000000
4900.811310 66.000000
4903.811340 63.000000
4908.811340 63.000000
4913.811340 63.000000
4919.811310 65.000000
4928.811340 68.000000
4931.811340 68.000000
4935.811310 61.000000
4940.811310 62.000000
4945.811340 63.000000
4951.811340 65.000000
4955.811310 66.000000
4960.811310 61.000000
4967.811340 62.000000
4970.811340 63.000000
4976.811340 65.000000
4982.811340 67.000000
4987.811340 66.000000
4992.811340 65.000000
4998.811310 67.000000
5003.811340 67.000000
5008.811340 67.000000
5013.811340 67.000000
5018.811310 66.000000
5023.811340 65.000000
5028.811340 65.000000
5033.811310 66.000000
5038.811310 67.000000
5043.811340 68.000000
5048.811340 68.000000
5053.811310 68.000000
5058.811310 66.000000
5063.811340 66.000000
5069.811340 66.000000
5079.811310 67.000000
5081.811310 65.000000
5085.811310 65.000000
5090.811340 65.000000
5095.811310 65.000000
5100.811310 65.000000
5109.811340 68.000000
5113.811310 63.000000
5116.811310 63.000000
5121.811310 64.000000
5126.811340 65.000000
5131.811340 65.000000
5141.811340 65.000000
5142.811340 65.000000
5149.811340 66.000000
5152.811340 65.000000
5158.811310 62.000000
5163.811310 64.000000
5168.811340 66.000000
5173.811340 65.000000
5179.811310 64.000000
5184.811340 66.000000
5189.811340 68.000000
5195.811310 65.000000
5200.811310 66.000000
5205.811340 66.000000
5210.811340 66.000000
5219.811310 66.000000
5221.811310 65.000000
5226.811340 65.000000
5231.811340 64.000000
5237.811310 65.000000
5246.811340 67.000000
5247.811340 67.000000
5252.811310 65.000000
5257.811310 65.000000
5262.811310 65.000000
5267.811340 66.000000
5272.811310 67.000000
5277.811310 66.000000
5282.811310 65.000000
5287.811340 65.000000
5292.811310 66.000000
5297.811310 67.000000
5302.811310 67.000000
5307.811340 67.000000
5317.811310 66.000000
5318.811310 66.000000
5323.811340 66.000000
5328.811340 67.000000
5333.811340 67.000000
5339.811310 67.000000
5344.811310 67.000000
5349.811340 67.000000
5354.811340 67.000000
5359.811310 68.000000
5364.811340 68.000000
5369.811340 68.000000
5375.811310 67.000000
5380.811310 67.000000
5385.811340 67.000000
5390.811340 67.000000
5396.811310 67.000000
5402.811310 68.000000
5409.811340 68.000000
5412.811340 63.000000
5417.811310 65.000000
5426.811340 67.000000
5427.811340 67.000000
5435.811310 61.000000
5440.811310 63.000000
5443.811340 63.000000
5448.811340 64.000000
5453.811310 64.000000
5458.811310 65.000000
5463.811340 66.000000
5468.811340 66.000000
5473.811310 66.000000
5478.811310 66.000000
5483.811310 66.000000
5488.811340 66.000000
5493.811340 66.000000
5502.811340 66.000000
5504.811340 66.000000
5509.811340 66.000000
5515.811310 66.000000
5520.811340 67.000000
5525.811340 66.000000
5530.811340 66.000000
5538.811310 66.000000
5541.811310 66.000000
5546.811340 66.000000
5551.811340 66.000000
5560.811310 65.000000
5562.811310 65.000000
5567.811340 65.000000
5572.811340 67.000000
5581.811310 67.000000
5584.811340 65.000000
5588.811340 64.000000
5593.811310 66.000000
5598.811310 66.000000
5603.811340 67.000000
5608.811340 67.000000
5613.811310 66.000000
5620.808730 66.000000
5627.808760 66.000000
5628.808760 66.000000
5633.808730 66.000000
5638.808730 68.000000
5646.808760 68.000000
5649.808760 68.000000
5654.808730 64.000000
5659.808760 65.000000
5664.808760 66.000000
5669.808760 67.000000
5675.808730 67.000000
5680.808730 67.000000
5689.808760 71.000000
5690.808760 71.000000
5695.808760 68.000000
5702.808730 64.000000
5706.808760 64.000000
5711.808760 65.000000
5717.808730 65.000000
5722.808730 65.000000
5731.808760 66.000000
5734.808730 66.000000
5738.808730 62.000000
5743.808760 63.000000
5748.808760 64.000000
5753.808760 66.000000
5759.808730 65.000000
5764.808760 65.000000
5769.808760 66.000000
5774.808730 66.000000
5779.808730 66.000000
5787.808730 68.000000
5789.808760 68.000000
5794.808760 65.000000
5799.808760 67.000000
5804.808760 67.000000
5809.808760 67.000000
5814.808730 92.000000
5823.808760 93.000000
5824.808760 93.000000
5829.808760 93.000000
5838.808730 67.000000
5843.808760 61.000000
5848.808760 60.000000
5851.808760 60.000000
5854.808730 60.000000
5863.808730 62.000000
5868.808760 69.000000
5873.808760 73.000000
5874.808760 73.000000
5881.808730 62.000000
5885.808760 63.000000
5894.808730 68.000000
5896.808730 68.000000
5901.808760 68.000000
5910.808760 68.000000
5916.808760 67.000000
5918.808760 66.000000
5923.808730 65.000000
5928.808730 68.000000
5933.808760 68.000000
5942.808730 69.000000
5944.808730 70.000000
5949.808760 71.000000
5957.808730 64.000000
5960.808730 64.000000
5965.808730 67.000000
5970.808760 69.000000
5975.808760 71.000000
5981.808730 72.000000
5987.808760 72.000000
5991.808760 71.000000
5997.808730 70.000000
6002.808730 70.000000
6007.808730 70.000000
6016.808760 71.000000
6017.808760 72.000000
6023.808730 72.000000
6028.808730 71.000000
6033.808760 71.000000
6038.808760 71.000000
6043.808730 71.000000
6048.808730 71.000000
6053.808760 71.000000
6058.808730 71.000000
6063.808760 71.000000
6068.808760 71.000000
6073.808730 71.000000
6078.808730 71.000000
6086.808760 71.000000
6092.808730 71.000000
6098.808730 71.000000
6099.808730 69.000000
6104.808730 68.000000
6109.808730 68.000000
6114.808760 68.000000
6119.808760 71.000000
6125.808760 71.000000
6130.808760 71.000000
6135.808730 70.000000
6140.808730 68.000000
6145.808760 69.000000
6150.808760 71.000000
6155.808730 72.000000
6164.808760 71.000000
6165.808760 70.000000
6170.808760 70.000000
6176.808730 69.000000
6181.808730 69.000000
6190.808760 73.000000
6191.808760 74.000000
6199.808730 74.000000
6202.808760 74.000000
6210.808730 68.000000
6213.808760 68.000000
6218.808760 69.000000
6223.808760 70.000000
6228.808760 70.000000
6233.808760 70.000000
6239.808730 69.000000
6244.808760 69.000000
6253.808760 69.000000
6254.808760 69.000000
6263.808730 69.000000
6265.808760 68.000000
6270.808760 68.000000
6275.808730 68.000000
6284.808730 69.000000
6285.808730 68.000000
6290.808760 68.000000
6295.808760 69.000000
6300.808760 70.000000
6305.808760 70.000000
6310.808760 70.000000
6316.808730 70.000000
6321.808730 70.000000
6326.808730 70.000000
6331.808760 70.000000
6337.808730 69.000000
6342.808730 70.000000
6347.808730 71.000000
6355.808760 71.000000
6357.808760 70.000000
6366.808760 69.000000
6368.808760 68.000000
6373.808760 68.000000
6379.808730 68.000000
6384.808760 69.000000
6389.808760 70.000000
6395.808730 69.000000
6400.808730 69.000000
6405.808730 69.000000
6410.808760 69.000000
6416.808760 70.000000
6421.808760 69.000000
6430.808760 68.000000
6431.808760 68.000000
6436.808730 68.000000
6441.808730 68.000000
6446.808730 69.000000
6451.808760 70.000000
6459.808760 71.000000
6462.808730 70.000000
6467.808760 70.000000
6472.808760 70.000000
6478.808730 70.000000
6483.808730 70.000000
6488.808760 71.000000
6493.808730 70.000000
6501.808730 70.000000
6503.808730 69.000000
6508.808760 70.000000
6513.808760 70.000000
6519.808730 70.000000
6524.808760 70.000000
6529.808760 71.000000
6535.808730 71.000000
6540.808730 71.000000
6545.808760 71.000000
6550.808760 71.000000
6556.808730 71.000000
6561.808730 72.000000
6566.808730 72.000000
6571.808760 73.000000
6576.808760 73.000000
6586.808730 72.000000
6590.808730 70.000000
6593.808760 70.000000
6598.808760 70.000000
6603.808760 71.000000
6608.808760 72.000000
6617.808730 72.000000
6621.808730 70.000000
6623.808730 70.000000
6630.808760 69.000000
6636.808730 68.000000
6639.808730 70.000000
6644.808730 69.000000
6651.808760 70.000000
6654.808760 71.000000
6661.808730 72.000000
6668.808760 69.000000
6670.808760 68.000000
6675.808730 68.000000
6680.808730 69.000000
6685.808760 71.000000
6690.808760 70.000000
6695.808730 70.000000
6700.808730 70.000000
6705.808760 70.000000
6710.808760 70.000000
6720.808730 71.000000
6721.808730 71.000000
6726.808760 72.000000
6731.808760 73.000000
6738.808730 72.000000
6742.808730 71.000000
6747.808730 70.000000
6752.808760 72.000000
6757.808760 73.000000
6762.808730 72.000000
6767.808760 71.000000
6773.808760 70.000000
6778.808730 70.000000
6784.808760 70.000000
6788.808760 70.000000
6793.808760 70.000000
6799.808730 70.000000
6804.808730 70.000000
6809.808760 70.000000
6814.808760 69.000000
6819.808760 69.000000
6829.808730 70.000000
6834.808760 66.000000
6835.808760 65.000000
6841.808730 66.000000
6846.808760 68.000000
6851.808760 70.000000
6857.808730 70.000000
6862.808730 69.000000
6867.808730 70.000000
6872.808760 71.000000
6880.808760 70.000000
6882.808760 70.000000
6887.808760 70.000000
6893.808730 70.000000
6898.808730 70.000000
6903.808730 70.000000
6908.808730 70.000000
6913.808760 70.000000
6918.808760 70.000000
6923.808760 71.000000
6929.808730 72.000000
6934.808760 72.000000
6940.808760 71.000000
6945.808730 70.000000
6950.808730 70.000000
6955.808760 70.000000
6960.808760 71.000000
6965.808760 71.000000
6970.808760 71.000000
6978.808730 70.000000
6981.808730 70.000000
6986.808760 70.000000
6991.808760 70.000000
6997.808730 70.000000
7002.808730 71.000000
7007.808730 71.000000
7013.808760 71.000000
7017.808760 71.000000
7026.808760 70.000000
7028.808760 70.000000
7033.808760 69.000000
7039.808730 70.000000
7044.808730 71.000000
7052.808760 70.000000
7054.808760 69.000000
7060.808730 69.000000
7065.808730 69.000000
7070.808730 70.000000
7078.808760 71.000000
7080.808760 71.000000
7086.808730 71.000000
7091.808760 71.000000
7096.808760 72.000000
7103.808730 71.000000
7106.808760 71.000000
7111.808760 71.000000
7117.808730 71.000000
7122.808760 72.000000
7128.808730 72.000000
7133.808760 71.000000
7138.808760 71.000000
7146.808730 72.000000
7151.808760 69.000000
7153.808760 69.000000
7158.808760 69.000000
7163.808730 70.000000
7168.808730 71.000000
7173.808760 70.000000
7178.808760 70.000000
7185.808760 71.000000
7190.808760 70.000000
7194.808730 71.000000
7199.808730 71.000000
7204.808730 71.000000
7209.808760 71.000000
7214.808760 71.000000
7219.808760 71.000000
7226.808730 71.000000
7230.808760 71.000000
7239.808760 71.000000
7244.808760 67.000000
7245.808730 67.000000
7250.808760 68.000000
7255.808760 70.000000
7260.808760 71.000000
7266.808760 72.000000
7272.808760 73.000000
7277.808760 73.000000
7282.808760 72.000000
7287.808760 72.000000
7293.808730 72.000000
7298.808730 72.000000
7303.808730 72.000000
7310.808760 72.000000
7313.808760 69.000000
7319.808730 70.000000
7324.808730 70.000000
7329.808760 71.000000
7334.808760 73.000000
7340.808730 74.000000
7345.808760 74.000000
7350.808760 73.000000
7358.808730 73.000000
7361.808730 71.000000
7366.808730 72.000000
7371.808730 72.000000
7376.808760 72.000000
7381.808760 72.000000
7386.808760 72.000000
7391.808760 72.000000
7397.808730 72.000000
7404.808730 72.000000
7408.808760 71.000000
7412.808760 71.000000
7418.808730 71.000000
7423.808730 71.000000
7428.808730 71.000000
7433.808760 71.000000
7440.808760 71.000000
7446.808730 71.000000
7449.808730 71.000000
7454.808760 73.000000
7462.808760 73.000000
7464.808730 72.000000
7473.808760 69.000000
7474.808760 69.000000
7480.808730 70.000000
7485.808730 72.000000
7490.808760 72.000000
7496.808760 71.000000
7500.808760 71.000000
7506.808730 72.000000
7511.808730 74.000000
7518.808760 74.000000
7521.808760 71.000000
7526.808760 69.000000
7531.808760 70.000000
7537.808730 73.000000
7542.808730 75.000000
7547.808760 74.000000
7552.808760 74.000000
7558.808730 76.000000
7563.808730 75.000000
7568.808760 76.000000
7573.808760 76.000000
7579.808730 75.000000
7584.808730 74.000000
7589.808730 74.000000
7594.808760 75.000000
7599.808760 74.000000
7605.808730 72.000000
7610.808730 72.000000
7615.808760 73.000000
7620.808760 75.000000
7626.808730 75.000000
7631.808730 74.000000
7637.808760 72.000000
7641.808760 72.000000
7646.808760 72.000000
7651.808760 72.000000
7659.808730 72.000000
7663.808760 74.000000
7668.808730 70.000000
7672.808760 68.000000
7677.808730 69.000000
7684.808730 75.000000
7687.808730 73.000000
7692.808760 68.000000
7697.808760 68.000000
7702.808730 71.000000
7707.808760 71.000000
7712.808760 71.000000
7718.808730 71.000000
7723.808730 71.000000
7728.808730 73.000000
7733.808760 73.000000
7738.808760 72.000000
7744.808730 72.000000
7749.808730 72.000000
7754.808760 72.000000
7759.808760 72.000000
7764.808760 72.000000
7774.808760 72.000000
7775.808760 72.000000
7785.808730 65.000000
7787.808760 66.000000
7791.808760 68.000000
7796.808730 69.000000
7801.808730 70.000000
7806.808730 71.000000
7811.808760 71.000000
7819.808730 71.000000
7821.808730 71.000000
7829.808760 70.000000
7831.808760 70.000000
7837.808730 71.000000
7842.808760 71.000000
7848.808730 71.000000
7853.808760 71.000000
7861.808760 71.000000
7863.808730 70.000000
7868.808760 71.000000
7873.808760 73.000000
7881.808730 73.000000
7883.808760 72.000000
7888.808760 71.000000
7893.808760 70.000000
7899.808730 71.000000
7904.808730 72.000000
7909.808760 72.000000
7918.808730 73.000000
7920.808730 72.000000
7924.808730 71.000000
7929.808730 71.000000
7934.808760 71.000000
7939.808760 71.000000
7944.808730 72.000000
7952.808760 73.000000
7954.808730 74.000000
7959.808760 73.000000
7965.808730 73.000000
7973.808760 71.000000
7975.808760 71.000000
7985.808730 73.000000
7986.808730 73.000000
7995.808760 73.000000
7997.808760 72.000000
8002.808730 70.000000
8007.808760 71.000000
8012.808760 72.000000
8018.808730 72.000000
8023.808730 72.000000
8028.808730 72.000000
8033.808760 72.000000
8038.808760 72.000000
8043.808730 72.000000
8048.808760 72.000000
8053.808760 72.000000
8059.808730 72.000000
8064.808730 72.000000
8070.808760 73.000000
8074.808760 74.000000
8081.808730 73.000000
8085.808730 73.000000
8090.808760 73.000000
8095.808760 73.000000
8101.808730 73.000000
8106.808760 73.000000
8116.808730 72.000000
8117.808730 72.000000
8122.808730 72.000000
8127.808760 73.000000
8132.808760 73.000000
8138.808730 73.000000
8143.808730 73.000000
8148.808730 73.000000
8153.808760 74.000000
8158.808760 73.000000
8163.808730 73.000000
8168.808730 73.000000
8173.808760 73.000000
8178.808760 73.000000
8184.808730 73.000000
8189.808730 73.000000
8194.808760 73.000000
8199.808760 74.000000
8205.808730 74.000000
8210.808760 75.000000
8218.808760 75.000000
8225.808730 74.000000
8229.808760 72.000000
8231.808730 72.000000
8236.808760 73.000000
8241.808760 73.000000
8247.808730 72.000000
8255.808760 70.000000
8257.808760 68.000000
8262.808760 70.000000
8268.808730 71.000000
8273.808760 73.000000
8278.808760 73.000000
8286.808760 73.000000
8292.808760 73.000000
8293.808760 72.000000
8299.808730 72.000000
8304.808730 72.000000
8309.808730 72.000000
8314.808760 72.000000
8323.808760 69.000000
8324.808760 68.000000
8330.808760 69.000000
8334.808760 72.000000
8340.808730 72.000000
8345.808730 73.000000
8350.808730 74.000000
8355.808760 74.000000
8363.808760 72.000000
8366.808730 72.000000
8371.808730 72.000000
8379.808760 73.000000
8386.808730 70.000000
8387.808730 70.000000
8392.808760 71.000000
8397.808760 71.000000
8402.808760 72.000000
8407.808760 72.000000
8412.808760 73.000000
8418.808730 71.000000
8423.808730 71.000000
8428.808760 73.000000
8433.808760 73.000000
8439.808730 74.000000
8445.808730 75.000000
8449.808760 73.000000
8454.808760 74.000000
8460.808730 74.000000
8465.808730 73.000000
8470.808760 75.000000
8475.808760 75.000000
8481.808730 75.000000
8486.808760 75.000000
8492.808730 75.000000
8502.808730 75.000000
8503.808730 74.000000
8508.808760 74.000000
8513.808760 74.000000
8519.808730 74.000000
8524.808730 74.000000
8529.808760 74.000000
8534.808730 74.000000
8539.808730 74.000000
8544.808730 74.000000
8549.808760 74.000000
8554.808730 74.000000
8559.808730 74.000000
8564.808730 74.000000
8569.808730 73.000000
8574.808760 74.000000
8581.808760 75.000000
8585.808730 74.000000
8590.808760 75.000000
8596.808730 77.000000
8601.808730 77.000000
8606.808730 77.000000
8611.808730 76.000000
8616.808760 76.000000
8621.808760 76.000000
8627.808730 76.000000
8632.808730 75.000000
8637.808760 75.000000
8643.808760 73.000000
8648.808730 73.000000
8653.808760 74.000000
8658.808760 75.000000
8663.808760 75.000000
8673.808760 73.000000
8674.808760 73.000000
8682.808760 74.000000
8684.808760 73.000000
8690.808760 72.000000
8695.808760 74.000000
8701.808730 74.000000
8706.808730 74.000000
8712.808760 73.000000
8717.808730 72.000000
8722.808730 72.000000
8727.808730 72.000000
8732.808760 72.000000
8737.808760 73.000000
8742.808760 72.000000
8748.808730 72.000000
8753.808760 72.000000
8758.808730 72.000000
8763.808730 72.000000
8771.808760 73.000000
8775.808760 73.000000
8778.808760 74.000000
8783.808760 75.000000
8788.808760 78.000000
8795.808730 83.000000
8799.808760 84.000000
8804.808760 90.000000
8812.808730 103.000000
8814.808730 103.000000
8819.808730 103.000000
8826.808760 103.000000
8833.808760 82.000000
8834.808760 82.000000
8840.808730 81.000000
8849.808760 63.000000
8854.808760 63.000000
8858.808760 62.000000
8864.808730 65.000000
8870.808730 65.000000
8875.808760 65.000000
8880.808760 68.000000
8886.808730 73.000000
8889.808730 74.000000
8892.808730 75.000000
8897.808760 74.000000
8902.808760 71.000000
8910.808730 64.000000
8913.808760 63.000000
8918.808760 64.000000
8923.808760 66.000000
8929.808730 65.000000
8934.808760 66.000000
8939.808760 66.000000
8947.808730 66.000000
8949.808760 66.000000
8958.808760 68.000000
8959.808730 68.000000
8964.808760 69.000000
8970.808730 69.000000
8975.808760 68.000000
8980.808760 77.000000
8986.808730 71.000000
8991.808760 71.000000
8996.808760 72.000000
9005.808730 76.000000
9010.808760 77.000000
9012.808760 77.000000
9018.808730 77.000000
9027.808760 93.000000
9030.808760 93.000000
9037.808730 94.000000
9039.808730 94.000000
9048.808760 87.000000
9053.808760 84.000000
9059.808730 77.000000
9061.808730 76.000000
9065.808730 74.000000
9070.808760 73.000000
9075.808760 73.000000
9080.808760 73.000000
9086.808730 72.000000
9091.808760 71.000000
9096.808760 71.000000
9102.808730 71.000000
9107.808760 71.000000
9112.808760 71.000000
9118.808730 71.000000
9123.808730 71.000000
9133.215750 68.000000
9138.215750 69.000000
9144.215750 70.000000
9146.215720 70.000000
9150.215750 70.000000
9159.215750 71.000000
9161.215720 72.000000
9169.215750 69.000000
9170.215750 68.000000
9175.215750 69.000000
9181.215720 70.000000
9186.215750 70.000000
9191.215750 70.000000
9200.215750 70.000000
9203.215720 68.000000
9206.215720 68.000000
9212.215750 70.000000
9221.215720 71.000000
9226.223700 67.000000
9227.223730 67.000000
9232.223730 68.000000
9238.223700 68.000000
9245.223700 70.000000
9249.223730 72.000000
9257.223730 72.000000
9259.223700 69.000000
9263.223700 70.000000
9268.223730 69.000000
9273.223730 70.000000
9282.223700 69.000000
9284.223700 69.000000
9289.223730 69.000000
9297.223730 70.000000
9300.223700 71.000000
9305.223700 70.000000
9314.223730 68.000000
9316.223730 68.000000
9324.223730 69.000000
9325.223700 71.000000
9333.223730 69.000000
9335.223730 68.000000
9340.223730 68.000000
9346.223700 69.000000
9351.223730 69.000000
9361.223700 69.000000
9364.223730 68.000000
9371.223730 69.000000
9375.223700 67.000000
9379.223700 68.000000
9383.223700 69.000000
9388.223730 70.000000
9393.223730 70.000000
9401.223700 70.000000
9404.223730 70.000000
9409.223730 71.000000
9418.223700 70.000000
9420.223700 70.000000
9428.223730 69.000000
9430.223730 69.000000
9435.223700 69.000000
9440.223700 69.000000
9445.223700 68.000000
9450.223730 69.000000
9458.223730 69.000000
9461.223700 69.000000
9469.223730 69.000000
9471.223730 69.000000
9477.223700 70.000000
9484.223700 71.000000
9491.223730 71.000000
9492.223730 71.000000
9502.223700 68.000000
9504.223700 68.000000
9508.223730 68.000000
9513.223730 68.000000
9522.223700 68.000000
9528.223700 69.000000
9533.223730 69.000000
9535.223730 69.000000
9541.223700 70.000000
9546.223730 70.000000
9551.223730 70.000000
9557.223700 70.000000
9566.223700 70.000000
9567.223730 70.000000
9577.223700 70.000000
9579.223730 69.000000
9583.223700 69.000000
9588.223730 69.000000
9593.223730 70.000000
9599.223700 70.000000
9607.223730 70.000000
9609.223700 70.000000
9614.223730 71.000000
9624.223700 71.000000
9625.223700 71.000000
9630.223730 71.000000
9639.223700 71.000000
9640.223700 71.000000
9645.223700 70.000000
9650.223730 71.000000
9660.223700 71.000000
9664.223700 71.000000
9667.223730 71.000000
9676.223730 70.000000
9677.223700 70.000000
9682.223730 70.000000
9691.223730 70.000000
9693.223730 71.000000
9703.223700 70.000000
9704.223700 71.000000
9709.223730 71.000000
9714.223730 71.000000
9719.223700 71.000000
9725.223700 73.000000
9733.223730 73.000000
9734.223730 73.000000
9742.223700 73.000000
9749.223700 72.000000
9751.223730 70.000000
9755.223730 70.000000
9760.223730 71.000000
9766.223700 71.000000
9771.223730 72.000000
9781.223700 73.000000
9786.223700 73.000000
9790.223700 68.000000
9792.223700 69.000000
9797.223730 68.000000
9805.223700 70.000000
9808.223730 73.000000
9813.223730 75.000000
9819.223700 74.000000
9824.223700 75.000000
9833.223730 74.000000
9834.223730 73.000000
9840.223700 73.000000
9849.223730 71.000000
9850.223730 71.000000
9855.223700 72.000000
9860.223700 73.000000
9869.223730 72.000000
9870.223730 72.000000
9878.223700 72.000000
9880.223700 71.000000
9885.223700 70.000000
9890.223730 70.000000
9899.223700 70.000000
9901.223700 69.000000
9905.223700 69.000000
9910.223730 70.000000
9915.223700 70.000000
9920.223700 70.000000
9925.223700 71.000000
9930.223730 72.000000
9939.223730 72.000000
9944.223730 72.000000
9948.223730 68.000000
9951.223730 65.000000
9955.223700 66.000000
9960.223700 67.000000
9965.223700 68.000000
9970.223730 70.000000
9975.223730 70.000000
9981.223700 69.000000
9986.223700 70.000000
9991.223730 70.000000
9997.223700 70.000000
10004.223700 70.000000
10007.223730 70.000000
10017.223700 71.000000
10020.223700 70.000000
10023.223700 69.000000
10028.223730 71.000000
10033.223730 71.000000
10038.223700 71.000000
10043.223700 71.000000
10050.223730 72.000000
10057.223700 72.000000
10059.223700 72.000000
10064.223700 72.000000
10070.223730 71.000000
10074.223730 71.000000
10083.223700 71.000000
10088.223730 71.000000
10090.223730 71.000000
10095.223700 67.000000
10100.223700 68.000000
10105.223700 69.000000
10110.223700 70.000000
10115.223730 70.000000
10120.223730 71.000000
10129.223730 72.000000
10134.223730 68.000000
10135.223700 68.000000
10140.223700 68.000000
10145.223700 68.000000
10154.223730 69.000000
10156.223700 69.000000
10160.223700 68.000000
10165.223700 70.000000
10170.223730 71.000000
10175.223700 70.000000
10180.223700 71.000000
10189.223730 70.000000
10191.223730 70.000000
10198.223700 69.000000
10205.223730 70.000000
10209.223700 67.000000
10211.223730 67.000000
10216.223730 68.000000
10221.223700 68.000000
10226.223700 68.000000
10231.223730 69.000000
10238.223700 69.000000
10241.223700 69.000000
10246.223700 69.000000
10251.223730 69.000000
10261.223700 69.000000
10266.223700 70.000000
10270.223700 69.000000
10276.223730 66.000000
10277.223730 67.000000
10283.223700 67.000000
10288.223700 68.000000
10293.223730 69.000000
10298.223730 70.000000
10304.223700 70.000000
10313.223730 68.000000
10316.223700 65.000000
10319.223700 65.000000
10324.223700 66.000000
10329.223730 67.000000
10334.223730 67.000000
10339.223730 67.000000
10345.223700 67.000000
10350.223730 68.000000
10356.223700 68.000000
10361.223700 68.000000
10370.223700 69.000000
10374.223730 68.000000
10376.223730 68.000000
10381.223730 68.000000
10391.223730 68.000000
10392.223730 68.000000
10398.223700 68.000000
10405.223700 69.000000
10412.223730 69.000000
10414.223700 68.000000
10423.223700 69.000000
10424.223700 69.000000
10429.223730 69.000000
10439.223700 79.000000
10441.223700 79.000000
10445.223700 78.000000
10450.223730 77.000000
10458.223700 76.000000
10460.223700 75.000000
10467.223700 72.000000
10470.223730 72.000000
10479.223700 72.000000
10482.223730 69.000000
10485.223700 69.000000
10490.223700 70.000000
10495.223730 70.000000
10500.223730 72.000000
10505.223730 75.000000
10514.223730 74.000000
10517.223730 76.000000
10523.223700 77.000000
10525.223730 77.000000
10530.223730 77.000000
10538.223700 77.000000
10541.223700 78.000000
10546.223700 80.000000
10551.223700 82.000000
10556.223730 83.000000
10561.223700 88.000000
10569.223730 108.000000
10574.223730 108.000000
10580.223700 70.000000
10585.223700 69.000000
10590.223730 67.000000
10595.223730 64.000000
10600.223700 65.000000
10605.223700 67.000000
10607.223700 68.000000
10615.223730 70.000000
10620.223700 73.000000
10621.223700 76.000000
10626.223700 76.000000
10631.223730 76.000000
10637.223730 74.000000
10641.223700 73.000000
10646.223700 76.000000
10655.223730 76.000000
10658.223700 77.000000
10664.223700 77.000000
10666.223700 77.000000
10671.223730 82.000000
10679.223700 79.000000
10682.223700 79.000000
10687.223700 78.000000
10692.223730 78.000000
10697.223730 77.000000
10706.223700 111.000000
10712.223730 100.000000
10714.223730 100.000000
10718.223700 99.000000
10723.223700 99.000000
10730.223730 98.000000
10737.223730 99.000000
10741.223730 108.000000
10748.223700 113.000000
10753.223700 111.000000
10756.223730 111.000000
10759.223700 110.000000
10768.223700 82.000000
10774.223700 82.000000
10776.223700 82.000000
10780.223700 83.000000
10785.223700 83.000000
10790.223700 84.000000
10795.223700 85.000000
10803.223700 95.000000
10805.223730 95.000000
10811.223700 95.000000
10820.223700 127.000000
10826.223700 130.000000
10831.223730 130.000000
10834.223730 130.000000
10837.223730 130.000000
10845.223730 130.000000
10847.223700 130.000000
10852.223730 129.000000
10857.223730 121.000000
10867.223700 104.000000
10872.223730 100.000000
10873.223730 100.000000
10883.223730 79.000000
10888.223730 79.000000
10889.223730 79.000000
10899.223700 82.000000
10904.223700 84.000000
10908.223700 85.000000
10912.223730 86.000000
10915.223730 86.000000
10924.223700 79.000000
10926.223700 78.000000
10932.223730 78.000000
10936.223730 78.000000
10941.223730 77.000000
10948.223700 76.000000
10952.223730 74.000000
10957.223730 74.000000
10963.223700 74.000000
10968.223730 76.000000
10975.223730 79.000000
10978.223700 79.000000
10983.223700 79.000000
10989.223730 77.000000
10993.223730 76.000000
10998.223730 76.000000
11005.223700 76.000000
11012.223730 75.000000
11016.223730 75.000000
11019.223700 77.000000
11024.223700 75.000000
11029.223730 74.000000
11034.223730 75.000000
11040.223700 68.000000
11047.223700 67.000000
11053.223730 66.000000
11059.223730 65.000000
11060.223700 65.000000
11068.223700 66.000000
11070.223700 66.000000
11075.223730 67.000000
11080.223730 66.000000
11086.223700 67.000000
11091.223700 67.000000
11096.223730 67.000000
11101.223730 67.000000
11107.223700 67.000000
11112.223730 67.000000
11117.223730 66.000000
11123.223700 71.000000
11131.223730 71.000000
11133.223730 72.000000
11138.223700 71.000000
11143.223700 71.000000
11148.223700 70.000000
11153.223730 68.000000
11158.223730 68.000000
11163.223730 64.000000
11169.223730 65.000000
11174.223730 65.000000
11180.223700 65.000000
11185.223700 65.000000
11190.223730 68.000000
11195.223700 68.000000
11200.223700 68.000000
11205.223700 66.000000
11210.223730 66.000000
11215.223730 68.000000
11221.223700 68.000000
11226.223700 67.000000
11231.223700 65.000000
11236.223730 65.000000
11241.223730 66.000000
11247.223700 65.000000
11252.223730 65.000000
11258.223700 65.000000
11263.223700 65.000000
11272.223730 70.000000
11277.223700 70.000000
11279.223700 70.000000
11287.223700 65.000000
11289.223730 64.000000
11294.223730 64.000000
11299.223730 64.000000
11306.223700 68.000000
11310.223730 68.000000
11319.223700 80.000000
11322.223700 82.000000
11325.223730 84.000000
11331.223700 81.000000
11336.223700 81.000000
11342.223730 77.000000
11350.223730 66.000000
11355.223730 66.000000
11358.223700 67.000000
11362.223700 67.000000
11369.223700 68.000000
11372.223700 72.000000
11377.223730 70.000000
11386.223730 70.000000
11387.223730 70.000000
11392.223730 68.000000
11397.223730 68.000000
11403.223700 67.000000
11408.223700 67.000000
11415.223700 67.000000
11418.223730 67.000000
11424.223700 68.000000
11429.223730 67.000000
11434.223730 68.000000
11439.223700 68.000000
11444.223700 68.000000
11449.223700 68.000000
11454.223700 68.000000
11463.223730 69.000000
11464.223730 69.000000
11469.223700 69.000000
11474.223700 68.000000
11479.223730 68.000000
11484.223730 68.000000
11490.223700 68.000000
11495.223730 68.000000
11500.223730 68.000000
11506.223700 69.000000
11511.223700 70.000000
11516.223730 74.000000
11521.223730 74.000000
11528.223700 73.000000
11532.223730 71.000000
11537.223730 71.000000
11543.223700 70.000000
11548.223700 70.000000
11553.223730 71.000000
11558.223730 71.000000
11563.223730 71.000000
11569.223700 70.000000
11574.223700 68.000000
11579.223730 68.000000
11584.223730 68.000000
11593.223730 68.000000
11595.223730 70.000000
11600.223730 70.000000
11606.223700 70.000000
11615.223700 73.000000
11617.223730 76.000000
11622.223730 76.000000
11628.223700 68.000000
11635.223700 69.000000
11638.223730 70.000000
11643.223730 70.000000
11648.223730 70.000000
11654.223730 70.000000
11659.223730 70.000000
11664.223730 70.000000
11670.223700 70.000000
11675.223700 71.000000
11684.223730 71.000000
11685.223730 71.000000
11691.223700 75.000000
11696.223700 75.000000
11705.223730 97.000000
11708.223730 96.000000
11711.223730 96.000000
11720.223730 75.000000
11725.223700 74.000000
11730.223700 73.000000
11735.223700 70.000000
11740.223730 68.000000
11746.223700 67.000000
11750.223700 66.000000
11752.223730 66.000000
11757.223730 66.000000
11765.223700 68.000000
11768.223700 68.000000
11773.223730 67.000000
11778.223730 67.000000
11788.223700 67.000000
11789.223730 67.000000
11798.223730 64.000000
11799.223730 64.000000
11805.223700 63.000000
11810.223700 63.000000
11815.223730 63.000000
11820.223730 64.000000
11825.223700 65.000000
11830.223700 65.000000
11839.223730 65.000000
11840.223730 64.000000
11845.223700 65.000000
11853.223730 64.000000
11855.223730 63.000000
11860.223700 63.000000
11865.223700 63.000000
11870.223700 63.000000
11875.223730 64.000000
11880.223730 64.000000
11886.223700 64.000000
11890.223730 64.000000
11895.223730 64.000000
11901.223700 64.000000
11906.223700 64.000000
11911.223700 64.000000
11916.223730 63.000000
11921.223730 63.000000
11927.223700 63.000000
11932.223730 63.000000
11937.223730 63.000000
11942.223700 63.000000
11949.223700 63.000000
11952.223700 62.000000
11957.223730 62.000000
11962.223730 62.000000
11968.223700 62.000000
11973.223700 62.000000
11978.223730 62.000000
11983.223730 62.000000
11993.223730 65.000000
11994.223730 65.000000
12000.223700 65.000000
12005.223700 64.000000
12013.223700 63.000000
12015.223700 63.000000
12020.223730 63.000000
12025.223730 63.000000
12030.223730 63.000000
12035.223730 63.000000
12041.223700 63.000000
12046.223700 63.000000
12051.223700 63.000000
12056.223730 63.000000
12061.223730 64.000000
12066.223700 65.000000
12071.223700 65.000000
12076.223730 65.000000
12081.223730 65.000000
12086.223700 65.000000
12091.223730 65.000000
12096.223730 65.000000
12101.223700 64.000000
12106.223700 64.000000
12111.223700 63.000000
12116.223730 63.000000
12124.223730 63.000000
12127.223700 63.000000
12132.223700 63.000000
12137.223730 63.000000
12142.223730 64.000000
12148.223700 63.000000
12153.223700 62.000000
12158.223730 61.000000
12163.223730 61.000000
12169.223700 61.000000
12174.223700 62.000000
12179.223730 65.000000
12184.223730 72.000000
12193.223700 76.000000
12195.223700 77.000000
12200.223730 78.000000
12206.223700 77.000000
12215.223730 62.000000
12221.223700 60.000000
12223.223700 60.000000
12230.223700 60.000000
12232.223730 60.000000
12237.223730 61.000000
12242.223730 61.000000
12248.223700 62.000000
12253.223700 62.000000
12258.223730 63.000000
12267.223700 63.000000
12271.223700 64.000000
12274.223700 64.000000
12279.223730 62.000000
12284.223730 61.000000
12289.223700 61.000000
12294.223700 62.000000
12303.223730 62.000000
12304.223730 62.000000
12310.223700 64.000000
12315.223700 63.000000
12320.223730 63.000000
12326.223700 64.000000
12330.223730 64.000000
12335.223730 64.000000
12340.223730 67.000000
12346.223700 63.000000
12351.223700 63.000000
12356.223730 63.000000
12361.223730 63.000000
12369.223700 63.000000
12372.223700 64.000000
12377.223730 70.000000
12382.223730 68.000000
12388.223700 66.000000
12393.223700 65.000000
12400.223730 64.000000
12403.223730 64.000000
12409.223700 64.000000
12414.223700 63.000000
12419.223730 65.000000
12425.223730 65.000000
12433.223700 67.000000
12435.223730 68.000000
12440.223730 68.000000
12445.223730 68.000000
12451.223700 67.000000
12456.223730 65.000000
12461.223730 65.000000
12467.223700 65.000000
12472.223700 65.000000
12477.223730 63.000000
12482.223730 62.000000
12488.223700 62.000000
12494.223700 62.000000
12498.223730 63.000000
12503.223730 64.000000
12509.223700 67.000000
12514.223700 75.000000
12519.223730 77.000000
12529.223700 97.000000
12530.223700 96.000000
12535.223730 96.000000
12545.223700 62.000000
12550.223730 63.000000
12555.223730 68.000000
12561.223700 63.000000
12566.223700 63.000000
12568.223700 63.000000
12574.223730 63.000000
12581.223730 63.000000
12582.223730 63.000000
12588.223700 63.000000
12593.223700 64.000000
12602.223730 65.000000
12607.223730 68.000000
12610.223730 68.000000
12613.223730 68.000000
12623.223700 67.000000
12624.223700 67.000000
12629.223700 67.000000
12634.223730 68.000000
12639.223730 68.000000
12646.223700 68.000000
12653.223730 67.000000
12659.223730 66.000000
12660.223730 66.000000
12666.223700 66.000000
12675.223730 66.000000
12676.223730 65.000000
12682.223730 65.000000
12687.223700 64.000000
12692.223700 64.000000
12697.223730 63.000000
12702.223730 64.000000
12707.223730 66.000000
12712.223730 64.000000
12717.223730 65.000000
12723.223700 65.000000
12728.223700 65.000000
12733.223700 65.000000
12738.223730 65.000000
12745.223730 65.000000
12749.223730 65.000000
12754.223730 65.000000
12759.223730 66.000000
12765.223700 66.000000
12770.223700 66.000000
12775.223730 65.000000
12780.223730 65.000000
12785.223700 66.000000
12790.223730 66.000000
12795.223730 66.000000
12800.223700 65.000000
12805.223700 64.000000
12810.223700 65.000000
12815.223730 65.000000
12820.223730 67.000000
12825.222800 67.000000
12830.222830 68.000000
12835.222830 67.000000
12843.222800 65.000000
12846.222800 64.000000
12851.222830 65.000000
12857.222830 64.000000
12862.222800 62.000000
12867.222800 64.000000
12872.222830 64.000000
12877.222830 64.000000
12883.222800 65.000000
12888.222800 74.000000
12893.222800 74.000000
12898.222830 78.000000
12903.222830 79.000000
12913.222830 100.000000
12916.222830 99.000000
12919.222830 98.000000
12929.222800 77.000000
12934.222830 75.000000
12940.222800 72.000000
12941.222800 72.000000
12946.222800 71.000000
12955.222830 69.000000
12956.222830 69.000000
12964.222800 69.000000
12971.222830 70.000000
12972.222830 70.000000
12981.222800 71.000000
12983.222800 71.000000
12988.222800 75.000000
12993.222830 75.000000
12998.222830 75.000000
13004.222800 76.000000
13009.222800 76.000000
13014.222830 73.000000
13019.222830 71.000000
13024.222800 70.000000
13029.222800 70.000000
13034.222830 70.000000
13039.222800 70.000000
13044.222800 70.000000
13049.222830 70.000000
13057.222830 70.000000
13060.222830 70.000000
13065.222830 69.000000
13072.222800 68.000000
13078.222830 67.000000
13081.222830 67.000000
13086.222800 66.000000
13094.222830 67.000000
13096.222830 66.000000
13101.222800 66.000000
13106.222800 66.000000
13111.222830 66.000000
13116.222830 66.000000
13122.222800 66.000000
13129.222800 66.000000
13132.222830 67.000000
13137.222830 67.000000
13146.222800 72.000000
13148.222800 71.000000
13154.222830 68.000000
13158.222830 67.000000
13164.222800 64.000000
13169.222800 65.000000
13174.222830 64.000000
13179.222830 64.000000
13185.222800 65.000000
13190.222830 65.000000
13198.222800 65.000000
13201.222800 65.000000
13206.222800 67.000000
13211.222800 64.000000
13216.222830 65.000000
13221.222800 65.000000
13226.222800 65.000000
13231.222800 65.000000
13238.222830 66.000000
13241.222800 66.000000
13246.222800 66.000000
13251.222800 66.000000
13256.222800 66.000000
13261.222830 66.000000
13266.222830 65.000000
13275.222830 66.000000
13276.222830 66.000000
13281.222830 66.000000
13286.222830 67.000000
13291.222830 66.000000
13297.222800 67.000000
13302.222800 69.000000
13311.222800 86.000000
13312.222800 86.000000
13317.222830 87.000000
13322.222800 86.000000
13327.222800 81.000000
13332.222800 79.000000
13341.222830 68.000000
13345.222830 67.000000
13350.222800 66.000000
13352.222830 66.000000
13357.222830 66.000000
13362.222830 66.000000
13368.222800 67.000000
13373.222800 67.000000
13378.222830 68.000000
13385.222830 68.000000
13391.222800 68.000000
13396.222830 67.000000
13399.222830 67.000000
13405.222800 67.000000
13410.222800 65.000000
13415.222800 66.000000
13420.222830 67.000000
13425.222800 68.000000
13430.222800 68.000000
13435.222830 68.000000
13441.222830 68.000000
13448.222800 68.000000
13451.222800 65.000000
13456.222800 65.000000
13461.222830 65.000000
13466.222800 65.000000
13471.222830 65.000000
13476.222830 68.000000
13481.222800 67.000000
13486.222800 67.000000
13491.222800 67.000000
13496.222800 67.000000
13501.222830 67.000000
13506.222800 67.000000
13511.222800 66.000000
13516.222830 66.000000
13521.222830 67.000000
13527.222800 67.000000
13532.222800 66.000000
13537.222830 67.000000
13543.222800 68.000000
13548.222830 71.000000
13552.222800 69.000000
13557.222800 68.000000
13562.222830 68.000000
13568.222830 68.000000
13572.222830 68.000000
13581.222800 66.000000
13583.222800 66.000000
13588.222800 66.000000
13596.222800 66.000000
13599.222830 68.000000
13605.222830 67.000000
13609.222800 64.000000
13614.222800 64.000000
13619.222830 66.000000
13627.222800 72.000000
13630.222800 74.000000
13635.222800 77.000000
13640.222830 77.000000
13646.222800 86.000000
13653.222800 82.000000
13655.222800 81.000000
13660.222830 83.000000
13666.222800 82.000000
13670.222800 82.000000
13678.222830 68.000000
13685.222800 66.000000
13687.222800 65.000000
13691.222800 66.000000
13696.222830 66.000000
13701.222800 66.000000
13706.222800 66.000000
13711.222800 67.000000
13716.222830 67.000000
13726.222800 68.000000
13731.222830 67.000000
13732.222830 66.000000
13737.222830 65.000000
13743.222800 65.000000
13748.222800 65.000000
13753.222830 65.000000
13758.222830 65.000000
13763.222800 65.000000
13768.222800 65.000000
13773.222800 65.000000
13778.222830 65.000000
13783.222830 65.000000
13789.222800 65.000000
13794.222800 65.000000
13799.222830 65.000000
13804.222830 65.000000
13810.222830 65.000000
13815.222830 65.000000
13820.222800 65.000000
13825.222800 64.000000
13830.222830 65.000000
13835.222830 64.000000
13840.222800 64.000000
13845.222800 63.000000
13850.222800 64.000000
13855.222800 63.000000
13860.222830 63.000000
13865.222830 63.000000
13872.222800 64.000000
13876.222800 68.000000
13881.222830 67.000000
13886.222800 66.000000
13891.222800 66.000000
13898.222830 66.000000
13901.222830 65.000000
13907.222800 64.000000
13914.222830 65.000000
13917.222830 65.000000
13922.222830 65.000000
13928.222830 65.000000
13935.222830 65.000000
13938.222830 67.000000
13945.222800 67.000000
13949.222800 64.000000
13954.222830 64.000000
13959.222830 66.000000
13965.222800 66.000000
13970.222800 65.000000
13975.222800 63.000000
13980.222830 65.000000
13985.222800 65.000000
13990.222800 65.000000
13995.222800 66.000000
14000.222830 66.000000
14006.222800 65.000000
14015.222800 67.000000
14016.222830 67.000000
14021.222830 66.000000
14027.222800 66.000000
14034.222800 67.000000
14037.222830 67.000000
14042.222830 66.000000
14048.222800 61.000000
14053.222800 63.000000
14058.222830 63.000000
14063.222830 64.000000
14068.222830 64.000000
14073.222800 63.000000
14078.222830 65.000000
14084.222830 66.000000
14090.222800 66.000000
14095.222800 66.000000
14103.222830 66.000000
14105.222800 64.000000
14110.222830 62.000000
14116.222830 63.000000
14121.222830 62.000000
14127.222800 62.000000
14132.222800 64.000000
14137.222830 64.000000
14142.222830 65.000000
14148.222830 65.000000
14153.222830 65.000000
14158.222800 65.000000
14163.222830 64.000000
14169.222800 65.000000
14174.222830 65.000000
14179.222830 65.000000
14185.222800 66.000000
14192.222800 68.000000
14195.222800 70.000000
14204.222800 68.000000
14207.222800 66.000000
14211.222800 64.000000
14216.222800 64.000000
14221.222830 64.000000
14227.222800 65.000000
14232.222800 64.000000
14237.222830 64.000000
14242.222830 65.000000
14251.222800 67.000000
14254.222800 67.000000
14258.222830 69.000000
14266.222830 77.000000
14269.222800 78.000000
14278.222830 81.000000
14281.222800 80.000000
14285.222800 79.000000
14294.222830 68.000000
14296.222830 68.000000
14300.222800 67.000000
14305.222800 66.000000
14310.222800 66.000000
14315.222830 68.000000
14320.222800 67.000000
14325.222800 65.000000
14330.222800 65.000000
14337.222830 67.000000
14343.222800 69.000000
14346.222800 68.000000
14354.222830 63.000000
14356.222830 63.000000
14361.222830 63.000000
14367.222800 64.000000
14372.222830 65.000000
14379.222830 66.000000
14382.222800 68.000000
14389.222800 68.000000
14392.222830 71.000000
14397.222830 70.000000
14406.222800 65.000000
14408.222800 65.000000
14413.222830 64.000000
14418.222830 64.000000
14424.222800 64.000000
14429.222800 66.000000
14434.222830 65.000000
14439.222830 65.000000
14445.222800 65.000000
14450.222800 66.000000
14460.222800 67.000000
14461.222800 66.000000
14466.222800 65.000000
14475.222830 65.000000
14476.222830 65.000000
14481.222830 64.000000
14487.222800 68.000000
14492.222830 68.000000
14501.222830 63.000000
14502.222830 63.000000
14507.222800 64.000000
14512.222800 65.000000
14517.222830 65.000000
14523.222830 65.000000
14528.222800 65.000000
14534.222830 65.000000
14538.222830 65.000000
14544.222800 65.000000
14549.222830 65.000000
14555.222830 66.000000
14559.222830 67.000000
14566.222800 63.000000
14569.222800 63.000000
14574.222830 63.000000
14580.222800 63.000000
14585.222800 64.000000
14593.222830 64.000000
14595.222830 64.000000
14600.222830 64.000000
14606.222800 64.000000
14611.222800 63.000000
14616.222800 64.000000
14621.222830 65.000000
14626.222830 68.000000
14632.222830 68.000000
14637.222830 67.000000
14643.222800 66.000000
14648.222800 66.000000
14653.222830 66.000000
14658.222830 65.000000
14664.222800 65.000000
14669.222830 65.000000
14674.222830 65.000000
14679.222830 65.000000
14685.222800 64.000000
14690.222800 64.000000
14695.222830 65.000000
14701.222800 65.000000
14706.222800 65.000000
14715.222830 68.000000
14716.222830 68.000000
14722.222800 68.000000
14727.222800 68.000000
14733.222800 68.000000
14740.222830 69.000000
14742.222830 69.000000
14749.222800 69.000000
14753.222830 70.000000
14761.222830 70.000000
14763.222830 68.000000
14768.222800 68.000000
14773.222830 67.000000
14778.222830 68.000000
14784.222800 68.000000
14789.222800 69.000000
14794.222800 69.000000
14803.222830 70.000000
14809.222800 68.000000
14810.222800 68.000000
14815.222830 68.000000
14820.222800 66.000000
14825.222800 65.000000
14830.222800 68.000000
14835.222830 67.000000
14840.222830 67.000000
14846.222800 69.000000
14851.222830 71.000000
14859.222830 72.000000
14861.222830 71.000000
14867.222800 69.000000
14872.222830 68.000000
14877.222830 68.000000
14883.222800 68.000000
14888.222800 68.000000
14893.222830 68.000000
14898.222830 69.000000
14908.222800 68.000000
14909.222800 67.000000
14914.222800 67.000000
14922.222830 68.000000
14924.222830 72.000000
14930.222830 73.000000
14939.222800 72.000000
14944.222800 68.000000
14946.222800 68.000000
14951.222830 68.000000
14956.222830 68.000000
14961.222830 68.000000
14967.222800 68.000000
14972.222830 70.000000
14977.222830 72.000000
14985.222800 72.000000
14987.222800 72.000000
14992.222830 69.000000
15001.222800 68.000000
15003.222800 68.000000
15008.222800 66.000000
15013.222830 67.000000
15018.222830 66.000000
15023.222830 66.000000
15031.222830 66.000000
15034.222830 66.000000
15039.222830 62.000000
15046.222800 68.000000
15050.222800 68.000000
15055.222830 68.000000
15061.222800 68.000000
15066.222800 68.000000
15071.222830 68.000000
15076.222830 68.000000
15086.222830 69.000000
15090.222830 74.000000
15092.222830 74.000000
15100.222830 73.000000
15103.222800 69.000000
15108.222800 68.000000
15116.222800 73.000000
15118.222830 75.000000
15124.222830 76.000000
15129.222800 72.000000
15134.222830 72.000000
15139.222830 71.000000
15145.222800 72.000000
15150.222800 72.000000
15155.222830 72.000000
15160.222830 71.000000
15166.222800 72.000000
15171.222800 72.000000
15180.222830 72.000000
15185.222800 69.000000
15187.222800 68.000000
15192.222800 68.000000
15197.222830 69.000000
15202.222830 69.000000
15208.222800 69.000000
15214.222830 69.000000
15218.222830 72.000000
15226.222830 73.000000
15230.222800 71.000000
15233.222830 70.000000
15242.222830 68.000000
15243.222800 68.000000
15248.222800 68.000000
15253.222830 68.000000
15258.222830 68.000000
15264.222800 68.000000
15269.222830 68.000000
15275.222830 68.000000
15280.222830 68.000000
15285.222800 68.000000
15291.222830 68.000000
15295.222830 67.000000
15302.222800 67.000000
15305.222800 67.000000
15310.222800 67.000000
15317.222830 68.000000
15324.222830 68.000000
15325.222800 68.000000
15330.222800 68.000000
15335.222830 68.000000
15340.222830 68.000000
15346.222800 69.000000
15353.222830 68.000000
15356.222830 68.000000
15362.222830 69.000000
15368.222800 71.000000
15374.222830 71.000000
15381.222830 69.000000
15384.222800 70.000000
15389.222800 71.000000
15394.222830 72.000000
15400.222830 71.000000
15405.222800 70.000000
15410.222800 69.000000
15415.222800 69.000000
15423.222830 68.000000
15425.222800 68.000000
15430.222800 66.000000
15438.222830 66.000000
15440.222830 65.000000
15446.222830 64.000000
15452.222800 66.000000
15457.222830 67.000000
15462.222830 67.000000
15468.222800 67.000000
15474.222830 67.000000
15478.222830 66.000000
15484.222800 68.000000
15489.222800 68.000000
15494.222830 68.000000
15499.222830 68.000000
15506.222800 68.000000
15510.222800 68.000000
15515.222830 68.000000
15520.222830 68.000000
15526.222800 69.000000
15531.222830 69.000000
15540.222830 72.000000
15545.222800 71.000000
15546.222800 71.000000
15551.222830 71.000000
15556.222830 71.000000
15561.222800 70.000000
15566.222800 70.000000
15571.222800 70.000000
15579.222830 68.000000
15581.222800 68.000000
15586.222800 68.000000
15591.222800 68.000000
15596.222830 71.000000
15601.222800 71.000000
15610.222800 69.000000
15611.222830 69.000000
15617.222830 64.000000
15621.222830 64.000000
15627.222830 64.000000
15633.222830 65.000000
15638.222830 65.000000
15643.222800 67.000000
15648.222800 66.000000
15655.222830 65.000000
15658.222830 63.000000
15663.222800 64.000000
15668.222800 68.000000
15673.222830 67.000000
15678.222830 66.000000
15683.222800 67.000000
15688.222800 68.000000
15693.222830 70.000000
15698.222830 69.000000
15703.222800 69.000000
15712.222830 69.000000
15717.222830 68.000000
15722.222830 66.000000
15723.222800 66.000000
15728.222800 66.000000
15733.222830 66.000000
15738.222830 67.000000
15743.222800 66.000000
15748.222800 66.000000
15753.222800 67.000000
15758.222830 68.000000
15763.222830 69.000000
15769.222800 70.000000
15776.222830 70.000000
15783.222800 68.000000
15785.222800 68.000000
15790.222800 67.000000
15795.222830 67.000000
15800.222830 67.000000
15806.222800 68.000000
15811.222800 68.000000
15816.222830 67.000000
15821.222830 67.000000
15827.222800 67.000000
15833.222830 67.000000
15837.222830 67.000000
15844.222800 67.000000
15847.222830 67.000000
15854.222800 67.000000
15858.222830 67.000000
15863.222830 67.000000
15873.222800 68.000000
15874.222830 68.000000
15881.222830 68.000000
15884.222800 66.000000
15889.222800 65.000000
15894.222830 65.000000
15899.222830 68.000000
15904.222800 68.000000
15909.222800 68.000000
15914.222830 68.000000
15919.222830 68.000000
15928.222800 78.000000
15931.222800 78.000000
15936.222800 77.000000
15941.222830 75.000000
15946.222830 74.000000
15954.222830 72.000000
15960.222830 69.000000
15961.222800 69.000000
15966.222800 68.000000
15971.222800 68.000000
15976.222830 69.000000
15981.222800 69.000000
15990.222800 69.000000
15991.222800 69.000000
15996.222830 69.000000
16001.222830 69.000000
16007.222800 68.000000
16012.222800 68.000000
16017.222830 68.000000
16022.222830 68.000000
16031.222800 68.000000
16032.222830 69.000000
16037.222830 69.000000
16042.222830 69.000000
16051.222800 68.000000
16053.222830 67.000000
16058.222830 65.000000
16063.222830 65.000000
16069.222800 68.000000
16074.222830 68.000000
16079.222830 68.000000
16085.222800 68.000000
16090.222800 67.000000
16095.222830 68.000000
16100.222830 68.000000
16105.222800 68.000000
16110.222800 68.000000
16115.222830 68.000000
16120.222830 68.000000
16130.222800 68.000000
16131.222830 67.000000
16136.222830 66.000000
16141.222830 67.000000
16147.222800 67.000000
16152.222830 68.000000
16157.222830 68.000000
16162.222830 68.000000
16169.222800 69.000000
16174.222830 68.000000
16178.222830 66.000000
16183.222800 68.000000
16188.222830 68.000000
16196.222830 68.000000
16198.222830 68.000000
16204.222800 68.000000
16209.222800 68.000000
16214.222830 68.000000
16220.222830 69.000000
16225.222800 69.000000
16234.222830 68.000000
16239.222830 65.000000
16240.222830 65.000000
16246.222800 65.000000
16251.222800 62.000000
16256.222830 63.000000
16261.222830 63.000000
16267.222800 63.000000
16272.222830 64.000000
16277.222830 65.000000
16282.222800 66.000000
16287.222800 67.000000
16295.222830 67.000000
16297.222830 68.000000
16302.222800 68.000000
16307.222800 69.000000
16312.222830 68.000000
16317.222830 68.000000
16322.222800 68.000000
16331.222800 68.000000
16336.222830 68.000000
16341.222830 66.000000
16342.222830 66.000000
16348.222800 66.000000
16353.222830 66.000000
16358.222830 66.000000
16368.222800 68.000000
16370.222800 68.000000
16375.222830 63.000000
16380.222830 63.000000
16386.222800 65.000000
16391.222800 68.000000
16396.222830 68.000000
16401.222830 68.000000
16409.222800 68.000000
16414.222830 68.000000
16417.222830 67.000000
16423.222800 63.000000
16428.218140 65.000000
16433.218180 65.000000
16438.218180 65.000000
16444.218140 64.000000
16449.218140 64.000000
16454.218180 64.000000
16459.218180 65.000000
16464.218140 66.000000
16469.218140 65.000000
16474.218180 66.000000
16479.218180 66.000000
16484.218140 66.000000
16489.218140 66.000000
16494.218180 67.000000
16503.218180 67.000000
16505.218140 67.000000
16511.218140 64.000000
16514.218180 63.000000
16519.218180 61.000000
16524.218140 60.000000
16529.218180 60.000000
16536.218180 65.000000
16541.218180 66.000000
16546.218140 66.000000
16553.218180 64.000000
16554.218180 64.000000
16559.218180 66.000000
16564.218140 66.000000
16573.218180 67.000000
16574.218180 67.000000
16579.218180 66.000000
16584.218140 67.000000
16589.218180 69.000000
16595.218180 67.000000
16599.218180 66.000000
16605.218140 66.000000
16610.218140 66.000000
16617.218180 66.000000
16623.218140 68.000000
16626.218140 67.000000
16631.218140 65.000000
16636.218180 66.000000
16641.218180 67.000000
16647.218140 67.000000
16652.218140 68.000000
16657.218180 68.000000
16662.218180 68.000000
16667.218140 68.000000
16672.218140 68.000000
16677.218180 68.000000
16682.218180 68.000000
16688.218140 68.000000
16693.218140 68.000000
16698.218180 68.000000
16704.218180 68.000000
16709.218140 68.000000
16715.218180 68.000000
16719.218180 66.000000
16725.218140 66.000000
16730.218140 66.000000
16735.218180 66.000000
16740.218180 66.000000
16746.218140 68.000000
16751.218140 68.000000
16756.218140 68.000000
16761.218180 68.000000
16766.218140 68.000000
16773.218180 67.000000
16776.218180 67.000000
16782.218140 67.000000
16787.218140 67.000000
16792.218180 68.000000
16801.218180 67.000000
16802.218180 67.000000
16808.218180 66.000000
16814.218140 66.000000
16819.218180 67.000000
16824.218180 68.000000
16830.218140 68.000000
16838.218180 67.000000
16844.218180 66.000000
16845.218180 66.000000
16851.218140 68.000000
16856.218180 68.000000
16861.218180 68.000000
16870.218140 69.000000
16872.218140 71.000000
16881.218180 71.000000
16882.218180 70.000000
16891.218140 69.000000
16893.218180 68.000000
16898.218180 68.000000
16903.218180 68.000000
16909.218140 68.000000
16914.218180 68.000000
16919.218180 68.000000
16927.218140 68.000000
16932.218140 68.000000
16934.218180 68.000000
16943.218180 64.000000
16948.218140 64.000000
16949.218140 64.000000
16954.218140 65.000000
16959.218180 66.000000
16964.218180 68.000000
16969.218180 68.000000
16975.218140 68.000000
16983.218180 66.000000
16985.218180 65.000000
16990.218180 66.000000
16997.218140 66.000000
17001.218180 68.000000
17007.218140 67.000000
17012.218140 63.000000
17017.218180 63.000000
17022.218180 65.000000
17028.218140 67.000000
17033.218140 62.000000
17038.218140 63.000000
17043.218180 65.000000
17048.218180 66.000000
17054.218140 65.000000
17059.218180 65.000000
17064.218180 67.000000
17070.218140 67.000000
17079.218180 67.000000
17080.218180 67.000000
17085.218180 63.000000
17090.218180 64.000000
17095.218180 65.000000
17100.218180 67.000000
17106.218140 68.000000
17111.218140 68.000000
17116.218180 68.000000
17121.218180 68.000000
17128.218140 67.000000
17132.218140 63.000000
17137.218140 66.000000
17142.218180 66.000000
17147.218180 67.000000
17153.218180 67.000000
17158.218180 68.000000
17163.218140 68.000000
17168.218140 68.000000
17173.218140 68.000000
17178.218140 68.000000
17186.218180 69.000000
17190.218180 68.000000
17193.218140 67.000000
17202.218180 67.000000
17203.218180 67.000000
17208.218180 67.000000
17214.218180 68.000000
17223.218140 70.000000
17225.218140 68.000000
17230.218140 66.000000
17235.218180 66.000000
17240.218180 68.000000
17246.218140 68.000000
17251.218140 67.000000
17256.218180 67.000000
17265.218140 67.000000
17267.218140 66.000000
17272.218180 66.000000
17277.218180 67.000000
17287.218140 67.000000
17288.218140 66.000000
17293.218180 66.000000
17298.218180 66.000000
17303.218180 67.000000
17310.218140 67.000000
17314.218180 66.000000
17319.218180 65.000000
17324.218180 62.000000
17330.218140 64.000000
17335.218140 64.000000
17340.218180 65.000000
17345.218140 66.000000
17350.218180 67.000000
17356.218140 67.000000
17361.218180 64.000000
17367.218140 65.000000
17372.218140 64.000000
17377.218140 63.000000
17382.218180 64.000000
17387.218180 64.000000
17393.218140 64.000000
17398.218180 64.000000
17413.218180 70.000000
17416.218180 73.000000
17419.218180 73.000000
17426.218140 68.000000
17433.218180 64.000000
17434.218140 64.000000
17439.218180 65.000000
17445.218180 64.000000
17450.218140 64.000000
17455.218180 60.000000
17464.218140 59.000000
17466.218140 60.000000
17471.218140 62.000000
17476.218140 63.000000
17481.218180 65.000000
17486.218140 63.000000
17491.218140 63.000000
17496.218180 64.000000
17501.218180 64.000000
17506.218180 65.000000
17511.218140 66.000000
17516.218180 66.000000
17521.218180 67.000000
17528.218140 67.000000
17532.218140 63.000000
17537.218140 64.000000
17542.218180 65.000000
17547.218180 66.000000
17552.218180 66.000000
17557.218180 66.000000
17562.218180 67.000000
17568.218140 68.000000
17573.218140 68.000000
17578.218140 68.000000
17583.218180 68.000000
17588.218140 68.000000
17596.218140 68.000000
17601.218180 68.000000
17603.218140 68.000000
17608.218140 68.000000
17613.218140 68.000000
17618.218180 68.000000
17623.218180 68.000000
17628.218180 68.000000
17633.218140 68.000000
17638.218180 68.000000
17643.218180 68.000000
17649.218140 69.000000
17654.218180 68.000000
17659.218180 68.000000
17664.218180 68.000000
17670.218140 69.000000
17675.218140 68.000000
17680.218140 68.000000
17685.218180 70.000000
17690.218180 69.000000
17696.218140 68.000000
17701.218140 68.000000
17706.218180 70.000000
17711.218180 69.000000
17717.218180 69.000000
17723.218180 69.000000
17728.218180 69.000000
17733.218180 68.000000
17738.218180 69.000000
17743.218180 69.000000
17749.218140 69.000000
17754.218140 70.000000
17759.218140 70.000000
17764.218180 69.000000
17769.218180 69.000000
17775.218140 69.000000
17780.218140 69.000000
17785.218180 69.000000
17790.218180 69.000000
17799.218180 69.000000
17800.218180 69.000000
17805.218140 69.000000
17810.218140 68.000000
17815.218140 68.000000
17820.218140 68.000000
17825.218180 68.000000
17830.218180 68.000000
17836.218140 69.000000
17841.218180 68.000000
17846.218180 68.000000
17851.218180 68.000000
17856.218180 68.000000
17861.218180 69.000000
17867.218140 69.000000
17872.218140 68.000000
17877.218140 68.000000
17882.218180 69.000000
17887.218180 69.000000
17893.218180 70.000000
17897.218180 69.000000
17903.218140 69.000000
17908.218140 69.000000
17913.218180 69.000000
17919.218140 69.000000
17924.218180 68.000000
17929.218180 68.000000
17934.218180 69.000000
17939.218180 70.000000
17944.218140 71.000000
17949.218140 71.000000
17956.218180 71.000000
17963.218180 70.000000
17964.218140 70.000000
17970.218180 65.000000
17974.218180 65.000000
17979.218180 65.000000
17984.218140 66.000000
17989.218140 67.000000
17994.218180 67.000000
17999.218180 67.000000
18004.218140 66.000000
18009.218140 67.000000
18014.218140 68.000000
18019.218140 68.000000
18024.218180 68.000000
18029.218180 68.000000
18035.218140 68.000000
18043.218180 68.000000
18045.218180 63.000000
18050.218180 61.000000
18056.218140 62.000000
18061.218180 66.000000
18066.218180 67.000000
18072.218140 67.000000
18077.218140 68.000000
18082.218180 68.000000
18087.218180 67.000000
18092.218180 66.000000
18098.218140 67.000000
18103.218180 67.000000
18108.218180 68.000000
18113.218140 68.000000
18118.218180 68.000000
18123.218180 68.000000
18130.218180 67.000000
18133.218140 63.000000
18138.218140 62.000000
18143.218180 63.000000
18148.218180 66.000000
18153.218140 67.000000
18158.218180 68.000000
18163.218180 68.000000
18169.218140 68.000000
18174.218180 67.000000
18179.218180 68.000000
18184.218180 68.000000
18190.218140 68.000000
18195.218140 68.000000
18200.218140 68.000000
18205.218180 68.000000
18210.218180 68.000000
18216.218180 68.000000
18221.218180 68.000000
18227.218180 68.000000
18233.218140 68.000000
18238.218140 69.000000
18243.218180 69.000000
18249.218180 68.000000
18258.218140 68.000000
18259.218140 68.000000
18264.218180 68.000000
18269.218180 68.000000
18275.218140 68.000000
18281.218140 68.000000
18285.218180 66.000000
18291.218140 68.000000
18296.218140 68.000000
18301.218140 69.000000
18306.218180 69.000000
18311.218180 69.000000
18317.218180 70.000000
18324.218140 70.000000
18328.218140 69.000000
18337.218180 70.000000
18341.218180 69.000000
18343.218180 68.000000
18349.218140 68.000000
18354.218180 68.000000
18359.218180 69.000000
18364.218140 69.000000
18369.218140 68.000000
18374.218140 68.000000
18379.218140 68.000000
18384.218180 68.000000
18389.218180 68.000000
18394.218180 68.000000
18403.218180 68.000000
18404.218180 68.000000
18410.218140 68.000000
18415.218140 68.000000
18420.218180 68.000000
18425.218180 68.000000
18433.218140 68.000000
18436.218180 68.000000
18446.218140 68.000000
18447.218140 68.000000
18452.218140 68.000000
18457.218180 68.000000
18462.218180 68.000000
18468.218140 68.000000
18478.218140 68.000000
18479.218140 68.000000
18484.218180 68.000000
18489.218180 68.000000
18495.218140 68.000000
18503.218180 68.000000
18505.218180 66.000000
18510.218180 65.000000
18515.218180 67.000000
18520.218180 67.000000
18525.218180 68.000000
18531.218140 68.000000
18536.218180 68.000000
18541.218180 68.000000
18547.218140 68.000000
18552.218140 68.000000
18557.218140 68.000000
18562.218180 68.000000
18567.218180 68.000000
18572.218180 68.000000
18578.218180 68.000000
18585.218140 68.000000
18589.218140 67.000000
18594.218140 67.000000
18599.218180 67.000000
18604.218180 67.000000
18609.218180 67.000000
18614.218140 67.000000
18619.218180 67.000000
18624.218180 68.000000
18629.218180 69.000000
18635.218180 69.000000
18640.218180 68.000000
18646.218140 69.000000
18651.218140 68.000000
18656.218140 68.000000
18661.218140 68.000000
18666.218180 68.000000
18671.218180 68.000000
18676.218180 68.000000
18681.218180 68.000000
18686.218180 68.000000
18692.218140 68.000000
18697.218140 68.000000
18703.218180 69.000000
18709.218180 71.000000
18713.218140 71.000000
18718.218140 69.000000
18723.218180 69.000000
18728.218180 69.000000
18734.218180 68.000000
18740.218180 68.000000
18749.218180 68.000000
18750.218180 68.000000
18756.218180 66.000000
18761.218180 68.000000
18767.218140 69.000000
18772.218180 68.000000
18778.218140 68.000000
18783.218180 68.000000
18788.218180 69.000000
18794.218140 70.000000
18800.218140 69.000000
18804.218180 69.000000
18809.218180 69.000000
18816.218180 70.000000
18819.218180 69.000000
18824.218180 68.000000
18830.218140 68.000000
18835.218140 68.000000
18844.218180 68.000000
18845.218140 68.000000
18850.218140 68.000000
18855.218140 68.000000
18860.218140 68.000000
18865.218180 68.000000
18870.218180 68.000000
18876.218180 68.000000
18881.218180 68.000000
18887.218140 68.000000
18893.218140 68.000000
18898.218140 68.000000
18903.218180 68.000000
18908.218180 69.000000
18917.218140 68.000000
18919.218140 68.000000
18925.218180 68.000000
18929.218180 68.000000
18934.218140 68.000000
18939.218180 68.000000
18944.218140 68.000000
18949.218140 68.000000
18954.218140 68.000000
18960.218140 68.000000
18964.218180 67.000000
18969.218180 67.000000
18974.218140 68.000000
18979.218180 68.000000
18984.218180 68.000000
18989.218180 68.000000
18995.218140 68.000000
19000.218180 68.000000
19005.218180 68.000000
19010.218180 68.000000
19016.218180 68.000000
19021.218180 68.000000
19027.218180 68.000000
19032.218180 68.000000
19037.218180 68.000000
19042.218180 69.000000
19047.218180 69.000000
19052.218180 69.000000
19057.218180 69.000000
19066.218140 69.000000
19068.218140 69.000000
19073.218180 69.000000
19079.218140 69.000000
19084.218180 69.000000
19089.218180 69.000000
19094.218140 69.000000
19103.218180 68.000000
19104.218180 67.000000
19110.218140 68.000000
19115.218140 68.000000
19122.218180 68.000000
19125.218180 68.000000
19133.218140 68.000000
19136.218140 71.000000
19141.218140 72.000000
19146.218180 71.000000
19153.218180 72.000000
19156.218180 71.000000
19161.218140 66.000000
19166.218140 68.000000
19171.218180 68.000000
19180.218140 70.000000
19182.218180 70.000000
19187.218180 69.000000
19192.218180 69.000000
19197.218180 69.000000
19202.218180 70.000000
19208.218140 70.000000
19213.218140 70.000000
19218.218140 70.000000
19223.218180 70.000000
19228.218180 69.000000
19233.218180 68.000000
19238.218180 68.000000
19243.218180 68.000000
19249.218140 68.000000
19254.218140 68.000000
19262.218140 68.000000
19264.218180 68.000000
19270.218140 68.000000
19278.218140 69.000000
19281.218140 69.000000
19286.218180 68.000000
19291.218180 68.000000
19297.218140 68.000000
19302.218180 68.000000
19307.218180 68.000000
19312.218140 69.000000
19317.218140 69.000000
19322.218180 68.000000
19327.218180 68.000000
19332.218180 69.000000
19338.218140 70.000000
19343.218180 69.000000
19348.218180 69.000000
19353.218180 69.000000
19358.218180 69.000000
19363.218180 69.000000
19369.218140 69.000000
19378.218180 69.000000
19379.218180 69.000000
19384.218180 68.000000
19389.218140 68.000000
19394.218180 69.000000
19399.218180 70.000000
19404.218180 69.000000
19409.218140 69.000000
19414.218140 69.000000
19419.218140 69.000000
19424.218180 69.000000
19429.218180 69.000000
19435.218140 70.000000
19440.218140 69.000000
19445.218180 69.000000
19455.218140 69.000000
19458.218140 69.000000
19462.218180 68.000000
19466.218180 68.000000
19471.218140 68.000000
19476.218180 68.000000
19484.218180 70.000000
19487.218140 69.000000
19492.218140 68.000000
19497.218140 68.000000
19502.218180 70.000000
19507.218180 70.000000
19513.218140 68.000000
19518.218140 68.000000
19523.218180 68.000000
19528.218180 69.000000
19533.218180 71.000000
19538.218140 70.000000
19543.218180 70.000000
19548.218180 69.000000
19553.218140 69.000000
19558.218180 69.000000
19564.218180 70.000000
19569.218180 69.000000
19574.218180 69.000000
19579.218180 69.000000
19584.218180 69.000000
19589.218140 69.000000
19594.218140 70.000000
19602.218140 71.000000
19604.218180 70.000000
19609.218180 70.000000
19615.218180 70.000000
19619.218180 70.000000
19624.218180 70.000000
19629.218140 70.000000
19634.218140 70.000000
19639.218140 70.000000
19644.218180 70.000000
19649.218180 69.000000
19654.218180 69.000000
19663.218180 69.000000
19664.218180 69.000000
19669.218180 69.000000
19675.218140 69.000000
19680.218140 69.000000
19685.218180 70.000000
19694.218140 69.000000
19698.218140 68.000000
19701.218140 68.000000
19706.218180 68.000000
19711.218180 70.000000
19717.218140 70.000000
19722.218180 70.000000
19729.218180 68.000000
19735.218140 69.000000
19738.218140 68.000000
19743.218180 69.000000
19748.218180 70.000000
19754.218140 71.000000
19759.218180 72.000000
19764.218180 72.000000
19770.218140 72.000000
19775.218140 72.000000
19780.218140 69.000000
19787.218180 70.000000
19790.218180 69.000000
19795.218140 70.000000
19800.218140 72.000000
19805.218180 71.000000
19810.218180 71.000000
19816.218140 70.000000
19821.218140 70.000000
19826.218180 70.000000
19833.218180 69.000000
19840.218180 69.000000
19842.218180 69.000000
19847.218180 69.000000
19852.218140 69.000000
19857.218140 91.000000
19866.218180 92.000000
19868.218180 92.000000
19872.218180 92.000000
19881.218180 65.000000
19887.218140 59.000000
19892.218140 60.000000
19896.218140 60.000000
19902.218180 62.000000
19907.218180 64.000000
19912.218180 62.000000
19914.218140 59.000000
19921.218180 62.000000
19924.218180 62.000000
19928.218140 62.000000
19936.218180 71.000000
19939.218140 71.000000
19943.218180 70.000000
19948.218180 66.000000
19955.218140 63.000000
19959.218140 63.000000
19964.218180 62.000000
19969.218180 62.000000
19975.218140 62.000000
19982.218180 63.000000
19985.218180 62.000000
19991.218180 63.000000
19997.218140 64.000000
20002.218140 64.000000
20010.218180 65.000000
20012.218180 64.000000
20017.218180 64.000000
20022.218180 63.000000
20028.218510 64.000000
20034.218510 64.000000
20038.218540 63.000000
20043.218540 64.000000
20049.218510 65.000000
20054.218510 65.000000
20059.218540 65.000000
20064.218510 66.000000
20069.218510 67.000000
20074.218510 66.000000
20079.218540 66.000000
20084.218540 65.000000
20090.218510 65.000000
20095.218510 65.000000
20100.218510 65.000000
20105.218540 65.000000
20110.218540 65.000000
20116.218540 65.000000
20123.218540 65.000000
20130.218510 66.000000
20132.218510 66.000000
20137.218510 61.000000
20142.218540 63.000000
20147.218540 65.000000
20152.218540 66.000000
20157.218540 66.000000
20162.218540 66.000000
20167.218510 67.000000
20172.218510 66.000000
20177.218510 66.000000
20184.218540 66.000000
20187.218540 65.000000
20192.218510 66.000000
20200.218540 65.000000
20202.218540 64.000000
20208.218510 65.000000
20213.218510 65.000000
20218.218540 65.000000
20223.218540 65.000000
20228.218540 65.000000
20234.218510 65.000000
20239.218510 65.000000
20244.218540 65.000000
20249.218540 65.000000
20254.218510 65.000000
20259.218540 65.000000
20267.218510 56.000000
20270.218510 57.000000
20279.218510 65.000000
20280.218510 65.000000
20285.218540 64.000000
20290.218540 64.000000
20295.218510 65.000000
20300.218510 65.000000
20305.218540 64.000000
20310.218540 64.000000
20316.218510 64.000000
20321.218540 64.000000
20326.218540 64.000000
20331.218540 64.000000
20337.218540 65.000000
20342.218540 65.000000
20348.218510 65.000000
20353.218510 65.000000
20358.218540 67.000000
20363.218540 67.000000
20369.218510 66.000000
20374.218510 65.000000
20382.218510 64.000000
20384.218540 65.000000
20389.218540 64.000000
20394.218510 63.000000
20399.218540 64.000000
20404.218540 64.000000
20409.218510 64.000000
20414.218540 64.000000
20419.218540 64.000000
20424.218510 64.000000
20429.218510 64.000000
20438.218540 62.000000
20439.218540 62.000000
20444.218540 62.000000
20450.218510 63.000000
20459.218540 65.000000
20460.218540 64.000000
20465.218510 61.000000
20470.218510 62.000000
20475.218510 64.000000
20480.218540 62.000000
20485.218540 61.000000
20490.218540 62.000000
20496.218510 62.000000
20501.218510 63.000000
20506.218540 63.000000
20511.218540 63.000000
20516.218510 63.000000
20521.218510 64.000000
20526.218540 64.000000
20531.218540 64.000000
20537.218510 64.000000
20542.218510 64.000000
20547.218540 64.000000
20552.218540 64.000000
20558.218510 64.000000
20563.218510 64.000000
20568.218540 64.000000
20575.218510 62.000000
20578.218540 61.000000
20583.218540 62.000000
20589.218510 63.000000
20594.218510 64.000000
20599.218510 64.000000
20604.218540 65.000000
20609.218540 66.000000
20615.218510 65.000000
20620.218540 65.000000
20628.218540 65.000000
20630.218510 63.000000
20635.218510 64.000000
20643.218540 65.000000
20645.218510 65.000000
20650.218540 65.000000
20656.218510 65.000000
20661.218510 65.000000
20666.218540 65.000000
20671.218540 65.000000
20677.218510 65.000000
20682.218510 65.000000
20690.218540 63.000000
20692.218540 63.000000
20699.218540 64.000000
20702.218540 63.000000
20708.218510 64.000000
20713.218510 64.000000
20718.218540 64.000000
20723.218540 65.000000
20729.218510 65.000000
20734.218510 65.000000
20739.218540 66.000000
20744.218510 66.000000
20749.218510 67.000000
20754.218510 67.000000
20759.218510 66.000000
20764.218540 66.000000
20769.218540 66.000000
20774.218510 66.000000
20779.218540 66.000000
20784.218540 66.000000
20790.218510 66.000000
20795.218510 66.000000
20800.218540 66.000000
20810.218510 66.000000
20814.218540 63.000000
20816.218540 63.000000
20821.218540 64.000000
20827.218510 64.000000
20832.218510 65.000000
20837.218540 64.000000
20842.218540 65.000000
20848.218510 65.000000
20855.218510 65.000000
20858.218540 64.000000
20863.218540 63.000000
20869.218540 66.000000
20875.218510 66.000000
20880.218540 66.000000
20885.218510 67.000000
20890.218510 67.000000
20895.218540 67.000000
20901.218510 67.000000
20906.218540 68.000000
20911.218540 68.000000
20917.218510 68.000000
20922.218540 68.000000
20927.218540 68.000000
20932.218540 66.000000
20937.218540 67.000000
20942.218540 67.000000
20952.218510 67.000000
20954.218510 67.000000
20959.218510 62.000000
20964.218540 64.000000
20969.218540 68.000000
20974.218540 68.000000
20979.218540 68.000000
20984.218540 68.000000
20990.218510 68.000000
20999.218510 67.000000
21000.218510 66.000000
21005.218540 64.000000
21010.218540 65.000000
21015.218540 66.000000
21021.218540 66.000000
21026.218540 66.000000
21031.218540 67.000000
21037.218510 66.000000
21042.218540 66.000000
21047.218540 66.000000
21055.218510 67.000000
21058.218510 66.000000
21063.218510 66.000000
21068.218540 66.000000
21073.218540 66.000000
21078.218540 66.000000
21083.218540 66.000000
21092.218510 66.000000
21097.218510 66.000000
21099.218510 67.000000
21106.218540 66.000000
21109.218510 66.000000
21114.218510 68.000000
21120.218540 64.000000
21124.218540 65.000000
21129.218540 65.000000
21134.218510 64.000000
21139.218540 65.000000
21144.218510 68.000000
21149.218510 67.000000
21154.218510 65.000000
21160.218540 68.000000
21164.218540 67.000000
21170.218510 72.000000
21175.218510 74.000000
21184.218510 81.000000
21186.218510 81.000000
21190.218540 80.000000
21196.218540 80.000000
21204.218540 66.000000
21208.218510 62.000000
21214.218510 63.000000
21215.218510 63.000000
21224.218540 62.000000
21225.218540 62.000000
21231.218540 63.000000
21235.218510 63.000000
21242.218510 64.000000
21247.218540 64.000000
21254.218510 65.000000
21256.218510 66.000000
21261.218540 66.000000
21271.218510 65.000000
21272.218510 65.000000
21277.218540 65.000000
21285.218510 66.000000
21288.218510 65.000000
21296.218510 65.000000
21299.218510 63.000000
21304.218510 65.000000
21309.218540 66.000000
21314.218540 67.000000
21322.218510 67.000000
21325.218540 63.000000
21330.218510 64.000000
21335.218510 65.000000
21340.218540 64.000000
21345.218540 64.000000
21350.218540 66.000000
21355.218510 65.000000
21360.218510 65.000000
21365.218540 66.000000
21370.218540 66.000000
21375.218510 66.000000
21380.218510 67.000000
21385.218540 67.000000
21390.218540 66.000000
21395.218540 66.000000
21401.218510 66.000000
21406.218540 67.000000
21411.218540 68.000000
21417.218540 67.000000
21423.218510 68.000000
21428.218540 68.000000
21433.218540 68.000000
21441.218510 68.000000
21444.218540 68.000000
21449.218540 67.000000
21454.218540 67.000000
21463.218510 67.000000
21465.218510 67.000000
21473.218540 68.000000
21476.218510 68.000000
21484.218510 67.000000
21486.218540 68.000000
21491.218540 67.000000
21497.218540 68.000000
21503.218510 69.000000
21508.218540 66.000000
21514.218540 61.000000
21519.218510 63.000000
21524.218510 64.000000
21529.218540 66.000000
21535.218540 66.000000
21541.218510 66.000000
21546.218540 66.000000
21551.218510 68.000000
21556.218510 68.000000
21561.218510 68.000000
21566.218540 68.000000
21571.218540 68.000000
21577.218510 68.000000
21582.218510 68.000000
21587.218540 68.000000
21596.218510 68.000000
21598.218510 66.000000
21603.218510 66.000000
21608.218540 66.000000
21613.218540 66.000000
21619.218510 66.000000
21624.218510 66.000000
21629.218540 66.000000
21634.218540 67.000000
21640.218510 67.000000
21645.218540 67.000000
21652.218540 68.000000
21659.218510 68.000000
21661.218510 68.000000
21667.218540 63.000000
21671.218540 64.000000
21677.218540 67.000000
21682.218540 66.000000
21688.218510 65.000000
21693.218510 66.000000
21698.218510 66.000000
21703.218510 66.000000
21708.218540 68.000000
21713.218540 68.000000
21721.218510 69.000000
21724.218510 68.000000
21729.218540 68.000000
21734.218540 68.000000
21740.218510 68.000000
21745.218540 68.000000
21750.218540 68.000000
21755.218540 68.000000
21761.218510 68.000000
21766.218540 69.000000
21775.218540 70.000000
21776.218510 70.000000
21781.218540 70.000000
21786.218510 70.000000
21795.218510 68.000000
21796.218510 68.000000
21801.218510 68.000000
21806.218540 68.000000
21813.218540 68.000000
21816.218510 68.000000
21821.218540 68.000000
21826.218540 68.000000
21832.218510 68.000000
21837.218510 70.000000
21842.218540 73.000000
21848.218540 71.000000
21852.218540 70.000000
21858.218540 70.000000
21863.218540 71.000000
21872.218510 71.000000
21874.218510 70.000000
21880.218510 72.000000
21884.218510 72.000000
21889.218540 72.000000
21894.218540 73.000000
21900.218510 72.000000
21909.218540 70.000000
21912.218540 67.000000
21915.218510 66.000000
21920.218540 66.000000
21925.218510 68.000000
21930.218540 70.000000
21936.218510 73.000000
21941.218540 74.000000
21946.218540 71.000000
21951.218510 72.000000
21956.218510 73.000000
21966.218510 72.000000
21969.218510 68.000000
21973.218510 68.000000
21978.218510 70.000000
21983.218510 72.000000
21988.218540 73.000000
21993.218540 72.000000
22000.218540 72.000000
22005.218510 68.000000
22010.218540 68.000000
22015.218540 69.000000
22021.218510 68.000000
22026.218540 68.000000
22031.218540 69.000000
22037.218540 72.000000
22043.218540 75.000000
22047.218540 72.000000
22052.218540 70.000000
22058.218510 71.000000
22063.218510 71.000000
22069.218540 73.000000
22073.218540 75.000000
22078.218540 74.000000
22083.218540 76.000000
22089.218510 75.000000
22095.218510 72.000000
22099.218510 70.000000
22104.218540 70.000000
22109.218540 70.000000
22114.218540 72.000000
22119.218540 74.000000
22124.218540 76.000000
22130.218510 77.000000
22138.218510 73.000000
22141.218510 69.000000
22145.218540 68.000000
22150.218540 68.000000
22155.218540 68.000000
22161.218510 68.000000
22166.218540 69.000000
22171.218540 72.000000
22176.218510 76.000000
22181.218510 74.000000
22186.218540 74.000000
22194.218510 71.000000
22197.218510 70.000000
22202.218510 69.000000
22207.218540 70.000000
22212.218510 69.000000
22217.218510 69.000000
22222.218510 70.000000
22227.218540 71.000000
22232.218540 71.000000
22241.218510 77.000000
22242.218510 78.000000
22247.218540 77.000000
22252.218540 75.000000
22258.218510 73.000000
22263.218510 74.000000
22271.218540 72.000000
22273.218540 71.000000
22282.218540 72.000000
22283.218540 71.000000
22288.218540 71.000000
22294.218510 75.000000
22299.218540 75.000000
22304.218540 73.000000
22310.218510 72.000000
22318.218510 71.000000
22320.218510 70.000000
22325.218510 69.000000
22330.218540 70.000000
22335.218540 70.000000
22341.218540 70.000000
22346.218540 71.000000
22351.218540 71.000000
22357.218510 70.000000
22366.218540 71.000000
22371.218540 68.000000
22372.218540 68.000000
22378.218510 68.000000
22383.218510 67.000000
22388.218540 68.000000
22395.218510 71.000000
22399.218540 76.000000
22405.218510 77.000000
22413.218540 72.000000
22415.218510 70.000000
22420.218510 70.000000
22425.218540 69.000000
22430.218540 68.000000
22436.218510 68.000000
22440.218510 68.000000
22445.218540 68.000000
22450.218540 68.000000
22455.218540 68.000000
22461.218510 68.000000
22466.218540 69.000000
22471.218540 68.000000
22476.218510 68.000000
22481.218510 74.000000
22486.218540 76.000000
22492.218540 72.000000
22497.218540 68.000000
22503.218510 68.000000
22512.218540 70.000000
22513.218540 69.000000
22522.218510 65.000000
22524.218510 66.000000
22529.218540 65.000000
22534.218540 67.000000
22540.218510 68.000000
22545.218510 68.000000
22550.218540 68.000000
22555.218510 68.000000
22560.218540 68.000000
22566.218510 70.000000
22571.218510 72.000000
22576.218510 72.000000
22581.218510 72.000000
22587.218540 73.000000
22591.218540 77.000000
22597.218510 77.000000
22603.218540 76.000000
22607.218540 72.000000
22612.218540 76.000000
22617.218510 76.000000
22622.218510 76.000000
22627.218540 73.000000
22632.218540 73.000000
22638.218510 73.000000
22643.218510 72.000000
22648.218540 72.000000
22653.218540 72.000000
22659.218540 71.000000
22664.218540 68.000000
22669.218510 68.000000
22674.218510 70.000000
22679.218510 68.000000
22684.218510 69.000000
22689.218540 71.000000
22694.218510 72.000000
22699.218510 74.000000
22704.218510 74.000000
22713.218540 77.000000
22714.218540 76.000000
22722.218540 68.000000
22725.218540 68.000000
22730.218540 68.000000
22736.218510 70.000000
