0.015622,0.000000
15.030917,18.420000
30.046211,0.000000
45.061505,98.240000
60.076800,313.140000
75.092094,138.150000
90.107389,95.170000
105.122683,42.980000
120.137978,36.840000
135.153272,0.000000
150.168567,64.470000
165.183861,39.910000
180.199156,3.070000
195.214450,27.630000
210.229744,0.000000
225.245039,0.000000
240.260333,0.000000
255.275628,0.000000
270.290922,0.000000
285.306217,0.000000
300.321511,0.000000
315.336806,0.000000
330.352100,15.350000
345.367395,27.630000
360.382689,0.000000
375.397983,61.400000
390.413278,128.940000
405.428572,104.380000
420.443867,21.490000
435.459161,9.210000
450.474456,0.000000
465.489750,73.680000
480.505045,9.210000
495.520339,0.000000
510.535634,0.000000
525.550928,70.610000
540.566222,12.280000
555.581517,0.000000
570.596811,0.000000
585.612106,0.000000
600.627400,0.000000
615.642695,0.000000
630.657989,24.560000
645.673284,33.770000
660.688578,64.470000
675.703872,92.100000
690.719167,6.140000
705.734461,24.560000
720.749756,0.000000
735.765050,0.000000
750.780345,30.700000
765.795639,73.680000
780.810934,49.120000
795.826228,92.100000
810.841523,36.840000
825.856817,15.350000
840.872111,21.490000
855.887406,0.000000
870.902700,0.000000
885.917995,0.000000
900.933289,0.000000
915.948584,0.000000
930.963878,0.000000
945.979173,101.310000
960.994467,55.260000
976.009762,0.000000
991.025056,0.000000
1006.040350,0.000000
1021.055645,0.000000
1036.070939,0.000000
1051.086234,0.000000
1066.101528,0.000000
1081.116823,0.000000
1096.132117,0.000000
1111.147412,0.000000
1126.162706,0.000000
1141.178000,0.000000
1156.193295,0.000000
1171.208589,0.000000
1186.223884,0.000000
1201.239178,0.000000
1216.254473,0.000000
1231.269767,0.000000
1246.285062,0.000000
1261.300356,0.000000
1276.315651,0.000000
1291.330945,0.000000
1306.346239,0.000000
1321.361534,0.000000
1336.376828,0.000000
1351.392123,0.000000
1366.407417,0.000000
1381.422712,0.000000
1396.438006,0.000000
1411.453301,0.000000
1426.468595,0.000000
1441.483890,0.000000
1456.499184,0.000000
1471.514478,0.000000
1486.529773,0.000000
1501.545067,42.980000
1516.560362,73.680000
1531.575656,0.000000
1546.590951,0.000000
1561.606245,0.000000
1576.621540,0.000000
1591.636834,0.000000
1606.652128,0.000000
1621.667423,0.000000
1636.682717,0.000000
1651.698012,0.000000
1666.713306,0.000000
1681.728601,9.210000
1696.743895,46.050000
1711.759190,0.000000
1726.774484,0.000000
1741.789779,0.000000
1756.805073,0.000000
1771.820367,0.000000
1786.835662,0.000000
1801.850956,0.000000
1816.866251,0.000000
1831.881545,0.000000
1846.896840,0.000000
1861.912134,0.000000
1876.927429,0.000000
1891.942723,0.000000
1906.958018,0.000000
1921.973312,0.000000
1936.988606,0.000000
1952.003901,0.000000
1967.019195,0.000000
1982.034490,0.000000
1997.049784,0.000000
2012.065079,0.000000
2027.080373,0.000000
2042.095668,0.000000
2057.110962,0.000000
2072.126257,0.000000
2087.141551,0.000000
2102.156845,39.910000
2117.172140,0.000000
2132.187434,0.000000
2147.202729,0.000000
2162.218023,0.000000
2177.233318,0.000000
2192.248612,0.000000
2207.263907,0.000000
2222.279201,0.000000
2237.294495,0.000000
2252.309790,0.000000
2267.325084,0.000000
2282.340379,0.000000
2297.355673,0.000000
2312.370968,0.000000
2327.386262,0.000000
2342.401557,0.000000
2357.416851,0.000000
2372.432146,0.000000
2387.447440,0.000000
2402.462734,0.000000
2417.478029,0.000000
2432.493323,0.000000
2447.508618,0.000000
2462.523912,0.000000
2477.539207,0.000000
2492.554501,0.000000
2507.569796,0.000000
2522.585090,0.000000
2537.600385,0.000000
2552.615679,0.000000
2567.630973,0.000000
2582.646268,0.000000
2597.661562,0.000000
2612.676857,0.000000
2627.692151,0.000000
2642.707446,0.000000
2657.722740,0.000000
2672.738035,0.000000
2687.753329,0.000000
2702.768623,0.000000
2717.783918,0.000000
2732.799212,73.680000
2747.814507,0.000000
2762.829801,0.000000
2777.845096,0.000000
2792.860390,0.000000
2807.875685,0.000000
2822.890979,0.000000
2837.906274,0.000000
2852.921568,0.000000
2867.936862,0.000000
2882.952157,0.000000
2897.967451,0.000000
2912.982746,0.000000
2927.998040,18.420000
2943.013335,6.140000
2958.028629,15.350000
2973.043924,0.000000
2988.059218,0.000000
3003.074513,0.000000
3018.089807,0.000000
3033.105101,0.000000
3048.120396,0.000000
3063.135690,0.000000
3078.150985,0.000000
3093.166279,0.000000
3108.181574,0.000000
3123.196868,0.000000
3138.212163,33.770000
3153.227457,0.000000
3168.242752,0.000000
3183.258046,0.000000
3198.273340,0.000000
3213.288635,0.000000
3228.303929,0.000000
3243.319224,0.000000
3258.334518,0.000000
3273.349813,0.000000
3288.365107,0.000000
3303.380402,0.000000
3318.395696,0.000000
3333.410990,0.000000
3348.426285,0.000000
3363.441579,0.000000
3378.456874,0.000000
3393.472168,0.000000
3408.487463,0.000000
3423.502757,0.000000
3438.518052,0.000000
3453.533346,0.000000
3468.548641,0.000000
3483.563935,0.000000
3498.579229,0.000000
3513.594524,0.000000
3528.609818,0.000000
3543.625113,0.000000
3558.640407,0.000000
3573.655702,0.000000
3588.670996,0.000000
3603.686291,0.000000
3618.701585,0.000000
3633.716880,0.000000
3648.732174,0.000000
3663.747468,0.000000
3678.762763,0.000000
3693.778057,0.000000
3708.793352,0.000000
3723.808646,0.000000
3738.823941,0.000000
3753.839235,0.000000
3768.854530,0.000000
3783.869824,0.000000
3798.885118,0.000000
3813.900413,0.000000
3828.915707,0.000000
3843.931002,0.000000
3858.946296,0.000000
3873.961591,0.000000
3888.976885,0.000000
3903.992180,42.980000
3919.007474,15.350000
3934.022769,0.000000
3949.038063,0.000000
3964.053357,0.000000
3979.068652,0.000000
3994.083946,0.000000
4009.099241,0.000000
4024.114535,0.000000
4039.129830,0.000000
4054.145124,0.000000
4069.160419,0.000000
4084.175713,0.000000
4099.191008,0.000000
4114.206302,0.000000
4129.221596,0.000000
4144.236891,0.000000
4159.252185,0.000000
4174.267480,0.000000
4189.282774,0.000000
4204.298069,0.000000
4219.313363,0.000000
4234.328658,0.000000
4249.343952,0.000000
4264.359246,0.000000
4279.374541,0.000000
4294.389835,0.000000
4309.405130,0.000000
4324.420424,0.000000
4339.435719,0.000000
4354.451013,0.000000
4369.466308,0.000000
4384.481602,0.000000
4399.496897,0.000000
4414.512191,0.000000
4429.527485,0.000000
4444.542780,0.000000
4459.558074,0.000000
4474.573369,0.000000
4489.588663,0.000000
4504.603958,0.000000
4519.619252,0.000000
4534.634547,0.000000
4549.649841,0.000000
4564.665136,0.000000
4579.680430,0.000000
4594.695724,0.000000
4609.711019,0.000000
4624.726313,0.000000
4639.741608,0.000000
4654.756902,0.000000
4669.772197,0.000000
4684.787491,0.000000
4699.802786,0.000000
4714.818080,0.000000
4729.833375,0.000000
4744.848669,0.000000
4759.863963,0.000000
4774.879258,0.000000
4789.894552,0.000000
4804.909847,0.000000
4819.925141,0.000000
4834.940436,0.000000
4849.955730,0.000000
4864.971025,0.000000
4879.986319,0.000000
4895.001613,0.000000
4910.016908,0.000000
4925.032202,0.000000
4940.047497,0.000000
4955.062791,0.000000
4970.078086,0.000000
4985.093380,0.000000
5000.108675,0.000000
5015.123969,0.000000
5030.139264,0.000000
5045.154558,0.000000
5060.169852,0.000000
5075.185147,0.000000
5090.200441,0.000000
5105.215736,0.000000
5120.231030,0.000000
5135.246325,0.000000
5150.261619,0.000000
5165.276914,0.000000
5180.292208,168.850000
5195.307503,0.000000
5210.322797,0.000000
5225.338091,0.000000
5240.353386,0.000000
5255.368680,0.000000
5270.383975,0.000000
5285.399269,0.000000
5300.414564,0.000000
5315.429858,0.000000
5330.445153,0.000000
5345.460447,0.000000
5360.475741,0.000000
5375.491036,0.000000
5390.506330,0.000000
5405.521625,0.000000
5420.536919,0.000000
5435.552214,0.000000
5450.567508,0.000000
5465.582803,0.000000
5480.598097,0.000000
5495.613392,0.000000
5510.628686,0.000000
5525.643980,0.000000
5540.659275,0.000000
5555.674569,0.000000
5570.689864,0.000000
5585.705158,0.000000
5600.720453,0.000000
5615.735747,0.000000
5630.751042,0.000000
5645.766336,0.000000
5660.781631,0.000000
5675.796925,0.000000
5690.812219,0.000000
5705.827514,0.000000
5720.842808,0.000000
5735.858103,0.000000
5750.873397,0.000000
5765.888692,0.000000
5780.903986,0.000000
5795.919281,0.000000
5810.934575,0.000000
5825.949870,0.000000
5840.965164,0.000000
5855.980458,0.000000
5870.995753,0.000000
5886.011047,0.000000
5901.026342,0.000000
5916.041636,0.000000
5931.056931,0.000000
5946.072225,0.000000
5961.087520,0.000000
5976.102814,49.120000
5991.118108,0.000000
6006.133403,0.000000
6021.148697,0.000000
6036.163992,0.000000
6051.179286,0.000000
6066.194581,0.000000
6081.209875,0.000000
6096.225170,0.000000
6111.240464,0.000000
6126.255759,0.000000
6141.271053,42.980000
6156.286347,0.000000
6171.301642,0.000000
6186.316936,0.000000
6201.332231,0.000000
6216.347525,0.000000
6231.362820,0.000000
6246.378114,0.000000
6261.393409,64.470000
6276.408703,0.000000
6291.423998,0.000000
6306.439292,0.000000
6321.454586,0.000000
6336.469881,0.000000
6351.485175,0.000000
6366.500470,0.000000
6381.515764,0.000000
6396.531059,0.000000
6411.546353,0.000000
6426.561648,0.000000
6441.576942,0.000000
6456.592236,0.000000
6471.607531,0.000000
6486.622825,0.000000
6501.638120,0.000000
6516.653414,0.000000
6531.668709,0.000000
6546.684003,0.000000
6561.699298,36.840000
6576.714592,0.000000
6591.729887,0.000000
6606.745181,0.000000
6621.760475,0.000000
6636.775770,0.000000
6651.791064,0.000000
6666.806359,0.000000
6681.821653,0.000000
6696.836948,0.000000
6711.852242,0.000000
6726.867537,0.000000
6741.882831,0.000000
6756.898126,0.000000
6771.913420,0.000000
6786.928714,18.420000
6801.944009,15.350000
6816.959303,0.000000
6831.974598,0.000000
6846.989892,0.000000
6862.005187,0.000000
6877.020481,0.000000
6892.035776,0.000000
6907.051070,0.000000
6922.066364,46.050000
6937.081659,0.000000
6952.096953,0.000000
6967.112248,0.000000
6982.127542,0.000000
6997.142837,0.000000
7012.158131,0.000000
7027.173426,0.000000
7042.188720,0.000000
7057.204015,0.000000
7072.219309,24.560000
7087.234603,79.820000
7102.249898,0.000000
7117.265192,0.000000
7132.280487,0.000000
7147.295781,3.070000
7162.311076,0.000000
7177.326370,0.000000
7192.341665,0.000000
7207.356959,0.000000
7222.372254,0.000000
7237.387548,0.000000
7252.402842,0.000000
7267.418137,0.000000
7282.433431,0.000000
7297.448726,0.000000
7312.464020,0.000000
7327.479315,0.000000
7342.494609,0.000000
7357.509904,0.000000
7372.525198,0.000000
7387.540493,0.000000
7402.555787,0.000000
7417.571081,0.000000
7432.586376,0.000000
7447.601670,3.070000
7462.616965,42.980000
7477.632259,0.000000
7492.647554,0.000000
7507.662848,0.000000
7522.678143,0.000000
7537.693437,0.000000
7552.708731,0.000000
7567.724026,0.000000
7582.739320,0.000000
7597.754615,0.000000
7612.769909,0.000000
7627.785204,0.000000
7642.800498,0.000000
7657.815793,0.000000
7672.831087,0.000000
7687.846382,0.000000
7702.861676,0.000000
7717.876970,0.000000
7732.892265,0.000000
7747.907559,0.000000
7762.922854,0.000000
7777.938148,0.000000
7792.953443,0.000000
7807.968737,0.000000
7822.984032,0.000000
7837.999326,0.000000
7853.014621,0.000000
7868.029915,0.000000
7883.045209,0.000000
7898.060504,0.000000
7913.075798,0.000000
7928.091093,0.000000
7943.106387,0.000000
7958.121682,0.000000
7973.136976,0.000000
7988.152271,0.000000
8003.167565,0.000000
8018.182859,0.000000
8033.198154,0.000000
8048.213448,0.000000
8063.228743,0.000000
8078.244037,0.000000
8093.259332,0.000000
8108.274626,0.000000
8123.289921,0.000000
8138.305215,0.000000
8153.320510,0.000000
8168.335804,0.000000
8183.351098,0.000000
8198.366393,0.000000
8213.381687,0.000000
8228.396982,0.000000
8243.412276,0.000000
8258.427571,0.000000
8273.442865,0.000000
8288.458160,0.000000
8303.473454,0.000000
8318.488749,0.000000
8333.504043,0.000000
8348.519337,0.000000
8363.534632,0.000000
8378.549926,0.000000
8393.565221,0.000000
8408.580515,0.000000
8423.595810,0.000000
8438.611104,0.000000
8453.626399,0.000000
8468.641693,0.000000
8483.656988,0.000000
8498.672282,0.000000
8513.687576,0.000000
8528.702871,0.000000
8543.718165,0.000000
8558.733460,0.000000
8573.748754,0.000000
8588.764049,0.000000
8603.779343,0.000000
8618.794638,0.000000
8633.809932,0.000000
8648.825226,0.000000
8663.840521,0.000000
8678.855815,0.000000
8693.871110,0.000000
8708.886404,0.000000
8723.901699,0.000000
8738.916993,0.000000
8753.932288,0.000000
8768.947582,0.000000
8783.962877,0.000000
8798.978171,0.000000
8813.993465,0.000000
8829.008760,0.000000
8844.024054,0.000000
8859.039349,101.310000
8874.054643,0.000000
8889.069938,0.000000
8904.085232,0.000000
8919.100527,0.000000
8934.115821,0.000000
8949.131116,0.000000
8964.146410,0.000000
8979.161704,0.000000
8994.176999,0.000000
9009.192293,0.000000
9024.207588,0.000000
9039.222882,0.000000
9054.238177,0.000000
9069.253471,0.000000
9084.268766,0.000000
9099.284060,0.000000
9114.299354,0.000000
9129.314649,0.000000
9144.329943,0.000000
9159.345238,0.000000
9174.360532,0.000000
9189.375827,0.000000
9204.391121,0.000000
9219.406416,0.000000
9234.421710,0.000000
9249.437005,0.000000
9264.452299,0.000000
9279.467593,0.000000
9294.482888,0.000000
9309.498182,0.000000
9324.513477,0.000000
9339.528771,0.000000
9354.544066,0.000000
9369.559360,0.000000
9384.574655,0.000000
9399.589949,0.000000
9414.605244,0.000000
9429.620538,0.000000
9444.635832,0.000000
9459.651127,0.000000
9474.666421,0.000000
9489.681716,0.000000
9504.697010,0.000000
9519.712305,0.000000
9534.727599,0.000000
9549.742894,0.000000
9564.758188,0.000000
9579.773482,0.000000
9594.788777,0.000000
9609.804071,0.000000
9624.819366,0.000000
9639.834660,0.000000
9654.849955,0.000000
9669.865249,0.000000
9684.880544,0.000000
9699.895838,0.000000
9714.911133,0.000000
9729.926427,0.000000
9744.941721,0.000000
9759.957016,0.000000
9774.972310,0.000000
9789.987605,0.000000
9805.002899,0.000000
9820.018194,0.000000
9835.033488,0.000000
9850.048783,0.000000
9865.064077,0.000000
9880.079372,0.000000
9895.094666,0.000000
9910.109960,0.000000
9925.125255,0.000000
9940.140549,0.000000
9955.155844,0.000000
9970.171138,0.000000
9985.186433,0.000000
10000.201727,0.000000
10015.217022,0.000000
10030.232316,0.000000
10045.247611,0.000000
10060.262905,0.000000
10075.278199,0.000000
10090.293494,0.000000
10105.308788,0.000000
10120.324083,0.000000
10135.339377,0.000000
10150.354672,0.000000
10165.369966,0.000000
10180.385261,0.000000
10195.400555,0.000000
10210.415849,0.000000
10225.431144,0.000000
10240.446438,0.000000
10255.461733,0.000000
10270.477027,0.000000
10285.492322,0.000000
10300.507616,0.000000
10315.522911,0.000000
10330.538205,0.000000
10345.553500,0.000000
10360.568794,0.000000
10375.584088,0.000000
10390.599383,0.000000
10405.614677,0.000000
10420.629972,0.000000
10435.645266,0.000000
10450.660561,0.000000
10465.675855,0.000000
10480.691150,0.000000
10495.706444,0.000000
10510.721739,0.000000
10525.737033,0.000000
10540.752327,0.000000
10555.767622,0.000000
10570.782916,0.000000
10585.798211,0.000000
10600.813505,0.000000
10615.828800,0.000000
10630.844094,42.980000
10645.859389,0.000000
10660.874683,0.000000
10675.889977,0.000000
10690.905272,0.000000
10705.920566,0.000000
10720.935861,0.000000
10735.951155,0.000000
10750.966450,0.000000
10765.981744,0.000000
10780.997039,0.000000
10796.012333,0.000000
10811.027628,0.000000
10826.042922,0.000000
10841.058216,0.000000
10856.073511,0.000000
10871.088805,0.000000
10886.104100,0.000000
10901.119394,0.000000
10916.134689,0.000000
10931.149983,0.000000
10946.165278,0.000000
10961.180572,0.000000
10976.195867,0.000000
10991.211161,0.000000
11006.226455,0.000000
11021.241750,0.000000
11036.257044,0.000000
11051.272339,0.000000
11066.287633,9.210000
11081.302928,0.000000
11096.318222,0.000000
11111.333517,0.000000
11126.348811,0.000000
11141.364106,0.000000
11156.379400,0.000000
11171.394694,0.000000
11186.409989,0.000000
11201.425283,0.000000
11216.440578,0.000000
11231.455872,0.000000
11246.471167,0.000000
11261.486461,0.000000
11276.501756,0.000000
11291.517050,0.000000
11306.532344,0.000000
11321.547639,0.000000
11336.562933,0.000000
11351.578228,0.000000
11366.593522,0.000000
11381.608817,0.000000
11396.624111,0.000000
11411.639406,0.000000
11426.654700,0.000000
11441.669995,0.000000
11456.685289,0.000000
11471.700583,0.000000
11486.715878,0.000000
11501.731172,0.000000
11516.746467,0.000000
11531.761761,0.000000
11546.777056,0.000000
11561.792350,0.000000
11576.807645,0.000000
11591.822939,0.000000
11606.838234,0.000000
11621.853528,0.000000
11636.868822,0.000000
11651.884117,0.000000
11666.899411,0.000000
11681.914706,0.000000
11696.930000,0.000000
11711.945295,0.000000
11726.960589,0.000000
11741.975884,0.000000
11756.991178,36.840000
11772.006472,0.000000
11787.021767,0.000000
11802.037061,0.000000
11817.052356,0.000000
11832.067650,0.000000
11847.082945,0.000000
11862.098239,0.000000
11877.113534,0.000000
11892.128828,0.000000
11907.144123,0.000000
11922.159417,0.000000
11937.174711,0.000000
11952.190006,0.000000
11967.205300,0.000000
11982.220595,0.000000
11997.235889,0.000000
12012.251184,0.000000
12027.266478,0.000000
12042.281773,0.000000
12057.297067,0.000000
12072.312362,0.000000
12087.327656,0.000000
12102.342950,0.000000
12117.358245,52.190000
12132.373539,181.130000
12147.388834,0.000000
12162.404128,0.000000
12177.419423,0.000000
12192.434717,0.000000
12207.450012,0.000000
12222.465306,0.000000
12237.480600,0.000000
12252.495895,0.000000
12267.511189,0.000000
12282.526484,0.000000
12297.541778,0.000000
12312.557073,0.000000
12327.572367,0.000000
12342.587662,82.890000
12357.602956,0.000000
12372.618251,0.000000
12387.633545,0.000000
12402.648839,0.000000
12417.664134,0.000000
12432.679428,0.000000
12447.694723,0.000000
12462.710017,0.000000
12477.725312,0.000000
12492.740606,0.000000
12507.755901,0.000000
12522.771195,0.000000
12537.786490,0.000000
12552.801784,0.000000
12567.817078,0.000000
12582.832373,0.000000
12597.847667,0.000000
12612.862962,0.000000
12627.878256,0.000000
12642.893551,0.000000
12657.908845,0.000000
12672.924140,0.000000
12687.939434,0.000000
12702.954729,0.000000
12717.970023,0.000000
12732.985317,0.000000
12748.000612,0.000000
12763.015906,0.000000
12778.031201,0.000000
12793.046495,0.000000
12808.061790,0.000000
12823.077084,0.000000
12838.092379,0.000000
12853.107673,0.000000
12868.122967,0.000000
12883.138262,0.000000
12898.153556,0.000000
12913.168851,0.000000
12928.184145,0.000000
12943.199440,0.000000
12958.214734,0.000000
12973.230029,0.000000
12988.245323,0.000000
13003.260618,0.000000
13018.275912,12.280000
13033.291206,6.140000
13048.306501,0.000000
13063.321795,0.000000
13078.337090,0.000000
13093.352384,30.700000
13108.367679,0.000000
13123.382973,0.000000
13138.398268,0.000000
13153.413562,0.000000
13168.428857,0.000000
13183.444151,0.000000
13198.459445,0.000000
13213.474740,0.000000
13228.490034,0.000000
13243.505329,0.000000
13258.520623,0.000000
13273.535918,27.630000
13288.551212,0.000000
13303.566507,27.630000
13318.581801,0.000000
13333.597095,0.000000
13348.612390,0.000000
13363.627684,0.000000
13378.642979,12.280000
13393.658273,33.770000
13408.673568,0.000000
13423.688862,0.000000
13438.704157,0.000000
13453.719451,0.000000
13468.734746,0.000000
13483.750040,0.000000
13498.765334,0.000000
13513.780629,0.000000
13528.795923,0.000000
13543.811218,0.000000
13558.826512,0.000000
13573.841807,0.000000
13588.857101,0.000000
13603.872396,0.000000
13618.887690,0.000000
13633.902985,0.000000
13648.918279,0.000000
13663.933573,0.000000
13678.948868,0.000000
13693.964162,0.000000
13708.979457,0.000000
13723.994751,0.000000
13739.010046,0.000000
13754.025340,0.000000
13769.040635,0.000000
13784.055929,0.000000
13799.071223,0.000000
13814.086518,0.000000
13829.101812,0.000000
13844.117107,0.000000
13859.132401,0.000000
13874.147696,0.000000
13889.162990,0.000000
13904.178285,0.000000
13919.193579,0.000000
13934.208874,0.000000
13949.224168,0.000000
13964.239462,0.000000
13979.254757,0.000000
13994.270051,0.000000
14009.285346,0.000000
14024.300640,0.000000
14039.315935,0.000000
14054.331229,0.000000
14069.346524,0.000000
14084.361818,0.000000
14099.377113,0.000000
14114.392407,0.000000
14129.407701,0.000000
14144.422996,0.000000
14159.438290,0.000000
14174.453585,0.000000
14189.468879,0.000000
14204.484174,0.000000
14219.499468,0.000000
14234.514763,0.000000
14249.530057,0.000000
14264.545352,0.000000
14279.560646,0.000000
14294.575940,0.000000
14309.591235,0.000000
14324.606529,0.000000
14339.621824,0.000000
14354.637118,0.000000
14369.652413,0.000000
14384.667707,0.000000
14399.683002,0.000000
14414.698296,0.000000
14429.713590,0.000000
14444.728885,0.000000
14459.744179,0.000000
14474.759474,0.000000
14489.774768,0.000000
14504.790063,0.000000
14519.805357,0.000000
14534.820652,0.000000
14549.835946,0.000000
14564.851241,0.000000
14579.866535,0.000000
14594.881829,0.000000
14609.897124,0.000000
14624.912418,0.000000
14639.927713,0.000000
14654.943007,0.000000
14669.958302,0.000000
14684.973596,0.000000
14699.988891,0.000000
14715.004185,0.000000
14730.019480,0.000000
14745.034774,0.000000
14760.050068,0.000000
14775.065363,0.000000
14790.080657,0.000000
14805.095952,0.000000
14820.111246,0.000000
14835.126541,0.000000
14850.141835,0.000000
14865.157130,0.000000
14880.172424,0.000000
14895.187718,61.400000
14910.203013,0.000000
14925.218307,0.000000
14940.233602,0.000000
14955.248896,0.000000
14970.264191,0.000000
14985.279485,0.000000
15000.294780,0.000000
15015.310074,0.000000
15030.325369,0.000000
15045.340663,95.170000
15060.355957,0.000000
15075.371252,0.000000
15090.386546,0.000000
15105.401841,0.000000
15120.417135,0.000000
15135.432430,0.000000
15150.447724,0.000000
15165.463019,0.000000
15180.478313,0.000000
15195.493608,0.000000
15210.508902,0.000000
15225.524196,18.420000
15240.539491,0.000000
15255.554785,0.000000
15270.570080,0.000000
15285.585374,0.000000
15300.600669,0.000000
15315.615963,0.000000
15330.631258,0.000000
15345.646552,0.000000
15360.661847,0.000000
15375.677141,0.000000
15390.692435,0.000000
15405.707730,0.000000
15420.723024,0.000000
15435.738319,0.000000
15450.753613,0.000000
15465.768908,0.000000
15480.784202,0.000000
15495.799497,0.000000
15510.814791,0.000000
15525.830085,0.000000
15540.845380,0.000000
15555.860674,36.840000
15570.875969,0.000000
15585.891263,0.000000
15600.906558,0.000000
15615.921852,0.000000
15630.937147,0.000000
15645.952441,0.000000
15660.967736,0.000000
15675.983030,0.000000
15690.998324,0.000000
15706.013619,0.000000
15721.028913,0.000000
15736.044208,0.000000
15751.059502,0.000000
15766.074797,0.000000
15781.090091,0.000000
15796.105386,0.000000
15811.120680,0.000000
15826.135975,0.000000
15841.151269,0.000000
15856.166563,0.000000
15871.181858,0.000000
15886.197152,0.000000
15901.212447,0.000000
15916.227741,0.000000
15931.243036,0.000000
15946.258330,0.000000
15961.273625,0.000000
15976.288919,0.000000
15991.304213,0.000000
16006.319508,0.000000
16021.334802,0.000000
16036.350097,0.000000
16051.365391,0.000000
16066.380686,0.000000
16081.395980,0.000000
16096.411275,0.000000
16111.426569,0.000000
16126.441864,0.000000
16141.457158,0.000000
16156.472452,0.000000
16171.487747,0.000000
16186.503041,0.000000
16201.518336,0.000000
16216.533630,0.000000
16231.548925,0.000000
16246.564219,0.000000
16261.579514,0.000000
16276.594808,0.000000
16291.610103,0.000000
16306.625397,0.000000
16321.640691,0.000000
16336.655986,0.000000
16351.671280,0.000000
16366.686575,0.000000
16381.701869,0.000000
16396.717164,0.000000
16411.732458,0.000000
16426.747753,0.000000
16441.763047,0.000000
16456.778341,0.000000
16471.793636,0.000000
16486.808930,0.000000
16501.824225,0.000000
16516.839519,0.000000
16531.854814,0.000000
16546.870108,0.000000
16561.885403,0.000000
16576.900697,0.000000
16591.915992,0.000000
16606.931286,0.000000
16621.946580,0.000000
16636.961875,0.000000
16651.977169,0.000000
16666.992464,0.000000
16682.007758,0.000000
16697.023053,0.000000
16712.038347,0.000000
16727.053642,0.000000
16742.068936,0.000000
16757.084231,0.000000
16772.099525,0.000000
16787.114819,0.000000
16802.130114,0.000000
16817.145408,0.000000
16832.160703,0.000000
16847.175997,0.000000
16862.191292,0.000000
16877.206586,0.000000
16892.221881,0.000000
16907.237175,0.000000
16922.252470,0.000000
16937.267764,0.000000
16952.283058,0.000000
16967.298353,0.000000
16982.313647,0.000000
16997.328942,0.000000
17012.344236,0.000000
17027.359531,0.000000
17042.374825,0.000000
17057.390120,0.000000
17072.405414,0.000000
17087.420708,0.000000
17102.436003,0.000000
17117.451297,0.000000
17132.466592,0.000000
17147.481886,0.000000
17162.497181,0.000000
17177.512475,0.000000
17192.527770,0.000000
17207.543064,0.000000
17222.558359,0.000000
17237.573653,0.000000
17252.588947,0.000000
17267.604242,0.000000
17282.619536,0.000000
17297.634831,0.000000
17312.650125,0.000000
17327.665420,0.000000
17342.680714,0.000000
17357.696009,0.000000
17372.711303,0.000000
17387.726598,0.000000
17402.741892,0.000000
17417.757186,0.000000
17432.772481,0.000000
17447.787775,0.000000
17462.803070,0.000000
17477.818364,0.000000
17492.833659,0.000000
17507.848953,0.000000
17522.864248,0.000000
17537.879542,0.000000
17552.894836,0.000000
17567.910131,70.610000
17582.925425,0.000000
17597.940720,0.000000
17612.956014,0.000000
17627.971309,0.000000
17642.986603,0.000000
17658.001898,0.000000
17673.017192,0.000000
17688.032487,0.000000
17703.047781,0.000000
17718.063075,0.000000
17733.078370,0.000000
17748.093664,0.000000
17763.108959,0.000000
17778.124253,0.000000
17793.139548,0.000000
17808.154842,0.000000
17823.170137,0.000000
17838.185431,0.000000
17853.200726,0.000000
17868.216020,0.000000
17883.231314,46.050000
17898.246609,0.000000
17913.261903,0.000000
17928.277198,0.000000
17943.292492,0.000000
17958.307787,0.000000
17973.323081,0.000000
17988.338376,0.000000
18003.353670,0.000000
18018.368965,0.000000
18033.384259,0.000000
18048.399553,0.000000
18063.414848,0.000000
18078.430142,0.000000
18093.445437,0.000000
18108.460731,0.000000
18123.476026,0.000000
18138.491320,0.000000
18153.506615,0.000000
18168.521909,0.000000
18183.537203,0.000000
18198.552498,0.000000
18213.567792,46.050000
18228.583087,64.470000
18243.598381,0.000000
18258.613676,0.000000
18273.628970,0.000000
18288.644265,0.000000
18303.659559,0.000000
18318.674854,0.000000
18333.690148,0.000000
18348.705442,0.000000
18363.720737,0.000000
18378.736031,0.000000
18393.751326,0.000000
18408.766620,0.000000
18423.781915,0.000000
18438.797209,0.000000
18453.812504,0.000000
18468.827798,0.000000
18483.843093,0.000000
18498.858387,0.000000
18513.873681,0.000000
18528.888976,0.000000
18543.904270,0.000000
18558.919565,0.000000
18573.934859,0.000000
18588.950154,0.000000
18603.965448,0.000000
18618.980743,0.000000
18633.996037,0.000000
18649.011331,0.000000
18664.026626,0.000000
18679.041920,0.000000
18694.057215,0.000000
18709.072509,27.630000
18724.087804,3.070000
18739.103098,0.000000
18754.118393,0.000000
18769.133687,42.980000
18784.148982,0.000000
18799.164276,0.000000
18814.179570,0.000000
18829.194865,0.000000
18844.210159,0.000000
18859.225454,0.000000
18874.240748,0.000000
18889.256043,0.000000
18904.271337,0.000000
18919.286632,0.000000
18934.301926,0.000000
18949.317221,0.000000
18964.332515,0.000000
18979.347809,0.000000
18994.363104,0.000000
19009.378398,0.000000
19024.393693,0.000000
19039.408987,0.000000
19054.424282,0.000000
19069.439576,0.000000
19084.454871,0.000000
19099.470165,0.000000
19114.485459,0.000000
19129.500754,0.000000
19144.516048,0.000000
19159.531343,0.000000
19174.546637,0.000000
19189.561932,0.000000
19204.577226,0.000000
19219.592521,0.000000
19234.607815,0.000000
19249.623110,0.000000
19264.638404,0.000000
19279.653698,0.000000
19294.668993,0.000000
19309.684287,0.000000
19324.699582,0.000000
19339.714876,0.000000
19354.730171,0.000000
19369.745465,0.000000
19384.760760,0.000000
19399.776054,0.000000
19414.791349,0.000000
19429.806643,0.000000
19444.821937,0.000000
19459.837232,0.000000
19474.852526,0.000000
19489.867821,0.000000
19504.883115,0.000000
19519.898410,0.000000
19534.913704,0.000000
19549.928999,0.000000
19564.944293,0.000000
19579.959588,0.000000
19594.974882,0.000000
19609.990176,0.000000
19625.005471,0.000000
19640.020765,0.000000
19655.036060,0.000000
19670.051354,0.000000
19685.066649,0.000000
19700.081943,0.000000
19715.097238,0.000000
19730.112532,0.000000
19745.127826,0.000000
19760.143121,0.000000
19775.158415,0.000000
19790.173710,0.000000
19805.189004,0.000000
19820.204299,0.000000
19835.219593,0.000000
19850.234888,0.000000
19865.250182,0.000000
19880.265477,0.000000
19895.280771,0.000000
19910.296065,0.000000
19925.311360,0.000000
19940.326654,0.000000
19955.341949,0.000000
19970.357243,0.000000
19985.372538,0.000000
20000.387832,0.000000
20015.403127,0.000000
20030.418421,0.000000
20045.433716,0.000000
20060.449010,0.000000
20075.464304,0.000000
20090.479599,0.000000
20105.494893,0.000000
20120.510188,0.000000
20135.525482,15.350000
20150.540777,116.660000
20165.556071,9.210000
20180.571366,0.000000
20195.586660,0.000000
20210.601954,0.000000
20225.617249,0.000000
20240.632543,0.000000
20255.647838,0.000000
20270.663132,0.000000
20285.678427,0.000000
20300.693721,0.000000
20315.709016,0.000000
20330.724310,0.000000
20345.739605,0.000000
20360.754899,0.000000
20375.770193,0.000000
20390.785488,0.000000
20405.800782,0.000000
20420.816077,0.000000
20435.831371,0.000000
20450.846666,0.000000
20465.861960,0.000000
20480.877255,0.000000
20495.892549,0.000000
20510.907844,0.000000
20525.923138,0.000000
20540.938432,0.000000
20555.953727,0.000000
20570.969021,0.000000
20585.984316,0.000000
20600.999610,0.000000
20616.014905,0.000000
20631.030199,0.000000
20646.045494,0.000000
20661.060788,0.000000
20676.076083,0.000000
20691.091377,0.000000
20706.106671,0.000000
20721.121966,0.000000
20736.137260,0.000000
20751.152555,0.000000
20766.167849,0.000000
20781.183144,0.000000
20796.198438,0.000000
20811.213733,0.000000
20826.229027,0.000000
20841.244321,0.000000
20856.259616,0.000000
20871.274910,0.000000
20886.290205,0.000000
20901.305499,0.000000
20916.320794,0.000000
20931.336088,0.000000
20946.351383,0.000000
20961.366677,0.000000
20976.381972,0.000000
20991.397266,0.000000
21006.412560,0.000000
21021.427855,0.000000
21036.443149,0.000000
21051.458444,0.000000
21066.473738,0.000000
21081.489033,0.000000
21096.504327,0.000000
21111.519622,0.000000
21126.534916,0.000000
21141.550211,0.000000
21156.565505,0.000000
21171.580799,0.000000
21186.596094,0.000000
21201.611388,0.000000
21216.626683,0.000000
21231.641977,0.000000
21246.657272,0.000000
21261.672566,0.000000
21276.687861,0.000000
21291.703155,0.000000
21306.718449,0.000000
21321.733744,0.000000
21336.749038,0.000000
21351.764333,0.000000
21366.779627,0.000000
21381.794922,0.000000
21396.810216,0.000000
21411.825511,0.000000
21426.840805,0.000000
21441.856100,0.000000
21456.871394,0.000000
21471.886688,0.000000
21486.901983,0.000000
21501.917277,0.000000
21516.932572,0.000000
21531.947866,0.000000
21546.963161,0.000000
21561.978455,0.000000
21576.993750,0.000000
21592.009044,0.000000
21607.024339,0.000000
21622.039633,0.000000
21637.054927,0.000000
21652.070222,0.000000
21667.085516,0.000000
21682.100811,0.000000
21697.116105,0.000000
21712.131400,0.000000
21727.146694,0.000000
21742.161989,0.000000
21757.177283,0.000000
21772.192577,0.000000
21787.207872,0.000000
21802.223166,0.000000
21817.238461,0.000000
21832.253755,0.000000
21847.269050,0.000000
21862.284344,0.000000
21877.299639,0.000000
21892.314933,0.000000
21907.330228,0.000000
21922.345522,0.000000
21937.360816,0.000000
21952.376111,0.000000
21967.391405,0.000000
21982.406700,0.000000
21997.421994,0.000000
22012.437289,0.000000
22027.452583,0.000000
22042.467878,0.000000
22057.483172,0.000000
22072.498467,0.000000
22087.513761,0.000000
22102.529055,0.000000
22117.544350,0.000000
22132.559644,0.000000
22147.574939,0.000000
22162.590233,0.000000
22177.605528,0.000000
22192.620822,0.000000
22207.636117,0.000000
22222.651411,0.000000
22237.666706,0.000000
22252.682000,3.070000
22267.697294,89.030000
22282.712589,0.000000
22297.727883,0.000000
22312.743178,0.000000
22327.758472,0.000000
22342.773767,0.000000
22357.789061,0.000000
22372.804356,0.000000
22387.819650,0.000000
22402.834944,21.490000
22417.850239,67.540000
22432.865533,0.000000
22447.880828,0.000000
22462.896122,0.000000
22477.911417,0.000000
22492.926711,0.000000
22507.942006,0.000000
22522.957300,0.000000
22537.972595,0.000000
22552.987889,0.000000
22568.003183,0.000000
22583.018478,0.000000
22598.033772,0.000000
22613.049067,0.000000
22628.064361,0.000000
22643.079656,0.000000
22658.094950,0.000000
22673.110245,0.000000
22688.125539,0.000000
22703.140834,0.000000
22718.156128,0.000000
22733.171422,0.000000
22748.186717,0.000000
22763.202011,0.000000
22778.217306,0.000000
22793.232600,0.000000
22808.247895,9.210000
22823.263189,0.000000
22838.278484,0.000000
22853.293778,0.000000
22868.309072,0.000000
22883.324367,0.000000
22898.339661,0.000000
22913.354956,0.000000
22928.370250,0.000000
22943.385545,0.000000
22958.400839,0.000000
22973.416134,0.000000
22988.431428,0.000000
23003.446723,0.000000
23018.462017,0.000000
23033.477311,0.000000
23048.492606,0.000000
23063.507900,0.000000
23078.523195,0.000000
23093.538489,0.000000
23108.553784,0.000000
23123.569078,0.000000
23138.584373,61.400000
23153.599667,33.770000
23168.614962,0.000000
23183.630256,0.000000
23198.645550,0.000000
23213.660845,0.000000
23228.676139,0.000000
23243.691434,0.000000
23258.706728,0.000000
23273.722023,0.000000
23288.737317,0.000000
23303.752612,0.000000
23318.767906,0.000000
23333.783201,0.000000
23348.798495,0.000000
23363.813789,0.000000
23378.829084,0.000000
23393.844378,0.000000
23408.859673,0.000000
23423.874967,0.000000
23438.890262,0.000000
23453.905556,0.000000
23468.920851,0.000000
23483.936145,0.000000
23498.951439,0.000000
23513.966734,0.000000
23528.982028,0.000000
23543.997323,0.000000
23559.012617,0.000000
23574.027912,0.000000
23589.043206,0.000000
23604.058501,0.000000
23619.073795,0.000000
23634.089090,0.000000
23649.104384,0.000000
23664.119678,0.000000
23679.134973,0.000000
23694.150267,0.000000
23709.165562,0.000000
23724.180856,0.000000
23739.196151,0.000000
23754.211445,0.000000
23769.226740,0.000000
23784.242034,0.000000
23799.257329,0.000000
23814.272623,0.000000
23829.287917,0.000000
23844.303212,0.000000
23859.318506,0.000000
23874.333801,0.000000
23889.349095,0.000000
23904.364390,0.000000
23919.379684,0.000000
23934.394979,0.000000
23949.410273,0.000000
23964.425567,0.000000
23979.440862,0.000000
23994.456156,0.000000
24009.471451,0.000000
24024.486745,0.000000
24039.502040,0.000000
24054.517334,0.000000
24069.532629,0.000000
24084.547923,0.000000
24099.563218,0.000000
24114.578512,0.000000
24129.593806,0.000000
24144.609101,0.000000
24159.624395,0.000000
24174.639690,0.000000
24189.654984,49.120000
24204.670279,0.000000
24219.685573,0.000000
24234.700868,0.000000
24249.716162,0.000000
24264.731457,0.000000
24279.746751,0.000000
24294.762045,0.000000
24309.777340,0.000000
24324.792634,0.000000
24339.807929,0.000000
24354.823223,0.000000
24369.838518,0.000000
24384.853812,0.000000
24399.869107,0.000000
24414.884401,0.000000
24429.899695,0.000000
24444.914990,0.000000
24459.930284,0.000000
24474.945579,0.000000
24489.960873,0.000000
24504.976168,0.000000
24519.991462,0.000000
24535.006757,0.000000
24550.022051,0.000000
24565.037346,0.000000
24580.052640,0.000000
24595.067934,0.000000
24610.083229,0.000000
24625.098523,0.000000
24640.113818,0.000000
24655.129112,0.000000
24670.144407,0.000000
24685.159701,0.000000
24700.174996,0.000000
24715.190290,0.000000
24730.205585,0.000000
24745.220879,0.000000
24760.236173,0.000000
24775.251468,0.000000
24790.266762,0.000000
24805.282057,0.000000
24820.297351,0.000000
24835.312646,0.000000
24850.327940,0.000000
24865.343235,61.400000
24880.358529,67.540000
24895.373824,0.000000
24910.389118,0.000000
24925.404412,0.000000
24940.419707,0.000000
24955.435001,0.000000
24970.450296,0.000000
24985.465590,0.000000
25000.480885,0.000000
25015.496179,0.000000
25030.511474,0.000000
25045.526768,0.000000
25060.542062,0.000000
25075.557357,0.000000
25090.572651,0.000000
25105.587946,0.000000
25120.603240,0.000000
25135.618535,0.000000
25150.633829,0.000000
25165.649124,0.000000
25180.664418,0.000000
25195.679713,0.000000
25210.695007,0.000000
25225.710301,0.000000
25240.725596,0.000000
25255.740890,0.000000
25270.756185,0.000000
25285.771479,0.000000
25300.786774,0.000000
25315.802068,0.000000
25330.817363,39.910000
25345.832657,0.000000
25360.847952,0.000000
25375.863246,0.000000
25390.878540,0.000000
25405.893835,0.000000
25420.909129,0.000000
25435.924424,0.000000
25450.939718,0.000000
25465.955013,0.000000
25480.970307,0.000000
25495.985602,0.000000
25511.000896,0.000000
25526.016190,9.210000
25541.031485,0.000000
25556.046779,0.000000
25571.062074,0.000000
25586.077368,0.000000
25601.092663,0.000000
25616.107957,0.000000
25631.123252,0.000000
25646.138546,0.000000
25661.153841,0.000000
25676.169135,0.000000
25691.184429,0.000000
25706.199724,0.000000
25721.215018,0.000000
25736.230313,0.000000
25751.245607,0.000000
25766.260902,0.000000
25781.276196,46.050000
25796.291491,0.000000
25811.306785,0.000000
25826.322080,0.000000
25841.337374,0.000000
25856.352668,0.000000
25871.367963,0.000000
25886.383257,0.000000
25901.398552,0.000000
25916.413846,0.000000
25931.429141,0.000000
25946.444435,0.000000
25961.459730,0.000000
25976.475024,0.000000
25991.490318,0.000000
26006.505613,0.000000
26021.520907,0.000000
26036.536202,0.000000
26051.551496,0.000000
26066.566791,0.000000
26081.582085,0.000000
26096.597380,128.940000
26111.612674,33.770000
26126.627969,0.000000
26141.643263,0.000000
26156.658557,0.000000
26171.673852,0.000000
26186.689146,0.000000
26201.704441,0.000000
26216.719735,0.000000
26231.735030,0.000000
26246.750324,0.000000
26261.765619,0.000000
26276.780913,39.910000
26291.796208,55.260000
26306.811502,0.000000
26321.826796,0.000000
26336.842091,0.000000
26351.857385,0.000000
26366.872680,0.000000
26381.887974,0.000000
26396.903269,0.000000
26411.918563,0.000000
26426.933858,0.000000
26441.949152,0.000000
26456.964447,0.000000
26471.979741,0.000000
26486.995035,0.000000
26502.010330,0.000000
26517.025624,0.000000
26532.040919,0.000000
26547.056213,0.000000
26562.071508,0.000000
26577.086802,0.000000
26592.102097,0.000000
26607.117391,0.000000
26622.132685,0.000000
26637.147980,0.000000
26652.163274,0.000000
26667.178569,0.000000
26682.193863,0.000000
26697.209158,0.000000
26712.224452,0.000000
26727.239747,0.000000
26742.255041,0.000000
26757.270336,0.000000
26772.285630,0.000000
26787.300924,0.000000
26802.316219,0.000000
26817.331513,0.000000
26832.346808,0.000000
26847.362102,0.000000
26862.377397,0.000000
26877.392691,0.000000
26892.407986,0.000000
26907.423280,0.000000
26922.438575,0.000000
26937.453869,0.000000
26952.469163,0.000000
26967.484458,0.000000
26982.499752,0.000000
26997.515047,0.000000
27012.530341,0.000000
27027.545636,0.000000
27042.560930,0.000000
27057.576225,0.000000
27072.591519,0.000000
27087.606813,0.000000
27102.622108,0.000000
27117.637402,0.000000
27132.652697,0.000000
27147.667991,0.000000
27162.683286,0.000000
27177.698580,0.000000
27192.713875,0.000000
27207.729169,0.000000
27222.744464,0.000000
27237.759758,0.000000
27252.775052,0.000000
27267.790347,0.000000
27282.805641,0.000000
27297.820936,0.000000
27312.836230,0.000000
27327.851525,0.000000
27342.866819,0.000000
27357.882114,0.000000
27372.897408,0.000000
27387.912703,0.000000
27402.927997,0.000000
27417.943291,0.000000
27432.958586,0.000000
27447.973880,0.000000
27462.989175,0.000000
27478.004469,0.000000
27493.019764,0.000000
27508.035058,0.000000
27523.050353,0.000000
27538.065647,0.000000
27553.080942,0.000000
27568.096236,0.000000
27583.111530,0.000000
27598.126825,0.000000
27613.142119,0.000000
27628.157414,0.000000
27643.172708,0.000000
27658.188003,0.000000
27673.203297,0.000000
27688.218592,0.000000
27703.233886,0.000000
27718.249180,0.000000
27733.264475,0.000000
27748.279769,0.000000
27763.295064,0.000000
27778.310358,0.000000
27793.325653,0.000000
27808.340947,0.000000
27823.356242,0.000000
27838.371536,0.000000
27853.386831,0.000000
27868.402125,0.000000
27883.417419,0.000000
27898.432714,0.000000
27913.448008,0.000000
27928.463303,0.000000
27943.478597,0.000000
27958.493892,0.000000
27973.509186,0.000000
27988.524481,0.000000
28003.539775,0.000000
28018.555070,0.000000
28033.570364,0.000000
28048.585658,0.000000
28063.600953,0.000000
28078.616247,0.000000
28093.631542,0.000000
28108.646836,0.000000
28123.662131,0.000000
28138.677425,0.000000
28153.692720,0.000000
28168.708014,0.000000
28183.723308,0.000000
28198.738603,0.000000
28213.753897,0.000000
28228.769192,0.000000
28243.784486,0.000000
28258.799781,0.000000
28273.815075,0.000000
28288.830370,0.000000
28303.845664,0.000000
28318.860959,0.000000
28333.876253,0.000000
28348.891547,0.000000
28363.906842,0.000000
28378.922136,0.000000
28393.937431,0.000000
28408.952725,0.000000
28423.968020,0.000000
28438.983314,0.000000
28453.998609,0.000000
28469.013903,0.000000
28484.029198,0.000000
28499.044492,0.000000
28514.059786,0.000000
28529.075081,0.000000
28544.090375,0.000000
28559.105670,0.000000
28574.120964,0.000000
28589.136259,0.000000
28604.151553,0.000000
28619.166848,0.000000
28634.182142,0.000000
28649.197436,0.000000
28664.212731,0.000000
28679.228025,0.000000
28694.243320,0.000000
28709.258614,0.000000
28724.273909,0.000000
28739.289203,0.000000
28754.304498,0.000000
28769.319792,0.000000
28784.335087,0.000000
28799.350381,0.000000
28814.365675,0.000000
28829.380970,0.000000
28844.396264,0.000000
28859.411559,0.000000
28874.426853,0.000000
28889.442148,0.000000
28904.457442,0.000000
28919.472737,0.000000
28934.488031,0.000000
28949.503326,30.700000
28964.518620,0.000000
28979.533914,0.000000
28994.549209,0.000000
29009.564503,0.000000
29024.579798,0.000000
29039.595092,0.000000
29054.610387,0.000000
29069.625681,0.000000
29084.640976,0.000000
29099.656270,0.000000
29114.671565,0.000000
29129.686859,0.000000
29144.702153,0.000000
29159.717448,0.000000
29174.732742,0.000000
29189.748037,0.000000
29204.763331,0.000000
29219.778626,0.000000
29234.793920,0.000000
29249.809215,0.000000
29264.824509,0.000000
29279.839803,0.000000
29294.855098,0.000000
29309.870392,0.000000
29324.885687,0.000000
29339.900981,0.000000
29354.916276,0.000000
29369.931570,0.000000
29384.946865,0.000000
29399.962159,0.000000
29414.977454,0.000000
29429.992748,0.000000
