6.854080 75.000000
10.854110 75.000000
12.854080 75.000000
21.854110 78.000000
22.854110 78.000000
27.854110 76.000000
32.854080 74.000000
41.854110 75.000000
46.854080 72.000000
51.854110 70.000000
52.854110 70.000000
61.854110 71.000000
62.854080 71.000000
68.854110 75.000000
76.854110 76.000000
77.854080 76.000000
84.854110 77.000000
87.854080 75.000000
96.854110 67.000000
101.854110 64.000000
106.854080 63.000000
110.854110 63.000000
112.854080 64.000000
119.854110 62.000000
123.854110 63.000000
131.854110 63.000000
132.854110 62.000000
139.854080 62.000000
142.854110 62.000000
148.854080 61.000000
152.854110 62.000000
161.854080 63.000000
162.854080 63.000000
171.854080 66.000000
175.854110 66.000000
177.854080 67.000000
182.854110 65.000000
191.854110 62.000000
193.854080 63.000000
201.854110 65.000000
205.854110 65.000000
210.854080 64.000000
215.854110 64.000000
217.854110 64.000000
226.854080 62.000000
231.854110 62.000000
236.854110 62.000000
237.854110 62.000000
246.854080 65.000000
247.854110 65.000000
256.854110 65.000000
258.854080 65.000000
266.854080 62.000000
267.854080 62.000000
275.854110 60.000000
278.854110 60.000000
284.854110 59.000000
289.854110 59.000000
295.854080 59.000000
297.854110 59.000000
302.854080 61.000000
311.854110 63.000000
315.854080 64.000000
321.854110 64.000000
322.854080 64.000000
329.854110 64.000000
332.854110 64.000000
341.854110 62.000000
342.854110 62.000000
351.854110 60.000000
352.854080 59.000000
361.854080 57.000000
366.854110 57.000000
369.854110 57.000000
375.854080 57.000000
377.854080 57.000000
384.854080 57.000000
391.854110 57.000000
392.854110 57.000000
401.854110 59.000000
405.854110 59.000000
407.854110 59.000000
414.854110 59.000000
421.854110 58.000000
426.854080 57.000000
430.854110 58.000000
432.854110 58.000000
438.854080 58.000000
443.854110 58.000000
448.854110 57.000000
455.854110 56.000000
460.854110 56.000000
466.854110 58.000000
468.854110 58.000000
473.854110 57.000000
477.854110 59.000000
485.854110 62.000000
490.854080 60.000000
496.854080 59.000000
501.854110 59.000000
502.854110 59.000000
507.854110 60.000000
513.854110 59.000000
517.854080 59.000000
523.854080 59.000000
529.854080 59.000000
534.854110 60.000000
540.854110 60.000000
542.854110 60.000000
549.854110 59.000000
556.854110 59.000000
557.854110 59.000000
563.854080 59.000000
569.854110 60.000000
576.854110 61.000000
580.854110 60.000000
586.854080 60.000000
588.854080 59.000000
592.854110 60.000000
601.854080 62.000000
602.854110 62.000000
609.854080 61.000000
616.854080 60.000000
620.854110 61.000000
622.854110 60.000000
628.854110 60.000000
632.854110 59.000000
641.854080 57.000000
642.854080 58.000000
647.854110 59.000000
656.854110 62.000000
657.854080 62.000000
665.854110 62.000000
671.854080 61.000000
676.854110 60.000000
677.854080 60.000000
685.854080 61.000000
687.854080 61.000000
696.854110 59.000000
698.854080 59.000000
705.854080 60.000000
711.854080 60.000000
714.854080 59.000000
717.854080 59.000000
725.854110 59.000000
730.854110 59.000000
736.854110 59.000000
738.854110 60.000000
743.854080 60.000000
748.854080 60.000000
755.854080 59.000000
757.854110 59.000000
766.854110 58.000000
769.854110 58.000000
773.854080 59.000000
778.854110 59.000000
783.854110 59.000000
787.854110 59.000000
793.854110 61.000000
801.854080 63.000000
802.854110 62.000000
808.854110 61.000000
814.854110 63.000000
821.854080 63.000000
822.854080 63.000000
828.854110 62.000000
836.854080 62.000000
838.854110 62.000000
843.854110 64.000000
850.854110 62.000000
855.854110 61.000000
861.854080 61.000000
866.854110 60.000000
871.854110 60.000000
872.854110 61.000000
877.854110 61.000000
885.854080 63.000000
891.854110 62.000000
892.854080 62.000000
901.854110 61.000000
904.854110 60.000000
911.854080 59.000000
914.854110 60.000000
918.854110 60.000000
922.854080 61.000000
928.854110 61.000000
934.854080 61.000000
941.854110 61.000000
946.854110 60.000000
947.854110 61.000000
954.854110 62.000000
957.854110 62.000000
965.854110 61.000000
970.854110 61.000000
973.854110 61.000000
977.854080 62.000000
986.854110 62.000000
989.854110 62.000000
995.854110 62.000000
999.854110 62.000000
1002.854080 62.000000
1011.854080 60.000000
1016.854080 60.000000
1019.854080 60.000000
1025.854110 61.000000
1031.854080 62.000000
1035.854110 62.000000
1039.854110 62.000000
1042.854080 63.000000
1048.854110 63.000000
1052.854110 62.000000
1060.854110 62.000000
1062.854080 61.000000
1071.854110 60.000000
1072.854110 60.000000
1080.854110 60.000000
1083.854110 62.000000
1091.854080 63.000000
1096.854080 63.000000
1099.854110 62.000000
1106.854110 61.000000
1109.854110 61.000000
1114.854110 62.000000
1121.854110 64.000000
1123.854080 64.000000
1127.854110 63.000000
1132.854110 62.000000
1140.854110 63.000000
1142.854110 63.000000
1147.854110 62.000000
1154.854110 62.000000
1160.854080 62.000000
1166.854110 63.000000
1167.854110 63.000000
1176.854080 64.000000
1177.854110 64.000000
1183.854080 64.000000
1187.854080 64.000000
1196.854110 62.000000
1199.854080 62.000000
1206.854110 63.000000
1208.854110 63.000000
1216.854080 64.000000
1221.854080 64.000000
1226.854110 64.000000
1227.854110 64.000000
1234.854080 64.000000
1237.854080 64.000000
1244.854110 66.000000
1251.854080 65.000000
1254.854110 64.000000
1259.854110 65.000000
1262.854110 66.000000
1267.854080 66.000000
1276.854110 64.000000
1281.854080 64.000000
1284.854110 64.000000
1289.854080 65.000000
1296.854080 65.000000
1299.854110 65.000000
1306.854110 65.000000
1309.854080 65.000000
1312.854080 66.000000
1320.854110 64.000000
1325.854080 64.000000
1327.854110 64.000000
1333.854080 64.000000
1338.854110 66.000000
1346.854110 65.000000
1349.854110 64.000000
1356.854110 64.000000
1359.854110 64.000000
1363.854110 64.000000
1368.854110 65.000000
1374.854110 65.000000
1377.854080 65.000000
1385.854080 65.000000
1391.854110 65.000000
1394.854110 65.000000
1397.854110 65.000000
1405.854110 65.000000
1407.854110 65.000000
1413.854080 65.000000
1419.854080 65.000000
1422.854110 65.000000
1428.854110 65.000000
1434.854110 65.000000
1437.854110 65.000000
1446.854110 64.000000
1451.854110 64.000000
1453.854110 64.000000
1457.854110 65.000000
1463.854080 65.000000
1468.854110 66.000000
1474.854080 65.000000
1477.854080 65.000000
1482.854110 65.000000
1491.854110 64.000000
1495.854110 64.000000
1499.854110 65.000000
1506.854110 66.000000
1507.854110 66.000000
1513.854110 65.000000
1521.854110 66.000000
1525.854110 66.000000
1529.854080 67.000000
1533.854110 67.000000
1541.854080 66.000000
1545.854110 66.000000
1551.854080 66.000000
1554.854080 66.000000
1558.854110 66.000000
1565.854110 66.000000
1570.854110 66.000000
1572.854080 67.000000
1577.854110 67.000000
1586.854110 66.000000
1587.854080 66.000000
1594.854110 65.000000
1598.854110 65.000000
1605.854110 65.000000
1609.854110 66.000000
1614.854080 65.000000
1617.854110 65.000000
1625.854110 65.000000
1631.854080 65.000000
1633.854080 65.000000
1637.854110 66.000000
1642.854110 67.000000
1649.854110 65.000000
1653.854080 67.000000
1661.854080 67.000000
1665.854110 67.000000
1670.854110 65.000000
1674.854110 65.000000
1679.854110 65.000000
1683.854110 65.000000
1690.854080 65.000000
1696.854110 66.000000
1697.854080 66.000000
1702.854110 68.000000
1711.854110 83.000000
1716.854080 88.000000
1721.854110 90.000000
1722.854110 89.000000
1727.854110 81.000000
1736.854110 70.000000
1741.854110 67.000000
1746.854110 66.000000
1751.854110 65.000000
1756.854110 66.000000
1757.854110 66.000000
1765.854110 65.000000
1770.854080 65.000000
1776.854080 64.000000
1779.854110 65.000000
1784.854080 65.000000
1790.854080 64.000000
1792.854110 65.000000
1799.854110 64.000000
1806.854110 65.000000
1807.854080 65.000000
1812.854110 65.000000
1820.854110 63.000000
1826.854080 63.000000
1828.854110 63.000000
1833.854110 64.000000
1840.854110 66.000000
1845.854080 66.000000
1849.854110 67.000000
1852.854110 67.000000
1857.854080 66.000000
1865.854110 64.000000
1870.854110 64.000000
1875.854080 66.000000
1878.854110 66.000000
1886.854110 63.000000
1889.854110 64.000000
1892.854110 64.000000
1898.847820 64.000000
1905.847790 64.000000
1907.847790 64.000000
1912.847820 64.000000
1920.847820 62.000000
1926.847820 64.000000
1927.847790 64.000000
1933.847820 63.000000
1941.847790 64.000000
1944.847790 64.000000
1947.847820 64.000000
1955.847820 64.000000
1957.847790 64.000000
1965.847790 65.000000
1971.847790 66.000000
1972.847820 65.000000
1981.847820 64.000000
1985.847790 65.000000
1987.847820 64.000000
1996.847790 64.000000
1997.847820 64.000000
2006.847820 65.000000
2007.847820 65.000000
2014.847790 65.000000
2019.847820 65.000000
2022.847790 65.000000
2031.847820 64.000000
2035.847790 65.000000
2038.847820 65.000000
2044.847790 64.000000
2048.847790 65.000000
2055.847820 64.000000
2061.847820 65.000000
2064.847820 65.000000
2067.847820 65.000000
2072.847790 65.000000
2081.847790 66.000000
2085.847820 66.000000
2091.847790 65.000000
2095.847790 65.000000
2101.847820 63.000000
2106.847820 64.000000
2108.847790 64.000000
2114.847820 65.000000
2117.847790 66.000000
2122.847820 67.000000
2127.847790 66.000000
2136.847820 64.000000
2139.847820 64.000000
2143.847790 65.000000
2150.847820 65.000000
2156.847790 65.000000
2161.847820 65.000000
2163.847820 65.000000
2170.847820 65.000000
2175.847790 65.000000
2178.847820 66.000000
2182.847820 65.000000
2189.847790 64.000000
2196.847820 64.000000
2197.847820 64.000000
2205.847820 64.000000
2208.847820 64.000000
2214.847790 65.000000
2218.847820 65.000000
2224.847790 66.000000
2228.847790 65.000000
2233.847820 65.000000
2241.847790 62.000000
2245.847820 62.000000
2248.847820 62.000000
2252.847790 62.000000
2260.847790 60.000000
2264.847790 61.000000
2267.847820 63.000000
2276.847820 62.000000
2280.847820 62.000000
2285.847820 63.000000
2291.847790 63.000000
2292.847820 63.000000
2298.847820 64.000000
2305.847790 64.000000
2310.847820 65.000000
2312.847790 64.000000
2321.847820 64.000000
2322.847790 65.000000
2330.847790 65.000000
2336.847790 64.000000
2339.847790 64.000000
2343.847790 65.000000
2350.847790 65.000000
2356.847790 65.000000
2360.847820 66.000000
2363.847820 66.000000
2370.847820 65.000000
2373.847820 65.000000
2377.847820 65.000000
2382.847820 64.000000
2391.847820 64.000000
2392.847820 64.000000
2401.847820 62.000000
2406.847820 63.000000
2410.847820 64.000000
2416.847790 64.000000
2418.847820 64.000000
2422.847790 64.000000
2430.847820 62.000000
2433.847820 62.000000
2439.847820 64.000000
2446.847820 65.000000
2447.847790 65.000000
2452.847820 65.000000
2461.847820 63.000000
2466.847820 64.000000
2467.847820 64.000000
2475.847790 64.000000
2479.847790 65.000000
2482.847820 65.000000
2489.847790 65.000000
2494.847820 64.000000
2499.847820 64.000000
2506.847820 64.000000
2511.847820 64.000000
2513.847820 65.000000
2518.847790 65.000000
2526.847820 64.000000
2527.847820 64.000000
2535.847820 64.000000
2541.847790 64.000000
2542.847820 64.000000
2551.847820 63.000000
2554.847790 63.000000
2558.847820 63.000000
2566.847790 63.000000
2567.847820 63.000000
2576.847820 65.000000
2577.847820 64.000000
2586.847820 63.000000
2589.847820 64.000000
2592.847820 64.000000
2601.847820 66.000000
2606.847820 65.000000
2608.847820 66.000000
2616.847820 66.000000
2618.847820 65.000000
2625.847820 64.000000
2631.847820 64.000000
2634.847820 64.000000
2639.847820 64.000000
2644.847820 65.000000
2650.847820 66.000000
2653.847820 66.000000
2657.847820 66.000000
2665.847820 66.000000
2671.847790 66.000000
2675.847820 66.000000
2678.847790 66.000000
2685.847820 66.000000
2687.847820 66.000000
2693.847820 67.000000
2697.847820 67.000000
2706.847820 68.000000
2707.847820 68.000000
2716.847820 66.000000
2719.847790 66.000000
2725.847820 66.000000
2729.847820 66.000000
2732.847790 66.000000
2738.847820 65.000000
2742.847820 64.000000
2750.847820 65.000000
2753.847790 65.000000
2758.847820 66.000000
2765.847790 65.000000
2767.847820 65.000000
2776.847820 66.000000
2779.847790 66.000000
2783.847820 66.000000
2788.847820 66.000000
2794.847820 65.000000
2798.847790 65.000000
2805.847820 64.000000
2810.847820 65.000000
2816.847820 65.000000
2820.847820 65.000000
2825.847820 66.000000
2831.847820 65.000000
2836.847790 65.000000
2838.847790 65.000000
2843.847820 65.000000
2850.847820 65.000000
2853.847820 66.000000
2861.847820 66.000000
2862.847790 67.000000
2868.847790 67.000000
2876.847820 66.000000
2879.847820 65.000000
2882.847790 66.000000
2889.847790 65.000000
2892.847820 65.000000
2901.847820 62.000000
2903.847820 63.000000
2907.847820 63.000000
2915.847820 64.000000
2919.847790 65.000000
2923.847820 64.000000
2928.847820 65.000000
2935.847790 64.000000
2941.847820 64.000000
2943.847790 64.000000
2951.847790 64.000000
2954.847790 64.000000
2959.847820 64.000000
2962.847790 64.000000
2971.847790 62.000000
2974.847820 63.000000
2979.847790 63.000000
2984.847790 63.000000
2991.847820 62.000000
2994.847820 63.000000
3001.847820 64.000000
3006.847820 64.000000
3007.847790 64.000000
3012.847820 63.000000
3021.847820 61.000000
3025.847820 62.000000
3027.847820 63.000000
3036.847820 65.000000
3038.847820 64.000000
3044.847820 64.000000
3049.847820 65.000000
3055.847790 64.000000
3057.847790 65.000000
3063.847820 66.000000
3067.847820 67.000000
3076.847820 64.000000
3078.847820 64.000000
3082.847790 64.000000
3089.847820 64.000000
3092.847820 64.000000
3100.847790 63.000000
3105.847820 64.000000
3107.847790 64.000000
3115.847820 64.000000
3117.847820 64.000000
3124.847820 65.000000
3127.847790 65.000000
3132.847820 64.000000
3139.847820 63.000000
3142.847820 62.000000
3150.847820 64.000000
3155.847820 64.000000
3160.847820 64.000000
3162.847790 65.000000
3171.847820 62.000000
3176.847790 62.000000
3180.847790 63.000000
3184.847820 64.000000
3188.847790 64.000000
3195.847820 63.000000
3198.847820 63.000000
3203.847790 62.000000
3208.847790 64.000000
3216.847820 64.000000
3217.847820 64.000000
3226.847820 63.000000
3229.847790 64.000000
3232.847820 64.000000
3241.847790 60.000000
3246.847820 60.000000
3250.847820 60.000000
3254.847790 61.000000
3257.847790 63.000000
3264.847820 66.000000
3267.847790 66.000000
3276.847820 81.000000
3281.847820 81.000000
3283.847820 80.000000
3287.847790 78.000000
3296.847820 72.000000
3298.847820 73.000000
3306.847820 74.000000
3307.847820 73.000000
3312.847790 72.000000
3317.847820 71.000000
3326.847790 67.000000
3328.847820 68.000000
3336.847790 65.000000
3341.847820 65.000000
3346.847820 65.000000
3348.847790 65.000000
3352.847820 66.000000
3357.847820 66.000000
3362.847820 67.000000
3369.847820 66.000000
3373.847790 67.000000
3381.847820 67.000000
3386.847790 66.000000
3389.847790 66.000000
3395.847820 67.000000
3400.847790 68.000000
3403.847820 69.000000
3408.847820 69.000000
3412.847790 68.000000
3420.847820 67.000000
3426.847790 68.000000
3429.847820 68.000000
3433.847790 69.000000
3441.847820 68.000000
3442.847820 68.000000
3451.847820 66.000000
3456.847820 65.000000
3457.847820 65.000000
3466.847790 65.000000
3471.847790 65.000000
3472.847790 65.000000
3477.847820 66.000000
3485.847820 65.000000
3491.847820 65.000000
3494.847820 65.000000
3499.847790 65.000000
3502.847790 65.000000
3507.847820 67.000000
3516.847820 64.000000
3518.847820 64.000000
3526.847790 64.000000
3531.847820 64.000000
3536.847820 64.000000
3540.847820 64.000000
3543.847820 64.000000
3549.847820 64.000000
3555.847790 64.000000
3558.847820 65.000000
3562.847820 65.000000
3571.847820 63.000000
3576.847820 64.000000
3579.847820 63.000000
3582.847820 64.000000
3587.847790 66.000000
3596.847820 62.000000
3600.847820 61.000000
3606.847820 64.000000
3610.847820 65.000000
3613.847820 66.000000
3620.847790 67.000000
3623.847820 67.000000
3627.847790 67.000000
3636.847790 63.000000
3640.847820 64.000000
3642.847790 63.000000
3651.847790 64.000000
3654.847790 64.000000
3657.847820 64.000000
3666.847820 63.000000
3669.847820 65.000000
3672.847820 64.000000
3681.847820 60.000000
3686.847820 59.000000
3688.847790 59.000000
3692.847790 61.000000
3701.847820 69.000000
3706.847820 72.000000
3708.847820 72.000000
3715.847820 72.000000
3720.847820 72.000000
3722.847820 72.000000
3731.847820 70.000000
3734.847790 71.000000
3737.847820 71.000000
3746.847820 69.000000
3750.847820 68.000000
3752.847790 68.000000
3757.847820 67.000000
3762.847820 66.000000
3771.847790 64.000000
3775.847820 65.000000
3777.847790 66.000000
3785.847820 70.000000
3790.847820 70.000000
3792.847820 69.000000
3797.847790 68.000000
3805.847790 66.000000
3808.847820 66.000000
3812.847820 65.000000
3821.847790 62.000000
3823.847820 62.000000
3830.847790 67.000000
3836.847790 70.000000
3837.847820 70.000000
3846.847790 73.000000
3848.847790 72.000000
3856.847820 69.000000
3859.847820 68.000000
3863.847790 67.000000
3868.847820 66.000000
3876.847820 64.000000
3877.847820 64.000000
3882.847820 66.000000
3891.847820 71.000000
3893.847820 71.000000
3898.847790 73.000000
3903.847790 71.000000
3910.847820 70.000000
3912.847820 71.000000
3919.847820 73.000000
3923.847820 73.000000
3927.847790 71.000000
3936.847820 62.000000
3941.847790 61.000000
3946.847820 61.000000
3948.847820 61.000000
3952.847820 64.000000
3958.847820 70.000000
3966.847820 76.000000
3971.847790 75.000000
3976.847820 73.000000
3977.847820 72.000000
3986.847820 68.000000
3991.847820 66.000000
3996.847820 67.000000
3997.847820 67.000000
4006.847790 78.000000
4009.847820 77.000000
4012.847790 76.000000
4021.847790 69.000000
4026.847820 70.000000
4029.847820 70.000000
4032.847790 71.000000
4039.847820 72.000000
4046.847820 73.000000
4049.847790 72.000000
4052.847820 73.000000
4057.847820 76.000000
4066.847820 81.000000
4071.847790 81.000000
4075.847820 81.000000
4077.847820 81.000000
4083.847820 83.000000
4091.847790 80.000000
4094.847820 80.000000
4097.847820 79.000000
4105.847820 76.000000
4107.847820 76.000000
4116.847820 69.000000
4120.847820 70.000000
4126.847820 77.000000
4130.847790 76.000000
4133.847820 76.000000
4141.847820 79.000000
4143.847820 79.000000
4148.847820 78.000000
4156.847820 81.000000
4161.847820 81.000000
4162.847820 81.000000
4170.847790 84.000000
4172.847820 83.000000
4180.847790 83.000000
4183.847790 82.000000
4190.847820 81.000000
4192.847790 81.000000
4197.847790 80.000000
4206.847820 78.000000
4211.847820 80.000000
4216.847790 81.000000
4219.847790 81.000000
4226.847820 78.000000
4229.847820 79.000000
4232.847820 78.000000
4241.847790 72.000000
4246.847820 70.000000
4248.847820 71.000000
4252.847820 73.000000
4261.847820 82.000000
4265.847790 81.000000
4268.847790 80.000000
4273.847820 83.000000
4281.847820 78.000000
4282.847820 79.000000
4291.847820 84.000000
4292.847820 84.000000
4301.847820 92.000000
4302.847790 92.000000
4311.847790 76.000000
4316.847820 73.000000
4321.847820 70.000000
4326.847820 69.000000
4328.847790 69.000000
4335.847820 69.000000
4337.847820 70.000000
4346.847790 75.000000
4350.847820 75.000000
4352.847790 74.000000
4359.847790 70.000000
4366.847820 70.000000
4367.847790 69.000000
4375.847820 68.000000
4377.847820 69.000000
4386.847820 75.000000
4388.847820 74.000000
4396.847820 70.000000
4401.847820 69.000000
4404.847790 70.000000
4411.847820 72.000000
4412.847820 72.000000
4419.847820 70.000000
4424.847820 69.000000
4428.847820 68.000000
4434.847820 71.000000
4441.847820 73.000000
4446.847820 73.000000
4447.847820 74.000000
4456.847820 68.000000
4459.847820 69.000000
4463.847790 70.000000
4469.847820 71.000000
4476.847820 71.000000
4477.847820 71.000000
4482.847820 72.000000
4491.847820 79.000000
4495.847790 81.000000
4498.847820 81.000000
4502.847790 80.000000
4511.847790 75.000000
4516.847820 75.000000
4521.847820 75.000000
4523.847820 75.000000
4528.847820 76.000000
4533.847820 77.000000
4541.847820 71.000000
4546.847820 71.000000
4549.847790 71.000000
4555.847820 71.000000
4559.847820 72.000000
4562.847820 72.000000
4571.847790 76.000000
4572.847820 76.000000
4580.847820 78.000000
4582.847790 78.000000
4587.847820 75.000000
4596.847820 70.000000
4601.847820 70.000000
4606.847820 70.000000
4607.847820 71.000000
4614.847820 72.000000
4617.847790 73.000000
4626.847820 80.000000
4631.847820 80.000000
4632.847820 80.000000
4641.847790 79.000000
4646.847790 80.000000
4651.847820 80.000000
4652.847820 80.000000
4657.847820 79.000000
4666.847820 72.000000
4671.847820 72.000000
4674.847820 72.000000
4681.847820 75.000000
4682.847820 75.000000
4691.847820 69.000000
4696.847790 69.000000
4698.847820 69.000000
4706.847820 70.000000
4708.847790 70.000000
4716.847790 71.000000
4719.847820 71.000000
4722.847820 73.000000
4730.847820 78.000000
4735.847820 80.000000
4741.847820 82.000000
4744.847790 81.000000
4751.847790 79.000000
4754.847790 81.000000
4757.847790 80.000000
4762.847820 77.000000
4771.847820 70.000000
4776.847790 70.000000
4779.847820 71.000000
4782.847790 72.000000
4788.847820 73.000000
4794.847790 73.000000
4797.847820 71.000000
4806.847790 67.000000
4811.847820 67.000000
4812.847820 68.000000
4819.847820 73.000000
4825.847820 73.000000
4827.847820 73.000000
4836.847820 75.000000
4837.847820 74.000000
4842.847820 72.000000
4851.847820 68.000000
4856.847820 69.000000
4857.847790 70.000000
4865.847820 71.000000
4869.847790 71.000000
4874.847820 71.000000
4881.847790 74.000000
4883.847820 73.000000
4891.847820 68.000000
4896.847790 68.000000
4900.847820 70.000000
4903.847820 71.000000
4908.847820 72.000000
4912.847790 70.000000
4921.847820 65.000000
4923.847820 65.000000
4931.847790 64.000000
4932.847820 65.000000
4937.847820 69.000000
4944.847820 71.000000
4949.847820 72.000000
4952.847790 73.000000
4957.847820 70.000000
4965.847820 68.000000
4967.847790 69.000000
4972.847790 73.000000
4981.847820 82.000000
4982.847820 81.000000
4991.847820 67.000000
4996.847820 62.000000
4998.847820 63.000000
5006.847790 61.000000
5010.847820 62.000000
5012.847820 63.000000
5019.847790 64.000000
5024.847820 65.000000
5027.847820 64.000000
5036.847820 63.000000
5039.847820 64.000000
5042.847820 67.000000
5051.847820 74.000000
5056.847790 72.000000
5057.847820 72.000000
5066.847820 73.000000
5069.847790 73.000000
5072.847820 72.000000
5077.847790 67.000000
5086.847790 62.000000
5091.847820 64.000000
5096.847820 67.000000
5098.847820 67.000000
5104.847790 65.000000
5110.847820 67.000000
5114.847820 66.000000
5117.847820 65.000000
5126.847790 63.000000
5131.847820 64.000000
5133.847790 64.000000
5137.847820 63.000000
5146.847820 70.000000
5148.847820 69.000000
5155.847790 71.000000
5159.847820 71.000000
5163.847790 71.000000
5171.847820 69.000000
5172.847790 70.000000
5181.847820 67.000000
5182.847790 68.000000
5187.847820 71.000000
5196.847820 66.000000
5199.847820 68.000000
5206.847820 70.000000
5208.847820 69.000000
5216.847790 66.000000
5219.847820 67.000000
5226.847820 72.000000
5227.847790 73.000000
5236.847820 74.000000
5237.847820 74.000000
5243.847820 80.000000
5247.847820 76.000000
5256.847820 65.000000
5261.847790 63.000000
5266.847820 64.000000
5271.847790 65.000000
5272.847820 65.000000
5277.847820 63.000000
5283.847820 62.000000
5291.847820 68.000000
5296.847820 68.000000
5298.847820 69.000000
5304.847820 70.000000
5311.847790 66.000000
5315.847820 67.000000
5318.847820 69.000000
5322.847790 69.000000
5331.847820 65.000000
5336.847820 68.000000
5339.847820 67.000000
5346.847820 72.000000
5348.847820 73.000000
5352.847790 73.000000
5358.847820 74.000000
5366.847820 69.000000
5370.847820 68.000000
5374.847790 67.000000
5377.847790 69.000000
5386.847820 71.000000
5389.847820 71.000000
5396.847820 74.000000
5397.847790 73.000000
5404.847820 71.000000
5407.847790 73.000000
5412.847820 75.000000
5419.847820 75.000000
5422.847820 76.000000
5431.847790 83.000000
5436.847820 80.000000
5440.847820 80.000000
5446.847820 81.000000
5450.847790 80.000000
5452.847820 81.000000
5461.847820 90.000000
5465.847820 93.000000
5467.847820 93.000000
5476.847820 75.000000
5481.847820 71.000000
5486.847820 69.000000
5487.847820 69.000000
5496.847820 66.000000
5501.847790 67.000000
5506.844610 69.000000
5509.844610 68.000000
5514.844640 68.000000
5517.844640 69.000000
5524.844610 70.000000
5527.844610 70.000000
5534.844610 69.000000
5539.844640 70.000000
5542.844640 72.000000
5547.844640 75.000000
5554.844640 80.000000
5557.844610 77.000000
5566.844640 67.000000
5567.844610 67.000000
5576.844640 61.000000
5581.844640 61.000000
5584.844640 61.000000
5588.844640 64.000000
5596.844610 68.000000
5598.844640 68.000000
5605.844610 71.000000
5610.844640 72.000000
5614.844640 71.000000
5617.844610 73.000000
5622.844640 75.000000
5628.844640 78.000000
5636.844640 82.000000
5638.844640 80.000000
5643.844640 78.000000
5647.844640 76.000000
5656.844640 70.000000
5658.844610 71.000000
5666.844640 73.000000
5670.844640 72.000000
5672.844610 73.000000
5681.844640 77.000000
5686.844640 75.000000
5691.844610 75.000000
5692.844640 76.000000
5697.844640 76.000000
5706.844610 72.000000
5709.844610 71.000000
5713.844640 71.000000
5720.844640 69.000000
5724.844640 68.000000
5727.844640 70.000000
5735.844640 73.000000
5737.844640 73.000000
5744.844640 77.000000
5747.844610 75.000000
5756.844610 69.000000
5761.844640 69.000000
5762.844640 69.000000
5771.844640 68.000000
5772.844640 68.000000
5777.844640 70.000000
5782.844640 72.000000
5791.844640 74.000000
5796.844640 72.000000
5801.844640 72.000000
5806.844640 72.000000
5807.844610 72.000000
5812.844640 73.000000
5819.844640 79.000000
5826.844610 70.000000
5831.844610 67.000000
5836.844640 65.000000
5840.844640 65.000000
5846.844610 63.000000
5849.844640 64.000000
5852.844610 65.000000
5859.844610 69.000000
5866.844640 76.000000
5867.844640 77.000000
5876.844610 67.000000
5881.844610 64.000000
5886.844640 64.000000
5887.844640 64.000000
5895.844640 69.000000
5898.844640 70.000000
5906.844640 72.000000
5907.844640 71.000000
5914.844610 68.000000
5917.844610 70.000000
5926.844640 81.000000
5927.844640 81.000000
5936.844640 70.000000
5941.844640 67.000000
5942.844640 66.000000
5950.844640 61.000000
5956.844640 59.000000
5959.844610 59.000000
5964.844640 59.000000
5970.844610 58.000000
5974.844640 57.000000
5977.844640 59.000000
5986.844610 65.000000
5989.844640 65.000000
5996.844610 62.000000
6001.844640 61.000000
6006.844610 61.000000
6007.844610 61.000000
6014.844610 61.000000
6019.844610 61.000000
6026.844640 66.000000
6029.844640 67.000000
6036.844610 68.000000
6037.844610 68.000000
6042.844640 68.000000
6047.844610 68.000000
6056.844610 63.000000
6060.844640 61.000000
6064.844640 61.000000
6067.844610 62.000000
6076.844640 65.000000
6077.844640 64.000000
6083.844610 69.000000
6091.844640 61.000000
6096.844610 59.000000
6101.844610 58.000000
6104.844640 58.000000
6109.844640 61.000000
6116.844640 65.000000
6117.844640 65.000000
6122.844640 68.000000
6128.844640 77.000000
6136.844610 69.000000
6141.844640 64.000000
6142.844640 63.000000
6151.844640 58.000000
6156.844640 57.000000
6161.844610 56.000000
6162.844640 56.000000
6169.844610 59.000000
6176.844640 62.000000
6178.844640 61.000000
6186.844640 65.000000
6191.844640 62.000000
6194.844640 62.000000
6201.844640 65.000000
6204.844640 65.000000
6208.844640 65.000000
6212.844640 65.000000
6221.844640 62.000000
6226.844640 64.000000
6230.844610 64.000000
6233.844610 64.000000
6241.844610 63.000000
6242.844640 63.000000
6247.844610 63.000000
6256.844640 60.000000
6259.844610 61.000000
6262.844610 61.000000
6268.844640 65.000000
6272.844640 66.000000
6281.844640 61.000000
6286.844640 61.000000
6290.844640 61.000000
6293.844640 61.000000
6297.844640 64.000000
6303.844640 71.000000
6311.844610 64.000000
6314.844640 61.000000
6321.844610 59.000000
6325.844610 59.000000
6331.844610 58.000000
6333.844610 58.000000
6340.844610 61.000000
6346.844610 62.000000
6348.844640 62.000000
6355.844640 60.000000
6359.844640 60.000000
6362.844640 61.000000
6371.844640 64.000000
6373.844640 64.000000
6377.844640 65.000000
6382.844610 67.000000
6391.844640 64.000000
6392.844640 64.000000
6397.844640 62.000000
6405.844640 60.000000
6411.844640 60.000000
6412.844610 60.000000
6417.844640 61.000000
6422.844610 63.000000
6430.844610 67.000000
6432.844640 67.000000
6441.844640 64.000000
6443.844610 65.000000
6447.844640 66.000000
6455.844640 65.000000
6458.844640 67.000000
6465.844640 66.000000
6468.844640 67.000000
6473.844610 66.000000
6477.844640 67.000000
6483.844640 66.000000
6487.844610 65.000000
6494.844610 63.000000
6501.844640 62.000000
6505.844640 63.000000
6509.844610 63.000000
6512.844640 63.000000
6521.844640 60.000000
6525.844640 60.000000
6530.844640 60.000000
6536.844610 60.000000
6541.844610 60.000000
6542.844610 60.000000
6550.844610 65.000000
6555.844640 64.000000
6560.844640 67.000000
6566.844640 65.000000
6567.844640 65.000000
6576.844640 63.000000
6577.844610 62.000000
6586.844640 59.000000
6588.844640 60.000000
6592.844610 61.000000
6601.844640 59.000000
6606.844610 58.000000
6611.844640 59.000000
6614.844640 59.000000
6617.844640 59.000000
6626.844610 64.000000
6631.844610 65.000000
6634.844610 66.000000
6638.844610 66.000000
6646.844640 63.000000
6651.844640 63.000000
6654.844640 63.000000
6658.844610 62.000000
6662.844640 62.000000
6667.844640 63.000000
6673.844640 63.000000
6678.844640 62.000000
6685.844640 60.000000
6691.844640 58.000000
6696.844610 58.000000
6697.844640 59.000000
6706.844640 62.000000
6707.844640 61.000000
6712.844640 62.000000
6717.844610 62.000000
6726.844640 57.000000
6731.844640 59.000000
6732.844610 59.000000
6738.844640 59.000000
6745.844640 63.000000
6751.844640 63.000000
6752.844640 63.000000
6761.844640 60.000000
6762.844610 60.000000
6771.844640 68.000000
6772.844640 68.000000
6781.844640 62.000000
6786.844640 62.000000
6788.844640 63.000000
6793.844640 65.000000
6797.844640 69.000000
6802.844640 75.000000
6811.844640 96.000000
6815.844640 97.000000
6817.844640 95.000000
6826.844640 75.000000
6831.844610 72.000000
6836.844640 68.000000
6841.844640 69.000000
6842.844640 69.000000
6850.844640 67.000000
6852.844640 67.000000
6861.844640 65.000000
6862.844640 65.000000
6871.844640 62.000000
6876.844640 62.000000
6880.844640 63.000000
6886.844640 64.000000
6888.844640 64.000000
6895.844640 65.000000
6897.844640 66.000000
6905.844610 66.000000
6909.844640 65.000000
6916.844610 65.000000
6921.844640 65.000000
6925.844610 65.000000
6928.844610 65.000000
6936.844640 65.000000
6939.844610 65.000000
6943.844640 66.000000
6949.844610 66.000000
6952.844640 66.000000
6957.844610 66.000000
6966.844640 66.000000
6967.844640 66.000000
6972.844640 66.000000
6980.844640 67.000000
6983.844640 68.000000
6987.844640 68.000000
6993.844640 67.000000
6998.844610 67.000000
7002.844640 67.000000
7011.844640 63.000000
7014.844610 63.000000
7019.844640 65.000000
7026.844610 66.000000
7031.844610 66.000000
7036.844610 66.000000
7041.844640 66.000000
7044.844640 65.000000
7048.844640 66.000000
7052.844640 65.000000
7061.844640 65.000000
7063.844640 66.000000
7067.844640 66.000000
7072.844610 67.000000
7081.844640 65.000000
7083.844640 66.000000
7091.844640 66.000000
7092.844610 66.000000
7097.844640 67.000000
7102.844640 66.000000
7108.844640 66.000000
7116.844640 69.000000
7117.844610 68.000000
7126.844640 65.000000
7131.844610 65.000000
7135.844640 66.000000
7137.844610 66.000000
7146.844640 66.000000
7149.844640 66.000000
7156.844610 66.000000
7159.844640 66.000000
7162.844640 66.000000
7167.844640 66.000000
7174.844640 66.000000
7177.844640 66.000000
7184.844610 67.000000
7187.844640 66.000000
7194.844610 66.000000
7197.844640 70.000000
7206.844610 73.000000
7207.844640 72.000000
7216.844610 67.000000
7217.844610 66.000000
7225.844610 62.000000
7230.844610 62.000000
7232.844640 62.000000
7241.844640 65.000000
7246.844640 65.000000
7250.844640 66.000000
7256.844640 66.000000
7257.844610 65.000000
7262.844610 65.000000
7271.844640 66.000000
7275.844640 66.000000
7279.844640 65.000000
7286.844640 65.000000
7288.844640 65.000000
7293.844610 65.000000
7299.844640 65.000000
7306.844610 65.000000
7310.844640 65.000000
7313.844640 65.000000
7317.844640 66.000000
7326.844640 66.000000
7327.844610 66.000000
7334.844610 65.000000
7340.844610 66.000000
7343.844640 66.000000
7351.844640 65.000000
7352.844640 66.000000
7358.844640 67.000000
7366.844610 66.000000
7370.844640 66.000000
7373.844640 66.000000
7377.844640 66.000000
7386.844640 65.000000
7387.844610 66.000000
7395.844640 66.000000
7398.844640 65.000000
7404.844610 65.000000
7411.844640 65.000000
7414.844610 65.000000
7418.844640 66.000000
7426.844640 66.000000
7430.844610 66.000000
7433.844610 67.000000
7441.844610 64.000000
7445.844640 65.000000
7449.844640 65.000000
7456.844640 65.000000
7460.844610 65.000000
7465.844640 66.000000
7468.844640 66.000000
7474.844610 66.000000
7481.844640 67.000000
7482.844640 67.000000
7489.844640 68.000000
7496.844640 67.000000
7500.844640 66.000000
7506.844640 66.000000
7511.844640 65.000000
7516.844610 65.000000
7517.844610 66.000000
7522.844640 67.000000
7527.844610 66.000000
7533.844640 66.000000
7540.844640 66.000000
7546.844640 66.000000
7549.844640 66.000000
7553.844640 66.000000
7559.844610 67.000000
7563.844640 68.000000
7567.844640 68.000000
7575.844640 68.000000
7578.844640 68.000000
7586.844640 66.000000
7591.844640 66.000000
7593.844640 67.000000
7601.844640 65.000000
7606.844640 66.000000
7609.844640 66.000000
7615.844640 66.000000
7617.844640 66.000000
7622.844640 66.000000
7627.844640 66.000000
7633.844610 66.000000
7640.844640 66.000000
7642.844640 66.000000
7650.844610 67.000000
7655.844640 68.000000
7661.844610 68.000000
7662.844640 68.000000
7667.844610 68.000000
7675.844610 67.000000
7678.844610 67.000000
7683.844640 67.000000
7691.844610 67.000000
7695.844640 67.000000
7701.844640 67.000000
7706.844640 67.000000
7707.844640 67.000000
7712.844610 67.000000
7719.844640 67.000000
7726.844640 66.000000
7727.844610 66.000000
7735.844640 66.000000
7739.844640 67.000000
7744.844610 68.000000
7751.844640 67.000000
7756.844640 67.000000
7758.844640 67.000000
7762.844640 67.000000
7771.844610 65.000000
7776.844640 65.000000
7777.844640 65.000000
7786.844610 66.000000
7787.844640 66.000000
7795.844640 67.000000
7799.844640 67.000000
7803.844640 68.000000
7807.844610 68.000000
7812.844640 68.000000
7817.844640 68.000000
7825.844640 66.000000
7827.844610 66.000000
7832.844640 67.000000
7839.844610 66.000000
7843.844640 66.000000
7851.844640 69.000000
7853.844640 68.000000
7859.844610 68.000000
7862.844610 68.000000
7867.844640 68.000000
7876.844640 67.000000
7879.844610 67.000000
7883.844640 68.000000
7891.844640 66.000000
7896.844610 67.000000
7899.844610 67.000000
7902.844640 68.000000
7911.844640 68.000000
7914.844640 69.000000
7917.844610 68.000000
7926.844640 67.000000
7927.844640 68.000000
7936.844640 69.000000
7937.844640 69.000000
7946.844640 67.000000
7948.844640 68.000000
7952.844640 68.000000
7960.844610 67.000000
7966.844640 66.000000
7971.844640 66.000000
7974.844640 67.000000
7978.844640 66.000000
7986.844640 67.000000
7987.844640 67.000000
7992.844610 68.000000
8001.844610 64.000000
8006.844610 64.000000
8007.844640 65.000000
8013.844640 66.000000
8017.844610 66.000000
8025.844640 68.000000
8030.844640 68.000000
8036.844640 66.000000
8040.844640 66.000000
8045.844640 66.000000
8050.844640 66.000000
8052.844640 67.000000
8061.844610 68.000000
8062.844610 68.000000
8067.844640 68.000000
8073.844640 68.000000
8081.844640 69.000000
8086.844640 68.000000
8087.844640 68.000000
8094.844610 68.000000
8101.844640 67.000000
8104.844640 67.000000
8111.844640 66.000000
8116.844610 67.000000
8117.844610 67.000000
8122.844640 67.000000
8131.844640 67.000000
8136.844610 68.000000
8137.844640 68.000000
8146.844640 69.000000
8148.844640 69.000000
8153.844640 69.000000
8158.844610 69.000000
8166.844610 67.000000
8168.844610 67.000000
8176.844640 67.000000
8177.844610 67.000000
8184.844610 68.000000
8187.844640 68.000000
8196.844640 66.000000
8197.844640 67.000000
8204.844640 69.000000
8210.844610 69.000000
8215.844640 68.000000
8218.844610 67.000000
8222.844610 67.000000
8228.844610 67.000000
8234.844640 68.000000
8239.844610 68.000000
8245.844640 67.000000
8251.844610 67.000000
8254.844610 68.000000
8257.844640 68.000000
8264.844640 66.000000
8271.844640 66.000000
8275.844640 67.000000
8279.844640 67.000000
8282.844640 67.000000
8290.844640 66.000000
8296.844610 69.000000
8301.844640 69.000000
8304.844640 69.000000
8307.844640 70.000000
8312.844640 68.000000
8321.844610 68.000000
8322.844640 68.000000
8327.844640 67.000000
8336.844640 69.000000
8341.844640 69.000000
8344.844610 69.000000
8347.844640 69.000000
8353.844640 68.000000
8361.844610 68.000000
8364.844640 68.000000
8371.844610 69.000000
8375.844640 69.000000
8381.844640 69.000000
8383.844610 69.000000
8388.844640 68.000000
8395.844640 67.000000
8397.844610 68.000000
8402.844610 67.000000
8410.844640 67.000000
8416.844640 69.000000
8417.844640 69.000000
8423.844640 69.000000
8430.844640 70.000000
8435.844610 70.000000
8439.844610 70.000000
8443.844610 69.000000
8448.844610 68.000000
8452.844640 68.000000
8457.844640 67.000000
8466.844640 67.000000
8469.844640 67.000000
8473.844640 68.000000
8481.844610 67.000000
8486.844640 68.000000
8487.844610 68.000000
8493.844640 69.000000
8500.844640 69.000000
8503.844610 69.000000
8507.844640 68.000000
8516.844640 66.000000
8519.844640 66.000000
8526.844640 68.000000
8527.844640 68.000000
8533.844640 68.000000
8539.844640 68.000000
8545.844640 67.000000
8550.844610 67.000000
8554.844610 68.000000
8561.844640 68.000000
8562.844640 68.000000
8570.844610 66.000000
8574.844640 66.000000
8581.844640 67.000000
8582.844640 67.000000
8590.844640 67.000000
8592.844640 68.000000
8601.844610 65.000000
8603.844610 66.000000
8607.844640 67.000000
8616.844640 75.000000
8620.844640 76.000000
8624.844610 79.000000
8630.844640 84.000000
8635.844640 81.000000
8637.844610 80.000000
8642.844640 77.000000
8651.844640 70.000000
8652.844610 70.000000
8661.844640 66.000000
8662.844640 66.000000
8671.844640 64.000000
8675.844640 64.000000
8678.844640 65.000000
8684.844640 66.000000
8690.844640 66.000000
8696.844640 68.000000
8701.844640 67.000000
8702.844610 66.000000
8708.844640 65.000000
8716.844640 64.000000
8717.844640 64.000000
8722.844610 65.000000
8728.844610 64.000000
8735.844610 65.000000
8739.844640 66.000000
8744.844640 66.000000
8750.844640 65.000000
8753.844640 66.000000
8757.844640 65.000000
8764.844640 64.000000
8770.844610 64.000000
8776.844640 64.000000
8780.844640 64.000000
8786.844610 64.000000
8788.844640 65.000000
8794.844610 65.000000
8800.844640 65.000000
8803.844610 64.000000
8809.844640 65.000000
8814.844640 64.000000
8817.844640 64.000000
8823.844610 65.000000
8830.844610 64.000000
8832.844610 63.000000
8841.844640 63.000000
8842.844640 63.000000
8850.844640 64.000000
8855.844640 65.000000
8861.844610 65.000000
8862.844640 66.000000
8868.844610 66.000000
8873.844640 65.000000
8881.844640 64.000000
8886.844640 64.000000
8888.844640 64.000000
8892.844610 64.000000
8899.844640 65.000000
8905.844610 66.000000
8908.844610 66.000000
8912.844640 66.000000
8917.844610 66.000000
8923.844610 67.000000
8929.844610 68.000000
8932.844640 67.000000
8939.844640 66.000000
8946.844640 66.000000
8951.844640 65.000000
8956.844640 65.000000
8959.844610 66.000000
8965.844640 66.000000
8969.844640 66.000000
8972.844640 67.000000
8977.844640 67.000000
8984.844610 67.000000
8990.844610 66.000000
8994.844640 67.000000
8999.844640 67.000000
9004.844640 66.000000
9011.844610 66.000000
9013.844640 66.000000
9021.844610 67.000000
9026.844640 67.000000
9029.844610 67.000000
9035.844610 67.000000
9037.844640 67.000000
9045.844640 66.000000
9049.844610 66.000000
9052.844640 67.000000
9061.844640 67.000000
9063.844610 67.000000
9071.844640 65.000000
9074.844610 65.000000
9078.844640 66.000000
9086.844610 65.000000
9089.844640 66.000000
9095.844640 66.000000
9098.844640 66.000000
9104.843170 66.000000
9110.843170 65.000000
9116.843170 65.000000
9117.843170 65.000000
9125.843170 66.000000
9128.843170 66.000000
9135.843170 65.000000
9141.843170 65.000000
9146.843170 65.000000
9151.843170 66.000000
9152.843170 66.000000
9159.843170 66.000000
9163.843170 66.000000
9167.843140 67.000000
9175.843170 66.000000
9177.843170 66.000000
9185.843140 65.000000
9191.843170 65.000000
9195.843170 66.000000
9200.843170 66.000000
9202.843140 66.000000
9209.843140 66.000000
9215.843170 67.000000
9217.843170 67.000000
9226.843170 67.000000
9229.843170 68.000000
9232.843170 68.000000
9237.843140 67.000000
9243.843140 68.000000
9251.843170 66.000000
9254.843140 66.000000
9260.843170 66.000000
9266.843170 65.000000
9271.843170 65.000000
9276.843170 65.000000
9277.843170 65.000000
9282.843170 66.000000
9287.843170 67.000000
9292.843170 66.000000
9300.843170 64.000000
9304.843170 65.000000
9307.843170 65.000000
9316.843140 66.000000
9317.843140 66.000000
9325.843170 66.000000
9328.843170 66.000000
9332.843140 67.000000
9341.843170 65.000000
9345.843170 65.000000
9349.843170 65.000000
9353.843170 65.000000
9357.843170 66.000000
9362.843170 69.000000
9369.843170 70.000000
9376.843170 76.000000
9380.843140 77.000000
9382.843140 76.000000
9389.843170 71.000000
9396.843170 67.000000
9401.843140 65.000000
9406.843140 65.000000
9411.843170 65.000000
9414.843140 65.000000
9421.843170 64.000000
9423.843170 64.000000
9430.843170 67.000000
9432.843170 67.000000
9441.843140 65.000000
9443.843170 65.000000
9447.843140 65.000000
9456.843170 63.000000
9460.843170 63.000000
9465.843140 63.000000
9469.843170 63.000000
9474.843170 64.000000
9477.843170 65.000000
9486.843170 62.000000
9491.843170 62.000000
9492.843170 62.000000
9498.843170 63.000000
9506.843170 64.000000
9508.843170 64.000000
9512.843170 64.000000
9521.843170 64.000000
9522.843170 64.000000
9529.843170 63.000000
9536.843140 64.000000
9540.843170 64.000000
9546.843140 64.000000
9548.843170 64.000000
9552.843140 64.000000
9561.843140 63.000000
9563.843170 63.000000
9568.843140 64.000000
9573.843140 64.000000
9581.843140 65.000000
9582.843170 65.000000
9588.843170 65.000000
9595.843170 63.000000
9601.843170 63.000000
9602.843170 63.000000
9608.843140 63.000000
9613.843140 63.000000
9620.843140 64.000000
9622.843170 64.000000
9627.843140 63.000000
9633.843170 63.000000
9641.843170 65.000000
9642.843170 66.000000
9651.843170 63.000000
9656.843170 63.000000
9658.843170 63.000000
9666.843140 64.000000
9667.843140 64.000000
9676.843140 62.000000
9678.843170 62.000000
9683.843170 62.000000
9691.843170 61.000000
9692.843170 62.000000
9701.843170 63.000000
9704.843170 63.000000
9710.843170 64.000000
9715.843170 64.000000
9717.843170 64.000000
9725.843170 64.000000
9727.843170 64.000000
9736.843140 63.000000
9737.843170 64.000000
9742.843170 64.000000
9751.843170 62.000000
9755.843140 62.000000
9761.843170 63.000000
9766.843170 63.000000
9770.843140 63.000000
9775.843140 63.000000
9781.843170 63.000000
9782.843170 63.000000
9791.843170 63.000000
9792.843170 63.000000
9798.843170 63.000000
9802.843170 62.000000
9811.843170 63.000000
9816.843140 64.000000
9820.843170 65.000000
9823.843140 65.000000
9828.843140 66.000000
9833.843170 66.000000
9838.843170 64.000000
9842.843140 64.000000
9851.843170 63.000000
9852.843170 63.000000
9858.843170 64.000000
9866.843170 64.000000
9870.843170 65.000000
9872.843140 65.000000
9878.843140 65.000000
9886.843140 65.000000
9891.843140 65.000000
9892.843140 65.000000
9901.843140 64.000000
9903.843170 65.000000
9907.843170 65.000000
9916.843170 65.000000
9919.843140 66.000000
9923.843140 66.000000
9927.843170 65.000000
9936.843140 64.000000
9937.843170 64.000000
9944.843170 62.000000
9948.843140 63.000000
9953.843170 63.000000
9957.843170 63.000000
9966.843170 65.000000
9969.843170 65.000000
9972.843170 66.000000
9980.843140 66.000000
9982.843170 65.000000
9991.843170 63.000000
9996.843140 63.000000
9997.843140 63.000000
10006.843140 64.000000
10010.843170 64.000000
10014.843170 64.000000
10021.843170 65.000000
10022.843140 65.000000
10031.843170 62.000000
10036.843170 63.000000
10039.843170 63.000000
10046.843170 64.000000
10047.843170 64.000000
10054.843140 64.000000
10057.843170 64.000000
10064.843140 63.000000
10070.843170 63.000000
10075.843170 62.000000
10081.843170 63.000000
10083.843140 64.000000
10090.843170 63.000000
10095.843170 63.000000
10099.843140 64.000000
10104.843140 64.000000
10110.843140 62.000000
10114.843170 62.000000
10120.843140 62.000000
10123.843140 62.000000
10129.843170 62.000000
10133.843140 63.000000
10137.843170 62.000000
10143.843140 62.000000
10149.843170 63.000000
10154.843140 63.000000
10160.843170 63.000000
10163.843140 63.000000
10167.843170 63.000000
10174.843140 64.000000
10179.843140 63.000000
10184.843170 64.000000
10189.843140 64.000000
10192.843170 64.000000
10201.843140 62.000000
10202.843170 62.000000
10207.843170 62.000000
10214.843170 64.000000
10220.843170 63.000000
10225.843140 62.000000
10229.843170 62.000000
10232.843140 62.000000
10241.843140 63.000000
10244.843170 62.000000
10248.843170 62.000000
10256.843140 61.000000
10257.843140 61.000000
10264.843170 61.000000
10271.843140 63.000000
10272.843170 63.000000
10279.843170 63.000000
10285.843170 65.000000
10290.843170 64.000000
10295.843170 64.000000
10300.843140 63.000000
10306.843170 64.000000
10307.843170 64.000000
10316.843170 63.000000
10319.843170 64.000000
10323.843170 64.000000
10328.843170 65.000000
10336.843170 63.000000
10338.843170 63.000000
10346.843140 64.000000
10347.843170 64.000000
10356.843170 62.000000
10358.843140 63.000000
10366.843170 64.000000
10367.843140 64.000000
10375.843170 64.000000
10380.843140 65.000000
10386.843170 65.000000
10390.843140 65.000000
10393.843140 65.000000
10399.843170 65.000000
10404.843170 64.000000
10411.843140 64.000000
10414.843140 65.000000
10420.843170 65.000000
10423.843140 65.000000
10429.843170 65.000000
10432.843170 64.000000
10439.843170 64.000000
10446.843170 63.000000
10448.843170 63.000000
10453.843170 63.000000
10458.843170 64.000000
10462.843170 64.000000
10468.843170 64.000000
10476.843170 63.000000
10480.843170 64.000000
10485.843170 64.000000
10488.843170 65.000000
10495.843170 65.000000
10500.843170 64.000000
10502.843140 64.000000
10511.843170 63.000000
10516.843170 64.000000
10521.843170 64.000000
10524.843140 64.000000
10527.843170 65.000000
10536.843170 63.000000
10541.843170 63.000000
10542.843140 64.000000
10551.843170 62.000000
10555.843140 62.000000
10561.843170 64.000000
10566.843170 64.000000
10571.843170 64.000000
10572.843170 64.000000
10581.843170 63.000000
10585.843140 64.000000
10590.843170 64.000000
10596.843140 64.000000
10598.843140 64.000000
10602.843170 64.000000
10607.843170 64.000000
10613.843170 65.000000
10621.843170 63.000000
10626.843170 63.000000
10628.843170 64.000000
10636.843170 64.000000
10637.843140 64.000000
10642.843170 64.000000
10651.843170 63.000000
10652.843170 63.000000
10658.843170 63.000000
10663.843170 63.000000
10668.843140 61.000000
10672.843170 61.000000
10680.843170 59.000000
10686.843140 59.000000
10687.843170 59.000000
10692.843140 61.000000
10697.843170 62.000000
10705.843170 63.000000
10708.843140 62.000000
10714.843170 62.000000
10720.843140 61.000000
10726.843140 62.000000
10727.843170 62.000000
10734.843170 62.000000
10739.843170 63.000000
10746.843170 64.000000
10747.843140 64.000000
10752.843170 63.000000
10759.843170 63.000000
10764.843170 62.000000
10767.843170 62.000000
10775.843170 60.000000
10777.843170 61.000000
10782.843170 64.000000
10791.843140 61.000000
10795.843170 61.000000
10799.843170 60.000000
10805.843170 62.000000
10807.843140 62.000000
10813.843170 61.000000
10821.843140 62.000000
10822.843170 62.000000
10831.843170 62.000000
10832.843140 62.000000
10837.843140 62.000000
10843.843170 63.000000
10847.843170 63.000000
10856.843140 63.000000
10861.843140 62.000000
10863.843140 62.000000
10868.843140 63.000000
10876.843170 64.000000
10878.843170 63.000000
10883.843140 64.000000
10891.843170 62.000000
10895.843140 62.000000
10899.843140 62.000000
10902.843140 62.000000
10907.843140 63.000000
10915.843140 64.000000
10917.843170 64.000000
10922.843170 65.000000
10931.843170 61.000000
10936.843170 62.000000
10937.843170 62.000000
10946.843170 60.000000
10947.843170 60.000000
10956.843140 63.000000
10958.843170 63.000000
10966.843170 64.000000
10971.843170 63.000000
10974.843140 63.000000
10979.843170 63.000000
10986.843170 63.000000
10987.843170 63.000000
10993.843140 63.000000
11001.843170 62.000000
11006.843170 62.000000
11007.843170 63.000000
11016.843170 64.000000
11021.843140 64.000000
11022.843170 64.000000
11027.843140 64.000000
11032.843140 64.000000
11041.843140 62.000000
11046.843140 63.000000
11047.843170 63.000000
11056.843140 63.000000
11058.843170 64.000000
11064.843140 64.000000
11067.843140 63.000000
11076.843170 62.000000
11078.843170 62.000000
11085.843140 61.000000
11090.843140 63.000000
11096.843170 63.000000
11097.843170 62.000000
11103.843140 61.000000
11111.843140 60.000000
11114.843170 61.000000
11117.843170 61.000000
11126.843170 62.000000
11130.843170 62.000000
11133.843170 62.000000
11140.843170 62.000000
11142.843170 63.000000
11148.843170 63.000000
11156.843170 62.000000
11157.843170 62.000000
11164.843170 62.000000
11171.843170 63.000000
11176.843140 62.000000
11179.843170 62.000000
11184.843170 62.000000
11188.843140 62.000000
11193.843170 63.000000
11198.843170 62.000000
11205.843140 60.000000
11208.843140 60.000000
11216.843170 60.000000
11218.843170 60.000000
11226.843170 61.000000
11231.843170 60.000000
11233.843140 61.000000
11241.843140 61.000000
11242.843140 61.000000
11251.843140 61.000000
11255.843170 61.000000
11261.843170 60.000000
11266.843140 60.000000
11269.843170 60.000000
11272.843140 61.000000
11278.843170 62.000000
11286.843170 62.000000
11291.843170 62.000000
11292.843170 62.000000
11301.843170 63.000000
11302.843170 63.000000
11308.843170 61.000000
11315.843170 61.000000
11321.843140 61.000000
11324.843170 61.000000
11331.843170 61.000000
11333.843140 61.000000
11337.843170 61.000000
11344.843170 61.000000
11347.843170 61.000000
11353.843170 61.000000
11360.843170 62.000000
11366.843140 60.000000
11368.843140 60.000000
11375.843170 62.000000
11380.843170 62.000000
11383.843140 62.000000
11391.843170 62.000000
11396.843170 62.000000
11397.843140 62.000000
11406.843170 63.000000
11409.843170 63.000000
11416.843140 61.000000
11420.843140 61.000000
11422.843170 62.000000
11427.843140 66.000000
11432.843170 73.000000
11441.843170 83.000000
11444.843170 88.000000
11451.843140 95.000000
11452.843170 94.000000
11461.843170 80.000000
11466.843140 77.000000
11467.843170 76.000000
11476.843140 69.000000
11478.843170 69.000000
11483.843140 65.000000
11491.843170 61.000000
11494.843170 60.000000
11498.843170 60.000000
11506.843170 57.000000
11511.843140 56.000000
11516.843140 57.000000
11517.843170 57.000000
11526.843170 59.000000
11531.843170 59.000000
11532.843140 59.000000
11539.843170 61.000000
11546.843170 62.000000
11547.843140 62.000000
11552.843170 62.000000
11561.843140 59.000000
11564.843170 59.000000
11571.843170 58.000000
11574.843140 58.000000
11577.843140 59.000000
11582.843170 61.000000
11591.843170 59.000000
11595.843170 59.000000
11601.843170 60.000000
11604.843170 59.000000
11611.843170 59.000000
11616.843170 59.000000
11617.843170 59.000000
11623.843170 59.000000
11631.843140 59.000000
11632.843140 59.000000
11637.843140 60.000000
11646.843140 58.000000
11647.843140 58.000000
11652.843140 57.000000
11658.843140 57.000000
11662.843140 58.000000
11667.843140 64.000000
11676.843170 79.000000
11681.843170 80.000000
11682.843140 79.000000
11687.843170 75.000000
11696.843140 65.000000
11700.843170 62.000000
11706.843170 60.000000
11707.843170 61.000000
11716.843170 58.000000
11721.843170 57.000000
11724.843140 57.000000
11731.843140 59.000000
11732.843170 59.000000
11739.843140 60.000000
11745.843140 59.000000
11748.843140 60.000000
11752.843170 62.000000
11757.843140 61.000000
11766.843140 57.000000
11770.843170 57.000000
11775.843170 58.000000
11781.843170 58.000000
11784.843170 58.000000
11790.843170 58.000000
11793.843170 59.000000
11799.843140 59.000000
11806.843170 59.000000
11808.843140 58.000000
11815.843170 61.000000
11820.843140 61.000000
11822.843170 62.000000
11827.843170 60.000000
11836.843140 56.000000
11839.843140 56.000000
11844.843170 59.000000
11849.843170 60.000000
11852.843140 61.000000
11861.843170 71.000000
11862.843170 71.000000
11871.843170 64.000000
11874.843170 64.000000
11880.843140 62.000000
11886.843170 61.000000
11888.843140 61.000000
11896.843170 60.000000
11897.843170 61.000000
11905.843170 71.000000
11907.843170 72.000000
11912.843170 76.000000
11921.843170 88.000000
11926.843140 91.000000
11928.843170 88.000000
11936.843170 76.000000
11941.843170 72.000000
11945.843170 69.000000
11951.843170 67.000000
11956.843140 66.000000
11957.843170 65.000000
11963.843140 63.000000
11971.843140 60.000000
11976.843170 60.000000
11977.843170 60.000000
11982.843170 60.000000
11988.843140 63.000000
11996.843170 60.000000
11999.843170 59.000000
12006.843170 58.000000
12007.843170 58.000000
12012.843170 60.000000
12020.843170 59.000000
12022.843170 60.000000
12029.843140 62.000000
12034.843170 61.000000
12038.843170 63.000000
12045.843140 61.000000
12047.843140 62.000000
12056.843170 68.000000
12061.843170 71.000000
12063.843170 72.000000
12071.843170 67.000000
12076.843140 68.000000
12079.843170 67.000000
12086.843140 67.000000
12087.843170 67.000000
12096.843140 64.000000
12100.843140 65.000000
12103.843170 65.000000
12111.843170 68.000000
12116.843170 64.000000
12120.843170 65.000000
12122.843140 66.000000
12129.843140 61.000000
12136.843170 59.000000
12141.843140 59.000000
12142.843170 59.000000
12151.843170 59.000000
12153.843170 59.000000
12158.843170 59.000000
12164.843170 60.000000
12170.843140 59.000000
12176.843170 59.000000
12177.843140 59.000000
12184.843170 59.000000
12187.843140 59.000000
12196.843170 64.000000
12201.843140 65.000000
12203.843140 65.000000
12211.843170 61.000000
12216.843170 61.000000
12221.843170 60.000000
12226.843170 59.000000
12227.843170 59.000000
12236.843140 61.000000
12239.843140 61.000000
12242.843170 62.000000
12248.843140 64.000000
12252.843140 64.000000
12261.843170 71.000000
12263.843140 71.000000
12267.843170 69.000000
12276.843170 64.000000
12281.843170 65.000000
12284.843170 65.000000
12289.843170 67.000000
12293.843170 67.000000
12297.843170 68.000000
12302.843140 66.000000
12310.843170 62.000000
12316.843170 61.000000
12317.843170 61.000000
12322.843140 63.000000
12331.843140 67.000000
12332.843170 67.000000
12341.843170 64.000000
12342.843170 64.000000
12351.843170 62.000000
12356.843170 60.000000
12361.843140 58.000000
12366.843170 57.000000
12368.843170 58.000000
12373.843170 59.000000
12381.843170 63.000000
12382.843140 64.000000
12387.843170 66.000000
12394.843170 64.000000
12401.843170 61.000000
12406.843140 60.000000
12408.843140 61.000000
12416.843170 59.000000
12418.843170 59.000000
12422.843140 59.000000
12427.843170 63.000000
12436.843170 59.000000
12438.843170 59.000000
12442.843140 60.000000
12449.843170 62.000000
12456.843140 58.000000
12457.843170 58.000000
12462.843170 64.000000
12467.843170 67.000000
12476.843170 91.000000
12477.843170 90.000000
12486.843170 70.000000
12491.843170 61.000000
12496.843140 59.000000
12501.843170 57.000000
12506.843170 55.000000
12510.843170 55.000000
12515.843170 56.000000
12517.843170 57.000000
12526.843140 54.000000
12531.843170 54.000000
12532.843170 54.000000
12541.843140 53.000000
12546.843170 52.000000
12547.843170 52.000000
12552.843170 54.000000
12561.843170 62.000000
12564.843170 61.000000
12570.843170 58.000000
12576.843170 56.000000
12577.843140 56.000000
12586.843170 59.000000
12591.843170 59.000000
12592.843140 59.000000
12600.843170 57.000000
12606.843170 57.000000
12608.843170 57.000000
12613.843170 57.000000
12619.843170 54.000000
12626.843170 53.000000
12628.843170 53.000000
12633.843170 54.000000
12637.843140 54.000000
12645.843170 61.000000
12647.843170 60.000000
12656.843170 54.000000
12661.843170 54.000000
12666.843170 54.000000
12668.843140 54.000000
12672.843140 55.000000
12681.843170 56.000000
12684.843170 55.000000
12690.843170 55.000000
12694.843140 55.000000
12697.843170 56.000000
12702.843170 61.000000
12711.841840 62.000000
12715.841870 62.000000
12721.841870 60.000000
12723.841840 60.000000
12727.841870 61.000000
12734.841870 59.000000
12738.841870 58.000000
12746.841870 53.000000
12751.841870 52.000000
12756.841870 53.000000
12757.841870 53.000000
12763.841870 55.000000
12767.841870 56.000000
12776.841870 60.000000
12781.841870 61.000000
12786.841870 60.000000
12791.841840 59.000000
12792.841870 59.000000
12800.841870 58.000000
12806.841840 58.000000
12811.841870 58.000000
12812.841870 58.000000
12819.841870 59.000000
12823.841870 61.000000
12827.841840 62.000000
12832.841870 63.000000
12841.841870 74.000000
12846.841840 68.000000
12851.841870 65.000000
12853.841870 65.000000
12858.841840 63.000000
12866.841870 59.000000
12871.841870 59.000000
12873.841870 58.000000
12877.841870 58.000000
12883.841870 60.000000
12891.841840 55.000000
12896.841870 54.000000
12901.841870 54.000000
12902.841870 54.000000
12911.841870 55.000000
12913.841870 55.000000
12920.841840 57.000000
12926.841840 59.000000
12928.841870 60.000000
12934.841870 58.000000
12937.841870 60.000000
12945.841870 60.000000
12951.841870 56.000000
12955.841870 56.000000
12961.841840 54.000000
12966.841870 54.000000
12971.841870 54.000000
12972.841840 54.000000
12977.841870 55.000000
12985.841870 62.000000
12988.841870 63.000000
12992.841870 62.000000
13001.841870 57.000000
13004.841840 57.000000
13007.841870 58.000000
13016.841870 78.000000
13021.841870 73.000000
13022.841840 72.000000
13030.841870 65.000000
13036.841870 61.000000
13041.841870 59.000000
13046.841870 59.000000
13050.841870 59.000000
13054.841870 57.000000
13060.841840 56.000000
13065.841870 56.000000
13068.841840 56.000000
13074.841870 57.000000
13081.841840 57.000000
13082.841840 57.000000
13087.841870 59.000000
13094.841840 59.000000
13097.841870 59.000000
13102.841840 62.000000
13111.841840 56.000000
13116.841840 57.000000
13121.841870 56.000000
13125.841840 56.000000
13127.841870 56.000000
13132.841870 56.000000
13141.841870 57.000000
13143.841870 57.000000
13148.841840 57.000000
13152.841870 58.000000
13161.841840 62.000000
13165.841870 63.000000
13171.841870 65.000000
13173.841870 64.000000
13179.841870 64.000000
13184.841870 65.000000
13188.841870 65.000000
13196.841840 71.000000
13197.841870 70.000000
13205.841840 67.000000
13207.841840 67.000000
13216.841870 72.000000
13220.841870 71.000000
13226.841870 70.000000
13227.841870 69.000000
13232.841840 67.000000
13241.841870 62.000000
13243.841870 62.000000
13247.841870 66.000000
13256.841870 79.000000
13261.841840 85.000000
13263.841870 85.000000
13271.841840 71.000000
13276.841840 63.000000
13281.841870 61.000000
13286.841870 59.000000
13287.841870 59.000000
13293.841840 58.000000
13301.841870 56.000000
13306.841870 57.000000
13307.841870 57.000000
13315.841870 57.000000
13317.841870 57.000000
13325.841870 55.000000
13328.841870 55.000000
13332.841870 56.000000
13341.841870 53.000000
13346.841870 53.000000
13348.841840 53.000000
13354.841870 52.000000
13357.841870 53.000000
13366.841870 59.000000
13369.841870 58.000000
13372.841870 59.000000
13381.841870 55.000000
13386.841870 56.000000
13388.841870 56.000000
13396.841870 57.000000
13400.841840 57.000000
13406.841840 57.000000
13408.841870 56.000000
13414.841870 56.000000
13421.841840 54.000000
13424.841870 54.000000
13427.841840 54.000000
13436.841840 52.000000
13441.841840 53.000000
13442.841840 53.000000
13448.841840 54.000000
13456.841870 56.000000
13459.841870 57.000000
13462.841840 57.000000
13467.841870 57.000000
13472.841870 58.000000
13477.841870 60.000000
13486.841840 68.000000
13491.841870 66.000000
13494.841870 66.000000
13497.841870 65.000000
13506.841870 59.000000
13511.841870 57.000000
13516.841870 57.000000
13520.841870 56.000000
13522.841870 56.000000
13527.841870 62.000000
13533.841870 72.000000
13539.841870 73.000000
13546.841840 65.000000
13549.841840 63.000000
13554.841840 61.000000
13561.841840 59.000000
13566.841870 58.000000
13571.841870 57.000000
13574.841870 57.000000
13577.841870 57.000000
13586.841870 58.000000
13587.841870 59.000000
13596.841870 56.000000
13600.841870 56.000000
13603.841870 56.000000
13607.841870 56.000000
13613.841870 55.000000
13617.841870 56.000000
13623.841870 56.000000
13627.841870 55.000000
13635.841840 57.000000
13641.841870 58.000000
13644.841870 57.000000
13649.841870 57.000000
13653.841870 57.000000
13659.841870 57.000000
13662.841840 56.000000
13671.841870 53.000000
13674.841870 53.000000
13677.841840 54.000000
13686.841840 58.000000
13687.841870 58.000000
13692.841840 60.000000
13701.841870 58.000000
13704.841870 58.000000
13708.841840 59.000000
13712.841870 57.000000
13720.841840 53.000000
13726.841870 52.000000
13731.841840 53.000000
13732.841870 54.000000
13741.841840 56.000000
13746.841870 56.000000
13747.841870 56.000000
13753.841870 58.000000
13761.841870 57.000000
13764.841870 57.000000
13767.841840 58.000000
13772.841870 59.000000
13781.841840 56.000000
13786.841870 55.000000
13789.841870 55.000000
13792.841870 55.000000
13797.841840 62.000000
13805.841870 59.000000
13810.841870 65.000000
13814.841840 67.000000
13821.841870 76.000000
13824.841870 78.000000
13827.841840 76.000000
13836.841840 62.000000
13841.841870 59.000000
13846.841870 57.000000
13851.841870 56.000000
13856.841840 56.000000
13857.841870 55.000000
13862.841840 57.000000
13871.841870 55.000000
13874.841870 55.000000
13877.841870 54.000000
13885.841870 54.000000
13889.841870 54.000000
13894.841870 55.000000
13901.841870 55.000000
13906.841870 55.000000
13907.841870 56.000000
13912.841870 58.000000
13921.841840 58.000000
13922.841840 58.000000
13929.841870 62.000000
13936.841870 60.000000
13941.841870 59.000000
13946.841870 59.000000
13950.841870 59.000000
13952.841870 60.000000
13957.841840 62.000000
13964.841840 61.000000
13967.841870 60.000000
13976.841870 56.000000
13981.841840 56.000000
13985.841870 57.000000
13987.841870 57.000000
13992.841870 58.000000
14000.841870 61.000000
14006.841840 62.000000
14007.841840 62.000000
14013.841870 62.000000
14021.841870 65.000000
14026.841840 65.000000
14027.841870 66.000000
14036.841870 66.000000
14038.841870 66.000000
14042.841870 67.000000
14047.841870 68.000000
14056.841870 73.000000
14057.841870 73.000000
14066.841870 76.000000
14071.841840 74.000000
14072.841870 74.000000
14078.841870 71.000000
14082.841870 69.000000
14090.841870 67.000000
14092.841870 67.000000
14097.841870 63.000000
14106.841870 58.000000
14108.841870 59.000000
14112.841870 63.000000
14120.841840 70.000000
14124.841870 69.000000
14131.841870 66.000000
14134.841870 66.000000
14137.841870 68.000000
14146.841870 78.000000
14151.841840 79.000000
14152.841870 79.000000
14161.841870 73.000000
14165.841870 71.000000
14167.841870 71.000000
14176.841870 66.000000
14179.841870 66.000000
14182.841870 66.000000
14191.841870 61.000000
14193.841870 61.000000
14201.841870 59.000000
14202.841870 59.000000
14209.841840 61.000000
14212.841870 61.000000
