0.002458,0.000000
15.018285,70.610000
30.034112,49.120000
45.049939,165.780000
60.065766,42.980000
75.081593,0.000000
90.097419,0.000000
105.113246,0.000000
120.129073,0.000000
135.144900,0.000000
150.160727,0.000000
165.176554,3.070000
180.192381,0.000000
195.208208,0.000000
210.224035,0.000000
225.239861,0.000000
240.255688,0.000000
255.271515,0.000000
270.287342,0.000000
285.303169,0.000000
300.318996,0.000000
315.334823,0.000000
330.350650,0.000000
345.366477,0.000000
360.382303,0.000000
375.398130,0.000000
390.413957,0.000000
405.429784,0.000000
420.445611,0.000000
435.461438,0.000000
450.477265,0.000000
465.493092,0.000000
480.508919,0.000000
495.524745,0.000000
510.540572,0.000000
525.556399,0.000000
540.572226,0.000000
555.588053,0.000000
570.603880,0.000000
585.619707,0.000000
600.635534,0.000000
615.651361,0.000000
630.667187,0.000000
645.683014,0.000000
660.698841,0.000000
675.714668,0.000000
690.730495,0.000000
705.746322,0.000000
720.762149,0.000000
735.777976,0.000000
750.793802,0.000000
765.809629,0.000000
780.825456,0.000000
795.841283,0.000000
810.857110,0.000000
825.872937,0.000000
840.888764,0.000000
855.904591,0.000000
870.920418,0.000000
885.936244,0.000000
900.952071,0.000000
915.967898,0.000000
930.983725,0.000000
945.999552,0.000000
961.015379,0.000000
976.031206,0.000000
991.047033,0.000000
1006.062860,0.000000
1021.078686,0.000000
1036.094513,0.000000
1051.110340,0.000000
1066.126167,0.000000
1081.141994,0.000000
1096.157821,0.000000
1111.173648,0.000000
1126.189475,0.000000
1141.205302,0.000000
1156.221128,0.000000
1171.236955,0.000000
1186.252782,0.000000
1201.268609,0.000000
1216.284436,0.000000
1231.300263,0.000000
1246.316090,0.000000
1261.331917,0.000000
1276.347744,0.000000
1291.363570,0.000000
1306.379397,0.000000
1321.395224,0.000000
1336.411051,0.000000
1351.426878,0.000000
1366.442705,0.000000
1381.458532,0.000000
1396.474359,0.000000
1411.490186,0.000000
1426.506012,0.000000
1441.521839,0.000000
1456.537666,0.000000
1471.553493,0.000000
1486.569320,0.000000
1501.585147,0.000000
1516.600974,0.000000
1531.616801,0.000000
1546.632628,0.000000
1561.648454,0.000000
1576.664281,0.000000
1591.680108,0.000000
1606.695935,0.000000
1621.711762,0.000000
1636.727589,0.000000
1651.743416,0.000000
1666.759243,0.000000
1681.775070,0.000000
1696.790896,55.260000
1711.806723,0.000000
1726.822550,0.000000
1741.838377,0.000000
1756.854204,0.000000
1771.870031,0.000000
1786.885858,0.000000
1801.901685,0.000000
1816.917512,0.000000
1831.933338,0.000000
1846.949165,0.000000
1861.964992,0.000000
1876.980819,0.000000
1891.996646,0.000000
1907.012473,0.000000
1922.028300,0.000000
1937.044127,0.000000
1952.059954,0.000000
1967.075780,0.000000
1982.091607,0.000000
1997.107434,0.000000
2012.123261,0.000000
2027.139088,0.000000
2042.154915,0.000000
2057.170742,0.000000
2072.186569,0.000000
2087.202396,0.000000
2102.218222,0.000000
2117.234049,0.000000
2132.249876,0.000000
2147.265703,0.000000
2162.281530,0.000000
2177.297357,0.000000
2192.313184,0.000000
2207.329011,0.000000
2222.344838,0.000000
2237.360664,0.000000
2252.376491,0.000000
2267.392318,0.000000
2282.408145,0.000000
2297.423972,0.000000
2312.439799,0.000000
2327.455626,0.000000
2342.471453,0.000000
2357.487280,0.000000
2372.503106,0.000000
2387.518933,0.000000
2402.534760,0.000000
2417.550587,0.000000
2432.566414,0.000000
2447.582241,0.000000
2462.598068,0.000000
2477.613895,0.000000
2492.629721,0.000000
2507.645548,0.000000
2522.661375,0.000000
2537.677202,0.000000
2552.693029,0.000000
2567.708856,0.000000
2582.724683,0.000000
2597.740510,0.000000
2612.756337,0.000000
2627.772163,0.000000
2642.787990,0.000000
2657.803817,0.000000
2672.819644,0.000000
2687.835471,0.000000
2702.851298,0.000000
2717.867125,0.000000
2732.882952,0.000000
2747.898779,0.000000
2762.914605,0.000000
2777.930432,0.000000
2792.946259,0.000000
2807.962086,0.000000
2822.977913,0.000000
2837.993740,0.000000
2853.009567,0.000000
2868.025394,0.000000
2883.041221,0.000000
2898.057047,0.000000
2913.072874,0.000000
2928.088701,0.000000
2943.104528,0.000000
2958.120355,0.000000
2973.136182,0.000000
2988.152009,0.000000
3003.167836,0.000000
3018.183663,0.000000
3033.199489,0.000000
3048.215316,0.000000
3063.231143,0.000000
3078.246970,0.000000
3093.262797,0.000000
3108.278624,0.000000
3123.294451,0.000000
3138.310278,0.000000
3153.326105,0.000000
3168.341931,0.000000
3183.357758,0.000000
3198.373585,0.000000
3213.389412,0.000000
3228.405239,0.000000
3243.421066,0.000000
3258.436893,0.000000
3273.452720,0.000000
3288.468547,0.000000
3303.484373,0.000000
3318.500200,0.000000
3333.516027,0.000000
3348.531854,0.000000
3363.547681,0.000000
3378.563508,0.000000
3393.579335,0.000000
3408.595162,0.000000
3423.610989,0.000000
3438.626815,0.000000
3453.642642,0.000000
3468.658469,0.000000
3483.674296,0.000000
3498.690123,0.000000
3513.705950,0.000000
3528.721777,0.000000
3543.737604,0.000000
3558.753431,0.000000
3573.769257,0.000000
3588.785084,0.000000
3603.800911,0.000000
3618.816738,0.000000
3633.832565,0.000000
3648.848392,0.000000
3663.864219,0.000000
3678.880046,0.000000
3693.895873,0.000000
3708.911699,0.000000
3723.927526,0.000000
3738.943353,0.000000
3753.959180,0.000000
3768.975007,0.000000
3783.990834,0.000000
3799.006661,0.000000
3814.022488,0.000000
3829.038315,0.000000
3844.054141,0.000000
3859.069968,0.000000
3874.085795,0.000000
3889.101622,0.000000
3904.117449,0.000000
3919.133276,0.000000
3934.149103,0.000000
3949.164930,0.000000
3964.180757,0.000000
3979.196583,0.000000
3994.212410,0.000000
4009.228237,0.000000
4024.244064,0.000000
4039.259891,0.000000
4054.275718,0.000000
4069.291545,0.000000
4084.307372,0.000000
4099.323199,0.000000
4114.339025,0.000000
4129.354852,0.000000
4144.370679,0.000000
4159.386506,0.000000
4174.402333,0.000000
4189.418160,0.000000
4204.433987,0.000000
4219.449814,0.000000
4234.465641,0.000000
4249.481467,0.000000
4264.497294,0.000000
4279.513121,36.840000
4294.528948,0.000000
4309.544775,0.000000
4324.560602,0.000000
4339.576429,0.000000
4354.592256,0.000000
4369.608082,0.000000
4384.623909,0.000000
4399.639736,0.000000
4414.655563,0.000000
4429.671390,0.000000
4444.687217,0.000000
4459.703044,0.000000
4474.718871,0.000000
4489.734698,0.000000
4504.750524,0.000000
4519.766351,0.000000
4534.782178,0.000000
4549.798005,0.000000
4564.813832,0.000000
4579.829659,0.000000
4594.845486,0.000000
4609.861313,0.000000
4624.877140,0.000000
4639.892966,0.000000
4654.908793,0.000000
4669.924620,0.000000
4684.940447,0.000000
4699.956274,0.000000
4714.972101,0.000000
4729.987928,0.000000
4745.003755,0.000000
4760.019582,0.000000
4775.035408,0.000000
4790.051235,0.000000
4805.067062,0.000000
4820.082889,0.000000
4835.098716,0.000000
4850.114543,0.000000
4865.130370,0.000000
4880.146197,0.000000
4895.162024,0.000000
4910.177850,0.000000
4925.193677,0.000000
4940.209504,0.000000
4955.225331,0.000000
4970.241158,3.070000
4985.256985,0.000000
5000.272812,0.000000
5015.288639,0.000000
5030.304466,0.000000
5045.320292,0.000000
5060.336119,0.000000
5075.351946,0.000000
5090.367773,0.000000
5105.383600,0.000000
5120.399427,0.000000
5135.415254,0.000000
5150.431081,0.000000
5165.446908,0.000000
5180.462734,0.000000
5195.478561,0.000000
5210.494388,0.000000
5225.510215,0.000000
5240.526042,0.000000
5255.541869,0.000000
5270.557696,0.000000
5285.573523,0.000000
5300.589350,0.000000
5315.605176,0.000000
5330.621003,0.000000
5345.636830,0.000000
5360.652657,0.000000
5375.668484,0.000000
5390.684311,0.000000
5405.700138,0.000000
5420.715965,0.000000
5435.731792,0.000000
5450.747618,70.610000
5465.763445,0.000000
5480.779272,0.000000
5495.795099,0.000000
5510.810926,0.000000
5525.826753,0.000000
5540.842580,0.000000
5555.858407,0.000000
5570.874234,0.000000
5585.890060,0.000000
5600.905887,0.000000
5615.921714,0.000000
5630.937541,0.000000
5645.953368,0.000000
5660.969195,0.000000
5675.985022,0.000000
5691.000849,0.000000
5706.016676,0.000000
5721.032502,0.000000
5736.048329,0.000000
5751.064156,0.000000
5766.079983,0.000000
5781.095810,0.000000
5796.111637,0.000000
5811.127464,0.000000
5826.143291,0.000000
5841.159118,0.000000
5856.174944,0.000000
5871.190771,0.000000
5886.206598,0.000000
5901.222425,0.000000
5916.238252,9.210000
5931.254079,0.000000
5946.269906,0.000000
5961.285733,0.000000
5976.301560,0.000000
5991.317386,0.000000
6006.333213,0.000000
6021.349040,0.000000
6036.364867,0.000000
6051.380694,0.000000
6066.396521,0.000000
6081.412348,0.000000
6096.428175,0.000000
6111.444001,3.070000
6126.459828,0.000000
6141.475655,0.000000
6156.491482,0.000000
6171.507309,0.000000
6186.523136,0.000000
6201.538963,0.000000
6216.554790,0.000000
6231.570617,0.000000
6246.586443,0.000000
6261.602270,0.000000
6276.618097,0.000000
6291.633924,0.000000
6306.649751,0.000000
6321.665578,0.000000
6336.681405,0.000000
6351.697232,0.000000
6366.713059,0.000000
6381.728885,0.000000
6396.744712,0.000000
6411.760539,0.000000
6426.776366,0.000000
6441.792193,0.000000
6456.808020,0.000000
6471.823847,0.000000
6486.839674,0.000000
6501.855501,0.000000
6516.871327,0.000000
6531.887154,0.000000
6546.902981,0.000000
6561.918808,0.000000
6576.934635,0.000000
6591.950462,0.000000
6606.966289,0.000000
6621.982116,0.000000
6636.997943,0.000000
6652.013769,0.000000
6667.029596,0.000000
6682.045423,0.000000
6697.061250,0.000000
6712.077077,0.000000
6727.092904,0.000000
6742.108731,0.000000
6757.124558,0.000000
6772.140385,0.000000
6787.156211,76.750000
6802.172038,0.000000
6817.187865,0.000000
6832.203692,0.000000
6847.219519,0.000000
6862.235346,0.000000
6877.251173,0.000000
6892.267000,0.000000
6907.282827,0.000000
6922.298653,0.000000
6937.314480,0.000000
6952.330307,0.000000
6967.346134,0.000000
6982.361961,0.000000
6997.377788,0.000000
7012.393615,0.000000
7027.409442,0.000000
7042.425269,0.000000
7057.441095,0.000000
7072.456922,0.000000
7087.472749,0.000000
7102.488576,0.000000
7117.504403,0.000000
7132.520230,0.000000
7147.536057,0.000000
7162.551884,0.000000
7177.567711,0.000000
7192.583537,89.030000
7207.599364,0.000000
7222.615191,0.000000
7237.631018,0.000000
7252.646845,0.000000
7267.662672,0.000000
7282.678499,0.000000
7297.694326,0.000000
7312.710153,0.000000
7327.725979,0.000000
7342.741806,0.000000
7357.757633,0.000000
7372.773460,0.000000
7387.789287,0.000000
7402.805114,0.000000
7417.820941,0.000000
7432.836768,0.000000
7447.852595,0.000000
7462.868421,0.000000
7477.884248,0.000000
7492.900075,0.000000
7507.915902,0.000000
7522.931729,0.000000
7537.947556,0.000000
7552.963383,0.000000
7567.979210,0.000000
7582.995037,0.000000
7598.010863,0.000000
7613.026690,0.000000
7628.042517,0.000000
7643.058344,0.000000
7658.074171,0.000000
7673.089998,0.000000
7688.105825,0.000000
7703.121652,0.000000
7718.137479,0.000000
7733.153305,0.000000
7748.169132,0.000000
7763.184959,0.000000
7778.200786,0.000000
7793.216613,0.000000
7808.232440,0.000000
7823.248267,0.000000
7838.264094,0.000000
7853.279921,0.000000
7868.295747,0.000000
7883.311574,0.000000
7898.327401,0.000000
7913.343228,0.000000
7928.359055,0.000000
7943.374882,0.000000
7958.390709,0.000000
7973.406536,0.000000
7988.422362,0.000000
8003.438189,0.000000
8018.454016,0.000000
8033.469843,0.000000
8048.485670,0.000000
8063.501497,0.000000
8078.517324,0.000000
8093.533151,0.000000
8108.548978,0.000000
8123.564804,0.000000
8138.580631,0.000000
8153.596458,0.000000
8168.612285,0.000000
8183.628112,0.000000
8198.643939,0.000000
8213.659766,0.000000
8228.675593,0.000000
8243.691420,0.000000
8258.707246,0.000000
8273.723073,0.000000
8288.738900,0.000000
8303.754727,0.000000
8318.770554,0.000000
8333.786381,0.000000
8348.802208,0.000000
8363.818035,0.000000
8378.833862,0.000000
8393.849688,0.000000
8408.865515,0.000000
8423.881342,0.000000
8438.897169,0.000000
8453.912996,0.000000
8468.928823,0.000000
8483.944650,0.000000
8498.960477,0.000000
8513.976304,0.000000
8528.992130,0.000000
8544.007957,0.000000
8559.023784,0.000000
8574.039611,0.000000
8589.055438,0.000000
8604.071265,27.630000
8619.087092,12.280000
8634.102919,0.000000
8649.118746,0.000000
8664.134572,0.000000
8679.150399,0.000000
8694.166226,0.000000
8709.182053,0.000000
8724.197880,0.000000
8739.213707,0.000000
8754.229534,0.000000
8769.245361,0.000000
8784.261188,0.000000
8799.277014,0.000000
8814.292841,0.000000
8829.308668,0.000000
8844.324495,0.000000
8859.340322,0.000000
8874.356149,0.000000
8889.371976,0.000000
8904.387803,0.000000
8919.403630,0.000000
8934.419456,0.000000
8949.435283,0.000000
8964.451110,0.000000
8979.466937,0.000000
8994.482764,0.000000
9009.498591,0.000000
9024.514418,0.000000
9039.530245,0.000000
9054.546072,0.000000
9069.561898,0.000000
9084.577725,0.000000
9099.593552,0.000000
9114.609379,0.000000
9129.625206,0.000000
9144.641033,0.000000
9159.656860,0.000000
9174.672687,0.000000
9189.688514,0.000000
9204.704340,0.000000
9219.720167,0.000000
9234.735994,0.000000
9249.751821,0.000000
9264.767648,0.000000
9279.783475,0.000000
9294.799302,0.000000
9309.815129,0.000000
9324.830956,0.000000
9339.846782,0.000000
9354.862609,30.700000
9369.878436,18.420000
9384.894263,0.000000
9399.910090,0.000000
9414.925917,0.000000
9429.941744,0.000000
9444.957571,0.000000
9459.973398,0.000000
9474.989224,0.000000
9490.005051,0.000000
9505.020878,0.000000
9520.036705,0.000000
9535.052532,0.000000
9550.068359,0.000000
9565.084186,0.000000
9580.100013,0.000000
9595.115840,0.000000
9610.131666,0.000000
9625.147493,0.000000
9640.163320,0.000000
9655.179147,0.000000
9670.194974,0.000000
9685.210801,0.000000
9700.226628,0.000000
9715.242455,0.000000
9730.258281,0.000000
9745.274108,0.000000
9760.289935,0.000000
9775.305762,0.000000
9790.321589,0.000000
9805.337416,0.000000
9820.353243,0.000000
9835.369070,0.000000
9850.384897,0.000000
9865.400723,0.000000
9880.416550,0.000000
9895.432377,0.000000
9910.448204,0.000000
9925.464031,0.000000
9940.479858,0.000000
9955.495685,0.000000
9970.511512,0.000000
9985.527339,0.000000
10000.543165,0.000000
10015.558992,0.000000
10030.574819,0.000000
10045.590646,0.000000
10060.606473,0.000000
10075.622300,0.000000
10090.638127,0.000000
10105.653954,0.000000
10120.669781,0.000000
10135.685607,0.000000
10150.701434,0.000000
10165.717261,0.000000
10180.733088,0.000000
10195.748915,0.000000
10210.764742,0.000000
10225.780569,0.000000
10240.796396,0.000000
10255.812223,0.000000
10270.828049,0.000000
10285.843876,0.000000
10300.859703,0.000000
10315.875530,0.000000
10330.891357,0.000000
10345.907184,0.000000
10360.923011,0.000000
10375.938838,0.000000
10390.954665,0.000000
10405.970491,0.000000
10420.986318,0.000000
10436.002145,0.000000
10451.017972,0.000000
10466.033799,0.000000
10481.049626,0.000000
10496.065453,0.000000
10511.081280,0.000000
10526.097107,0.000000
10541.112933,0.000000
10556.128760,0.000000
10571.144587,0.000000
10586.160414,0.000000
10601.176241,0.000000
10616.192068,0.000000
10631.207895,0.000000
10646.223722,0.000000
10661.239549,0.000000
10676.255375,0.000000
10691.271202,0.000000
10706.287029,0.000000
10721.302856,0.000000
10736.318683,0.000000
10751.334510,0.000000
10766.350337,0.000000
10781.366164,0.000000
10796.381991,0.000000
10811.397817,0.000000
10826.413644,0.000000
10841.429471,0.000000
10856.445298,0.000000
10871.461125,0.000000
10886.476952,0.000000
10901.492779,0.000000
10916.508606,0.000000
10931.524433,0.000000
10946.540259,0.000000
10961.556086,0.000000
10976.571913,0.000000
10991.587740,0.000000
11006.603567,0.000000
11021.619394,0.000000
11036.635221,0.000000
11051.651048,0.000000
11066.666875,0.000000
11081.682701,0.000000
11096.698528,0.000000
11111.714355,0.000000
11126.730182,0.000000
11141.746009,0.000000
11156.761836,0.000000
11171.777663,0.000000
11186.793490,0.000000
11201.809317,0.000000
11216.825143,0.000000
11231.840970,0.000000
11246.856797,0.000000
11261.872624,0.000000
11276.888451,0.000000
11291.904278,0.000000
11306.920105,0.000000
11321.935932,0.000000
11336.951759,0.000000
11351.967585,0.000000
11366.983412,0.000000
11381.999239,0.000000
11397.015066,0.000000
11412.030893,0.000000
11427.046720,0.000000
11442.062547,0.000000
11457.078374,0.000000
11472.094201,0.000000
11487.110027,0.000000
11502.125854,0.000000
11517.141681,0.000000
11532.157508,0.000000
11547.173335,0.000000
11562.189162,0.000000
11577.204989,0.000000
11592.220816,0.000000
11607.236642,0.000000
11622.252469,0.000000
11637.268296,0.000000
11652.284123,0.000000
11667.299950,0.000000
11682.315777,0.000000
11697.331604,0.000000
11712.347431,0.000000
11727.363258,0.000000
11742.379084,0.000000
11757.394911,0.000000
11772.410738,0.000000
11787.426565,0.000000
11802.442392,0.000000
11817.458219,0.000000
11832.474046,0.000000
11847.489873,0.000000
11862.505700,0.000000
11877.521526,0.000000
11892.537353,0.000000
11907.553180,0.000000
11922.569007,0.000000
11937.584834,0.000000
11952.600661,0.000000
11967.616488,0.000000
11982.632315,0.000000
11997.648142,0.000000
12012.663968,0.000000
12027.679795,0.000000
12042.695622,0.000000
12057.711449,0.000000
12072.727276,0.000000
12087.743103,0.000000
12102.758930,0.000000
12117.774757,0.000000
12132.790584,0.000000
12147.806410,0.000000
12162.822237,0.000000
12177.838064,0.000000
12192.853891,0.000000
12207.869718,0.000000
12222.885545,0.000000
12237.901372,0.000000
12252.917199,0.000000
12267.933026,0.000000
12282.948852,0.000000
12297.964679,0.000000
12312.980506,0.000000
12327.996333,0.000000
12343.012160,0.000000
12358.027987,0.000000
12373.043814,0.000000
12388.059641,0.000000
12403.075468,0.000000
12418.091294,0.000000
12433.107121,0.000000
12448.122948,0.000000
12463.138775,89.030000
12478.154602,9.210000
12493.170429,0.000000
12508.186256,0.000000
12523.202083,0.000000
12538.217910,0.000000
12553.233736,0.000000
12568.249563,0.000000
12583.265390,9.210000
12598.281217,0.000000
12613.297044,0.000000
12628.312871,0.000000
12643.328698,0.000000
12658.344525,0.000000
12673.360352,0.000000
12688.376178,0.000000
12703.392005,0.000000
12718.407832,0.000000
12733.423659,0.000000
12748.439486,0.000000
12763.455313,0.000000
12778.471140,0.000000
12793.486967,0.000000
12808.502794,0.000000
12823.518620,0.000000
12838.534447,9.210000
12853.550274,0.000000
12868.566101,0.000000
12883.581928,0.000000
12898.597755,0.000000
12913.613582,0.000000
12928.629409,0.000000
12943.645236,0.000000
12958.661062,0.000000
12973.676889,0.000000
12988.692716,0.000000
13003.708543,3.070000
13018.724370,15.350000
13033.740197,0.000000
13048.756024,0.000000
13063.771851,0.000000
13078.787678,0.000000
13093.803504,0.000000
13108.819331,0.000000
13123.835158,0.000000
13138.850985,0.000000
13153.866812,0.000000
13168.882639,0.000000
13183.898466,0.000000
13198.914293,0.000000
13213.930120,0.000000
13228.945946,0.000000
13243.961773,0.000000
13258.977600,21.490000
13273.993427,0.000000
13289.009254,0.000000
13304.025081,0.000000
13319.040908,0.000000
13334.056735,0.000000
13349.072561,0.000000
13364.088388,0.000000
13379.104215,0.000000
13394.120042,0.000000
13409.135869,0.000000
13424.151696,0.000000
13439.167523,0.000000
13454.183350,0.000000
13469.199177,0.000000
13484.215003,0.000000
13499.230830,0.000000
13514.246657,0.000000
13529.262484,49.120000
13544.278311,0.000000
13559.294138,0.000000
13574.309965,0.000000
13589.325792,0.000000
13604.341619,0.000000
13619.357445,0.000000
13634.373272,0.000000
13649.389099,0.000000
13664.404926,0.000000
13679.420753,0.000000
13694.436580,0.000000
13709.452407,0.000000
13724.468234,0.000000
13739.484061,0.000000
13754.499887,0.000000
13769.515714,0.000000
13784.531541,0.000000
13799.547368,0.000000
13814.563195,24.560000
13829.579022,0.000000
13844.594849,0.000000
13859.610676,0.000000
13874.626503,0.000000
13889.642329,0.000000
13904.658156,0.000000
13919.673983,0.000000
13934.689810,0.000000
13949.705637,0.000000
13964.721464,0.000000
13979.737291,0.000000
13994.753118,0.000000
14009.768945,0.000000
14024.784771,0.000000
14039.800598,0.000000
14054.816425,0.000000
14069.832252,0.000000
14084.848079,0.000000
14099.863906,0.000000
14114.879733,21.490000
14129.895560,0.000000
14144.911387,36.840000
14159.927213,0.000000
14174.943040,0.000000
14189.958867,0.000000
14204.974694,0.000000
14219.990521,0.000000
