0.000000 0.000000
30.000000 0.000000
60.000000 0.000000
90.000000 0.000000
120.000000 0.000000
150.000000 0.000000
180.000000 0.000000
210.000000 0.000000
240.000000 0.000000
270.000000 0.000000
300.000000 0.000000
330.000000 0.000000
360.000000 1.000000
390.000000 1.000000
420.000000 1.000000
450.000000 1.000000
480.000000 1.000000
510.000000 2.000000
540.000000 2.000000
570.000000 2.000000
600.000000 2.000000
630.000000 2.000000
660.000000 2.000000
690.000000 2.000000
720.000000 2.000000
750.000000 2.000000
780.000000 2.000000
810.000000 2.000000
840.000000 2.000000
870.000000 2.000000
900.000000 2.000000
930.000000 2.000000
960.000000 2.000000
990.000000 2.000000
1020.000000 2.000000
1050.000000 2.000000
1080.000000 3.000000
1110.000000 3.000000
1140.000000 3.000000
1170.000000 3.000000
1200.000000 3.000000
1230.000000 3.000000
1260.000000 3.000000
1290.000000 3.000000
1320.000000 3.000000
1350.000000 3.000000
1380.000000 3.000000
1410.000000 3.000000
1440.000000 3.000000
1470.000000 3.000000
1500.000000 3.000000
1530.000000 3.000000
1560.000000 3.000000
1590.000000 3.000000
1620.000000 3.000000
1650.000000 3.000000
1680.000000 3.000000
1710.000000 3.000000
1740.000000 3.000000
1770.000000 3.000000
1800.000000 3.000000
1830.000000 3.000000
1860.000000 3.000000
1890.000000 3.000000
1920.000000 3.000000
1950.000000 3.000000
1980.000000 3.000000
2010.000000 3.000000
2040.000000 3.000000
2070.000000 3.000000
2100.000000 3.000000
2130.000000 3.000000
2160.000000 3.000000
2190.000000 3.000000
2220.000000 3.000000
2250.000000 3.000000
2280.000000 3.000000
2310.000000 3.000000
2340.000000 3.000000
2370.000000 3.000000
2400.000000 3.000000
2430.000000 3.000000
2460.000000 3.000000
2490.000000 3.000000
2520.000000 3.000000
2550.000000 3.000000
2580.000000 3.000000
2610.000000 3.000000
2640.000000 3.000000
2670.000000 3.000000
2700.000000 3.000000
2730.000000 3.000000
2760.000000 3.000000
2790.000000 3.000000
2820.000000 3.000000
2850.000000 3.000000
2880.000000 3.000000
2910.000000 3.000000
2940.000000 3.000000
2970.000000 3.000000
3000.000000 3.000000
3030.000000 3.000000
3060.000000 3.000000
3090.000000 3.000000
3120.000000 3.000000
3150.000000 3.000000
3180.000000 3.000000
3210.000000 3.000000
3240.000000 3.000000
3270.000000 0.000000
3300.000000 2.000000
3330.000000 2.000000
3360.000000 2.000000
3390.000000 2.000000
3420.000000 2.000000
3450.000000 2.000000
3480.000000 2.000000
3510.000000 2.000000
3540.000000 2.000000
3570.000000 2.000000
3600.000000 2.000000
3630.000000 2.000000
3660.000000 2.000000
3690.000000 2.000000
3720.000000 2.000000
3750.000000 2.000000
3780.000000 2.000000
3810.000000 2.000000
3840.000000 2.000000
3870.000000 2.000000
3900.000000 2.000000
3930.000000 5.000000
3960.000000 5.000000
3990.000000 5.000000
4020.000000 5.000000
4050.000000 5.000000
4080.000000 5.000000
4110.000000 5.000000
4140.000000 5.000000
4170.000000 5.000000
4200.000000 5.000000
4230.000000 5.000000
4260.000000 1.000000
4290.000000 5.000000
4320.000000 5.000000
4350.000000 5.000000
4380.000000 5.000000
4410.000000 5.000000
4440.000000 5.000000
4470.000000 5.000000
4500.000000 5.000000
4530.000000 5.000000
4560.000000 5.000000
4590.000000 5.000000
4620.000000 5.000000
4650.000000 5.000000
4680.000000 5.000000
4710.000000 5.000000
4740.000000 5.000000
4770.000000 5.000000
4800.000000 5.000000
4830.000000 5.000000
4860.000000 5.000000
4890.000000 5.000000
4920.000000 5.000000
4950.000000 5.000000
4980.000000 5.000000
5010.000000 5.000000
5040.000000 5.000000
5070.000000 5.000000
5100.000000 5.000000
5130.000000 5.000000
5160.000000 5.000000
5190.000000 5.000000
5220.000000 5.000000
5250.000000 5.000000
5280.000000 5.000000
5310.000000 5.000000
5340.000000 5.000000
5370.000000 5.000000
5400.000000 5.000000
5430.000000 5.000000
5460.000000 5.000000
5490.000000 5.000000
5520.000000 5.000000
5550.000000 5.000000
5580.000000 5.000000
5610.000000 5.000000
5640.000000 5.000000
5670.000000 5.000000
5700.000000 5.000000
5730.000000 5.000000
5760.000000 5.000000
5790.000000 5.000000
5820.000000 5.000000
5850.000000 5.000000
5880.000000 5.000000
5910.000000 5.000000
5940.000000 5.000000
5970.000000 5.000000
6000.000000 5.000000
6030.000000 5.000000
6060.000000 5.000000
6090.000000 5.000000
6120.000000 5.000000
6150.000000 5.000000
6180.000000 5.000000
6210.000000 5.000000
6240.000000 5.000000
6270.000000 5.000000
6300.000000 5.000000
6330.000000 5.000000
6360.000000 5.000000
6390.000000 5.000000
6420.000000 5.000000
6450.000000 5.000000
6480.000000 5.000000
6510.000000 5.000000
6540.000000 5.000000
6570.000000 5.000000
6600.000000 5.000000
6630.000000 5.000000
6660.000000 5.000000
6690.000000 5.000000
6720.000000 5.000000
6750.000000 5.000000
6780.000000 0.000000
6810.000000 1.000000
6840.000000 1.000000
6870.000000 2.000000
6900.000000 2.000000
6930.000000 2.000000
6960.000000 2.000000
6990.000000 2.000000
7020.000000 2.000000
7050.000000 2.000000
7080.000000 2.000000
7110.000000 2.000000
7140.000000 2.000000
7170.000000 2.000000
7200.000000 2.000000
7230.000000 2.000000
7260.000000 2.000000
7290.000000 2.000000
7320.000000 2.000000
7350.000000 2.000000
7380.000000 2.000000
7410.000000 2.000000
7440.000000 2.000000
7470.000000 2.000000
7500.000000 2.000000
7530.000000 2.000000
7560.000000 2.000000
7590.000000 2.000000
7620.000000 2.000000
7650.000000 2.000000
7680.000000 2.000000
7710.000000 2.000000
7740.000000 2.000000
7770.000000 2.000000
7800.000000 2.000000
7830.000000 2.000000
7860.000000 2.000000
7890.000000 2.000000
7920.000000 2.000000
7950.000000 3.000000
7980.000000 3.000000
8010.000000 3.000000
8040.000000 3.000000
8070.000000 3.000000
8100.000000 3.000000
8130.000000 3.000000
8160.000000 3.000000
8190.000000 3.000000
8220.000000 3.000000
8250.000000 3.000000
8280.000000 3.000000
8310.000000 3.000000
8340.000000 3.000000
8370.000000 3.000000
8400.000000 3.000000
8430.000000 3.000000
8460.000000 3.000000
8490.000000 3.000000
8520.000000 3.000000
8550.000000 3.000000
8580.000000 3.000000
8610.000000 3.000000
8640.000000 2.000000
8670.000000 2.000000
8700.000000 2.000000
8730.000000 2.000000
8760.000000 2.000000
8790.000000 2.000000
8820.000000 2.000000
8850.000000 2.000000
8880.000000 2.000000
8910.000000 2.000000
8940.000000 2.000000
8970.000000 2.000000
9000.000000 2.000000
9030.000000 2.000000
9060.000000 2.000000
9090.000000 2.000000
9120.000000 2.000000
9150.000000 2.000000
9180.000000 2.000000
9210.000000 2.000000
9240.000000 2.000000
9270.000000 2.000000
9300.000000 2.000000
9330.000000 2.000000
9360.000000 2.000000
9390.000000 2.000000
9420.000000 2.000000
9450.000000 2.000000
9480.000000 2.000000
9510.000000 2.000000
9540.000000 2.000000
9570.000000 2.000000
9600.000000 2.000000
9630.000000 2.000000
9660.000000 2.000000
9690.000000 2.000000
9720.000000 2.000000
9750.000000 2.000000
9780.000000 2.000000
9810.000000 2.000000
9840.000000 2.000000
9870.000000 2.000000
9900.000000 2.000000
9930.000000 2.000000
9960.000000 2.000000
9990.000000 2.000000
10020.000000 2.000000
10050.000000 2.000000
10080.000000 2.000000
10110.000000 3.000000
10140.000000 3.000000
10170.000000 3.000000
10200.000000 3.000000
10230.000000 3.000000
10260.000000 3.000000
10290.000000 3.000000
10320.000000 3.000000
10350.000000 3.000000
10380.000000 3.000000
10410.000000 3.000000
10440.000000 3.000000
10470.000000 3.000000
10500.000000 3.000000
10530.000000 3.000000
10560.000000 3.000000
10590.000000 3.000000
10620.000000 3.000000
10650.000000 3.000000
10680.000000 3.000000
10710.000000 3.000000
10740.000000 3.000000
10770.000000 3.000000
10800.000000 3.000000
10830.000000 3.000000
10860.000000 3.000000
10890.000000 3.000000
10920.000000 3.000000
10950.000000 3.000000
10980.000000 3.000000
11010.000000 3.000000
11040.000000 3.000000
11070.000000 3.000000
11100.000000 3.000000
11130.000000 3.000000
11160.000000 3.000000
11190.000000 3.000000
11220.000000 3.000000
11250.000000 3.000000
11280.000000 3.000000
11310.000000 3.000000
11340.000000 3.000000
11370.000000 3.000000
11400.000000 2.000000
11430.000000 2.000000
11460.000000 2.000000
11490.000000 2.000000
11520.000000 2.000000
11550.000000 2.000000
11580.000000 2.000000
11610.000000 2.000000
11640.000000 2.000000
11670.000000 1.000000
11700.000000 1.000000
11730.000000 2.000000
11760.000000 2.000000
11790.000000 2.000000
11820.000000 2.000000
11850.000000 1.000000
11880.000000 1.000000
11910.000000 1.000000
11940.000000 5.000000
11970.000000 5.000000
12000.000000 5.000000
12030.000000 5.000000
12060.000000 5.000000
12090.000000 5.000000
12120.000000 5.000000
12150.000000 5.000000
12180.000000 5.000000
12210.000000 5.000000
12240.000000 5.000000
12270.000000 5.000000
12300.000000 5.000000
12330.000000 5.000000
12360.000000 5.000000
12390.000000 5.000000
12420.000000 5.000000
12450.000000 0.000000
12480.000000 5.000000
12510.000000 5.000000
12540.000000 5.000000
12570.000000 5.000000
12600.000000 5.000000
12630.000000 5.000000
12660.000000 5.000000
12690.000000 5.000000
12720.000000 5.000000
12750.000000 5.000000
12780.000000 5.000000
12810.000000 5.000000
12840.000000 5.000000
12870.000000 5.000000
12900.000000 5.000000
12930.000000 5.000000
12960.000000 5.000000
12990.000000 5.000000
13020.000000 5.000000
13050.000000 5.000000
13080.000000 5.000000
13110.000000 5.000000
13140.000000 5.000000
13170.000000 5.000000
13200.000000 1.000000
13230.000000 0.000000
13260.000000 1.000000
13290.000000 5.000000
13320.000000 5.000000
13350.000000 5.000000
13380.000000 5.000000
13410.000000 5.000000
13440.000000 5.000000
13470.000000 5.000000
13500.000000 5.000000
13530.000000 5.000000
13560.000000 5.000000
13590.000000 5.000000
13620.000000 5.000000
13650.000000 5.000000
13680.000000 5.000000
13710.000000 5.000000
13740.000000 5.000000
13770.000000 5.000000
13800.000000 0.000000
13830.000000 5.000000
13860.000000 5.000000
13890.000000 5.000000
13920.000000 5.000000
13950.000000 5.000000
13980.000000 5.000000
14010.000000 5.000000
14040.000000 5.000000
14070.000000 5.000000
14100.000000 1.000000
14130.000000 0.000000
14160.000000 1.000000
14190.000000 1.000000
