4.565960 72.000000
9.565960 73.000000
14.565960 73.000000
20.565960 73.000000
25.565960 71.000000
30.565930 72.000000
35.565960 72.000000
40.565960 77.000000
46.565930 73.000000
51.565930 73.000000
56.565960 73.000000
62.565960 75.000000
68.565960 72.000000
73.565960 70.000000
79.565960 70.000000
84.565930 71.000000
91.565960 71.000000
94.565930 71.000000
99.565960 75.000000
104.565960 73.000000
109.565960 72.000000
114.565960 72.000000
119.565930 72.000000
125.565960 72.000000
131.565960 72.000000
134.565960 72.000000
140.565960 70.000000
145.565960 70.000000
150.565960 69.000000
156.565960 69.000000
162.565960 70.000000
167.565960 68.000000
173.565930 68.000000
180.565960 69.000000
183.565930 70.000000
188.565960 70.000000
194.565960 69.000000
199.565960 68.000000
204.565960 68.000000
210.565960 71.000000
215.565960 72.000000
221.565960 71.000000
230.565930 72.000000
232.565960 72.000000
240.565930 74.000000
242.565960 73.000000
247.565960 72.000000
252.565960 73.000000
257.565960 75.000000
263.565960 75.000000
267.565960 82.000000
273.565930 86.000000
277.565960 86.000000
282.565960 82.000000
287.565960 80.000000
292.565960 79.000000
298.565960 77.000000
302.565960 77.000000
307.565960 77.000000
313.565960 74.000000
318.565930 71.000000
323.565960 72.000000
328.565960 72.000000
337.565960 77.000000
341.565960 77.000000
343.565960 79.000000
348.565930 78.000000
353.565960 79.000000
358.565960 80.000000
367.565960 87.000000
372.565960 81.000000
378.565930 81.000000
383.565960 78.000000
384.565930 78.000000
389.565960 74.000000
395.565960 73.000000
400.565960 72.000000
405.565960 71.000000
411.565930 70.000000
417.565960 70.000000
421.565960 70.000000
426.565930 70.000000
431.565930 70.000000
436.567340 70.000000
446.567340 73.000000
450.567310 73.000000
452.567310 74.000000
457.567340 77.000000
462.567340 77.000000
467.567340 75.000000
472.567340 74.000000
478.567340 72.000000
483.567340 71.000000
489.567310 71.000000
494.567340 72.000000
499.567340 71.000000
507.567340 76.000000
509.567340 78.000000
515.567340 75.000000
521.567310 74.000000
526.567310 74.000000
531.567310 73.000000
536.567310 72.000000
541.567340 72.000000
547.567340 70.000000
551.567340 70.000000
556.567310 70.000000
561.567340 71.000000
566.567340 72.000000
571.567340 76.000000
576.567340 77.000000
582.567340 78.000000
586.567310 77.000000
591.567340 73.000000
596.567340 71.000000
605.567340 72.000000
607.567340 72.000000
613.567340 72.000000
618.567310 74.000000
623.567310 74.000000
628.567340 74.000000
634.567340 74.000000
639.567340 74.000000
644.567340 74.000000
649.567340 74.000000
654.567310 73.000000
659.567340 73.000000
664.567340 72.000000
669.567340 72.000000
674.567310 72.000000
679.567310 72.000000
684.567340 73.000000
689.567340 73.000000
694.567340 73.000000
699.567340 73.000000
705.567340 73.000000
710.567340 73.000000
716.567310 71.000000
721.567340 71.000000
726.567340 70.000000
731.567340 71.000000
736.567340 71.000000
741.567340 71.000000
746.567310 71.000000
751.567340 71.000000
756.567340 71.000000
762.567340 75.000000
767.567310 76.000000
772.567340 76.000000
777.567310 76.000000
782.567310 75.000000
787.567340 76.000000
792.567310 75.000000
797.567310 74.000000
802.567310 73.000000
807.567340 72.000000
813.567340 73.000000
819.567340 73.000000
824.567340 73.000000
829.567340 73.000000
834.567340 73.000000
839.567310 72.000000
844.567310 73.000000
849.567340 73.000000
854.567310 75.000000
859.567340 74.000000
864.567340 73.000000
869.567340 72.000000
875.567310 72.000000
880.567310 72.000000
885.567340 72.000000
890.567340 72.000000
895.567340 72.000000
903.567340 72.000000
905.567310 72.000000
910.567340 76.000000
916.567340 76.000000
921.567340 75.000000
927.567340 75.000000
932.567340 75.000000
937.567340 75.000000
943.567340 75.000000
948.567340 73.000000
953.567340 73.000000
959.567340 74.000000
964.567340 74.000000
970.567340 74.000000
975.567340 74.000000
980.567310 73.000000
985.567310 71.000000
990.567310 71.000000
995.567340 71.000000
1003.567310 68.000000
1008.567340 69.000000
1011.567310 70.000000
1016.567340 70.000000
1021.567340 69.000000
1026.567340 70.000000
1034.567340 70.000000
1036.567340 70.000000
1042.567340 70.000000
1050.567340 72.000000
1052.567340 73.000000
1058.567310 74.000000
1063.567340 74.000000
1068.567340 69.000000
1073.567340 69.000000
1078.567340 69.000000
1083.567340 71.000000
1088.567340 71.000000
1093.567340 72.000000
1099.567340 72.000000
1104.567340 72.000000
1109.567340 73.000000
1114.567310 73.000000
1119.567340 73.000000
1124.567340 71.000000
1130.567310 71.000000
1135.567340 69.000000
1141.567340 68.000000
1145.567340 68.000000
1152.567340 69.000000
1155.567310 69.000000
1163.567340 73.000000
1165.567310 75.000000
1170.567340 80.000000
1177.567340 77.000000
1180.567310 77.000000
1185.567310 76.000000
1190.567340 75.000000
1196.567340 76.000000
1201.567340 76.000000
1207.567340 76.000000
1212.567310 75.000000
1217.567340 74.000000
1222.567340 72.000000
1227.567310 71.000000
1232.567340 71.000000
1238.567340 71.000000
1243.567310 71.000000
1248.567310 72.000000
1253.567340 72.000000
1258.567340 72.000000
1263.567310 72.000000
1268.567340 72.000000
1278.567340 72.000000
1279.567310 72.000000
1284.567340 72.000000
1289.567310 73.000000
1294.567310 71.000000
1299.567340 72.000000
1304.567310 74.000000
1309.567340 74.000000
1314.567310 71.000000
1319.567340 71.000000
1324.567340 71.000000
1329.567340 71.000000
1335.567340 71.000000
1340.567340 71.000000
1345.567340 71.000000
1351.567310 70.000000
1356.567340 71.000000
1361.567340 72.000000
1366.567340 72.000000
1373.567340 72.000000
1377.567340 71.000000
1382.567340 70.000000
1388.567340 72.000000
1393.567340 72.000000
1398.567340 72.000000
1408.567310 71.000000
1409.567310 71.000000
1414.567340 70.000000
1419.567340 69.000000
1425.567340 69.000000
1433.567340 69.000000
1435.567340 69.000000
1440.567310 69.000000
1445.567310 69.000000
1450.567310 69.000000
1455.567340 69.000000
1460.567340 69.000000
1465.567340 70.000000
1471.567340 70.000000
1477.567340 70.000000
1483.567310 69.000000
1488.567340 70.000000
1493.567340 69.000000
1498.567340 69.000000
1504.567340 70.000000
1509.567340 69.000000
1514.567340 69.000000
1519.567340 69.000000
1524.567310 70.000000
1529.567340 70.000000
1534.567340 70.000000
1542.567340 70.000000
1545.567340 69.000000
1550.567340 70.000000
1556.567340 70.000000
1561.567340 70.000000
1566.567340 70.000000
1571.567340 68.000000
1576.567340 69.000000
1581.567340 69.000000
1587.567310 69.000000
1592.567310 69.000000
1597.567340 69.000000
1603.567340 68.000000
1608.567310 69.000000
1613.567340 71.000000
1618.567340 71.000000
1624.567340 70.000000
1631.567340 70.000000
1634.567340 70.000000
1639.567340 69.000000
1644.567340 69.000000
1650.567340 70.000000
1655.567310 69.000000
1663.567310 68.000000
1665.567340 69.000000
1670.567340 70.000000
1675.567340 68.000000
1681.567340 68.000000
1686.567310 68.000000
1691.567340 68.000000
1696.567340 68.000000
1701.567340 68.000000
1706.567340 68.000000
1711.567340 69.000000
1716.567340 69.000000
1721.567340 69.000000
1726.567340 68.000000
1731.567310 69.000000
1736.567340 71.000000
1741.567340 71.000000
1746.567340 71.000000
1751.567340 71.000000
1758.567310 68.000000
1761.567310 69.000000
1767.567340 70.000000
1771.567340 70.000000
1776.567310 69.000000
1781.567340 70.000000
1786.567340 71.000000
1791.567340 71.000000
1796.567310 70.000000
1801.567310 71.000000
1806.567340 70.000000
1813.567310 68.000000
1817.567310 69.000000
1822.567310 68.000000
1827.567340 69.000000
1833.567310 70.000000
1837.567310 70.000000
1842.567340 70.000000
1848.567340 71.000000
1853.567340 70.000000
1858.567310 69.000000
1867.567340 69.000000
1868.567340 70.000000
1874.567340 69.000000
1879.567310 69.000000
1884.567340 69.000000
1889.567340 68.000000
1895.567340 68.000000
1900.567340 69.000000
1905.567340 69.000000
1910.567340 69.000000
1915.567310 70.000000
1920.567340 70.000000
1925.567340 70.000000
1931.567340 69.000000
1935.567340 67.000000
1940.567340 68.000000
1946.567310 68.000000
1952.567340 69.000000
1956.567310 70.000000
1961.567340 77.000000
1971.567340 64.000000
1974.567340 66.000000
1977.567310 68.000000
1982.567340 67.000000
1987.567310 68.000000
1992.567340 68.000000
1998.567340 68.000000
2005.567340 64.000000
2008.567340 65.000000
2013.567340 66.000000
2018.567340 68.000000
2023.567310 68.000000
2028.567340 68.000000
2033.567340 68.000000
2039.567310 68.000000
2046.567310 70.000000
2049.567340 70.000000
2054.567340 70.000000
2059.567340 70.000000
2064.567340 70.000000
2069.567340 70.000000
2075.567340 70.000000
2080.567340 69.000000
2086.567340 69.000000
2090.567340 68.000000
2096.567340 67.000000
2102.567340 68.000000
2107.567340 71.000000
2112.567340 71.000000
2117.567340 71.000000
2122.567310 69.000000
2130.567340 69.000000
2132.567340 68.000000
2138.567310 69.000000
2143.567340 70.000000
2149.567340 71.000000
2154.567340 71.000000
2160.567340 70.000000
2165.567340 72.000000
2170.567340 71.000000
2175.567310 68.000000
2180.567340 69.000000
2187.567310 69.000000
2192.567340 70.000000
2197.567340 70.000000
2203.567340 70.000000
2208.567340 70.000000
2213.567340 71.000000
2219.567340 72.000000
2223.567340 72.000000
2229.567310 71.000000
2234.567340 70.000000
2243.567340 70.000000
2244.567340 70.000000
2249.567340 71.000000
2254.567340 70.000000
2259.567310 86.000000
2267.567340 89.000000
2269.567340 88.000000
2275.567340 79.000000
2279.567310 77.000000
2288.567340 71.000000
2289.567310 71.000000
2294.567340 69.000000
2299.567310 68.000000
2304.567310 67.000000
2309.567310 68.000000
2314.567340 67.000000
2319.567340 66.000000
2325.567310 66.000000
2331.567310 70.000000
2335.567340 68.000000
2345.567340 67.000000
2346.567340 68.000000
2351.567340 68.000000
2357.567310 68.000000
2362.567340 68.000000
2367.567310 68.000000
2372.567340 68.000000
2377.567310 68.000000
2382.567310 68.000000
2387.567310 68.000000
2392.567340 69.000000
2398.567310 69.000000
2403.567310 69.000000
2409.567310 69.000000
2414.567340 68.000000
2419.567340 68.000000
2424.567310 68.000000
2430.567340 68.000000
2434.567340 68.000000
2439.567340 68.000000
2444.567340 69.000000
2454.567340 69.000000
2455.567340 71.000000
2460.567340 73.000000
2465.567340 72.000000
2470.567340 72.000000
2475.567340 71.000000
2480.567340 71.000000
2486.567340 73.000000
2492.567340 73.000000
2497.567310 73.000000
2502.567340 72.000000
2510.567340 71.000000
2512.567310 72.000000
2517.567340 72.000000
2522.567310 72.000000
2527.567340 73.000000
2532.567340 73.000000
2537.567340 73.000000
2543.567340 73.000000
2549.567340 73.000000
2554.567340 73.000000
2562.567340 72.000000
2564.567340 72.000000
2572.567340 71.000000
2575.567310 69.000000
2580.567340 70.000000
2585.567340 71.000000
2590.567340 71.000000
2596.567340 72.000000
2606.567340 72.000000
2607.567340 71.000000
2616.567340 70.000000
2617.567340 70.000000
2622.567340 70.000000
2628.567340 70.000000
2634.567340 70.000000
2639.567310 70.000000
2644.567310 70.000000
2649.567340 72.000000
2656.567340 74.000000
2662.567310 74.000000
2664.567340 69.000000
2669.567340 68.000000
2675.567340 68.000000
2680.567310 68.000000
2685.567340 69.000000
2691.567340 70.000000
2696.567340 70.000000
2702.567310 70.000000
2707.567310 71.000000
2712.567340 72.000000
2718.567340 73.000000
2723.567340 73.000000
2729.567310 71.000000
2734.567340 71.000000
2739.567340 70.000000
2745.567340 70.000000
2750.567340 70.000000
2760.567340 69.000000
2761.567340 69.000000
2766.567340 69.000000
2771.567310 70.000000
2776.567340 70.000000
2781.567340 70.000000
2786.567340 69.000000
2792.567340 69.000000
2796.567310 67.000000
2801.567340 68.000000
2806.567340 69.000000
2812.567340 71.000000
2820.567340 71.000000
2822.567310 70.000000
2827.567310 68.000000
2832.567310 68.000000
2837.567340 69.000000
2847.567340 69.000000
2848.567310 68.000000
2853.567310 66.000000
2858.567340 67.000000
2864.567340 68.000000
2869.567340 69.000000
2874.567340 69.000000
2879.567340 70.000000
2885.567310 70.000000
2890.567340 70.000000
2896.567340 69.000000
2901.567340 69.000000
2906.567310 71.000000
2911.567310 72.000000
2916.567340 72.000000
2922.567340 72.000000
2928.567340 71.000000
2933.567340 72.000000
2938.567310 72.000000
2947.567340 72.000000
2948.567340 70.000000
2954.567340 68.000000
2959.567340 69.000000
2965.567310 70.000000
2970.567340 70.000000
2975.567340 70.000000
2980.567310 70.000000
2985.567340 70.000000
2991.567340 70.000000
2996.567340 70.000000
3001.567310 69.000000
3006.567310 69.000000
3011.567340 71.000000
3016.567310 72.000000
3021.567310 71.000000
3026.567340 68.000000
3031.567310 69.000000
3036.567340 69.000000
3042.567310 69.000000
3052.567340 69.000000
3053.567340 70.000000
3058.567340 70.000000
3063.567340 70.000000
3069.567340 70.000000
3074.567340 70.000000
3081.567340 70.000000
3084.567310 70.000000
3089.567340 69.000000
3094.567340 70.000000
3099.567340 71.000000
3104.567340 72.000000
3109.567310 72.000000
3114.567340 72.000000
3119.567340 72.000000
3125.567340 72.000000
3130.567310 68.000000
3134.567340 69.000000
3140.567340 71.000000
3145.567310 71.000000
3150.567340 72.000000
3156.567340 72.000000
3163.567340 71.000000
3167.567340 71.000000
3172.567340 72.000000
3178.567310 74.000000
3183.567340 73.000000
3188.567340 73.000000
3193.567310 72.000000
3198.567340 73.000000
3204.567340 72.000000
3209.567340 69.000000
3214.567340 69.000000
3219.567340 69.000000
3224.567340 69.000000
3229.567340 71.000000
3234.567340 73.000000
3242.567340 72.000000
3244.567310 72.000000
3249.567340 72.000000
3254.567310 72.000000
3259.567340 72.000000
3264.567340 70.000000
3270.567310 70.000000
3274.567310 70.000000
3279.567340 79.000000
3285.567340 70.000000
3289.567340 70.000000
3295.567340 71.000000
3300.567340 72.000000
3307.567310 64.000000
3313.567340 67.000000
3317.567340 67.000000
3322.567310 70.000000
3327.567340 71.000000
3332.567340 66.000000
3338.567340 66.000000
3344.567340 66.000000
3349.567310 63.000000
3354.567310 64.000000
3360.567340 65.000000
3364.567340 68.000000
3369.567340 68.000000
3374.567340 70.000000
3380.567340 70.000000
3385.567340 70.000000
3394.567340 73.000000
3395.567310 73.000000
3400.567340 72.000000
3405.567340 67.000000
3410.567310 68.000000
3415.567340 69.000000
3421.567310 69.000000
3426.567340 70.000000
3431.567340 70.000000
3436.567340 70.000000
3441.567340 70.000000
3448.567310 70.000000
3452.567340 70.000000
3458.567340 69.000000
3463.567340 69.000000
3468.567340 70.000000
3473.567340 71.000000
3478.567310 72.000000
3483.567340 71.000000
3489.567340 71.000000
3494.567310 71.000000
3499.567340 71.000000
3504.567310 70.000000
3511.567340 70.000000
3514.567340 70.000000
3519.567340 69.000000
3524.567310 70.000000
3529.567340 70.000000
3534.567340 70.000000
3539.567340 70.000000
3545.567340 70.000000
3550.567340 71.000000
3558.567340 71.000000
3560.567340 72.000000
3565.567340 73.000000
3571.567340 73.000000
3577.567310 73.000000
3586.567340 72.000000
3587.567340 71.000000
3592.567340 68.000000
3597.567340 69.000000
3602.567310 69.000000
3607.567340 71.000000
3613.567340 72.000000
3619.567340 72.000000
3627.567310 74.000000
3629.567310 75.000000
3638.567340 68.000000
3639.567340 68.000000
3644.567340 68.000000
3650.567340 68.000000
3655.567340 70.000000
3660.567340 71.000000
3666.567310 70.000000
3671.567340 70.000000
3676.567310 70.000000
3681.567340 70.000000
3686.567340 72.000000
3691.567340 74.000000
3697.567340 73.000000
3703.567340 72.000000
3707.567340 71.000000
3712.567340 70.000000
3717.567310 70.000000
3722.567340 72.000000
3727.567340 72.000000
3732.567340 72.000000
3738.567340 72.000000
3743.567340 72.000000
3751.567340 72.000000
3753.567340 72.000000
3758.567340 68.000000
3763.567340 67.000000
3769.567340 68.000000
3774.567310 68.000000
3779.567310 68.000000
3784.567340 69.000000
3790.567340 69.000000
3796.567310 71.000000
3801.567340 70.000000
3806.567340 70.000000
3811.567310 70.000000
3816.567340 70.000000
3821.567340 70.000000
3828.567340 70.000000
3831.567310 70.000000
3836.567340 70.000000
3841.567340 70.000000
3849.567340 72.000000
3851.567310 71.000000
3856.567340 68.000000
3861.567340 69.000000
3866.567340 68.000000
3871.567340 68.000000
3876.567310 69.000000
3881.567340 71.000000
3886.567310 72.000000
3891.567340 71.000000
3907.567310 71.000000
3912.567310 72.000000
3917.567310 68.000000
3941.160720 71.000000
4063.878270 72.000000
4338.890640 73.000000
4645.276540 72.000000
4991.754450 67.000000
5233.754220 68.000000
5548.754210 75.000000
5850.129270 75.000000
6165.129050 74.000000
6436.502980 75.000000
6756.502980 72.000000
7042.877600 71.000000
7342.877470 72.000000
7644.252470 69.000000
7959.251550 69.000000
8235.627310 70.000000
8535.627310 70.000000
8846.502310 69.000000
9152.002210 69.000000
9434.284080 67.000000
9793.284080 70.000000
10034.751750 70.000000
10334.751750 71.000000
10760.128010 69.000000
10941.127110 68.000000
11297.503700 71.000000
11602.503700 69.000000
11833.879100 70.000000
12163.879100 70.000000
12520.254100 71.000000
12818.253770 70.000000
13076.628710 68.000000
13351.629900 68.000000
13708.004880 68.000000
13934.504810 68.000000
14279.380700 63.000000
14595.380840 61.000000
15025.756640 63.000000
15140.756640 66.000000
15441.629760 66.000000
15737.128790 67.000000
16213.503510 70.000000
16338.503480 70.000000
16699.878540 73.000000
16963.378540 71.000000
17246.753220 72.000000
17638.315000 68.000000
17853.314010 69.000000
18138.313860 70.000000
18444.688650 71.000000
18766.063650 72.000000
19036.016130 69.000000
19361.063230 70.000000
19657.438230 71.000000
19947.437920 72.000000
20278.812920 74.000000
20538.812920 76.000000
20875.186730 76.000000
21135.186730 75.000000
21436.559490 74.000000
21874.934810 67.000000
22117.934810 70.000000
22429.310050 72.000000
22724.309800 70.000000
22961.308910 72.000000
23250.683910 72.000000
23585.059150 74.000000
23839.059150 72.000000
24308.433040 78.000000
24513.432770 76.000000
24738.430970 71.000000
25104.806080 74.000000
25478.682150 76.000000
25696.182150 78.000000
25997.556850 77.000000
26280.556620 74.000000
26568.931300 74.000000
26833.931010 77.000000
27195.305510 79.000000
27445.305580 74.000000
27772.180390 73.000000
28061.680070 73.000000
28341.179680 72.000000
