0.822260 52.000000
7.822290 53.000000
11.822290 54.000000
16.822260 55.000000
21.822260 55.000000
26.822290 56.000000
35.822290 55.000000
40.822290 52.000000
45.822290 50.000000
49.822290 50.000000
54.822260 50.000000
60.822290 51.000000
65.822290 53.000000
66.822290 53.000000
71.822290 56.000000
76.822260 55.000000
81.822260 58.000000
86.822260 58.000000
92.822290 58.000000
100.822290 56.000000
105.822290 68.000000
109.822290 58.000000
111.822290 68.000000
120.822260 56.000000
121.822290 56.000000
130.822290 53.000000
132.822260 52.000000
138.822290 51.000000
146.822290 51.000000
150.822290 50.000000
153.822290 51.000000
158.822290 50.000000
163.822290 51.000000
172.822290 48.000000
174.822290 48.000000
179.822260 48.000000
186.822290 48.000000
193.822290 47.000000
198.822290 47.000000
200.822260 47.000000
206.822290 46.000000
210.822290 46.000000
215.822290 46.000000
223.822290 46.000000
225.822290 46.000000
230.822290 46.000000
236.822260 45.000000
241.822260 45.000000
248.822260 45.000000
251.822290 45.000000
260.822290 46.000000
265.822290 48.000000
267.822260 48.000000
271.822290 47.000000
276.822290 47.000000
282.822260 49.000000
287.822290 48.000000
292.822260 49.000000
297.822290 49.000000
303.822260 54.000000
313.822260 64.000000
318.822290 54.000000
322.822290 54.000000
325.822290 54.000000
330.822260 53.000000
340.822260 50.000000
345.822290 49.000000
346.822290 49.000000
354.822260 49.000000
356.822260 49.000000
361.822290 48.000000
371.822290 47.000000
372.822290 48.000000
377.822260 48.000000
382.822290 48.000000
388.822260 48.000000
402.822290 54.000000
407.822290 55.000000
412.822290 54.000000
414.822290 54.000000
426.822260 55.000000
430.822290 57.000000
437.822290 60.000000
444.822260 58.000000
446.822290 57.000000
450.822290 57.000000
455.822290 51.000000
460.822290 50.000000
466.822290 51.000000
487.822260 60.000000
492.822260 60.000000
493.822260 60.000000
503.822290 49.000000
507.822260 50.000000
520.822290 50.000000
524.822290 50.000000
527.822290 50.000000
542.822290 68.000000
547.822260 67.000000
550.822290 55.000000
557.822290 52.000000
559.822290 52.000000
567.822290 49.000000
568.822260 49.000000
577.822290 47.000000
583.822260 47.000000
588.822260 47.000000
590.822290 47.000000
600.822290 47.000000
605.822290 47.000000
610.822260 49.000000
614.822290 49.000000
620.822290 49.000000
622.822290 48.000000
627.822260 47.000000
632.822260 47.000000
639.822290 48.000000
642.822290 48.000000
651.822290 48.000000
653.822260 48.000000
657.822260 48.000000
664.822290 47.000000
667.822290 47.000000
674.822290 47.000000
681.822290 47.000000
684.822260 47.000000
690.822260 47.000000
695.822290 47.000000
700.822290 47.000000
706.822290 47.000000
715.822290 47.000000
720.822290 47.000000
725.822290 46.000000
726.822290 46.000000
732.822290 46.000000
737.822290 46.000000
742.822260 46.000000
750.822290 46.000000
755.822290 47.000000
758.822290 47.000000
763.822290 47.000000
771.822290 47.000000
773.822290 47.000000
778.822290 47.000000
783.822260 47.000000
788.822290 47.000000
793.822290 47.000000
798.822290 47.000000
804.822290 47.000000
809.822260 47.000000
815.822290 47.000000
819.822290 47.000000
825.822260 48.000000
830.822260 48.000000
835.822290 47.000000
841.822260 47.000000
846.822290 47.000000
851.822290 47.000000
859.822290 47.000000
865.822290 48.000000
867.822290 49.000000
873.822290 49.000000
878.822290 49.000000
883.822290 48.000000
889.822260 48.000000
894.822290 47.000000
899.822260 47.000000
904.822290 47.000000
909.822290 47.000000
915.822290 47.000000
920.822290 47.000000
926.822290 47.000000
930.822290 47.000000
935.822290 46.000000
940.822290 47.000000
945.822290 47.000000
954.822290 46.000000
960.822260 46.000000
966.822260 46.000000
968.822290 46.000000
972.822290 46.000000
977.822290 45.000000
987.822260 46.000000
990.822260 46.000000
993.822290 47.000000
1002.822260 47.000000
1005.822260 47.000000
1010.822260 47.000000
1019.822260 47.000000
1020.822290 47.000000
1026.822290 47.000000
1034.822290 47.000000
1036.822260 47.000000
1041.822260 47.000000
1046.822290 47.000000
1052.822290 47.000000
1057.822290 47.000000
1062.822290 47.000000
1070.822290 47.000000
1074.822290 47.000000
1079.822290 47.000000
1087.822260 47.000000
1091.822290 47.000000
1098.822290 48.000000
1101.822260 48.000000
1106.822290 48.000000
1112.822290 48.000000
1121.822260 48.000000
1126.822290 48.000000
1130.822260 48.000000
1135.822260 48.000000
1140.822260 48.000000
1145.822290 48.000000
1153.822290 48.000000
1155.822290 49.000000
1160.822290 50.000000
1165.822290 49.000000
1170.822290 48.000000
1176.822290 48.000000
1182.822290 48.000000
1187.822290 47.000000
1192.822290 47.000000
1198.822290 47.000000
1203.822260 47.000000
1210.822290 47.000000
1213.822260 47.000000
1218.822260 48.000000
1223.822290 48.000000
1229.822290 49.000000
1234.822290 48.000000
1243.822290 48.000000
1244.822290 48.000000
1249.822290 48.000000
1254.822290 48.000000
1259.822290 48.000000
1265.822290 49.000000
1269.822260 50.000000
1274.822290 50.000000
1279.822290 49.000000
1285.822260 48.000000
1290.822260 48.000000
1295.822290 48.000000
1301.822260 48.000000
1306.822290 48.000000
1311.822260 49.000000
1316.822260 50.000000
1321.822290 50.000000
1326.822290 50.000000
1331.822290 50.000000
1336.822290 50.000000
1341.822290 50.000000
1347.822290 50.000000
1353.822260 50.000000
1358.822290 50.000000
1363.822290 50.000000
1368.822260 50.000000
1373.822290 50.000000
1379.822290 50.000000
1385.822290 50.000000
1390.822290 50.000000
1395.822290 50.000000
1401.822290 50.000000
1405.822260 50.000000
1410.822260 50.000000
1415.822260 50.000000
1420.822260 50.000000
1425.822290 50.000000
1431.822290 50.000000
1436.822260 50.000000
1441.822260 50.000000
1449.822290 50.000000
1451.822260 50.000000
1456.822260 50.000000
1461.822290 50.000000
1466.822290 50.000000
1471.822290 50.000000
1477.822260 50.000000
1482.822290 50.000000
1487.822260 50.000000
1492.822290 49.000000
1500.822290 50.000000
1503.822290 50.000000
1509.822290 50.000000
1516.822290 49.000000
1519.822290 49.000000
1524.822290 49.000000
1530.822290 49.000000
1536.822290 50.000000
1541.822260 50.000000
1546.822260 50.000000
1551.822260 50.000000
1556.822290 50.000000
1561.822290 50.000000
1566.822260 50.000000
1571.822260 50.000000
1576.822260 50.000000
1581.822290 50.000000
1586.822260 50.000000
1591.822260 49.000000
1596.822290 49.000000
1601.822290 49.000000
1607.822260 49.000000
1612.822260 49.000000
1617.822260 49.000000
1622.822290 49.000000
1628.822260 50.000000
1633.822290 50.000000
1638.822290 49.000000
1644.822290 49.000000
1649.822290 49.000000
1655.822290 50.000000
1661.822290 50.000000
1666.822290 50.000000
1671.822290 50.000000
1676.822290 49.000000
1681.822290 49.000000
1686.822290 50.000000
1692.822290 50.000000
1697.822290 50.000000
1702.822260 50.000000
1707.822260 50.000000
1712.822290 50.000000
1718.822260 50.000000
1723.822260 50.000000
1728.822290 50.000000
1733.822290 50.000000
1738.822290 49.000000
1743.822290 50.000000
1749.822290 50.000000
1754.822260 50.000000
1759.822290 50.000000
1764.822290 50.000000
1769.822260 50.000000
1774.822290 50.000000
1779.822290 50.000000
1784.822290 50.000000
1790.822290 50.000000
1795.822260 50.000000
1800.822260 50.000000
1805.822260 50.000000
1810.822290 50.000000
1816.822260 50.000000
1821.822290 50.000000
1827.822290 50.000000
1832.822290 50.000000
1837.822290 49.000000
1842.822260 49.000000
1847.822260 50.000000
1852.822290 50.000000
1857.822290 50.000000
1862.822290 50.000000
1868.822290 50.000000
1873.822260 50.000000
1883.822260 50.000000
1884.822290 50.000000
1889.822290 50.000000
1894.822260 49.000000
1899.822260 49.000000
1904.822290 49.000000
1910.822290 50.000000
1915.822290 50.000000
1920.822290 50.000000
1925.822260 50.000000
1930.822260 50.000000
1935.822290 50.000000
1941.822290 50.000000
1948.822260 50.000000
1951.822290 50.000000
1956.822290 50.000000
1962.822290 50.000000
1968.822290 50.000000
1973.822260 50.000000
1978.822290 50.000000
1984.822290 50.000000
1990.822260 50.000000
1995.822290 50.000000
2001.822290 50.000000
2006.822260 50.000000
2013.822260 50.000000
2016.822290 51.000000
2021.822290 51.000000
2027.822260 51.000000
2032.822290 50.000000
2037.822260 51.000000
2042.822290 50.000000
2047.822290 50.000000
2052.822260 50.000000
2060.822260 50.000000
2062.822290 50.000000
2071.822260 50.000000
2072.822260 50.000000
2077.822290 50.000000
2083.822290 50.000000
2088.822260 50.000000
2093.822260 50.000000
2098.822260 50.000000
2103.822290 50.000000
2109.822290 51.000000
2115.822290 51.000000
2121.822260 51.000000
2126.822290 51.000000
2131.822290 51.000000
2136.822290 51.000000
2142.822290 51.000000
2148.822260 51.000000
2153.822290 51.000000
2158.822260 51.000000
2163.822260 50.000000
2168.822260 50.000000
2173.822290 51.000000
2179.822290 51.000000
2184.822290 51.000000
2189.822260 51.000000
2194.822290 50.000000
2199.822260 51.000000
2204.822290 50.000000
2210.822260 50.000000
2215.822290 50.000000
2220.822290 50.000000
2226.822290 50.000000
2232.822290 50.000000
2236.822290 51.000000
2241.822290 51.000000
2246.822290 50.000000
2251.822290 50.000000
2257.822290 50.000000
2262.822290 50.000000
2268.822260 50.000000
2273.822290 50.000000
2278.822290 51.000000
2284.822260 50.000000
2289.822290 50.000000
2294.822290 50.000000
2300.822260 50.000000
2305.822290 50.000000
2310.822290 50.000000
2315.822290 50.000000
2324.822260 51.000000
2326.822260 51.000000
2331.822290 51.000000
2336.822260 51.000000
2341.822260 50.000000
2346.822260 50.000000
2351.822290 50.000000
2356.822290 51.000000
2362.822290 51.000000
2367.822290 51.000000
2373.822290 50.000000
2378.822290 50.000000
2384.822290 50.000000
2390.822290 51.000000
2396.822260 51.000000
2401.822290 52.000000
2411.822290 50.000000
2412.822290 50.000000
2417.822260 50.000000
2422.822260 50.000000
2427.822290 51.000000
2432.822290 51.000000
2438.822260 51.000000
2443.822290 51.000000
2449.822260 51.000000
2454.822290 51.000000
2459.822260 51.000000
2464.822290 51.000000
2470.822290 51.000000
2476.822290 51.000000
2481.822260 51.000000
2486.822290 51.000000
2491.822290 51.000000
2496.822290 51.000000
2501.822290 51.000000
2506.822290 51.000000
2511.822290 51.000000
2517.822260 51.000000
2522.822290 51.000000
2527.822290 51.000000
2533.822290 51.000000
2538.822290 50.000000
2544.822290 51.000000
2550.822290 51.000000
2555.822290 51.000000
2564.822260 52.000000
2565.822290 52.000000
2574.822290 52.000000
2575.822290 51.000000
2580.822290 51.000000
2585.822290 51.000000
2595.822290 52.000000
2596.822290 52.000000
2601.822290 51.000000
2607.822290 50.000000
2612.822260 50.000000
2617.822290 50.000000
2623.822290 52.000000
2628.822290 50.000000
2633.822260 51.000000
2638.822290 51.000000
2643.822290 50.000000
2648.822290 50.000000
2653.822290 50.000000
2658.822290 50.000000
2664.822290 50.000000
2669.822260 51.000000
2674.822290 51.000000
2694.822290 81.000000
2700.822290 78.000000
2706.822290 78.000000
2711.822290 78.000000
2715.822290 78.000000
2719.822290 77.000000
2723.822290 77.000000
2729.822290 77.000000
2738.822290 85.000000
2739.822260 83.000000
2747.822290 85.000000
2758.822290 85.000000
2761.822260 85.000000
2768.822260 83.000000
2771.822290 85.000000
2783.822260 96.000000
2798.822290 89.000000
2801.822260 90.000000
2813.822290 90.000000
2821.822290 89.000000
2822.822290 89.000000
2840.822260 89.000000
2846.822260 86.000000
2852.822290 86.000000
2853.822290 86.000000
2869.822290 77.000000
2874.822260 80.000000
2875.822260 80.000000
2883.822260 83.000000
2886.822260 83.000000
2891.822290 83.000000
3022.822260 58.000000
3034.819410 60.000000
3035.819440 60.000000
3040.819440 60.000000
3045.819440 60.000000
3055.819440 59.000000
3058.819440 60.000000
3066.819440 62.000000
3072.991280 52.000000
3077.991280 52.000000
3083.991280 55.000000
3088.991310 55.000000
3093.991310 55.000000
3094.991310 55.000000
3099.991280 56.000000
3104.991310 55.000000
3114.991280 55.000000
3120.991310 56.000000
3125.991310 54.000000
3129.991280 53.000000
3135.991280 51.000000
3137.991280 51.000000
3146.991310 50.000000
3151.991310 51.000000
3156.991280 51.000000
3161.991280 51.000000
3167.991310 51.000000
3172.991280 51.000000
3177.991310 51.000000
3179.991310 51.000000
3188.991310 50.000000
3191.991310 50.000000
3196.991280 50.000000
3199.991310 50.000000
3208.991310 50.000000
3209.991310 50.000000
3218.991310 54.000000
3222.991310 56.000000
3224.991310 56.000000
3229.991280 56.000000
3235.026470 56.000000
3244.026470 57.000000
3246.026470 57.000000
3252.026470 62.000000
3259.026440 74.000000
3264.026470 71.000000
3272.933450 71.000000
3280.933450 61.000000
3285.933420 59.000000
3288.933420 59.000000
3293.933450 58.000000
3300.933450 54.000000
3301.933420 54.000000
3307.933450 54.000000
3311.933450 55.000000
3316.933450 57.000000
3322.933450 57.000000
3327.933450 57.000000
3332.933420 57.000000
3340.967870 81.000000
3347.967870 80.000000
3348.967840 80.000000
3353.967840 80.000000
3362.967870 52.000000
3367.967870 52.000000
3372.967870 52.000000
3374.967840 52.000000
3383.850690 50.000000
3388.850690 50.000000
3391.850690 50.000000
3394.850690 51.000000
3400.850690 55.000000
3405.850690 56.000000
3414.885840 52.000000
3418.885810 51.000000
3420.885840 50.000000
3430.885840 50.000000
3435.885840 49.000000
3436.885810 49.000000
3445.780370 49.000000
3447.780370 49.000000
3452.780340 49.000000
3457.780370 48.000000
3462.780370 48.000000
3472.780370 48.000000
3476.780340 48.000000
3478.780340 48.000000
3488.780370 49.000000
3493.780370 50.000000
3496.780370 50.000000
3502.780370 48.000000
3505.780370 48.000000
3510.780370 48.000000
3515.780340 48.000000
3524.780370 47.000000
3526.780340 47.000000
3530.780370 46.000000
3538.780370 47.000000
3540.780340 47.000000
3545.780370 47.000000
3553.780340 46.000000
3556.780370 46.000000
3561.780370 46.000000
3567.780370 46.000000
3573.815530 46.000000
3578.815500 46.000000
3587.815530 46.000000
3591.815530 46.000000
3597.815530 46.000000
3599.815530 46.000000
3608.815500 46.000000
3612.815500 46.000000
3618.815530 47.000000
3621.815500 47.000000
3632.721780 46.000000
3635.721780 46.000000
3640.721780 46.000000
3646.721780 45.000000
3655.756910 45.000000
3658.756940 46.000000
3661.756910 45.000000
3671.756940 46.000000
3676.756940 49.000000
3678.756940 49.000000
3682.756940 47.000000
3692.651440 46.000000
3694.651470 46.000000
3701.651440 46.000000
3704.651470 46.000000
3709.651470 45.000000
3717.651440 46.000000
3720.651470 47.000000
3726.651440 47.000000
3736.686620 47.000000
3738.686620 47.000000
3747.686620 47.000000
3748.686590 47.000000
3753.686620 47.000000
3758.686620 47.000000
3768.569440 47.000000
3769.569440 47.000000
3774.569410 47.000000
3779.569440 45.000000
3789.569440 45.000000
3790.569410 45.000000
3795.569440 45.000000
3806.569440 45.000000
3809.569440 45.000000
3812.569440 45.000000
3822.569440 45.000000
3827.569440 45.000000
3828.569440 45.000000
3834.569410 46.000000
3839.569440 45.000000
3844.569440 45.000000
3850.569410 45.000000
3854.569440 45.000000
3860.569440 45.000000
3869.569440 45.000000
3871.569440 45.000000
3879.569410 45.000000
3883.569410 46.000000
3890.569440 46.000000
3895.569440 47.000000
3896.569440 47.000000
3903.569440 46.000000
3909.569440 46.000000
3913.569410 46.000000
3917.569440 46.000000
3925.569440 46.000000
3927.569440 46.000000
3933.569440 46.000000
3938.569410 46.000000
3943.569410 46.000000
3952.569440 46.000000
3955.569440 46.000000
3958.569440 50.000000
3963.569440 46.000000
3972.569410 46.000000
3974.569440 46.000000
3979.569440 46.000000
3984.569440 46.000000
3993.569410 46.000000
3999.569410 46.000000
4005.569440 47.000000
4006.569440 47.000000
4012.569440 47.000000
4018.569440 47.000000
4027.569440 47.000000
4028.569440 47.000000
4033.569440 47.000000
4038.569440 47.000000
4043.569440 47.000000
4048.569440 47.000000
4053.569440 47.000000
4058.569410 47.000000
4063.569440 47.000000
4068.569440 47.000000
4073.569410 47.000000
4078.569440 47.000000
4083.569440 47.000000
4092.604590 47.000000
4097.604590 46.000000
4098.604560 46.000000
4107.604560 45.000000
4108.604590 45.000000
4118.604590 44.000000
4120.604560 44.000000
4126.604590 45.000000
4133.604590 45.000000
4135.604590 45.000000
4144.510840 45.000000
4149.510840 45.000000
4152.510840 45.000000
4156.510810 45.000000
4160.510840 45.000000
4169.510840 45.000000
4170.510840 45.000000
4177.510840 45.000000
4184.510840 46.000000
4189.510840 46.000000
4190.510810 45.000000
4195.510840 45.000000
4205.510840 46.000000
4206.510810 46.000000
4215.510840 46.000000
4220.510840 47.000000
4221.510810 47.000000
4226.510840 47.000000
4234.510840 46.000000
4238.510810 45.000000
4243.510840 46.000000
4249.510810 45.000000
4254.510810 45.000000
4261.510810 46.000000
4264.510840 46.000000
4270.510810 46.000000
4277.510840 46.000000
4279.510840 46.000000
4284.510810 46.000000
4289.510810 46.000000
4299.510840 47.000000
4303.510810 48.000000
4305.510810 47.000000
4310.510840 47.000000
4315.510840 46.000000
4320.510810 46.000000
4326.510840 46.000000
4334.510840 47.000000
4335.510810 47.000000
4340.510840 47.000000
4346.510840 46.000000
4350.510840 46.000000
4355.510840 46.000000
4360.510840 47.000000
4367.510840 47.000000
4370.510810 47.000000
4375.510840 47.000000
4381.510810 46.000000
4386.510840 46.000000
4391.510840 46.000000
4397.510840 46.000000
4406.510810 47.000000
4408.510840 47.000000
4413.510840 47.000000
4418.557690 47.000000
4423.557720 56.000000
4432.557720 63.000000
4436.557690 64.000000
4443.557720 50.000000
4446.557720 50.000000
4459.441260 48.000000
4464.441260 49.000000
4468.441260 49.000000
4471.441260 49.000000
4477.441260 49.000000
4486.441260 49.000000
4490.441260 48.000000
4493.441230 48.000000
4499.441230 48.000000
4503.441260 48.000000
4508.441260 47.000000
4513.441230 47.000000
4520.441230 47.000000
4525.441260 47.000000
4531.441230 48.000000
4535.441230 48.000000
4542.441230 49.000000
4544.441260 50.000000
4549.441260 50.000000
4554.441230 49.000000
4559.441230 48.000000
4564.441260 48.000000
4570.441230 48.000000
4575.441230 48.000000
4580.441260 48.000000
4588.441260 48.000000
4590.441230 48.000000
4595.441260 47.000000
4602.441260 47.000000
4605.441260 47.000000
4611.441260 47.000000
4616.441260 47.000000
4621.441260 48.000000
4626.441260 48.000000
4635.441260 48.000000
4636.441260 49.000000
4641.441230 48.000000
4646.441230 48.000000
4651.441260 48.000000
4656.441260 48.000000
4662.441230 48.000000
4667.441260 48.000000
4677.441260 48.000000
4682.441260 49.000000
4683.441260 50.000000
4688.441260 49.000000
4693.441260 48.000000
4698.441260 48.000000
4703.441230 48.000000
4708.441230 48.000000
4716.441230 48.000000
4718.441260 49.000000
4723.441260 49.000000
4728.441230 49.000000
4733.441230 49.000000
4738.441260 49.000000
4743.441260 49.000000
4748.441260 49.000000
4754.441260 49.000000
4759.441260 49.000000
4767.441260 49.000000
4772.441260 50.000000
4775.441260 50.000000
4780.441260 49.000000
4791.441260 50.000000
4792.441260 50.000000
4798.441230 50.000000
4803.441230 50.000000
4808.441260 49.000000
4814.441230 49.000000
4819.441260 50.000000
4824.441230 50.000000
4829.441260 50.000000
4834.441260 50.000000
4839.441230 50.000000
4844.441260 50.000000
4852.441260 51.000000
4855.441260 52.000000
4860.441260 51.000000
4865.441260 50.000000
4870.441260 49.000000
4875.441260 49.000000
4880.441260 49.000000
4887.441260 50.000000
4890.441260 50.000000
4896.441230 49.000000
4900.441260 50.000000
4906.441230 50.000000
4911.441260 50.000000
4917.441260 50.000000
4924.441260 50.000000
4928.441260 50.000000
4933.441260 50.000000
4938.441260 50.000000
4943.441230 50.000000
4948.441260 50.000000
4953.441260 50.000000
4960.441260 51.000000
4964.441230 51.000000
4969.441230 52.000000
4975.441260 49.000000
4979.441260 48.000000
4985.441260 49.000000
4990.441260 49.000000
4995.441260 50.000000
5001.441230 50.000000
5006.441260 50.000000
5011.441230 50.000000
5016.441230 50.000000
5021.441260 50.000000
5026.441260 50.000000
5031.441260 50.000000
5036.441230 50.000000
5041.441230 50.000000
5046.441230 50.000000
5051.441260 50.000000
5057.441260 50.000000
5062.441230 50.000000
5067.441260 50.000000
5072.441260 50.000000
5077.441260 50.000000
5083.441260 50.000000
5093.441260 50.000000
5094.441230 50.000000
5099.441230 50.000000
5104.441230 50.000000
5109.441260 50.000000
5114.441260 50.000000
5120.441230 49.000000
5125.441230 49.000000
5130.441230 49.000000
5135.441260 50.000000
5140.441260 50.000000
5145.441260 50.000000
5152.441230 50.000000
5155.441260 50.000000
5160.441230 50.000000
5166.441260 49.000000
5171.441260 49.000000
5177.441260 49.000000
5183.441260 50.000000
5188.441260 50.000000
5196.441260 50.000000
5198.441260 50.000000
5203.441230 50.000000
5208.441260 50.000000
5213.441260 50.000000
5218.441260 50.000000
5223.441260 50.000000
5229.441260 50.000000
5236.441260 53.000000
5239.441260 54.000000
5244.441230 53.000000
5249.441260 50.000000
5254.441230 50.000000
5259.441260 50.000000
5264.441260 50.000000
5270.441260 50.000000
5275.441230 51.000000
5280.441260 51.000000
5286.441230 52.000000
5295.441230 51.000000
5297.441230 51.000000
5302.441260 50.000000
5308.441260 50.000000
5314.441260 50.000000
5320.441260 51.000000
5325.441260 50.000000
5330.441260 50.000000
5336.441230 50.000000
5341.441260 50.000000
5346.441260 50.000000
5351.441230 50.000000
5358.441260 50.000000
5361.441260 50.000000
5367.441260 51.000000
5372.441260 51.000000
5377.441230 50.000000
5382.441260 50.000000
5387.441230 50.000000
5392.441260 50.000000
5397.441230 50.000000
5402.441260 50.000000
5408.441230 50.000000
5413.441260 50.000000
5419.441230 50.000000
5424.441260 50.000000
5431.441260 48.000000
5437.441260 48.000000
5444.441260 50.000000
5446.441230 50.000000
5451.441260 50.000000
5456.441260 50.000000
5461.441230 50.000000
5466.441230 50.000000
5471.441260 50.000000
5476.441260 49.000000
5481.441260 49.000000
5487.441230 49.000000
5492.441230 50.000000
5497.441260 50.000000
5502.441260 51.000000
5507.441260 51.000000
5513.441230 50.000000
5518.441230 50.000000
5527.441230 50.000000
5529.441260 51.000000
5536.441260 51.000000
5540.441230 51.000000
5545.441260 51.000000
5550.441260 51.000000
5555.441260 51.000000
5561.441260 50.000000
5566.441260 50.000000
5572.441260 50.000000
5578.441230 50.000000
5583.441230 50.000000
5588.441260 50.000000
5593.441230 50.000000
5598.441260 51.000000
5603.441260 51.000000
5609.441260 50.000000
5614.441260 50.000000
5619.441260 50.000000
5624.441260 50.000000
5630.441260 50.000000
5635.441260 50.000000
5640.441260 51.000000
5645.441230 51.000000
5650.441260 51.000000
5655.441230 51.000000
5660.441260 51.000000
5665.441230 51.000000
5670.441260 51.000000
5677.441230 50.000000
5681.441260 50.000000
5687.441230 50.000000
5692.441230 50.000000
5697.441260 50.000000
5702.441230 51.000000
5711.441260 53.000000
5712.441260 53.000000
5717.441260 51.000000
5723.441260 51.000000
5728.441230 51.000000
5733.441260 58.000000
5739.441230 52.000000
5747.441230 52.000000
5754.441260 50.000000
5755.441230 50.000000
5760.441260 50.000000
5765.441260 50.000000
5771.441260 50.000000
5780.441260 52.000000
5781.441260 52.000000
5787.441260 52.000000
5792.441260 52.000000
5797.441230 52.000000
5802.441260 52.000000
5807.441260 52.000000
5812.441260 51.000000
5817.441260 51.000000
5822.441260 51.000000
5827.441260 51.000000
5832.441230 51.000000
5837.441260 52.000000
5842.441260 51.000000
5847.441260 52.000000
5852.441260 52.000000
5862.441260 51.000000
5865.441260 51.000000
5868.441260 52.000000
5873.441260 52.000000
5879.441260 52.000000
5885.441260 52.000000
5890.441230 53.000000
5895.441260 56.000000
5900.441260 52.000000
5906.441260 50.000000
5912.441230 50.000000
5919.441260 50.000000
5920.441260 50.000000
5928.441260 53.000000
5935.441260 54.000000
5936.441230 54.000000
5941.441230 53.000000
5946.441260 52.000000
5951.441260 52.000000
5956.441260 51.000000
5961.441260 52.000000
5966.441260 52.000000
5974.441260 52.000000
5976.441260 52.000000
5983.441230 52.000000
5986.441260 52.000000
5991.441230 54.000000
5996.441260 54.000000
6004.441260 52.000000
6007.441260 52.000000
6013.441260 52.000000
6018.441260 52.000000
6023.441260 52.000000
6028.441260 58.000000
6036.441230 52.000000
6039.441230 52.000000
6043.441260 52.000000
6049.441230 52.000000
6055.441260 52.000000
6060.441230 52.000000
6068.441260 50.000000
6070.441230 51.000000
6077.441260 52.000000
6080.441260 53.000000
6086.441230 53.000000
6094.441260 52.000000
6096.441260 52.000000
6105.441260 52.000000
6111.441260 52.000000
6112.441230 52.000000
6117.441230 52.000000
6125.441260 50.000000
6131.441260 51.000000
6132.441260 51.000000
6137.441260 51.000000
6144.441230 50.000000
6148.441230 50.000000
6157.441230 50.000000
6159.441260 50.000000
6166.441260 50.000000
6170.441260 50.000000
6176.441260 50.000000
6186.441230 53.000000
6188.441260 53.000000
6193.441260 52.000000
6198.441260 52.000000
6204.441260 52.000000
6209.441230 51.000000
6214.441230 50.000000
6219.441260 50.000000
6228.441260 50.000000
6230.441260 50.000000
6239.441230 50.000000
6244.441260 51.000000
6245.441260 51.000000
6251.441230 50.000000
6256.441260 51.000000
6262.441260 51.000000
6266.441260 51.000000
6272.441260 53.000000
6276.441230 55.000000
6282.441260 54.000000
6286.441260 55.000000
6291.441260 55.000000
6296.441260 55.000000
6302.441230 54.000000
6308.441260 59.000000
6316.441260 51.000000
6317.441260 51.000000
6327.441230 51.000000
6333.441260 52.000000
6335.441260 52.000000
6340.441260 52.000000
6345.441260 52.000000
6353.487410 52.000000
6356.487410 52.000000
6363.487410 87.000000
6366.487370 87.000000
6375.487410 74.000000
6379.487410 74.000000
6392.370220 76.000000
6396.370220 78.000000
6398.370220 78.000000
6403.370190 80.000000
6408.370190 85.000000
6413.405370 87.000000
6418.405370 89.000000
6431.405370 50.000000
6438.405340 50.000000
6440.405340 50.000000
6450.405370 49.000000
6452.405340 50.000000
6457.405370 48.000000
6467.405370 47.000000
6472.405370 48.000000
6477.405370 49.000000
6482.405370 50.000000
6487.405370 50.000000
6496.288190 50.000000
6501.288190 50.000000
6507.288190 50.000000
6512.288160 51.000000
6517.288160 52.000000
6519.288190 51.000000
6524.288190 52.000000
6529.323310 52.000000
6539.323340 49.000000
6544.323340 49.000000
6548.323340 50.000000
6552.323340 50.000000
6557.323310 50.000000
6570.217870 50.000000
6575.217870 51.000000
6581.217870 51.000000
6585.217870 52.000000
6587.217840 55.000000
6595.217840 60.000000
6602.217870 64.000000
6604.217840 63.000000
6612.217870 64.000000
6615.217870 64.000000
6621.217870 64.000000
6627.209260 64.000000
6631.209260 64.000000
6636.209230 64.000000
6641.209260 65.000000
6649.256130 68.000000
6651.256130 69.000000
6656.256100 68.000000
6666.256130 50.000000
6671.256130 51.000000
6672.256100 51.000000
6681.256130 50.000000
6686.256130 50.000000
6688.256130 50.000000
6697.150630 50.000000
6702.150630 50.000000
6706.150660 48.000000
6708.150660 48.000000
6717.150660 48.000000
6719.150660 48.000000
6723.185820 48.000000
6729.185790 52.000000
6737.185820 83.000000
6739.185820 83.000000
6749.185820 49.000000
6753.185820 50.000000
6760.185820 49.000000
6765.185820 50.000000
6770.185790 50.000000
6779.080350 53.000000
6786.080350 52.000000
6790.080320 53.000000
6796.080350 60.000000
6801.080350 60.000000
6806.080350 62.000000
6807.080350 61.000000
6816.080350 64.000000
6817.080350 64.000000
6826.080350 65.000000
6828.080350 65.000000
6832.080350 65.000000
6838.080350 67.000000
6844.080350 68.000000
6850.080350 68.000000
6859.080350 63.000000
6860.080350 64.000000
6865.080350 65.000000
6871.080320 68.000000
6876.080320 69.000000
6881.080350 71.000000
6886.080350 72.000000
6895.080350 72.000000
6896.080320 72.000000
6903.080350 71.000000
6906.080350 71.000000
6911.080350 69.000000
6916.080350 69.000000
6921.080320 68.000000
6926.080320 69.000000
6931.080350 68.000000
6936.080350 69.000000
6942.080350 69.000000
6948.080350 69.000000
6957.080350 71.000000
6958.080350 69.000000
6963.080320 69.000000
6968.080320 69.000000
6973.080350 69.000000
6983.080350 69.000000
6984.080350 69.000000
6993.080350 64.000000
6998.080350 65.000000
7000.080350 65.000000
7004.080350 65.000000
7010.080320 65.000000
7015.080350 67.000000
7020.080320 65.000000
7025.080350 65.000000
7032.080350 67.000000
7035.080320 67.000000
7040.080350 68.000000
7046.080350 68.000000
7051.080350 68.000000
7061.080350 68.000000
7063.080350 68.000000
7067.080350 68.000000
7075.080350 68.000000
7077.080320 68.000000
7086.080320 68.000000
7088.080320 68.000000
7093.080320 68.000000
7098.080320 68.000000
7103.080320 68.000000
7108.080350 68.000000
7118.080350 68.000000
7121.080350 68.000000
7126.080350 68.000000
7130.080350 69.000000
7135.080350 68.000000
7140.080350 68.000000
7145.080350 68.000000
7151.080350 68.000000
7156.080320 68.000000
7161.080350 68.000000
7169.080350 69.000000
7171.080350 68.000000
7177.080350 67.000000
7182.080350 67.000000
7189.080320 67.000000
7195.080350 68.000000
7197.080350 69.000000
7203.080320 69.000000
7208.080350 69.000000
7215.080350 69.000000
7218.080350 69.000000
7227.080350 68.000000
7229.080350 67.000000
7234.080320 67.000000
7239.080350 68.000000
7245.080350 68.000000
7250.080320 68.000000
7255.080320 68.000000
7263.080350 68.000000
7267.080350 69.000000
7272.080320 74.000000
7281.080350 64.000000
7284.080350 64.000000
7287.080350 64.000000
7293.080350 65.000000
7299.080350 68.000000
7304.080320 67.000000
7309.080320 67.000000
7314.080350 67.000000
7320.080350 67.000000
7325.080350 67.000000
7331.080350 68.000000
7336.080350 69.000000
7342.080350 76.000000
7352.080350 69.000000
7353.080320 69.000000
7360.080350 68.000000
7363.080350 68.000000
7368.080320 68.000000
7373.080350 68.000000
7378.080320 68.000000
7383.080350 68.000000
7391.080350 68.000000
7394.080350 68.000000
7404.080350 68.000000
7406.080320 68.000000
7410.080320 68.000000
7415.080320 68.000000
7420.080350 68.000000
7429.080320 68.000000
7430.080350 68.000000
7436.080320 68.000000
7441.080320 68.000000
7446.080320 68.000000
7455.115510 55.000000
7459.115510 68.000000
7461.115510 68.000000
7470.115480 68.000000
7472.115510 68.000000
7480.115510 65.000000
7494.010040 65.000000
7497.010040 67.000000
7503.010040 68.000000
7505.010040 67.000000
7510.010040 67.000000
7515.010040 67.000000
7524.010040 65.000000
7528.010040 67.000000
7535.010040 65.000000
7536.010040 65.000000
7546.010040 67.000000
7547.010040 67.000000
7553.010040 65.000000
7560.010040 67.000000
7564.010040 65.000000
7573.010010 68.000000
7575.010040 67.000000
7580.010040 67.000000
7585.010010 68.000000
7590.010040 68.000000
7595.010040 68.000000
7600.010040 68.000000
7605.010010 68.000000
7610.010040 67.000000
7615.010040 67.000000
7620.010040 67.000000
7625.010010 67.000000
7630.010040 67.000000
7636.010040 69.000000
7642.010010 68.000000
7647.010010 67.000000
7652.010040 68.000000
7657.010040 67.000000
7662.010010 67.000000
7671.010040 64.000000
7675.010010 64.000000
7678.010010 63.000000
7682.010040 64.000000
7687.010040 64.000000
7692.010040 65.000000
7697.010040 65.000000
7705.010040 65.000000
7707.010040 65.000000
7713.010010 67.000000
7721.010040 68.000000
7723.010040 68.000000
7728.010040 68.000000
7737.010010 67.000000
7740.010010 67.000000
7743.010040 68.000000
7748.010010 68.000000
7753.010040 68.000000
7758.010040 68.000000
7764.010040 68.000000
7769.010040 67.000000
7774.010040 68.000000
7781.010010 68.000000
7789.010040 68.000000
7790.010040 68.000000
7796.010010 68.000000
7801.010040 68.000000
7811.010010 65.000000
7813.010010 65.000000
7819.010010 65.000000
7825.010040 68.000000
7827.010010 68.000000
7832.010040 71.000000
7837.010010 73.000000
7846.010010 73.000000
7848.010040 71.000000
7854.010040 72.000000
7860.010040 72.000000
7867.010010 74.000000
7870.010040 76.000000
7879.010040 65.000000
7882.010040 65.000000
7888.010040 65.000000
7890.010010 65.000000
7897.010040 65.000000
7900.010040 65.000000
7906.010040 67.000000
7911.010040 68.000000
7916.010040 67.000000
7921.010040 67.000000
7928.010040 67.000000
7931.010040 68.000000
7936.010010 68.000000
7941.010040 71.000000
7947.010040 71.000000
7951.010010 69.000000
7956.010040 68.000000
7961.010040 67.000000
7966.010040 68.000000
7971.010040 68.000000
7977.010010 68.000000
7984.010040 68.000000
7987.010040 68.000000
7993.010040 69.000000
7997.010040 69.000000
8003.010040 69.000000
8008.010010 69.000000
8013.010040 69.000000
8022.010010 69.000000
8023.010040 69.000000
8028.010040 68.000000
8033.010010 68.000000
8038.010040 67.000000
8044.010010 67.000000
8049.010040 67.000000
8054.010040 68.000000
8063.010010 68.000000
8065.010040 69.000000
8070.010010 69.000000
8075.010040 69.000000
8080.010010 69.000000
8085.010010 69.000000
8095.010040 71.000000
8099.010040 71.000000
8101.010040 71.000000
8110.010040 69.000000
8111.010040 69.000000
8116.010040 68.000000
8121.010010 68.000000
8126.010040 68.000000
8132.010010 68.000000
8137.010040 68.000000
8144.010010 68.000000
8149.010040 68.000000
8154.010010 68.000000
8159.010010 68.000000
8164.010040 68.000000
8169.010040 68.000000
8174.010010 68.000000
8179.010040 68.000000
8184.010010 68.000000
8189.010040 69.000000
8198.010040 71.000000
8199.010010 71.000000
8204.010010 69.000000
8209.010010 68.000000
8218.010040 68.000000
8219.010040 68.000000
8225.010040 67.000000
8231.010040 67.000000
8236.010040 68.000000
8241.010040 68.000000
8246.010040 69.000000
8252.010010 69.000000
8261.010040 68.000000
8262.010040 68.000000
8267.010010 68.000000
8276.010040 69.000000
8277.010040 69.000000
8283.010040 69.000000
8288.010040 69.000000
8293.010040 69.000000
8298.010040 69.000000
8305.010040 71.000000
8308.010010 72.000000
8314.010010 71.000000
8323.010040 69.000000
8324.010040 69.000000
8330.010040 68.000000
8336.010040 68.000000
8341.010040 68.000000
8348.010010 68.000000
8351.010040 68.000000
8360.010040 69.000000
8361.010040 69.000000
8367.010040 69.000000
8372.010010 65.000000
8377.010040 68.000000
8386.010010 68.000000
8389.010040 68.000000
8395.010040 68.000000
8401.010040 68.000000
8409.010040 68.000000
8415.010040 68.000000
8416.010040 67.000000
8425.010040 67.000000
8427.010010 68.000000
8432.010040 68.000000
8442.010040 68.000000
8443.010040 67.000000
8448.010010 67.000000
8453.010040 67.000000
8462.010010 69.000000
8464.010040 69.000000
8470.010040 68.000000
8475.010010 67.000000
8480.010040 67.000000
8485.010040 67.000000
8491.010010 68.000000
8496.010040 68.000000
8502.010040 68.000000
8508.010040 68.000000
8512.010040 68.000000
8518.010040 69.000000
8524.010040 68.000000
8529.010040 69.000000
8534.010040 72.000000
8539.010040 71.000000
8545.010010 68.000000
8550.010040 68.000000
8556.010040 68.000000
8562.010040 69.000000
8567.010010 68.000000
8572.010010 68.000000
8577.010040 69.000000
8586.010040 69.000000
8587.010040 71.000000
8595.010010 74.000000
8599.010010 73.000000
8606.010010 67.000000
8609.010010 67.000000
8614.010010 67.000000
8619.010040 67.000000
8625.010040 68.000000
8634.045900 73.000000
8635.045930 72.000000
8640.045930 71.000000
8646.045900 69.000000
8655.045930 71.000000
8656.045930 72.000000
8669.939730 69.000000
8673.939730 71.000000
8680.939700 68.000000
8686.939730 61.000000
8691.974850 61.000000
8697.974880 60.000000
8703.974880 62.000000
8708.974880 64.000000
8713.974850 65.000000
8716.974880 65.000000
8719.974850 67.000000
8729.857700 65.000000
8730.857700 65.000000
8739.857700 65.000000
8740.857700 65.000000
8746.857700 65.000000
8751.857700 65.000000
8759.857700 67.000000
8766.857670 65.000000
8769.857700 65.000000
8772.857670 65.000000
8777.857670 65.000000
8782.857670 65.000000
8787.857670 65.000000
8792.857670 65.000000
8797.857670 64.000000
8802.857700 64.000000
8807.857700 65.000000
8813.857700 67.000000
8818.857700 67.000000
8823.857700 67.000000
8832.857670 63.000000
8834.857670 65.000000
8839.857670 65.000000
8844.857700 65.000000
8849.857670 65.000000
8854.857700 68.000000
8859.857700 68.000000
8865.857700 68.000000
8873.857700 65.000000
8875.857700 65.000000
8880.857700 65.000000
8886.857670 65.000000
8891.857700 65.000000
8901.857700 64.000000
8902.857670 64.000000
8907.857700 68.000000
8912.857700 68.000000
8921.857670 65.000000
8922.857700 65.000000
8930.857700 63.000000
8932.857670 63.000000
8941.857670 64.000000
8943.857700 65.000000
8953.857700 65.000000
8954.857700 65.000000
8960.857700 65.000000
8966.857700 65.000000
8972.857700 65.000000
8977.857700 65.000000
8982.857700 65.000000
8987.857700 65.000000
8993.857700 65.000000
8997.857700 65.000000
9002.857670 65.000000
9011.857700 65.000000
9012.857700 65.000000
9018.857670 65.000000
9023.857670 68.000000
9028.857670 69.000000
9034.857700 68.000000
9039.857700 68.000000
9048.857670 65.000000
9050.857700 65.000000
9057.857700 64.000000
9060.857670 64.000000
9065.857700 65.000000
9070.857700 65.000000
9076.857670 65.000000
9084.857700 62.000000
9086.857700 63.000000
9092.857700 64.000000
9097.857700 65.000000
9102.857700 65.000000
9108.857670 65.000000
9113.857670 64.000000
9118.857700 64.000000
9123.857700 64.000000
9128.857700 65.000000
9133.857700 64.000000
9138.857700 65.000000
9144.857700 64.000000
9151.857700 64.000000
9154.857670 65.000000
9159.857700 67.000000
9165.857700 67.000000
9174.857700 67.000000
9176.857700 67.000000
9186.857700 67.000000
9187.857700 67.000000
9193.857670 65.000000
9198.857700 65.000000
9204.857700 65.000000
9209.857700 65.000000
9215.857700 65.000000
9226.857700 65.000000
9228.857700 65.000000
9232.857670 65.000000
9237.857700 65.000000
9243.857700 65.000000
9249.857670 65.000000
9253.857700 68.000000
9258.857670 67.000000
9263.857670 65.000000
9268.857700 65.000000
9278.857700 64.000000
9279.857700 64.000000
9284.857700 65.000000
9290.857700 65.000000
9295.857700 65.000000
9305.857700 64.000000
9306.857700 64.000000
9312.857700 63.000000
9317.857700 64.000000
9323.857670 64.000000
9328.857670 64.000000
9333.857700 64.000000
9338.857670 64.000000
9343.857700 64.000000
9352.857700 68.000000
9353.857700 68.000000
9359.857670 68.000000
9368.857700 64.000000
9369.857700 64.000000
9378.857670 62.000000
9379.857700 62.000000
9387.857700 67.000000
9390.857700 65.000000
9396.857670 65.000000
9401.857700 67.000000
9406.857700 68.000000
9411.857700 68.000000
9417.857700 67.000000
9422.857700 63.000000
9427.857700 62.000000
9433.857700 63.000000
9442.857700 64.000000
9444.857700 65.000000
9452.857700 63.000000
9453.857700 63.000000
9463.857700 61.000000
9466.857670 63.000000
9469.857700 62.000000
9476.857700 59.000000
9483.857700 61.000000
9485.857700 63.000000
9492.857670 64.000000
9500.857700 64.000000
9501.857670 65.000000
9510.857670 65.000000
9515.857670 64.000000
9517.857670 64.000000
9526.857700 64.000000
9527.857700 64.000000
9532.857700 64.000000
9538.857670 64.000000
9545.857670 65.000000
9552.857670 67.000000
9554.857700 67.000000
9559.857700 65.000000
9564.857670 65.000000
9569.857700 65.000000
9574.857700 67.000000
9585.857670 65.000000
9586.857700 65.000000
9596.857670 64.000000
9598.857700 64.000000
9606.857670 65.000000
9608.857700 64.000000
9613.857670 65.000000
9618.857700 65.000000
9623.857700 65.000000
9628.857700 65.000000
9634.857700 65.000000
9639.857700 65.000000
9644.857700 65.000000
9649.857700 65.000000
9660.857700 59.000000
9661.857670 59.000000
9666.857700 61.000000
9671.857700 64.000000
9676.857670 65.000000
9681.857700 65.000000
9686.857670 65.000000
9691.857700 67.000000
9696.857700 68.000000
9701.857700 67.000000
9706.857700 67.000000
9715.857700 65.000000
9718.857670 65.000000
9725.857700 65.000000
9728.857700 65.000000
9734.857700 65.000000
9738.857700 65.000000
9743.857700 65.000000
9748.857670 65.000000
9753.857700 65.000000
9758.892850 65.000000
9765.892820 65.000000
9771.892850 65.000000
9776.892850 54.000000
9779.892820 53.000000
9788.892850 52.000000
9793.892850 51.000000
9803.775660 51.000000
9809.775660 49.000000
9814.775630 48.000000
9816.775630 48.000000
9821.775630 48.000000
9826.775660 48.000000
9831.775660 48.000000
9841.775660 49.000000
9847.775630 50.000000
9852.775660 50.000000
9857.775660 51.000000
9859.775660 51.000000
9863.775660 50.000000
9871.775660 50.000000
9873.775660 50.000000
9882.775660 50.000000
9888.775660 50.000000
9889.775630 50.000000
9899.775660 50.000000
9902.775630 51.000000
9905.775660 50.000000
9910.775660 50.000000
9919.775630 50.000000
9922.775630 50.000000
9931.775660 52.000000
9933.775630 52.000000
9937.775660 52.000000
9947.775660 52.000000
9950.775660 52.000000
9954.775630 52.000000
9959.775630 52.000000
9964.775660 51.000000
9969.775630 50.000000
9976.775660 50.000000
9981.775660 50.000000
9986.775660 50.000000
9992.775630 50.000000
9994.775630 50.000000
10000.775630 50.000000
10006.775630 50.000000
10010.775660 50.000000
10016.775660 50.000000
10022.775630 50.000000
10029.775630 50.000000
10032.775630 50.000000
10041.775660 50.000000
10046.775660 50.000000
10047.775660 50.000000
10053.775660 50.000000
10062.775660 50.000000
10063.775630 50.000000
10072.775660 50.000000
10073.775630 50.000000
10078.775660 50.000000
10086.775660 50.000000
10088.775660 50.000000
10093.775630 50.000000
10098.775660 50.000000
10108.775630 50.000000
10109.775660 50.000000
10114.775630 49.000000
10119.775630 49.000000
10128.775660 49.000000
10131.775630 50.000000
10135.775660 50.000000
10140.775660 49.000000
10150.775660 50.000000
10151.775660 50.000000
10156.775660 50.000000
10161.775660 50.000000
10170.775660 50.000000
10172.775660 50.000000
10176.775660 50.000000
10181.775660 50.000000
10192.775660 50.000000
10193.775660 50.000000
10202.775660 50.000000
10203.775660 50.000000
10213.775660 50.000000
10216.775660 50.000000
10219.775660 50.000000
10224.775630 50.000000
10229.780050 49.000000
10239.780050 50.000000
10240.780050 50.000000
10245.780050 50.000000
10250.780050 48.000000
10255.780020 48.000000
10264.780050 49.000000
10267.780020 52.000000
10270.780050 50.000000
10275.780050 50.000000
10283.780050 50.000000
10285.780050 50.000000
10290.780020 50.000000
10295.780020 50.000000
10303.780050 50.000000
10309.780050 50.000000
10313.780050 51.000000
10315.780050 50.000000
10320.780020 50.000000
10328.780050 50.000000
10330.780050 50.000000
10340.780050 50.000000
10346.780020 50.000000
10350.780020 50.000000
10352.780020 50.000000
10361.780050 50.000000
10363.780050 50.000000
10367.780050 50.000000
10377.780050 51.000000
10381.780020 54.000000
10387.780050 53.000000
10389.780050 53.000000
10396.780050 53.000000
10398.780050 52.000000
10404.780050 51.000000
10410.780050 51.000000
10415.780050 50.000000
10421.780050 50.000000
10426.780020 50.000000
10434.780050 49.000000
10436.780020 50.000000
10441.780020 50.000000
10446.780050 50.000000
10456.780020 50.000000
10457.780050 50.000000
10462.780050 50.000000
10472.780050 50.000000
10476.780050 51.000000
10478.780020 51.000000
10483.780050 51.000000
10492.780050 51.000000
10493.780020 50.000000
10498.780020 50.000000
10503.780050 50.000000
10508.780020 51.000000
10517.780050 53.000000
10522.780050 58.000000
10523.780050 58.000000
10529.780050 52.000000
10534.780020 52.000000
10543.780050 52.000000
10544.780050 52.000000
10550.780050 51.000000
10555.780050 51.000000
10564.780050 51.000000
10567.780050 51.000000
10570.780050 51.000000
10576.780050 51.000000
10584.780020 51.000000
10586.780050 51.000000
10595.780050 51.000000
10596.780050 51.000000
10603.780050 52.000000
10606.780020 51.000000
10611.780050 50.000000
10619.780020 50.000000
10622.780050 50.000000
10629.780020 50.000000
10636.780050 50.000000
10640.780050 51.000000
10642.780050 51.000000
10650.780050 52.000000
10652.780050 52.000000
10658.780050 51.000000
10663.780020 50.000000
10672.780050 51.000000
10675.780050 54.000000
10682.780050 54.000000
10686.780050 59.000000
10689.780050 59.000000
10698.780050 50.000000
10699.780050 50.000000
10704.780020 50.000000
10709.780050 50.000000
10714.780020 50.000000
10719.780050 50.000000
10724.780020 50.000000
10733.780050 51.000000
10734.780050 51.000000
10739.780050 51.000000
10749.780050 52.000000
10750.780050 52.000000
10755.780020 51.000000
10760.780020 50.000000
10767.780050 51.000000
10770.780020 51.000000
10778.780020 51.000000
10780.780050 52.000000
10789.780050 53.000000
10791.780050 53.000000
10798.780050 53.000000
10800.780050 53.000000
10805.780050 51.000000
10815.780050 51.000000
10816.780050 51.000000
10825.780050 53.000000
10826.780020 53.000000
10834.780020 53.000000
10836.780020 53.000000
10841.780050 52.000000
10847.780050 52.000000
10854.780020 52.000000
10857.780050 52.000000
10862.780050 52.000000
10872.780050 52.000000
10875.780020 54.000000
10880.780020 55.000000
10884.780050 54.000000
10890.780050 54.000000
10895.780050 54.000000
10901.780020 52.000000
10906.780050 51.000000
10911.780020 50.000000
10916.780050 50.000000
10924.780050 51.000000
10928.780050 51.000000
10933.780050 51.000000
10938.780050 51.000000
10943.780050 52.000000
10951.780050 50.000000
10957.780050 51.000000
10960.780050 51.000000
10963.780050 51.000000
10969.780020 51.000000
10974.780050 51.000000
10983.780050 52.000000
10984.780050 51.000000
10989.780050 52.000000
10994.780050 51.000000
10999.780020 51.000000
11004.780020 51.000000
11009.780050 51.000000
11018.780050 51.000000
11025.780050 51.000000
11027.780050 53.000000
11035.780050 54.000000
11036.780050 54.000000
11041.780050 54.000000
11051.780050 49.000000
11054.780050 50.000000
11057.780050 50.000000
11066.780050 50.000000
11068.780050 50.000000
11073.780050 50.000000
11079.780050 52.000000
11083.780050 54.000000
11088.780020 51.000000
11093.780050 50.000000
11102.780050 51.000000
11104.780050 53.000000
11109.780020 53.000000
11119.780050 52.000000
11121.780020 57.000000
11128.780020 59.000000
11131.780020 59.000000
11136.780050 50.000000
11143.780050 50.000000
11152.780020 50.000000
11153.780050 50.000000
11160.780050 51.000000
11164.780050 51.000000
11171.780050 51.000000
11173.780050 51.000000
11178.780050 51.000000
11183.780020 50.000000
11188.780020 51.000000
11197.780020 51.000000
11199.780050 52.000000
11207.780050 51.000000
11211.780050 58.000000
11218.780050 58.000000
11222.780020 59.000000
11224.780020 59.000000
11234.780050 53.000000
11235.780020 53.000000
11242.780050 53.000000
11248.780020 54.000000
11250.780020 53.000000
11259.780050 51.000000
11264.780050 52.000000
11265.780050 52.000000
11271.780050 53.000000
11281.780020 60.000000
11283.780050 60.000000
11287.780020 60.000000
11296.780050 54.000000
11298.780050 54.000000
11305.780050 52.000000
11307.780050 52.000000
11317.780050 52.000000
11319.780020 54.000000
11327.780050 60.000000
11328.780020 61.000000
11337.780050 60.000000
11341.780050 61.000000
11343.780050 61.000000
11353.780050 53.000000
11356.780020 57.000000
11363.780050 58.000000
11365.780050 58.000000
11373.780020 54.000000
11375.780050 53.000000
11380.780050 52.000000
11389.780020 53.000000
11391.780050 53.000000
11396.780020 53.000000
11403.780050 54.000000
11407.780020 53.000000
11414.780050 59.000000
11421.780050 59.000000
11422.780050 59.000000
11432.780020 58.000000
11434.780050 59.000000
11442.780050 57.000000
11443.780020 57.000000
11448.780020 58.000000
11456.780050 54.000000
11462.780020 59.000000
11468.780050 57.000000
11472.780020 59.000000
11474.780020 59.000000
11479.780050 59.000000
11484.780050 59.000000
11494.780020 53.000000
11496.780050 54.000000
11502.780050 62.000000
11509.780050 62.000000
11512.780050 63.000000
11522.780050 53.000000
11525.780050 51.000000
11528.780050 52.000000
11537.780050 60.000000
11538.780050 61.000000
11543.780020 60.000000
11552.780050 55.000000
11558.780050 53.000000
11562.780020 55.000000
11564.780050 54.000000
11575.780050 54.000000
11578.780050 57.000000
11581.780050 59.000000
11587.780050 54.000000
11591.780020 54.000000
11596.780050 54.000000
11606.780020 54.000000
11608.780020 54.000000
11613.780050 54.000000
11622.780020 54.000000
11624.780050 54.000000
11629.780050 55.000000
11634.780050 54.000000
11643.780050 50.000000
11648.780050 50.000000
11649.780050 51.000000
11654.780050 51.000000
11663.780050 53.000000
11666.780020 52.000000
11669.780050 52.000000
11679.780050 52.000000
11682.780050 52.000000
11685.780050 51.000000
11690.780050 52.000000
11698.780050 62.000000
11700.780050 62.000000
11709.780050 53.000000
11713.780050 52.000000
11715.780050 52.000000
11724.780020 53.000000
11728.780020 52.000000
11733.780050 53.000000
11736.780050 53.000000
11742.780050 53.000000
11747.780050 53.000000
11752.780050 53.000000
11761.780020 52.000000
11767.780020 54.000000
11768.780050 54.000000
11774.780020 54.000000
11782.780050 54.000000
11783.780050 54.000000
11790.780020 54.000000
11793.780020 54.000000
11798.780050 53.000000
11803.780050 53.000000
11813.780050 51.000000
11814.780020 51.000000
11822.780050 54.000000
11824.780020 53.000000
11833.780050 53.000000
11834.780020 53.000000
11839.780020 61.000000
11849.780020 53.000000
11853.780050 54.000000
11855.780050 53.000000
11861.780050 53.000000
11871.780020 54.000000
11872.780050 54.000000
11877.780050 59.000000
11884.780020 56.000000
11891.780050 59.000000
11892.780050 59.000000
11900.780050 59.000000
11902.780050 59.000000
11912.780020 60.000000
11914.780020 60.000000
11922.815180 50.000000
11926.815210 59.000000
11932.815210 57.000000
11933.815210 56.000000
11940.815210 56.000000
11944.815180 55.000000
11948.815180 56.000000
11959.709710 55.000000
11964.709740 55.000000
11972.709740 53.000000
11974.709740 53.000000
11980.709740 54.000000
11990.709740 51.000000
11995.709740 54.000000
11998.709740 57.000000
12003.709740 54.000000
12010.709740 55.000000
12012.709740 56.000000
12017.709740 55.000000
12022.709710 55.000000
12031.709710 54.000000
12037.709740 59.000000
12038.709740 59.000000
12047.709740 58.000000
12052.709740 59.000000
12055.709740 59.000000
12058.709740 60.000000
12064.709740 60.000000
12073.709740 62.000000
12075.709740 62.000000
12083.709740 63.000000
12086.709710 64.000000
12091.709710 64.000000
12096.709710 63.000000
12104.709710 61.000000
12106.709710 61.000000
12115.709740 55.000000
12118.709740 54.000000
12124.709710 56.000000
12127.709740 56.000000
12137.709740 59.000000
12142.709740 61.000000
12147.709740 61.000000
12148.709710 61.000000
12153.709710 61.000000
12160.709710 54.000000
12167.709740 54.000000
12170.709740 54.000000
12173.709740 55.000000
12178.709710 55.000000
12185.709740 60.000000
12193.709740 62.000000
12194.709710 62.000000
12199.709710 62.000000
12205.709740 61.000000
12209.709740 61.000000
12218.709740 61.000000
12219.709740 61.000000
12229.709740 61.000000
12230.709710 61.000000
12240.709740 57.000000
12241.709740 57.000000
12246.709710 59.000000
12253.709740 58.000000
12260.709710 56.000000
12261.709710 56.000000
12267.709710 55.000000
12272.709740 56.000000
12279.709740 58.000000
12282.709710 58.000000
12291.709740 59.000000
12292.709740 59.000000
12301.709740 59.000000
12303.709710 59.000000
12311.709740 56.000000
12314.709740 57.000000
12319.709710 54.000000
12323.709710 55.000000
12328.709740 55.000000
12337.709740 54.000000
12339.709740 55.000000
12344.709710 56.000000
12351.709740 55.000000
12354.709740 56.000000
12363.709710 56.000000
12369.709710 60.000000
12372.709710 61.000000
12375.709740 62.000000
12384.709740 62.000000
12385.709740 62.000000
12393.709740 62.000000
12396.709740 62.000000
12404.709740 61.000000
12411.709740 58.000000
12416.709740 55.000000
12421.709740 55.000000
12423.709710 56.000000
12427.709740 56.000000
12435.709740 64.000000
12438.709710 64.000000
12446.709710 56.000000
12452.709710 62.000000
12454.709710 61.000000
12463.709740 61.000000
12466.709740 62.000000
12469.709740 62.000000
12474.709710 62.000000
12482.709740 61.000000
12484.709740 61.000000
12491.709740 61.000000
12495.709710 61.000000
12502.709740 63.000000
12509.709740 61.000000
12510.709710 61.000000
12519.709740 61.000000
12521.709710 62.000000
12530.709710 62.000000
12532.709740 62.000000
12540.709740 61.000000
12542.709740 60.000000
12548.709740 59.000000
12556.709740 59.000000
12559.709740 58.000000
12563.709740 57.000000
12570.709710 65.000000
12574.709710 65.000000
12584.709710 54.000000
12589.709740 59.000000
12592.709740 62.000000
12596.709710 62.000000
12605.709740 62.000000
12607.709740 62.000000
12611.709710 63.000000
12616.709740 63.000000
12621.709710 63.000000
12626.709740 63.000000
12632.709740 63.000000
12637.744870 63.000000
12644.744870 96.000000
12651.744900 96.000000
12656.744900 95.000000
12661.744870 86.000000
12667.744900 86.000000
12671.744870 83.000000
12682.639430 81.000000
12685.639430 81.000000
12694.639430 80.000000
12696.639430 80.000000
12701.639400 81.000000
12706.639430 81.000000
12711.675320 85.000000
12716.675320 86.000000
12721.675320 87.000000
12728.675320 87.000000
12733.675320 86.000000
12740.675320 77.000000
12743.675290 77.000000
12750.675320 87.000000
12751.675320 87.000000
12761.569110 87.000000
12762.569080 87.000000
12767.569110 87.000000
12777.569080 83.000000
12782.569080 80.000000
12785.569110 82.000000
12789.569110 83.000000
12795.569110 86.000000
12800.569110 87.000000
12805.604270 91.000000
12815.604240 89.000000
12820.604270 82.000000
12825.604270 83.000000
12829.604240 82.000000
12834.604270 83.000000
12843.451930 86.000000
12848.451930 89.000000
12857.451930 92.000000
12858.451930 92.000000
12863.451930 92.000000
12868.487080 73.000000
12878.487050 67.000000
12879.487050 67.000000
12885.487080 83.000000
12897.487050 65.000000
12899.487080 65.000000
12914.487080 48.000000
12920.487080 49.000000
12921.487050 50.000000
12928.487050 65.000000
12941.381610 48.000000
12946.381610 48.000000
12951.381610 49.000000
12956.381610 49.000000
12961.381610 50.000000
12963.381580 51.000000
12967.381580 50.000000
12976.381610 48.000000
12979.381610 49.000000
12986.381610 48.000000
12991.381610 49.000000
12992.381610 49.000000
13001.381580 49.000000
13005.381610 50.000000
13008.381610 50.000000
13017.381610 49.000000
13018.381610 49.000000
13023.381610 50.000000
13032.381610 49.000000
13035.381610 49.000000
13038.381610 49.000000
13045.381610 49.000000
13049.381580 49.000000
13054.381610 49.000000
13063.381610 48.000000
13064.381610 48.000000
13070.381610 49.000000
13079.381610 47.000000
13081.381580 47.000000
13089.381610 48.000000
13092.381610 49.000000
13097.381580 49.000000
13101.381580 50.000000
13106.381610 50.000000
13112.381580 50.000000
13117.381610 49.000000
13122.381610 49.000000
13130.381610 49.000000
13136.381580 50.000000
13138.381610 50.000000
13144.381610 49.000000
13153.381580 49.000000
13157.381610 49.000000
13161.381610 50.000000
13169.381610 49.000000
13170.381610 49.000000
13175.381610 49.000000
13180.381610 49.000000
13188.381610 49.000000
13190.381580 50.000000
13195.381610 59.000000
13204.381610 61.000000
13206.381580 61.000000
13215.381610 61.000000
13216.381610 61.000000
13221.381610 61.000000
13229.381580 61.000000
13231.381580 61.000000
13239.381580 65.000000
13242.381580 65.000000
13251.381610 64.000000
13252.381610 65.000000
13257.381580 64.000000
13266.416770 58.000000
13270.416740 63.000000
13273.416740 63.000000
13282.416770 63.000000
13283.416770 63.000000
13292.416770 57.000000
13301.323020 62.000000
13303.322990 62.000000
13312.323020 62.000000
13313.323020 63.000000
13320.322990 63.000000
13324.323020 63.000000
13332.322990 62.000000
13335.322990 62.000000
13344.323020 62.000000
13347.323020 62.000000
13350.323020 62.000000
13356.323020 62.000000
13361.323020 62.000000
13367.322990 65.000000
13372.322990 64.000000
13377.322990 65.000000
13382.323020 65.000000
13387.323020 65.000000
13392.322990 67.000000
13397.323020 65.000000
13404.322990 65.000000
13408.323020 65.000000
13413.322990 65.000000
13418.323020 65.000000
13423.322990 65.000000
13428.322990 65.000000
13433.322990 65.000000
13438.322990 65.000000
13443.322990 65.000000
13448.323020 65.000000
13457.322990 65.000000
13463.323020 65.000000
13464.323020 65.000000
13473.323020 64.000000
13475.323020 64.000000
13479.323020 64.000000
13484.323020 65.000000
13490.323020 65.000000
13496.323020 64.000000
13501.323020 63.000000
13507.322990 63.000000
13512.323020 63.000000
13517.323020 65.000000
13522.323020 64.000000
13527.322990 65.000000
13532.323020 68.000000
13537.322990 67.000000
13545.322990 69.000000
13547.323020 68.000000
13552.323020 63.000000
13560.323020 62.000000
13568.323020 61.000000
13571.322990 61.000000
13574.323020 61.000000
13579.323020 61.000000
13588.323020 68.000000
13590.323020 68.000000
13595.323020 68.000000
13601.322990 68.000000
13609.323020 69.000000
13612.323020 69.000000
13617.322990 69.000000
13622.323020 69.000000
13630.358180 87.000000
13636.358180 69.000000
13641.358180 67.000000
13642.358180 67.000000
13651.358150 65.000000
13654.358150 65.000000
13665.252680 65.000000
13673.252680 65.000000
13675.252680 64.000000
13684.252680 62.000000
13690.252710 62.000000
13691.252680 62.000000
13700.252710 62.000000
13704.252710 62.000000
13710.252710 65.000000
13712.252680 65.000000
13716.252710 65.000000
13724.252710 65.000000
13731.252710 68.000000
13734.252710 69.000000
13738.252710 69.000000
13746.252710 63.000000
13748.252710 63.000000
13753.252680 63.000000
13758.252710 62.000000
13763.252710 62.000000
13774.252710 64.000000
13779.252710 63.000000
13781.252710 63.000000
13785.252680 64.000000
13790.252710 65.000000
13795.252680 65.000000
13800.252710 65.000000
13806.252710 65.000000
13813.252680 65.000000
13815.252710 65.000000
13825.252710 65.000000
13829.252710 65.000000
13831.260820 65.000000
13836.260850 67.000000
13841.260850 68.000000
13850.260850 59.000000
13855.260850 58.000000
13860.260820 62.000000
13865.260850 62.000000
13870.260850 62.000000
13871.260820 62.000000
13876.260850 62.000000
13881.260850 62.000000
13889.260850 61.000000
13892.260850 62.000000
13898.260850 62.000000
13904.260850 63.000000
13907.260820 64.000000
13912.260850 64.000000
13921.260850 65.000000
13922.260850 65.000000
13931.260850 65.000000
13932.260850 65.000000
13937.260820 65.000000
13942.260820 65.000000
13947.260820 65.000000
13955.260820 65.000000
13957.260820 65.000000
13966.260820 65.000000
13968.260820 65.000000
13973.260820 65.000000
13979.260850 67.000000
13987.260850 68.000000
13992.260850 67.000000
13997.260850 67.000000
13998.260850 67.000000
14004.260850 65.000000
14008.260850 63.000000
14013.260850 64.000000
14018.260820 64.000000
14025.260820 64.000000
14028.260850 64.000000
14038.260850 67.000000
14043.260850 68.000000
14047.260820 68.000000
14050.260820 68.000000
14059.295970 69.000000
14061.295970 69.000000
14068.296010 68.000000
14071.296010 68.000000
14081.296010 65.000000
14082.296010 65.000000
14093.202260 68.000000
14099.202260 71.000000
14104.202220 71.000000
14113.202260 55.000000
14118.202260 54.000000
14122.202220 56.000000
14128.202220 58.000000
14131.202260 59.000000
14138.202260 58.000000
14141.202260 58.000000
14149.202220 58.000000
14151.202220 57.000000
14156.202260 58.000000
14165.202260 64.000000
14166.202260 64.000000
14172.202260 64.000000
14180.202260 65.000000
14181.202220 64.000000
14189.202260 64.000000
14191.202260 63.000000
14198.202260 61.000000
14202.202220 59.000000
14207.202260 59.000000
14216.202260 59.000000
14217.202260 59.000000
14226.202260 60.000000
14229.202260 60.000000
14235.202260 67.000000
14237.202260 67.000000
14245.202220 67.000000
14248.202220 67.000000
14253.202260 65.000000
14258.202260 65.000000
14267.202260 65.000000
14271.202220 65.000000
14273.202220 64.000000
14278.202260 65.000000
14283.202220 69.000000
14288.202260 65.000000
14296.237410 56.000000
14302.237410 55.000000
14308.237380 57.000000
14309.237380 57.000000
14319.237410 55.000000
14323.237410 55.000000
14335.120220 64.000000
14337.120190 65.000000
14345.120220 64.000000
14346.120190 65.000000
14351.120220 65.000000
14357.120220 64.000000
14364.120220 64.000000
14367.120190 64.000000
14375.120220 63.000000
14381.120190 63.000000
14383.120190 63.000000
14392.120220 65.000000
14393.120220 65.000000
14398.120190 65.000000
14403.120190 64.000000
14412.120220 63.000000
14417.120220 61.000000
14418.120220 61.000000
14423.120220 62.000000
14429.120220 61.000000
14438.120190 60.000000
14440.120190 60.000000
14445.120220 60.000000
14450.120190 61.000000
14460.120220 61.000000
14461.120220 61.000000
14468.120220 60.000000
14475.120220 61.000000
14476.120220 61.000000
14485.120190 54.000000
14488.120220 53.000000
14496.120220 63.000000
14497.120190 63.000000
14502.120190 64.000000
14507.120220 64.000000
14513.120220 63.000000
14522.120220 59.000000
14525.120190 61.000000
14532.120190 61.000000
14534.120220 61.000000
14539.120190 61.000000
14544.120220 62.000000
14549.120220 62.000000
14554.155380 62.000000
14562.155380 62.000000
14564.155350 62.000000
14572.155380 50.000000
14578.155380 62.000000
14584.155380 62.000000
14585.155350 62.000000
14595.049910 62.000000
14600.049910 62.000000
14603.049910 62.000000
14606.049910 62.000000
14615.049910 63.000000
14616.049880 63.000000
14625.049910 63.000000
14628.049880 63.000000
14631.049910 63.000000
14640.049910 62.000000
14642.049910 62.000000
14647.049880 63.000000
14652.049910 63.000000
14656.049880 63.000000
14665.049910 64.000000
14666.049910 64.000000
14672.049880 64.000000
14679.049910 64.000000
14682.049910 64.000000
14692.049910 64.000000
14696.049910 64.000000
14700.049910 64.000000
14703.049880 65.000000
14711.049910 65.000000
14718.049880 64.000000
14722.049910 63.000000
14724.049910 63.000000
14729.049910 62.000000
14735.049910 62.000000
14745.085070 60.000000
14751.085070 62.000000
14756.085070 62.000000
14762.085070 63.000000
14763.085040 64.000000
14768.085070 63.000000
14778.967850 64.000000
14783.967880 64.000000
14788.967880 64.000000
14793.967880 64.000000
14804.003040 64.000000
14805.003010 64.000000
14814.003040 64.000000
14820.003010 64.000000
14825.003010 63.000000
14830.003010 60.000000
14832.003010 61.000000
14840.897570 62.000000
14846.897570 62.000000
14850.897570 62.000000
14855.897570 65.000000
14861.897570 64.000000
14867.897570 64.000000
14868.897570 64.000000
14873.897540 65.000000
14879.897570 62.000000
14884.897570 64.000000
14889.897570 64.000000
14898.897570 62.000000
14903.897540 63.000000
14905.897570 63.000000
14909.897570 63.000000
14917.897540 64.000000
14919.897570 64.000000
14924.897540 64.000000
14932.897570 63.000000
14934.897540 63.000000
14940.897570 62.000000
14944.897570 62.000000
14950.897570 62.000000
14958.897570 58.000000
14962.897570 57.000000
14965.897540 59.000000
14973.897570 65.000000
14977.897570 65.000000
14980.897570 65.000000
14985.897570 64.000000
14994.897570 60.000000
14996.897540 60.000000
15000.897570 60.000000
15005.897540 63.000000
15010.897570 62.000000
15019.897540 63.000000
15021.897570 63.000000
15027.897570 65.000000
15035.897570 67.000000
15036.897570 67.000000
15047.897570 68.000000
15048.897540 68.000000
15053.897570 68.000000
15062.897540 67.000000
15064.897540 65.000000
15069.897540 65.000000
15074.897570 65.000000
15079.897570 65.000000
15084.897540 65.000000
15093.897570 60.000000
15096.897570 61.000000
15101.897540 62.000000
15104.897570 62.000000
15109.897570 63.000000
15117.897570 64.000000
15120.897540 64.000000
15125.897570 63.000000
15130.897570 64.000000
15136.897570 63.000000
15141.897540 63.000000
15146.897570 63.000000
15152.897570 63.000000
15159.933460 74.000000
15164.933460 74.000000
15171.933460 61.000000
15176.933460 60.000000
15177.933460 60.000000
15184.933460 59.000000
15193.816270 59.000000
15194.816270 59.000000
15203.816240 59.000000
15205.816270 59.000000
15211.816270 59.000000
15219.816240 59.000000
15224.816270 62.000000
15226.816240 63.000000
15235.816270 64.000000
15237.816270 64.000000
15242.816240 64.000000
15247.816270 63.000000
15252.816240 63.000000
15258.816240 63.000000
15263.816270 63.000000
15269.816240 63.000000
15273.816240 63.000000
15282.850690 61.000000
15288.850690 59.000000
15289.850660 59.000000
15298.850690 56.000000
15299.850690 56.000000
15304.850690 55.000000
15315.745220 61.000000
15318.745190 61.000000
15325.745220 61.000000
15327.745190 61.000000
15334.745220 61.000000
15337.745220 63.000000
15342.745220 65.000000
15351.745220 65.000000
15353.745220 64.000000
15362.745220 64.000000
15363.745220 64.000000
15371.745220 64.000000
15374.745190 64.000000
15379.745220 64.000000
15384.780350 64.000000
15389.780350 65.000000
15398.780380 95.000000
15401.780380 95.000000
15409.780380 77.000000
15411.780350 77.000000
15417.780380 77.000000
15425.780350 94.000000
15429.780350 94.000000
15436.780380 95.000000
15437.780380 95.000000
15442.780350 95.000000
15456.780380 51.000000
15461.780380 52.000000
15466.780380 51.000000
15470.780380 52.000000
15476.780380 51.000000
15481.780380 52.000000
15486.780350 59.000000
15495.687330 61.000000
15498.687360 62.000000
15503.687360 62.000000
15513.687360 52.000000
15518.687360 52.000000
15522.687330 52.000000
15528.687360 52.000000
15529.687330 52.000000
15536.687360 52.000000
15543.687330 52.000000
15546.687330 52.000000
15550.687330 52.000000
15555.687330 52.000000
15564.687360 52.000000
15569.687330 53.000000
15571.687360 54.000000
15576.687360 54.000000
15581.687360 54.000000
15587.687360 53.000000
15598.687360 53.000000
15602.687360 54.000000
15604.687360 54.000000
15611.687360 55.000000
15614.687360 55.000000
15620.687360 56.000000
15630.687360 57.000000
15631.687360 57.000000
15636.687360 57.000000
15642.687330 59.000000
15647.687330 65.000000
15657.721760 51.000000
15662.721790 51.000000
15664.721760 51.000000
15668.721790 51.000000
15674.721790 51.000000
15679.721790 51.000000
15689.604600 51.000000
15692.604600 52.000000
15696.604600 54.000000
15701.604600 55.000000
15710.604600 54.000000
15715.604600 54.000000
15720.604600 53.000000
15721.604600 53.000000
15727.604600 54.000000
15737.604600 54.000000
15739.604600 54.000000
15743.604570 53.000000
15752.604600 51.000000
15758.604570 50.000000
15763.604600 51.000000
15765.604600 51.000000
15769.604600 51.000000
15778.604600 51.000000
15780.604600 51.000000
15785.604570 51.000000
15794.604570 53.000000
15799.604600 57.000000
15800.604600 57.000000
15808.604570 55.000000
15810.604600 55.000000
15816.604600 55.000000
15821.604600 59.000000
15828.604600 55.000000
15835.604600 55.000000
15837.604570 55.000000
15842.604600 55.000000
15847.604600 55.000000
15857.604600 55.000000
15858.604570 55.000000
15863.604600 55.000000
15872.604600 53.000000
15873.604600 53.000000
15878.604570 53.000000
15883.604570 53.000000
15888.604600 53.000000
15893.604600 53.000000
15898.604570 53.000000
15903.604600 53.000000
15909.604600 53.000000
15916.604600 53.000000
15922.604600 53.000000
15928.604570 53.000000
15930.604600 52.000000
15936.604600 53.000000
15941.604600 53.000000
15946.604570 53.000000
15951.604570 56.000000
15959.604600 53.000000
15961.604570 53.000000
15967.604600 52.000000
15975.604600 51.000000
15981.604600 59.000000
15982.604600 59.000000
15990.604600 61.000000
15992.604600 61.000000
16001.639720 52.000000
16006.639760 60.000000
16010.639760 60.000000
16013.639760 60.000000
16018.639720 59.000000
16023.639720 60.000000
16035.546010 64.000000
16039.546010 64.000000
16048.546010 52.000000
16053.546010 59.000000
16057.546010 60.000000
16061.545970 60.000000
16069.546010 53.000000
16070.546010 54.000000
16077.546010 54.000000
16080.545970 54.000000
16089.546010 57.000000
16090.545970 57.000000
16098.545970 54.000000
16104.545970 52.000000
16107.546010 53.000000
16114.545970 59.000000
16121.546010 58.000000
16126.546010 61.000000
16129.545970 61.000000
16132.546010 60.000000
16140.545970 61.000000
16143.546010 61.000000
16149.545970 60.000000
16156.546010 59.000000
16159.546010 59.000000
16167.546010 58.000000
16169.546010 58.000000
16177.545970 58.000000
16180.546010 59.000000
16187.546010 53.000000
16193.545970 53.000000
16196.546010 53.000000
16201.546010 52.000000
16207.546010 59.000000
16212.545970 59.000000
16217.545970 63.000000
16224.581160 61.000000
16232.581160 63.000000
16233.581160 63.000000
16242.581160 63.000000
16244.581160 64.000000
16248.581130 64.000000
16263.475660 56.000000
16267.475660 59.000000
16269.475690 59.000000
16278.475690 59.000000
16280.475690 60.000000
16285.475660 60.000000
16290.475660 60.000000
16297.475690 59.000000
16300.475690 57.000000
16309.475690 55.000000
16314.475690 55.000000
16319.475690 54.000000
16320.475690 54.000000
16329.475660 63.000000
16331.475690 63.000000
16337.475660 60.000000
16341.475690 58.000000
16349.475690 58.000000
16352.475660 56.000000
16359.510850 52.000000
16366.510850 51.000000
16368.510850 51.000000
16376.510820 52.000000
16381.510850 53.000000
16384.510820 54.000000
16398.405380 53.000000
16402.405380 54.000000
16408.405350 55.000000
16410.405380 55.000000
16417.405380 52.000000
16426.405350 59.000000
16427.405350 59.000000
16432.405350 60.000000
16441.405350 62.000000
16443.405350 62.000000
16448.405380 61.000000
16457.440510 53.000000
16463.440540 52.000000
16468.440540 52.000000
16469.440540 52.000000
16474.440540 53.000000
16479.440540 52.000000
16484.440510 53.000000
16495.323350 53.000000
16500.323320 54.000000
16505.323350 54.000000
16514.323350 53.000000
16519.323350 52.000000
16521.323320 52.000000
16526.323350 53.000000
16536.358510 53.000000
16537.358470 53.000000
16544.358510 59.000000
16547.358470 59.000000
16554.358510 59.000000
16557.358470 59.000000
16572.253040 50.000000
16578.253010 53.000000
16581.253010 57.000000
16588.253040 54.000000
16590.253040 55.000000
16598.253010 54.000000
16604.253040 55.000000
16609.253040 54.000000
16610.253040 54.000000
16616.253010 54.000000
16624.253040 54.000000
16626.253040 54.000000
16632.253040 54.000000
16641.253040 55.000000
16644.253010 56.000000
16647.253040 57.000000
16654.253010 54.000000
16660.253040 60.000000
16668.253040 60.000000
16669.253010 60.000000
16674.253040 60.000000
16679.253040 59.000000
16685.288190 59.000000
16694.288190 59.000000
16695.288190 59.000000
16700.288190 59.000000
16708.288190 52.000000
16715.288190 52.000000
16732.183430 52.000000
16734.183460 51.000000
16744.183460 47.000000
16748.217850 48.000000
16750.217880 48.000000
16759.217850 48.000000
16766.217880 47.000000
16771.217880 48.000000
16776.217880 49.000000
16777.217880 49.000000
16786.124130 50.000000
16792.124130 50.000000
16797.124100 50.000000
16802.124130 51.000000
16805.124130 51.000000
16808.124100 51.000000
16816.124130 51.000000
16819.124130 51.000000
16828.124130 53.000000
16830.124130 53.000000
16837.124100 53.000000
16841.124130 59.000000
16845.124100 60.000000
16852.124130 50.000000
16855.124130 50.000000
16860.124130 50.000000
16867.124100 50.000000
16870.124130 50.000000
16876.124130 50.000000
16881.124130 51.000000
16887.124100 50.000000
16894.124130 52.000000
16900.124130 55.000000
16902.124130 54.000000
16907.124100 54.000000
16912.124130 59.000000
16919.124100 59.000000
16926.124130 54.000000
16927.124130 54.000000
16933.124100 51.000000
16942.124130 51.000000
16943.124100 51.000000
16952.124100 51.000000
16955.124130 51.000000
16959.124130 51.000000
16965.124130 52.000000
16971.124130 53.000000
16976.124130 53.000000
16981.124100 53.000000
16986.124130 63.000000
16996.124130 52.000000
16997.124130 52.000000
17005.124130 51.000000
17008.124130 52.000000
17017.124130 50.000000
17022.124130 51.000000
17023.124130 51.000000
17028.124100 50.000000
17033.124130 51.000000
17038.124130 51.000000
17044.124130 51.000000
17054.124130 50.000000
17058.124100 50.000000
17060.124130 50.000000
17065.124130 50.000000
17070.124130 52.000000
17076.124130 51.000000
17081.124130 51.000000
17086.124130 53.000000
17094.124130 61.000000
17096.124100 61.000000
17104.124100 60.000000
17111.124130 55.000000
17112.124130 55.000000
17120.124130 53.000000
17125.124130 58.000000
17127.124130 59.000000
17132.124130 59.000000
17143.124130 64.000000
17144.124100 65.000000
17154.124100 60.000000
17155.124130 60.000000
17164.124130 51.000000
17169.124130 52.000000
17170.124130 52.000000
17177.124100 62.000000
17181.124130 62.000000
17189.124130 52.000000
17191.124130 52.000000
17196.124100 52.000000
17206.124100 52.000000
17211.124130 52.000000
17212.124100 52.000000
17220.124130 52.000000
17227.124130 52.000000
17230.124130 52.000000
17234.124130 52.000000
17242.124130 51.000000
17243.124130 51.000000
17248.124100 52.000000
17257.124130 51.000000
17260.124100 51.000000
17263.124100 52.000000
17268.124130 51.000000
17274.124130 52.000000
17280.124130 51.000000
17289.124130 54.000000
17294.124100 53.000000
17296.124100 53.000000
17302.124100 52.000000
17305.124100 52.000000
17310.124130 59.000000
17317.124100 59.000000
17321.124100 60.000000
17329.124100 57.000000
17332.124130 57.000000
17337.124130 58.000000
17343.124130 58.000000
17352.124100 55.000000
17355.124100 56.000000
17364.124130 57.000000
17369.124130 52.000000
17374.124130 55.000000
17377.124100 55.000000
17383.124130 55.000000
17385.124130 59.000000
17393.124130 54.000000
17400.124130 60.000000
17401.124100 61.000000
17406.124130 61.000000
17412.124100 54.000000
17420.124100 54.000000
17425.124100 55.000000
17427.124100 54.000000
17436.119910 62.000000
17441.119910 60.000000
17442.119910 60.000000
17447.119880 61.000000
17452.119880 61.000000
17461.119910 63.000000
17462.119880 63.000000
17467.119910 62.000000
17476.119910 62.000000
17477.119910 62.000000
17486.119910 61.000000
17491.119910 62.000000
17493.119910 62.000000
17499.119880 62.000000
17502.119910 63.000000
17510.119880 64.000000
17512.119910 65.000000
17517.119910 65.000000
17527.119910 53.000000
17532.119910 52.000000
17533.119910 52.000000
17539.119910 52.000000
17543.119880 52.000000
17553.119880 63.000000
17557.119910 64.000000
17562.119910 65.000000
17564.119910 65.000000
17570.119880 64.000000
17575.119910 63.000000
17584.119910 53.000000
17587.119910 54.000000
17592.119880 59.000000
17599.119910 54.000000
17602.119880 59.000000
17605.119910 59.000000
17611.119880 63.000000
17615.119910 64.000000
17622.119910 63.000000
17626.119880 62.000000
17635.119910 62.000000
17639.119910 62.000000
17642.119880 62.000000
17647.119910 62.000000
17655.119910 62.000000
17657.119880 62.000000
17662.119910 62.000000
17668.119910 62.000000
17673.119910 61.000000
17679.119910 62.000000
17688.119910 62.000000
17690.119910 62.000000
17697.119880 61.000000
17702.119880 55.000000
17705.119910 56.000000
17710.119880 58.000000
17761.002690 54.000000
17766.002720 54.000000
17771.002720 68.000000
17773.002720 67.000000
17787.037850 46.000000
17790.037880 47.000000
17798.037880 77.000000
17802.037880 77.000000
17808.037880 74.000000
17813.037850 77.000000
17814.037880 77.000000
17822.897260 77.000000
17830.897230 82.000000
17835.897260 83.000000
17836.897230 83.000000
17841.897230 83.000000
17850.932410 83.000000
17856.932380 83.000000
17858.932410 83.000000
17863.932410 83.000000
17867.932380 83.000000
17873.932380 83.000000
17882.932410 82.000000
17883.932410 82.000000
17892.815960 82.000000
17896.815960 82.000000
17900.815960 82.000000
17905.815930 83.000000
17929.850380 47.000000
17932.850380 47.000000
17935.850380 47.000000
17942.850380 47.000000
17950.850380 46.000000
17951.850350 46.000000
17960.850380 46.000000
17965.850380 46.000000
17970.850380 46.000000
17972.850380 46.000000
17981.850380 46.000000
17986.850380 46.000000
17991.850350 47.000000
18000.744880 48.000000
18004.744880 48.000000
18011.744910 48.000000
18016.744910 47.000000
18023.744880 47.000000
18029.744910 48.000000
18030.744880 48.000000
18038.744880 47.000000
18041.744910 47.000000
18048.744880 47.000000
18051.744910 47.000000
18056.744910 47.000000
18062.744910 47.000000
18071.744880 46.000000
18074.744910 47.000000
18078.744910 47.000000
18086.744910 47.000000
18087.744910 47.000000
18092.744910 47.000000
18097.744910 47.000000
18102.744910 47.000000
18109.744910 47.000000
18116.744910 47.000000
18117.744880 47.000000
18122.744910 47.000000
18130.744910 45.000000
18133.744910 45.000000
18138.744910 44.000000
18143.744880 45.000000
18149.744880 45.000000
18157.744910 46.000000
18163.744910 46.000000
18165.744880 47.000000
18174.744880 47.000000
18177.744910 47.000000
18181.744910 47.000000
18189.744910 47.000000
18195.744910 47.000000
18200.744910 47.000000
18206.744880 47.000000
18208.744880 47.000000
18213.744910 47.000000
18219.744880 47.000000
18224.744910 47.000000
18229.744910 46.000000
18239.744880 47.000000
18242.744910 47.000000
18245.744910 48.000000
18252.744880 47.000000
18260.744910 48.000000
18265.744910 48.000000
18266.744910 48.000000
18271.744910 48.000000
18277.744910 48.000000
18283.744880 48.000000
18288.744880 47.000000
18297.744910 48.000000
18298.744880 48.000000
18305.744910 48.000000
18308.744910 48.000000
18313.744910 49.000000
18318.744880 48.000000
18323.744910 48.000000
18332.744910 48.000000
18336.744910 48.000000
18339.744910 48.000000
18345.744910 48.000000
18355.744880 48.000000
18356.744910 48.000000
18362.744910 48.000000
18370.744880 48.000000
18373.744910 48.000000
18379.744910 48.000000
18385.744880 48.000000
18394.744910 48.000000
18397.744910 48.000000
18401.744910 48.000000
18406.744910 48.000000
18415.744880 48.000000
18416.744880 48.000000
18421.744910 48.000000
18426.744910 48.000000
18435.744910 48.000000
18436.744910 48.000000
18442.744910 49.000000
18451.744880 49.000000
18454.744910 49.000000
18458.744910 49.000000
18464.744910 48.000000
18469.744880 48.000000
18476.744910 49.000000
18479.744910 49.000000
18484.744910 49.000000
18489.744910 50.000000
18494.744880 49.000000
18499.744910 49.000000
18504.744910 49.000000
18509.744910 49.000000
18515.744910 49.000000
18520.744880 49.000000
18525.744910 48.000000
18531.744910 49.000000
18537.744910 49.000000
18546.744910 47.000000
18547.744910 47.000000
18555.744910 47.000000
18557.744910 46.000000
18564.744880 46.000000
18570.744880 47.000000
18572.744880 47.000000
18577.744910 48.000000
18583.744910 48.000000
18588.744880 48.000000
18593.744880 49.000000
18598.744910 50.000000
18604.744880 50.000000
18609.744880 50.000000
18618.744880 49.000000
18620.744880 49.000000
18625.744910 49.000000
18630.744910 49.000000
18635.744910 49.000000
18644.744880 49.000000
18647.744880 49.000000
18651.744910 50.000000
18660.744910 48.000000
18665.744880 48.000000
18666.744880 48.000000
18671.744910 49.000000
18677.744910 49.000000
18682.744910 49.000000
18692.744880 47.000000
18697.744880 46.000000
18699.744910 46.000000
18705.744880 46.000000
18709.744910 48.000000
18715.744910 48.000000
18721.744880 48.000000
18728.744880 48.000000
18731.744880 48.000000
18736.744880 48.000000
18741.744910 48.000000
18747.744880 59.000000
18752.780040 48.000000
18760.780070 47.000000
18766.780070 47.000000
18768.780070 48.000000
18774.780070 48.000000
18781.780040 49.000000
18792.674600 50.000000
18794.674570 50.000000
18799.674600 50.000000
18804.674600 49.000000
18810.674600 49.000000
18816.674570 48.000000
18822.674570 49.000000
18826.674600 49.000000
18831.674600 50.000000
18837.674600 50.000000
18843.674600 49.000000
18849.674600 48.000000
18854.674600 48.000000
18860.674600 48.000000
18866.674570 49.000000
18870.674600 50.000000
18880.674570 49.000000
18883.674600 49.000000
18887.674600 50.000000
18896.674600 50.000000
18897.674600 50.000000
18902.674600 50.000000
18907.674570 50.000000
18912.674570 50.000000
18920.674600 50.000000
18925.674600 50.000000
18928.674600 50.000000
18935.674600 50.000000
18938.674600 50.000000
18943.674570 50.000000
18952.674600 49.000000
18953.674600 49.000000
18959.674600 50.000000
18965.674600 50.000000
18969.674600 50.000000
18975.674600 50.000000
18984.674570 50.000000
18988.674570 50.000000
18996.674600 50.000000
19001.674600 50.000000
19006.674570 50.000000
19008.674570 50.000000
19013.674570 50.000000
19018.674570 50.000000
19026.674600 50.000000
19028.674570 50.000000
19033.674600 50.000000
19038.674600 50.000000
19047.674600 49.000000
19049.674570 49.000000
19053.674600 49.000000
19059.674570 49.000000
19063.674570 50.000000
19068.674570 49.000000
19074.674600 50.000000
19079.674600 50.000000
19086.674570 49.000000
19093.674570 49.000000
19095.674600 49.000000
19100.674570 50.000000
19105.674600 50.000000
19113.674570 50.000000
19121.674600 51.000000
19122.674570 51.000000
19127.674570 51.000000
19134.674600 51.000000
19137.674570 51.000000
19143.674570 51.000000
19147.674600 50.000000
19152.674570 51.000000
19161.674600 50.000000
19166.674600 50.000000
19170.674600 50.000000
19172.674600 50.000000
19181.674600 50.000000
19184.674600 50.000000
19191.674570 50.000000
19197.674600 50.000000
19200.674600 50.000000
19206.674600 49.000000
19209.674570 50.000000
19216.674570 50.000000
19219.674570 50.000000
19227.674600 50.000000
19229.674600 50.000000
19235.674600 50.000000
19239.674600 50.000000
19246.674600 50.000000
19249.674570 50.000000
19254.674570 50.000000
19259.674600 50.000000
19269.674570 51.000000
19272.674600 51.000000
19276.674600 51.000000
19281.674600 52.000000
19290.674600 51.000000
19291.674600 50.000000
19296.674600 51.000000
19302.674570 50.000000
19307.674570 50.000000
19313.674570 50.000000
19320.674570 50.000000
19322.674600 50.000000
19327.674600 50.000000
19333.674570 50.000000
19338.674600 50.000000
19346.674600 51.000000
19348.674600 50.000000
19357.674600 56.000000
19362.674600 51.000000
19367.674600 50.000000
19373.674570 51.000000
19377.674570 50.000000
19380.674570 50.000000
19385.674600 51.000000
19390.674600 50.000000
19396.674570 50.000000
19401.674600 51.000000
19406.674570 51.000000
19414.674600 49.000000
19419.674600 50.000000
19421.674600 50.000000
19431.674600 50.000000
19432.674600 50.000000
19437.674600 51.000000
19443.674570 50.000000
19451.674600 50.000000
19454.674570 50.000000
19457.674600 50.000000
19462.674600 50.000000
19471.709760 49.000000
19476.709760 49.000000
19481.709760 48.000000
19485.709760 49.000000
19487.709760 49.000000
19493.709760 49.000000
19502.604260 49.000000
19507.604290 49.000000
19512.604260 49.000000
19516.604290 49.000000
19521.604260 50.000000
19525.604260 50.000000
19529.604290 50.000000
19534.604290 50.000000
19543.604290 49.000000
19547.604290 50.000000
19549.604290 50.000000
19559.604290 50.000000
19560.604260 50.000000
19565.604260 50.000000
19574.604290 52.000000
19576.604290 55.000000
19580.604290 55.000000
19588.604290 48.000000
19590.604290 49.000000
19600.604290 49.000000
19605.604290 50.000000
19608.604260 50.000000
19611.604260 50.000000
19616.604290 50.000000
19621.604290 50.000000
19626.604260 50.000000
19633.604290 50.000000
19636.604290 50.000000
19641.604290 50.000000
19649.604290 50.000000
19652.604260 50.000000
19657.604290 51.000000
19662.604290 51.000000
19669.604290 51.000000
19674.604290 51.000000
19677.604260 51.000000
19682.604290 51.000000
19687.604290 50.000000
19692.604290 50.000000
19701.604260 49.000000
19705.604260 49.000000
19709.604260 50.000000
19714.604260 50.000000
19719.604260 50.000000
19724.604260 50.000000
19733.604290 49.000000
19735.604290 49.000000
19743.604290 49.000000
19744.604290 49.000000
19753.604260 49.000000
19755.604260 50.000000
19760.604290 50.000000
19769.604290 50.000000
19772.604290 50.000000
19776.604290 50.000000
19782.604290 49.000000
19790.604290 49.000000
19792.604260 50.000000
19797.604290 50.000000
19806.604290 48.000000
19811.604290 47.000000
19812.604260 47.000000
19817.604290 48.000000
19822.604260 48.000000
19830.604290 48.000000
19833.604290 48.000000
19843.604290 49.000000
19844.604290 49.000000
19851.604260 49.000000
19854.604290 49.000000
19862.604260 49.000000
19865.604290 49.000000
19870.604290 49.000000
19880.604290 49.000000
19885.604290 49.000000
19887.604260 49.000000
19891.604290 49.000000
19900.604290 50.000000
19901.604290 50.000000
19910.604260 50.000000
19913.604260 50.000000
19917.604290 50.000000
19922.604290 50.000000
19928.604290 57.000000
19933.604260 58.000000
19938.639440 60.000000
19944.639440 61.000000
19949.639410 60.000000
19954.639410 60.000000
19964.639440 59.000000
19969.639440 54.000000
19971.639440 54.000000
19976.639410 55.000000
20000.639440 74.000000
20005.639440 78.000000
20007.639410 81.000000
20015.639440 78.000000
20016.639440 78.000000
20022.639440 77.000000
20048.639440 49.000000
20053.639440 50.000000
20058.639440 52.000000
20059.639440 51.000000
20064.639410 51.000000
20078.639410 96.000000
20081.639410 98.000000
20090.522260 95.000000
20095.522230 96.000000
20100.522260 96.000000
20105.522260 95.000000
20120.557410 49.000000
20125.557410 50.000000
20131.557410 50.000000
20132.557410 50.000000
20137.557380 50.000000
20146.557410 49.000000
20150.557410 49.000000
20157.557410 49.000000
20159.557410 50.000000
20168.451940 51.000000
20173.451940 50.000000
20179.451940 50.000000
20184.451940 52.000000
20185.451910 52.000000
20190.451940 53.000000
20199.451940 54.000000
20205.451940 55.000000
20207.451910 55.000000
20211.451940 54.000000
20217.451940 55.000000
20223.451910 55.000000
20230.451910 54.000000
20233.451910 55.000000
20242.451940 56.000000
20244.451940 56.000000
20252.451940 58.000000
20254.451940 58.000000
20261.451940 58.000000
20266.451910 57.000000
20268.451910 58.000000
20274.451940 62.000000
20278.451940 64.000000
20283.451940 63.000000
20293.451940 61.000000
20295.451940 61.000000
20300.451910 65.000000
20305.451910 65.000000
20314.451940 65.000000
20315.451910 65.000000
20324.451940 62.000000
20330.451940 61.000000
20332.451940 61.000000
20336.451940 61.000000
20341.451910 62.000000
20350.451940 62.000000
20354.451940 64.000000
20357.451910 65.000000
20367.451910 65.000000
20372.451940 63.000000
20374.451940 63.000000
20379.451940 64.000000
20384.451940 65.000000
20393.451940 64.000000
20398.451940 65.000000
20400.451940 65.000000
20406.451940 65.000000
20410.451940 65.000000
20415.451940 65.000000
20422.451940 60.000000
20425.451940 61.000000
20430.451940 64.000000
20435.451910 65.000000
20440.451940 64.000000
20450.451940 63.000000
20456.451940 59.000000
20461.451940 64.000000
20464.451940 65.000000
20467.451940 64.000000
20475.451910 65.000000
20482.451940 65.000000
20483.451940 65.000000
20489.451940 68.000000
20494.451910 69.000000
20501.451910 68.000000
20504.451940 67.000000
20513.451940 65.000000
20518.451940 65.000000
20519.451940 65.000000
20524.451910 65.000000
20530.451940 65.000000
20538.451940 67.000000
20539.451940 67.000000
20545.451910 67.000000
20550.451940 65.000000
20555.451940 65.000000
20560.487070 67.000000
20569.487100 52.000000
20574.487070 53.000000
20579.487100 55.000000
20584.487100 59.000000
20587.487070 60.000000
20598.381600 64.000000
20605.381600 64.000000
20610.381600 65.000000
20612.381630 65.000000
20617.381630 65.000000
20623.381630 65.000000
20628.381630 67.000000
20637.381630 65.000000
20638.381630 65.000000
20644.381630 65.000000
20650.381600 63.000000
20657.381630 62.000000
20659.381630 62.000000
20665.381600 62.000000
20670.381630 65.000000
20675.381630 67.000000
20681.381630 67.000000
20686.381630 65.000000
20692.381630 65.000000
20698.381630 65.000000
20702.381630 65.000000
20707.381600 64.000000
20712.381600 64.000000
20717.381600 62.000000
20722.381600 63.000000
20727.381600 64.000000
20732.381630 69.000000
20738.381600 67.000000
20743.381600 68.000000
20748.381630 68.000000
20754.381630 67.000000
20760.381630 67.000000
20766.381630 64.000000
20771.381630 63.000000
20776.381630 63.000000
20781.381630 65.000000
20786.381630 65.000000
20791.381630 65.000000
20796.381600 65.000000
20801.381600 65.000000
20806.381600 65.000000
20811.381600 65.000000
20820.381630 65.000000
20821.381630 65.000000
20829.381630 65.000000
20835.381630 64.000000
20836.381630 64.000000
20841.381630 65.000000
20846.381600 65.000000
20851.381630 65.000000
20856.381630 65.000000
20864.381630 63.000000
20866.381600 63.000000
20872.381630 62.000000
20876.381630 62.000000
20886.381600 62.000000
20889.381630 62.000000
20896.381630 64.000000
20898.381630 65.000000
20903.381630 65.000000
20908.381630 65.000000
20915.381600 65.000000
20919.381630 65.000000
20924.381630 65.000000
20930.381630 62.000000
20935.381630 61.000000
20940.381600 61.000000
20948.381630 62.000000
20951.381630 64.000000
20956.381600 67.000000
20961.381630 67.000000
20966.381630 64.000000
20972.381630 63.000000
20977.381600 63.000000
20982.381600 63.000000
20987.381600 63.000000
20997.381600 64.000000
21000.381630 65.000000
21003.381630 65.000000
21008.381630 65.000000
21013.381600 65.000000
21018.381600 65.000000
21027.381630 65.000000
21028.381600 65.000000
21033.377470 65.000000
21038.377470 65.000000
21043.377470 64.000000
21049.377470 63.000000
21053.377470 64.000000
21058.377440 64.000000
21063.377470 64.000000
21068.377470 64.000000
21073.377440 65.000000
21078.377470 65.000000
21087.377470 65.000000
21088.377470 65.000000
21094.377470 67.000000
21098.377470 65.000000
21103.377470 65.000000
21109.377470 65.000000
21114.377470 65.000000
21121.377470 65.000000
21125.377470 65.000000
21130.377470 65.000000
21136.412630 65.000000
21146.412630 71.000000
21147.412600 72.000000
21152.412630 78.000000
21161.412600 49.000000
21166.412630 50.000000
21171.412630 51.000000
21176.412630 52.000000
21177.412600 52.000000
21256.670410 86.000000
21261.670440 92.000000
21266.670440 88.000000
21270.670440 95.000000
21284.670440 95.000000
21286.670410 95.000000
21291.670440 95.000000
21347.670410 92.000000
21348.670410 92.000000
21357.670440 91.000000
21360.670440 91.000000
21368.670410 91.000000
21371.670440 91.000000
21374.670440 91.000000
21383.670440 68.000000
21385.670440 68.000000
21393.670440 69.000000
21394.670440 69.000000
21403.670440 69.000000
21404.670440 69.000000
21413.670440 74.000000
21419.670440 73.000000
21424.670440 73.000000
21425.670440 73.000000
21430.670410 73.000000
21435.670440 72.000000
21440.670440 73.000000
21450.670440 69.000000
21451.670440 69.000000
21456.670440 69.000000
21462.670410 68.000000
21467.670440 68.000000
21477.670440 78.000000
21482.670440 69.000000
21485.670410 69.000000
21489.670440 69.000000
21494.670410 69.000000
21504.654810 69.000000
21505.654810 69.000000
21514.654810 65.000000
21517.654810 65.000000
21525.654810 65.000000
21526.654810 65.000000
21535.654810 68.000000
21541.654810 68.000000
21545.654780 69.000000
21548.654780 71.000000
21552.654810 71.000000
21567.654780 71.000000
21568.654810 71.000000
